[2022-02-22 15:47:35,565] {processor.py:163} INFO - Started process (PID=42490) to work on /Users/aleckienzle/Developer/nba-etl/nba-etl/airflow/dags/nba-dag-etl.py
[2022-02-22 15:47:35,566] {processor.py:642} INFO - Processing file /Users/aleckienzle/Developer/nba-etl/nba-etl/airflow/dags/nba-dag-etl.py for tasks to queue
[2022-02-22 15:47:35,566] {logging_mixin.py:109} INFO - [2022-02-22 15:47:35,566] {dagbag.py:500} INFO - Filling up the DagBag from /Users/aleckienzle/Developer/nba-etl/nba-etl/airflow/dags/nba-dag-etl.py
[2022-02-22 15:47:39,367] {logging_mixin.py:109} INFO - [2022-02-22 15:47:39,366] {dagbag.py:334} ERROR - Failed to import: /Users/aleckienzle/Developer/nba-etl/nba-etl/airflow/dags/nba-dag-etl.py
Traceback (most recent call last):
  File "/Users/aleckienzle/Developer/nba-etl/env/lib/python3.8/site-packages/airflow/models/dagbag.py", line 331, in _load_modules_from_file
    loader.exec_module(new_module)
  File "<frozen importlib._bootstrap_external>", line 783, in exec_module
  File "<frozen importlib._bootstrap>", line 219, in _call_with_frames_removed
  File "/Users/aleckienzle/Developer/nba-etl/nba-etl/airflow/dags/nba-dag-etl.py", line 72, in <module>
    dag = Etl()
  File "/Users/aleckienzle/Developer/nba-etl/env/lib/python3.8/site-packages/airflow/models/dag.py", line 2984, in factory
    f(**f_kwargs)
  File "/Users/aleckienzle/Developer/nba-etl/nba-etl/airflow/dags/nba-dag-etl.py", line 70, in Etl
    get_data >> load_data()
  File "/Users/aleckienzle/Developer/nba-etl/env/lib/python3.8/site-packages/airflow/models/taskmixin.py", line 69, in __rrshift__
    self.__lshift__(other)
  File "/Users/aleckienzle/Developer/nba-etl/env/lib/python3.8/site-packages/airflow/models/taskmixin.py", line 59, in __lshift__
    self.set_upstream(other)
  File "/Users/aleckienzle/Developer/nba-etl/env/lib/python3.8/site-packages/airflow/models/xcom_arg.py", line 122, in set_upstream
    self.operator.set_upstream(task_or_task_list, edge_modifier)
  File "/Users/aleckienzle/Developer/nba-etl/env/lib/python3.8/site-packages/airflow/models/baseoperator.py", line 1492, in set_upstream
    self._set_relatives(task_or_task_list, upstream=True, edge_modifier=edge_modifier)
  File "/Users/aleckienzle/Developer/nba-etl/env/lib/python3.8/site-packages/airflow/models/baseoperator.py", line 1419, in _set_relatives
    task_object.update_relative(self, not upstream)
AttributeError: 'function' object has no attribute 'update_relative'
[2022-02-22 15:47:39,381] {processor.py:656} WARNING - No viable dags retrieved from /Users/aleckienzle/Developer/nba-etl/nba-etl/airflow/dags/nba-dag-etl.py
[2022-02-22 15:47:39,384] {processor.py:171} INFO - Processing /Users/aleckienzle/Developer/nba-etl/nba-etl/airflow/dags/nba-dag-etl.py took 3.820 seconds
[2022-02-22 15:48:13,963] {processor.py:163} INFO - Started process (PID=42651) to work on /Users/aleckienzle/Developer/nba-etl/nba-etl/airflow/dags/nba-dag-etl.py
[2022-02-22 15:48:13,964] {processor.py:642} INFO - Processing file /Users/aleckienzle/Developer/nba-etl/nba-etl/airflow/dags/nba-dag-etl.py for tasks to queue
[2022-02-22 15:48:13,965] {logging_mixin.py:109} INFO - [2022-02-22 15:48:13,965] {dagbag.py:500} INFO - Filling up the DagBag from /Users/aleckienzle/Developer/nba-etl/nba-etl/airflow/dags/nba-dag-etl.py
[2022-02-22 15:48:14,348] {logging_mixin.py:109} INFO - [2022-02-22 15:48:14,346] {dagbag.py:334} ERROR - Failed to import: /Users/aleckienzle/Developer/nba-etl/nba-etl/airflow/dags/nba-dag-etl.py
Traceback (most recent call last):
  File "/Users/aleckienzle/Developer/nba-etl/env/lib/python3.8/site-packages/airflow/models/dagbag.py", line 331, in _load_modules_from_file
    loader.exec_module(new_module)
  File "<frozen importlib._bootstrap_external>", line 783, in exec_module
  File "<frozen importlib._bootstrap>", line 219, in _call_with_frames_removed
  File "/Users/aleckienzle/Developer/nba-etl/nba-etl/airflow/dags/nba-dag-etl.py", line 72, in <module>
    dag = Etl()
  File "/Users/aleckienzle/Developer/nba-etl/env/lib/python3.8/site-packages/airflow/models/dag.py", line 2984, in factory
    f(**f_kwargs)
  File "/Users/aleckienzle/Developer/nba-etl/nba-etl/airflow/dags/nba-dag-etl.py", line 70, in Etl
    get_data >> load_data()
  File "/Users/aleckienzle/Developer/nba-etl/env/lib/python3.8/site-packages/airflow/models/taskmixin.py", line 69, in __rrshift__
    self.__lshift__(other)
  File "/Users/aleckienzle/Developer/nba-etl/env/lib/python3.8/site-packages/airflow/models/taskmixin.py", line 59, in __lshift__
    self.set_upstream(other)
  File "/Users/aleckienzle/Developer/nba-etl/env/lib/python3.8/site-packages/airflow/models/xcom_arg.py", line 122, in set_upstream
    self.operator.set_upstream(task_or_task_list, edge_modifier)
  File "/Users/aleckienzle/Developer/nba-etl/env/lib/python3.8/site-packages/airflow/models/baseoperator.py", line 1492, in set_upstream
    self._set_relatives(task_or_task_list, upstream=True, edge_modifier=edge_modifier)
  File "/Users/aleckienzle/Developer/nba-etl/env/lib/python3.8/site-packages/airflow/models/baseoperator.py", line 1419, in _set_relatives
    task_object.update_relative(self, not upstream)
AttributeError: 'function' object has no attribute 'update_relative'
[2022-02-22 15:48:14,359] {processor.py:656} WARNING - No viable dags retrieved from /Users/aleckienzle/Developer/nba-etl/nba-etl/airflow/dags/nba-dag-etl.py
[2022-02-22 15:48:14,362] {processor.py:171} INFO - Processing /Users/aleckienzle/Developer/nba-etl/nba-etl/airflow/dags/nba-dag-etl.py took 0.399 seconds
[2022-02-22 15:48:47,394] {processor.py:163} INFO - Started process (PID=42733) to work on /Users/aleckienzle/Developer/nba-etl/nba-etl/airflow/dags/nba-dag-etl.py
[2022-02-22 15:48:47,394] {processor.py:642} INFO - Processing file /Users/aleckienzle/Developer/nba-etl/nba-etl/airflow/dags/nba-dag-etl.py for tasks to queue
[2022-02-22 15:48:47,394] {logging_mixin.py:109} INFO - [2022-02-22 15:48:47,394] {dagbag.py:500} INFO - Filling up the DagBag from /Users/aleckienzle/Developer/nba-etl/nba-etl/airflow/dags/nba-dag-etl.py
[2022-02-22 15:48:47,827] {processor.py:654} INFO - DAG(s) dict_keys(['Etl']) retrieved from /Users/aleckienzle/Developer/nba-etl/nba-etl/airflow/dags/nba-dag-etl.py
[2022-02-22 15:48:48,091] {logging_mixin.py:109} INFO - [2022-02-22 15:48:48,091] {manager.py:496} INFO - Created Permission View: can read on DAG:Etl
[2022-02-22 15:48:48,094] {logging_mixin.py:109} INFO - [2022-02-22 15:48:48,094] {manager.py:496} INFO - Created Permission View: can edit on DAG:Etl
[2022-02-22 15:48:48,094] {logging_mixin.py:109} INFO - [2022-02-22 15:48:48,094] {dag.py:2396} INFO - Sync 1 DAGs
[2022-02-22 15:48:48,097] {logging_mixin.py:109} INFO - [2022-02-22 15:48:48,097] {dag.py:2415} INFO - Creating ORM DAG for Etl
[2022-02-22 15:48:48,100] {logging_mixin.py:109} INFO - [2022-02-22 15:48:48,100] {dag.py:2935} INFO - Setting next_dagrun for Etl to 2022-02-23 00:00:00+00:00
[2022-02-22 15:48:48,104] {processor.py:171} INFO - Processing /Users/aleckienzle/Developer/nba-etl/nba-etl/airflow/dags/nba-dag-etl.py took 0.711 seconds
[2022-02-22 15:49:22,247] {processor.py:163} INFO - Started process (PID=42828) to work on /Users/aleckienzle/Developer/nba-etl/nba-etl/airflow/dags/nba-dag-etl.py
[2022-02-22 15:49:22,247] {processor.py:642} INFO - Processing file /Users/aleckienzle/Developer/nba-etl/nba-etl/airflow/dags/nba-dag-etl.py for tasks to queue
[2022-02-22 15:49:22,247] {logging_mixin.py:109} INFO - [2022-02-22 15:49:22,247] {dagbag.py:500} INFO - Filling up the DagBag from /Users/aleckienzle/Developer/nba-etl/nba-etl/airflow/dags/nba-dag-etl.py
[2022-02-22 15:49:22,504] {processor.py:654} INFO - DAG(s) dict_keys(['Etl']) retrieved from /Users/aleckienzle/Developer/nba-etl/nba-etl/airflow/dags/nba-dag-etl.py
[2022-02-22 15:49:22,606] {logging_mixin.py:109} INFO - [2022-02-22 15:49:22,606] {dag.py:2396} INFO - Sync 1 DAGs
[2022-02-22 15:49:22,611] {logging_mixin.py:109} INFO - [2022-02-22 15:49:22,611] {dag.py:2935} INFO - Setting next_dagrun for Etl to 2022-02-23 00:00:00+00:00
[2022-02-22 15:49:22,615] {processor.py:171} INFO - Processing /Users/aleckienzle/Developer/nba-etl/nba-etl/airflow/dags/nba-dag-etl.py took 0.368 seconds
[2022-02-22 15:49:55,426] {processor.py:163} INFO - Started process (PID=42911) to work on /Users/aleckienzle/Developer/nba-etl/nba-etl/airflow/dags/nba-dag-etl.py
[2022-02-22 15:49:55,427] {processor.py:642} INFO - Processing file /Users/aleckienzle/Developer/nba-etl/nba-etl/airflow/dags/nba-dag-etl.py for tasks to queue
[2022-02-22 15:49:55,427] {logging_mixin.py:109} INFO - [2022-02-22 15:49:55,427] {dagbag.py:500} INFO - Filling up the DagBag from /Users/aleckienzle/Developer/nba-etl/nba-etl/airflow/dags/nba-dag-etl.py
[2022-02-22 15:49:55,832] {processor.py:654} INFO - DAG(s) dict_keys(['Etl']) retrieved from /Users/aleckienzle/Developer/nba-etl/nba-etl/airflow/dags/nba-dag-etl.py
[2022-02-22 15:49:55,959] {logging_mixin.py:109} INFO - [2022-02-22 15:49:55,958] {dag.py:2396} INFO - Sync 1 DAGs
[2022-02-22 15:49:55,966] {logging_mixin.py:109} INFO - [2022-02-22 15:49:55,966] {dag.py:2935} INFO - Setting next_dagrun for Etl to 2022-02-23 00:00:00+00:00
[2022-02-22 15:49:55,970] {processor.py:171} INFO - Processing /Users/aleckienzle/Developer/nba-etl/nba-etl/airflow/dags/nba-dag-etl.py took 0.544 seconds
[2022-02-22 15:50:30,313] {processor.py:163} INFO - Started process (PID=42999) to work on /Users/aleckienzle/Developer/nba-etl/nba-etl/airflow/dags/nba-dag-etl.py
[2022-02-22 15:50:30,314] {processor.py:642} INFO - Processing file /Users/aleckienzle/Developer/nba-etl/nba-etl/airflow/dags/nba-dag-etl.py for tasks to queue
[2022-02-22 15:50:30,315] {logging_mixin.py:109} INFO - [2022-02-22 15:50:30,315] {dagbag.py:500} INFO - Filling up the DagBag from /Users/aleckienzle/Developer/nba-etl/nba-etl/airflow/dags/nba-dag-etl.py
[2022-02-22 15:50:30,726] {processor.py:654} INFO - DAG(s) dict_keys(['Etl']) retrieved from /Users/aleckienzle/Developer/nba-etl/nba-etl/airflow/dags/nba-dag-etl.py
[2022-02-22 15:50:30,854] {logging_mixin.py:109} INFO - [2022-02-22 15:50:30,853] {dag.py:2396} INFO - Sync 1 DAGs
[2022-02-22 15:50:30,858] {logging_mixin.py:109} INFO - [2022-02-22 15:50:30,858] {dag.py:2935} INFO - Setting next_dagrun for Etl to 2022-02-23 00:00:00+00:00
[2022-02-22 15:50:30,862] {processor.py:171} INFO - Processing /Users/aleckienzle/Developer/nba-etl/nba-etl/airflow/dags/nba-dag-etl.py took 0.549 seconds
[2022-02-22 15:51:05,222] {processor.py:163} INFO - Started process (PID=43096) to work on /Users/aleckienzle/Developer/nba-etl/nba-etl/airflow/dags/nba-dag-etl.py
[2022-02-22 15:51:05,222] {processor.py:642} INFO - Processing file /Users/aleckienzle/Developer/nba-etl/nba-etl/airflow/dags/nba-dag-etl.py for tasks to queue
[2022-02-22 15:51:05,222] {logging_mixin.py:109} INFO - [2022-02-22 15:51:05,222] {dagbag.py:500} INFO - Filling up the DagBag from /Users/aleckienzle/Developer/nba-etl/nba-etl/airflow/dags/nba-dag-etl.py
[2022-02-22 15:51:05,501] {processor.py:654} INFO - DAG(s) dict_keys(['Etl']) retrieved from /Users/aleckienzle/Developer/nba-etl/nba-etl/airflow/dags/nba-dag-etl.py
[2022-02-22 15:51:05,618] {logging_mixin.py:109} INFO - [2022-02-22 15:51:05,617] {dag.py:2396} INFO - Sync 1 DAGs
[2022-02-22 15:51:05,623] {logging_mixin.py:109} INFO - [2022-02-22 15:51:05,623] {dag.py:2935} INFO - Setting next_dagrun for Etl to 2022-02-23 00:00:00+00:00
[2022-02-22 15:51:05,628] {processor.py:171} INFO - Processing /Users/aleckienzle/Developer/nba-etl/nba-etl/airflow/dags/nba-dag-etl.py took 0.406 seconds
[2022-02-22 15:51:40,544] {processor.py:163} INFO - Started process (PID=43189) to work on /Users/aleckienzle/Developer/nba-etl/nba-etl/airflow/dags/nba-dag-etl.py
[2022-02-22 15:51:40,545] {processor.py:642} INFO - Processing file /Users/aleckienzle/Developer/nba-etl/nba-etl/airflow/dags/nba-dag-etl.py for tasks to queue
[2022-02-22 15:51:40,545] {logging_mixin.py:109} INFO - [2022-02-22 15:51:40,545] {dagbag.py:500} INFO - Filling up the DagBag from /Users/aleckienzle/Developer/nba-etl/nba-etl/airflow/dags/nba-dag-etl.py
[2022-02-22 15:51:40,978] {processor.py:654} INFO - DAG(s) dict_keys(['Etl']) retrieved from /Users/aleckienzle/Developer/nba-etl/nba-etl/airflow/dags/nba-dag-etl.py
[2022-02-22 15:51:41,119] {logging_mixin.py:109} INFO - [2022-02-22 15:51:41,119] {dag.py:2396} INFO - Sync 1 DAGs
[2022-02-22 15:51:41,124] {logging_mixin.py:109} INFO - [2022-02-22 15:51:41,124] {dag.py:2935} INFO - Setting next_dagrun for Etl to 2022-02-23 00:00:00+00:00
[2022-02-22 15:51:41,128] {processor.py:171} INFO - Processing /Users/aleckienzle/Developer/nba-etl/nba-etl/airflow/dags/nba-dag-etl.py took 0.584 seconds
[2022-02-22 15:52:15,679] {processor.py:163} INFO - Started process (PID=43270) to work on /Users/aleckienzle/Developer/nba-etl/nba-etl/airflow/dags/nba-dag-etl.py
[2022-02-22 15:52:15,680] {processor.py:642} INFO - Processing file /Users/aleckienzle/Developer/nba-etl/nba-etl/airflow/dags/nba-dag-etl.py for tasks to queue
[2022-02-22 15:52:15,681] {logging_mixin.py:109} INFO - [2022-02-22 15:52:15,681] {dagbag.py:500} INFO - Filling up the DagBag from /Users/aleckienzle/Developer/nba-etl/nba-etl/airflow/dags/nba-dag-etl.py
[2022-02-22 15:52:16,073] {processor.py:654} INFO - DAG(s) dict_keys(['Etl']) retrieved from /Users/aleckienzle/Developer/nba-etl/nba-etl/airflow/dags/nba-dag-etl.py
[2022-02-22 15:52:16,204] {logging_mixin.py:109} INFO - [2022-02-22 15:52:16,204] {dag.py:2396} INFO - Sync 1 DAGs
[2022-02-22 15:52:16,209] {logging_mixin.py:109} INFO - [2022-02-22 15:52:16,209] {dag.py:2935} INFO - Setting next_dagrun for Etl to 2022-02-23 00:00:00+00:00
[2022-02-22 15:52:16,213] {processor.py:171} INFO - Processing /Users/aleckienzle/Developer/nba-etl/nba-etl/airflow/dags/nba-dag-etl.py took 0.534 seconds
[2022-02-22 15:52:49,063] {processor.py:163} INFO - Started process (PID=43353) to work on /Users/aleckienzle/Developer/nba-etl/nba-etl/airflow/dags/nba-dag-etl.py
[2022-02-22 15:52:49,068] {processor.py:642} INFO - Processing file /Users/aleckienzle/Developer/nba-etl/nba-etl/airflow/dags/nba-dag-etl.py for tasks to queue
[2022-02-22 15:52:49,068] {logging_mixin.py:109} INFO - [2022-02-22 15:52:49,068] {dagbag.py:500} INFO - Filling up the DagBag from /Users/aleckienzle/Developer/nba-etl/nba-etl/airflow/dags/nba-dag-etl.py
[2022-02-22 15:52:49,481] {processor.py:654} INFO - DAG(s) dict_keys(['Etl']) retrieved from /Users/aleckienzle/Developer/nba-etl/nba-etl/airflow/dags/nba-dag-etl.py
[2022-02-22 15:52:49,605] {logging_mixin.py:109} INFO - [2022-02-22 15:52:49,605] {dag.py:2396} INFO - Sync 1 DAGs
[2022-02-22 15:52:49,610] {logging_mixin.py:109} INFO - [2022-02-22 15:52:49,610] {dag.py:2935} INFO - Setting next_dagrun for Etl to 2022-02-23 00:00:00+00:00
[2022-02-22 15:52:49,614] {processor.py:171} INFO - Processing /Users/aleckienzle/Developer/nba-etl/nba-etl/airflow/dags/nba-dag-etl.py took 0.552 seconds
[2022-02-22 15:53:22,678] {processor.py:163} INFO - Started process (PID=43427) to work on /Users/aleckienzle/Developer/nba-etl/nba-etl/airflow/dags/nba-dag-etl.py
[2022-02-22 15:53:22,679] {processor.py:642} INFO - Processing file /Users/aleckienzle/Developer/nba-etl/nba-etl/airflow/dags/nba-dag-etl.py for tasks to queue
[2022-02-22 15:53:22,680] {logging_mixin.py:109} INFO - [2022-02-22 15:53:22,680] {dagbag.py:500} INFO - Filling up the DagBag from /Users/aleckienzle/Developer/nba-etl/nba-etl/airflow/dags/nba-dag-etl.py
[2022-02-22 15:53:23,070] {processor.py:654} INFO - DAG(s) dict_keys(['Etl']) retrieved from /Users/aleckienzle/Developer/nba-etl/nba-etl/airflow/dags/nba-dag-etl.py
[2022-02-22 15:53:23,198] {logging_mixin.py:109} INFO - [2022-02-22 15:53:23,197] {dag.py:2396} INFO - Sync 1 DAGs
[2022-02-22 15:53:23,203] {logging_mixin.py:109} INFO - [2022-02-22 15:53:23,203] {dag.py:2935} INFO - Setting next_dagrun for Etl to 2022-02-23 00:00:00+00:00
[2022-02-22 15:53:23,207] {processor.py:171} INFO - Processing /Users/aleckienzle/Developer/nba-etl/nba-etl/airflow/dags/nba-dag-etl.py took 0.529 seconds
[2022-02-22 15:53:57,743] {processor.py:163} INFO - Started process (PID=43511) to work on /Users/aleckienzle/Developer/nba-etl/nba-etl/airflow/dags/nba-dag-etl.py
[2022-02-22 15:53:57,744] {processor.py:642} INFO - Processing file /Users/aleckienzle/Developer/nba-etl/nba-etl/airflow/dags/nba-dag-etl.py for tasks to queue
[2022-02-22 15:53:57,744] {logging_mixin.py:109} INFO - [2022-02-22 15:53:57,744] {dagbag.py:500} INFO - Filling up the DagBag from /Users/aleckienzle/Developer/nba-etl/nba-etl/airflow/dags/nba-dag-etl.py
[2022-02-22 15:53:58,258] {processor.py:654} INFO - DAG(s) dict_keys(['Etl']) retrieved from /Users/aleckienzle/Developer/nba-etl/nba-etl/airflow/dags/nba-dag-etl.py
[2022-02-22 15:53:58,387] {logging_mixin.py:109} INFO - [2022-02-22 15:53:58,386] {dag.py:2396} INFO - Sync 1 DAGs
[2022-02-22 15:53:58,393] {logging_mixin.py:109} INFO - [2022-02-22 15:53:58,393] {dag.py:2935} INFO - Setting next_dagrun for Etl to 2022-02-23 00:00:00+00:00
[2022-02-22 15:53:58,397] {processor.py:171} INFO - Processing /Users/aleckienzle/Developer/nba-etl/nba-etl/airflow/dags/nba-dag-etl.py took 0.654 seconds
[2022-02-22 15:54:31,426] {processor.py:163} INFO - Started process (PID=43610) to work on /Users/aleckienzle/Developer/nba-etl/nba-etl/airflow/dags/nba-dag-etl.py
[2022-02-22 15:54:31,427] {processor.py:642} INFO - Processing file /Users/aleckienzle/Developer/nba-etl/nba-etl/airflow/dags/nba-dag-etl.py for tasks to queue
[2022-02-22 15:54:31,427] {logging_mixin.py:109} INFO - [2022-02-22 15:54:31,427] {dagbag.py:500} INFO - Filling up the DagBag from /Users/aleckienzle/Developer/nba-etl/nba-etl/airflow/dags/nba-dag-etl.py
[2022-02-22 15:54:31,816] {processor.py:654} INFO - DAG(s) dict_keys(['Etl']) retrieved from /Users/aleckienzle/Developer/nba-etl/nba-etl/airflow/dags/nba-dag-etl.py
[2022-02-22 15:54:31,946] {logging_mixin.py:109} INFO - [2022-02-22 15:54:31,946] {dag.py:2396} INFO - Sync 1 DAGs
[2022-02-22 15:54:31,951] {logging_mixin.py:109} INFO - [2022-02-22 15:54:31,951] {dag.py:2935} INFO - Setting next_dagrun for Etl to 2022-02-23 00:00:00+00:00
[2022-02-22 15:54:31,955] {processor.py:171} INFO - Processing /Users/aleckienzle/Developer/nba-etl/nba-etl/airflow/dags/nba-dag-etl.py took 0.529 seconds
[2022-02-22 15:55:06,611] {processor.py:163} INFO - Started process (PID=43692) to work on /Users/aleckienzle/Developer/nba-etl/nba-etl/airflow/dags/nba-dag-etl.py
[2022-02-22 15:55:06,611] {processor.py:642} INFO - Processing file /Users/aleckienzle/Developer/nba-etl/nba-etl/airflow/dags/nba-dag-etl.py for tasks to queue
[2022-02-22 15:55:06,612] {logging_mixin.py:109} INFO - [2022-02-22 15:55:06,612] {dagbag.py:500} INFO - Filling up the DagBag from /Users/aleckienzle/Developer/nba-etl/nba-etl/airflow/dags/nba-dag-etl.py
[2022-02-22 15:55:07,058] {processor.py:654} INFO - DAG(s) dict_keys(['Etl']) retrieved from /Users/aleckienzle/Developer/nba-etl/nba-etl/airflow/dags/nba-dag-etl.py
[2022-02-22 15:55:07,210] {logging_mixin.py:109} INFO - [2022-02-22 15:55:07,210] {dag.py:2396} INFO - Sync 1 DAGs
[2022-02-22 15:55:07,215] {logging_mixin.py:109} INFO - [2022-02-22 15:55:07,215] {dag.py:2935} INFO - Setting next_dagrun for Etl to 2022-02-23 00:00:00+00:00
[2022-02-22 15:55:07,219] {processor.py:171} INFO - Processing /Users/aleckienzle/Developer/nba-etl/nba-etl/airflow/dags/nba-dag-etl.py took 0.608 seconds
[2022-02-22 15:55:41,462] {processor.py:163} INFO - Started process (PID=43812) to work on /Users/aleckienzle/Developer/nba-etl/nba-etl/airflow/dags/nba-dag-etl.py
[2022-02-22 15:55:41,463] {processor.py:642} INFO - Processing file /Users/aleckienzle/Developer/nba-etl/nba-etl/airflow/dags/nba-dag-etl.py for tasks to queue
[2022-02-22 15:55:41,463] {logging_mixin.py:109} INFO - [2022-02-22 15:55:41,463] {dagbag.py:500} INFO - Filling up the DagBag from /Users/aleckienzle/Developer/nba-etl/nba-etl/airflow/dags/nba-dag-etl.py
[2022-02-22 15:55:41,873] {processor.py:654} INFO - DAG(s) dict_keys(['Etl']) retrieved from /Users/aleckienzle/Developer/nba-etl/nba-etl/airflow/dags/nba-dag-etl.py
[2022-02-22 15:55:42,027] {logging_mixin.py:109} INFO - [2022-02-22 15:55:42,026] {dag.py:2396} INFO - Sync 1 DAGs
[2022-02-22 15:55:42,032] {logging_mixin.py:109} INFO - [2022-02-22 15:55:42,032] {dag.py:2935} INFO - Setting next_dagrun for Etl to 2022-02-23 00:00:00+00:00
[2022-02-22 15:55:42,036] {processor.py:171} INFO - Processing /Users/aleckienzle/Developer/nba-etl/nba-etl/airflow/dags/nba-dag-etl.py took 0.574 seconds
[2022-02-22 15:56:16,001] {processor.py:163} INFO - Started process (PID=43890) to work on /Users/aleckienzle/Developer/nba-etl/nba-etl/airflow/dags/nba-dag-etl.py
[2022-02-22 15:56:16,002] {processor.py:642} INFO - Processing file /Users/aleckienzle/Developer/nba-etl/nba-etl/airflow/dags/nba-dag-etl.py for tasks to queue
[2022-02-22 15:56:16,002] {logging_mixin.py:109} INFO - [2022-02-22 15:56:16,002] {dagbag.py:500} INFO - Filling up the DagBag from /Users/aleckienzle/Developer/nba-etl/nba-etl/airflow/dags/nba-dag-etl.py
[2022-02-22 15:56:16,400] {processor.py:654} INFO - DAG(s) dict_keys(['Etl']) retrieved from /Users/aleckienzle/Developer/nba-etl/nba-etl/airflow/dags/nba-dag-etl.py
[2022-02-22 15:56:16,528] {logging_mixin.py:109} INFO - [2022-02-22 15:56:16,528] {dag.py:2396} INFO - Sync 1 DAGs
[2022-02-22 15:56:16,533] {logging_mixin.py:109} INFO - [2022-02-22 15:56:16,533] {dag.py:2935} INFO - Setting next_dagrun for Etl to 2022-02-23 00:00:00+00:00
[2022-02-22 15:56:16,537] {processor.py:171} INFO - Processing /Users/aleckienzle/Developer/nba-etl/nba-etl/airflow/dags/nba-dag-etl.py took 0.537 seconds
[2022-02-22 15:56:48,935] {processor.py:163} INFO - Started process (PID=43962) to work on /Users/aleckienzle/Developer/nba-etl/nba-etl/airflow/dags/nba-dag-etl.py
[2022-02-22 15:56:48,936] {processor.py:642} INFO - Processing file /Users/aleckienzle/Developer/nba-etl/nba-etl/airflow/dags/nba-dag-etl.py for tasks to queue
[2022-02-22 15:56:48,936] {logging_mixin.py:109} INFO - [2022-02-22 15:56:48,936] {dagbag.py:500} INFO - Filling up the DagBag from /Users/aleckienzle/Developer/nba-etl/nba-etl/airflow/dags/nba-dag-etl.py
[2022-02-22 15:56:49,366] {processor.py:654} INFO - DAG(s) dict_keys(['Etl']) retrieved from /Users/aleckienzle/Developer/nba-etl/nba-etl/airflow/dags/nba-dag-etl.py
[2022-02-22 15:56:49,497] {logging_mixin.py:109} INFO - [2022-02-22 15:56:49,497] {dag.py:2396} INFO - Sync 1 DAGs
[2022-02-22 15:56:49,502] {logging_mixin.py:109} INFO - [2022-02-22 15:56:49,502] {dag.py:2935} INFO - Setting next_dagrun for Etl to 2022-02-23 00:00:00+00:00
[2022-02-22 15:56:49,506] {processor.py:171} INFO - Processing /Users/aleckienzle/Developer/nba-etl/nba-etl/airflow/dags/nba-dag-etl.py took 0.571 seconds
[2022-02-22 15:57:23,939] {processor.py:163} INFO - Started process (PID=44079) to work on /Users/aleckienzle/Developer/nba-etl/nba-etl/airflow/dags/nba-dag-etl.py
[2022-02-22 15:57:23,939] {processor.py:642} INFO - Processing file /Users/aleckienzle/Developer/nba-etl/nba-etl/airflow/dags/nba-dag-etl.py for tasks to queue
[2022-02-22 15:57:23,939] {logging_mixin.py:109} INFO - [2022-02-22 15:57:23,939] {dagbag.py:500} INFO - Filling up the DagBag from /Users/aleckienzle/Developer/nba-etl/nba-etl/airflow/dags/nba-dag-etl.py
[2022-02-22 15:57:24,362] {processor.py:654} INFO - DAG(s) dict_keys(['Etl']) retrieved from /Users/aleckienzle/Developer/nba-etl/nba-etl/airflow/dags/nba-dag-etl.py
[2022-02-22 15:57:24,489] {logging_mixin.py:109} INFO - [2022-02-22 15:57:24,489] {dag.py:2396} INFO - Sync 1 DAGs
[2022-02-22 15:57:24,494] {logging_mixin.py:109} INFO - [2022-02-22 15:57:24,494] {dag.py:2935} INFO - Setting next_dagrun for Etl to 2022-02-23 00:00:00+00:00
[2022-02-22 15:57:24,500] {processor.py:171} INFO - Processing /Users/aleckienzle/Developer/nba-etl/nba-etl/airflow/dags/nba-dag-etl.py took 0.561 seconds
[2022-02-22 15:57:59,639] {processor.py:163} INFO - Started process (PID=44225) to work on /Users/aleckienzle/Developer/nba-etl/nba-etl/airflow/dags/nba-dag-etl.py
[2022-02-22 15:57:59,640] {processor.py:642} INFO - Processing file /Users/aleckienzle/Developer/nba-etl/nba-etl/airflow/dags/nba-dag-etl.py for tasks to queue
[2022-02-22 15:57:59,640] {logging_mixin.py:109} INFO - [2022-02-22 15:57:59,640] {dagbag.py:500} INFO - Filling up the DagBag from /Users/aleckienzle/Developer/nba-etl/nba-etl/airflow/dags/nba-dag-etl.py
[2022-02-22 15:57:59,949] {processor.py:654} INFO - DAG(s) dict_keys(['Etl']) retrieved from /Users/aleckienzle/Developer/nba-etl/nba-etl/airflow/dags/nba-dag-etl.py
[2022-02-22 15:58:00,059] {logging_mixin.py:109} INFO - [2022-02-22 15:58:00,058] {dag.py:2396} INFO - Sync 1 DAGs
[2022-02-22 15:58:00,064] {logging_mixin.py:109} INFO - [2022-02-22 15:58:00,064] {dag.py:2935} INFO - Setting next_dagrun for Etl to 2022-02-23 00:00:00+00:00
[2022-02-22 15:58:00,068] {processor.py:171} INFO - Processing /Users/aleckienzle/Developer/nba-etl/nba-etl/airflow/dags/nba-dag-etl.py took 0.429 seconds
[2022-02-22 15:58:34,506] {processor.py:163} INFO - Started process (PID=44344) to work on /Users/aleckienzle/Developer/nba-etl/nba-etl/airflow/dags/nba-dag-etl.py
[2022-02-22 15:58:34,507] {processor.py:642} INFO - Processing file /Users/aleckienzle/Developer/nba-etl/nba-etl/airflow/dags/nba-dag-etl.py for tasks to queue
[2022-02-22 15:58:34,507] {logging_mixin.py:109} INFO - [2022-02-22 15:58:34,507] {dagbag.py:500} INFO - Filling up the DagBag from /Users/aleckienzle/Developer/nba-etl/nba-etl/airflow/dags/nba-dag-etl.py
[2022-02-22 15:58:34,955] {processor.py:654} INFO - DAG(s) dict_keys(['Etl']) retrieved from /Users/aleckienzle/Developer/nba-etl/nba-etl/airflow/dags/nba-dag-etl.py
[2022-02-22 15:58:35,063] {logging_mixin.py:109} INFO - [2022-02-22 15:58:35,062] {dag.py:2396} INFO - Sync 1 DAGs
[2022-02-22 15:58:35,069] {logging_mixin.py:109} INFO - [2022-02-22 15:58:35,069] {dag.py:2935} INFO - Setting next_dagrun for Etl to 2022-02-23 00:00:00+00:00
[2022-02-22 15:58:35,073] {processor.py:171} INFO - Processing /Users/aleckienzle/Developer/nba-etl/nba-etl/airflow/dags/nba-dag-etl.py took 0.568 seconds
[2022-02-22 15:59:06,720] {processor.py:163} INFO - Started process (PID=44457) to work on /Users/aleckienzle/Developer/nba-etl/nba-etl/airflow/dags/nba-dag-etl.py
[2022-02-22 15:59:06,721] {processor.py:642} INFO - Processing file /Users/aleckienzle/Developer/nba-etl/nba-etl/airflow/dags/nba-dag-etl.py for tasks to queue
[2022-02-22 15:59:06,721] {logging_mixin.py:109} INFO - [2022-02-22 15:59:06,721] {dagbag.py:500} INFO - Filling up the DagBag from /Users/aleckienzle/Developer/nba-etl/nba-etl/airflow/dags/nba-dag-etl.py
[2022-02-22 15:59:07,134] {processor.py:654} INFO - DAG(s) dict_keys(['Etl']) retrieved from /Users/aleckienzle/Developer/nba-etl/nba-etl/airflow/dags/nba-dag-etl.py
[2022-02-22 15:59:07,260] {logging_mixin.py:109} INFO - [2022-02-22 15:59:07,260] {dag.py:2396} INFO - Sync 1 DAGs
[2022-02-22 15:59:07,265] {logging_mixin.py:109} INFO - [2022-02-22 15:59:07,265] {dag.py:2935} INFO - Setting next_dagrun for Etl to 2022-02-23 00:00:00+00:00
[2022-02-22 15:59:07,268] {processor.py:171} INFO - Processing /Users/aleckienzle/Developer/nba-etl/nba-etl/airflow/dags/nba-dag-etl.py took 0.549 seconds
[2022-02-22 15:59:40,586] {processor.py:163} INFO - Started process (PID=44620) to work on /Users/aleckienzle/Developer/nba-etl/nba-etl/airflow/dags/nba-dag-etl.py
[2022-02-22 15:59:40,587] {processor.py:642} INFO - Processing file /Users/aleckienzle/Developer/nba-etl/nba-etl/airflow/dags/nba-dag-etl.py for tasks to queue
[2022-02-22 15:59:40,587] {logging_mixin.py:109} INFO - [2022-02-22 15:59:40,587] {dagbag.py:500} INFO - Filling up the DagBag from /Users/aleckienzle/Developer/nba-etl/nba-etl/airflow/dags/nba-dag-etl.py
[2022-02-22 15:59:40,987] {processor.py:654} INFO - DAG(s) dict_keys(['Etl']) retrieved from /Users/aleckienzle/Developer/nba-etl/nba-etl/airflow/dags/nba-dag-etl.py
[2022-02-22 15:59:41,113] {logging_mixin.py:109} INFO - [2022-02-22 15:59:41,113] {dag.py:2396} INFO - Sync 1 DAGs
[2022-02-22 15:59:41,118] {logging_mixin.py:109} INFO - [2022-02-22 15:59:41,118] {dag.py:2935} INFO - Setting next_dagrun for Etl to 2022-02-23 00:00:00+00:00
[2022-02-22 15:59:41,122] {processor.py:171} INFO - Processing /Users/aleckienzle/Developer/nba-etl/nba-etl/airflow/dags/nba-dag-etl.py took 0.536 seconds
