[2022-02-22 15:37:48,464] {processor.py:163} INFO - Started process (PID=40986) to work on /Users/aleckienzle/Developer/nba-etl/env/lib/python3.8/site-packages/airflow/example_dags/example_sla_dag.py
[2022-02-22 15:37:48,465] {processor.py:642} INFO - Processing file /Users/aleckienzle/Developer/nba-etl/env/lib/python3.8/site-packages/airflow/example_dags/example_sla_dag.py for tasks to queue
[2022-02-22 15:37:48,465] {logging_mixin.py:109} INFO - [2022-02-22 15:37:48,465] {dagbag.py:500} INFO - Filling up the DagBag from /Users/aleckienzle/Developer/nba-etl/env/lib/python3.8/site-packages/airflow/example_dags/example_sla_dag.py
[2022-02-22 15:37:48,489] {processor.py:654} INFO - DAG(s) dict_keys(['example_sla_dag']) retrieved from /Users/aleckienzle/Developer/nba-etl/env/lib/python3.8/site-packages/airflow/example_dags/example_sla_dag.py
[2022-02-22 15:37:48,498] {logging_mixin.py:109} INFO - [2022-02-22 15:37:48,498] {dag.py:2396} INFO - Sync 1 DAGs
[2022-02-22 15:37:48,504] {logging_mixin.py:109} INFO - [2022-02-22 15:37:48,504] {dag.py:2935} INFO - Setting next_dagrun for example_sla_dag to 2022-02-22T23:34:00+00:00
[2022-02-22 15:37:48,507] {processor.py:171} INFO - Processing /Users/aleckienzle/Developer/nba-etl/env/lib/python3.8/site-packages/airflow/example_dags/example_sla_dag.py took 0.043 seconds
[2022-02-22 15:38:50,420] {processor.py:163} INFO - Started process (PID=41137) to work on /Users/aleckienzle/Developer/nba-etl/env/lib/python3.8/site-packages/airflow/example_dags/example_sla_dag.py
[2022-02-22 15:38:50,420] {processor.py:642} INFO - Processing file /Users/aleckienzle/Developer/nba-etl/env/lib/python3.8/site-packages/airflow/example_dags/example_sla_dag.py for tasks to queue
[2022-02-22 15:38:50,420] {logging_mixin.py:109} INFO - [2022-02-22 15:38:50,420] {dagbag.py:500} INFO - Filling up the DagBag from /Users/aleckienzle/Developer/nba-etl/env/lib/python3.8/site-packages/airflow/example_dags/example_sla_dag.py
[2022-02-22 15:38:50,444] {processor.py:654} INFO - DAG(s) dict_keys(['example_sla_dag']) retrieved from /Users/aleckienzle/Developer/nba-etl/env/lib/python3.8/site-packages/airflow/example_dags/example_sla_dag.py
[2022-02-22 15:38:50,453] {logging_mixin.py:109} INFO - [2022-02-22 15:38:50,453] {dag.py:2396} INFO - Sync 1 DAGs
[2022-02-22 15:38:50,458] {logging_mixin.py:109} INFO - [2022-02-22 15:38:50,458] {dag.py:2935} INFO - Setting next_dagrun for example_sla_dag to 2022-02-22T23:36:00+00:00
[2022-02-22 15:38:50,462] {processor.py:171} INFO - Processing /Users/aleckienzle/Developer/nba-etl/env/lib/python3.8/site-packages/airflow/example_dags/example_sla_dag.py took 0.042 seconds
[2022-02-22 15:39:54,159] {processor.py:163} INFO - Started process (PID=41296) to work on /Users/aleckienzle/Developer/nba-etl/env/lib/python3.8/site-packages/airflow/example_dags/example_sla_dag.py
[2022-02-22 15:39:54,160] {processor.py:642} INFO - Processing file /Users/aleckienzle/Developer/nba-etl/env/lib/python3.8/site-packages/airflow/example_dags/example_sla_dag.py for tasks to queue
[2022-02-22 15:39:54,161] {logging_mixin.py:109} INFO - [2022-02-22 15:39:54,161] {dagbag.py:500} INFO - Filling up the DagBag from /Users/aleckienzle/Developer/nba-etl/env/lib/python3.8/site-packages/airflow/example_dags/example_sla_dag.py
[2022-02-22 15:39:54,188] {processor.py:654} INFO - DAG(s) dict_keys(['example_sla_dag']) retrieved from /Users/aleckienzle/Developer/nba-etl/env/lib/python3.8/site-packages/airflow/example_dags/example_sla_dag.py
[2022-02-22 15:39:54,198] {logging_mixin.py:109} INFO - [2022-02-22 15:39:54,197] {dag.py:2396} INFO - Sync 1 DAGs
[2022-02-22 15:39:54,203] {logging_mixin.py:109} INFO - [2022-02-22 15:39:54,203] {dag.py:2935} INFO - Setting next_dagrun for example_sla_dag to 2022-02-22T23:36:00+00:00
[2022-02-22 15:39:54,206] {processor.py:171} INFO - Processing /Users/aleckienzle/Developer/nba-etl/env/lib/python3.8/site-packages/airflow/example_dags/example_sla_dag.py took 0.047 seconds
[2022-02-22 15:40:57,996] {processor.py:163} INFO - Started process (PID=41448) to work on /Users/aleckienzle/Developer/nba-etl/env/lib/python3.8/site-packages/airflow/example_dags/example_sla_dag.py
[2022-02-22 15:40:57,996] {processor.py:642} INFO - Processing file /Users/aleckienzle/Developer/nba-etl/env/lib/python3.8/site-packages/airflow/example_dags/example_sla_dag.py for tasks to queue
[2022-02-22 15:40:57,997] {logging_mixin.py:109} INFO - [2022-02-22 15:40:57,997] {dagbag.py:500} INFO - Filling up the DagBag from /Users/aleckienzle/Developer/nba-etl/env/lib/python3.8/site-packages/airflow/example_dags/example_sla_dag.py
[2022-02-22 15:40:58,020] {processor.py:654} INFO - DAG(s) dict_keys(['example_sla_dag']) retrieved from /Users/aleckienzle/Developer/nba-etl/env/lib/python3.8/site-packages/airflow/example_dags/example_sla_dag.py
[2022-02-22 15:40:58,029] {logging_mixin.py:109} INFO - [2022-02-22 15:40:58,029] {dag.py:2396} INFO - Sync 1 DAGs
[2022-02-22 15:40:58,034] {logging_mixin.py:109} INFO - [2022-02-22 15:40:58,034] {dag.py:2935} INFO - Setting next_dagrun for example_sla_dag to 2022-02-22T23:38:00+00:00
[2022-02-22 15:40:58,038] {processor.py:171} INFO - Processing /Users/aleckienzle/Developer/nba-etl/env/lib/python3.8/site-packages/airflow/example_dags/example_sla_dag.py took 0.042 seconds
[2022-02-22 15:42:01,872] {processor.py:163} INFO - Started process (PID=41582) to work on /Users/aleckienzle/Developer/nba-etl/env/lib/python3.8/site-packages/airflow/example_dags/example_sla_dag.py
[2022-02-22 15:42:01,873] {processor.py:642} INFO - Processing file /Users/aleckienzle/Developer/nba-etl/env/lib/python3.8/site-packages/airflow/example_dags/example_sla_dag.py for tasks to queue
[2022-02-22 15:42:01,873] {logging_mixin.py:109} INFO - [2022-02-22 15:42:01,873] {dagbag.py:500} INFO - Filling up the DagBag from /Users/aleckienzle/Developer/nba-etl/env/lib/python3.8/site-packages/airflow/example_dags/example_sla_dag.py
[2022-02-22 15:42:01,896] {processor.py:654} INFO - DAG(s) dict_keys(['example_sla_dag']) retrieved from /Users/aleckienzle/Developer/nba-etl/env/lib/python3.8/site-packages/airflow/example_dags/example_sla_dag.py
[2022-02-22 15:42:01,906] {logging_mixin.py:109} INFO - [2022-02-22 15:42:01,906] {dag.py:2396} INFO - Sync 1 DAGs
[2022-02-22 15:42:01,912] {logging_mixin.py:109} INFO - [2022-02-22 15:42:01,912] {dag.py:2935} INFO - Setting next_dagrun for example_sla_dag to 2022-02-22T23:40:00+00:00
[2022-02-22 15:42:01,915] {processor.py:171} INFO - Processing /Users/aleckienzle/Developer/nba-etl/env/lib/python3.8/site-packages/airflow/example_dags/example_sla_dag.py took 0.044 seconds
[2022-02-22 15:43:06,355] {processor.py:163} INFO - Started process (PID=41781) to work on /Users/aleckienzle/Developer/nba-etl/env/lib/python3.8/site-packages/airflow/example_dags/example_sla_dag.py
[2022-02-22 15:43:06,355] {processor.py:642} INFO - Processing file /Users/aleckienzle/Developer/nba-etl/env/lib/python3.8/site-packages/airflow/example_dags/example_sla_dag.py for tasks to queue
[2022-02-22 15:43:06,355] {logging_mixin.py:109} INFO - [2022-02-22 15:43:06,355] {dagbag.py:500} INFO - Filling up the DagBag from /Users/aleckienzle/Developer/nba-etl/env/lib/python3.8/site-packages/airflow/example_dags/example_sla_dag.py
[2022-02-22 15:43:06,380] {processor.py:654} INFO - DAG(s) dict_keys(['example_sla_dag']) retrieved from /Users/aleckienzle/Developer/nba-etl/env/lib/python3.8/site-packages/airflow/example_dags/example_sla_dag.py
[2022-02-22 15:43:06,389] {logging_mixin.py:109} INFO - [2022-02-22 15:43:06,389] {dag.py:2396} INFO - Sync 1 DAGs
[2022-02-22 15:43:06,394] {logging_mixin.py:109} INFO - [2022-02-22 15:43:06,394] {dag.py:2935} INFO - Setting next_dagrun for example_sla_dag to 2022-02-22T23:40:00+00:00
[2022-02-22 15:43:06,397] {processor.py:171} INFO - Processing /Users/aleckienzle/Developer/nba-etl/env/lib/python3.8/site-packages/airflow/example_dags/example_sla_dag.py took 0.043 seconds
[2022-02-22 15:44:12,201] {processor.py:163} INFO - Started process (PID=41937) to work on /Users/aleckienzle/Developer/nba-etl/env/lib/python3.8/site-packages/airflow/example_dags/example_sla_dag.py
[2022-02-22 15:44:12,201] {processor.py:642} INFO - Processing file /Users/aleckienzle/Developer/nba-etl/env/lib/python3.8/site-packages/airflow/example_dags/example_sla_dag.py for tasks to queue
[2022-02-22 15:44:12,202] {logging_mixin.py:109} INFO - [2022-02-22 15:44:12,202] {dagbag.py:500} INFO - Filling up the DagBag from /Users/aleckienzle/Developer/nba-etl/env/lib/python3.8/site-packages/airflow/example_dags/example_sla_dag.py
[2022-02-22 15:44:12,225] {processor.py:654} INFO - DAG(s) dict_keys(['example_sla_dag']) retrieved from /Users/aleckienzle/Developer/nba-etl/env/lib/python3.8/site-packages/airflow/example_dags/example_sla_dag.py
[2022-02-22 15:44:12,234] {logging_mixin.py:109} INFO - [2022-02-22 15:44:12,234] {dag.py:2396} INFO - Sync 1 DAGs
[2022-02-22 15:44:12,239] {logging_mixin.py:109} INFO - [2022-02-22 15:44:12,239] {dag.py:2935} INFO - Setting next_dagrun for example_sla_dag to 2022-02-22T23:42:00+00:00
[2022-02-22 15:44:12,243] {processor.py:171} INFO - Processing /Users/aleckienzle/Developer/nba-etl/env/lib/python3.8/site-packages/airflow/example_dags/example_sla_dag.py took 0.042 seconds
[2022-02-22 15:45:17,947] {processor.py:163} INFO - Started process (PID=42085) to work on /Users/aleckienzle/Developer/nba-etl/env/lib/python3.8/site-packages/airflow/example_dags/example_sla_dag.py
[2022-02-22 15:45:17,948] {processor.py:642} INFO - Processing file /Users/aleckienzle/Developer/nba-etl/env/lib/python3.8/site-packages/airflow/example_dags/example_sla_dag.py for tasks to queue
[2022-02-22 15:45:17,948] {logging_mixin.py:109} INFO - [2022-02-22 15:45:17,948] {dagbag.py:500} INFO - Filling up the DagBag from /Users/aleckienzle/Developer/nba-etl/env/lib/python3.8/site-packages/airflow/example_dags/example_sla_dag.py
[2022-02-22 15:45:17,971] {processor.py:654} INFO - DAG(s) dict_keys(['example_sla_dag']) retrieved from /Users/aleckienzle/Developer/nba-etl/env/lib/python3.8/site-packages/airflow/example_dags/example_sla_dag.py
[2022-02-22 15:45:17,980] {logging_mixin.py:109} INFO - [2022-02-22 15:45:17,980] {dag.py:2396} INFO - Sync 1 DAGs
[2022-02-22 15:45:17,986] {logging_mixin.py:109} INFO - [2022-02-22 15:45:17,986] {dag.py:2935} INFO - Setting next_dagrun for example_sla_dag to 2022-02-22T23:42:00+00:00
[2022-02-22 15:45:18,010] {processor.py:171} INFO - Processing /Users/aleckienzle/Developer/nba-etl/env/lib/python3.8/site-packages/airflow/example_dags/example_sla_dag.py took 0.063 seconds
[2022-02-22 15:46:23,834] {processor.py:163} INFO - Started process (PID=42267) to work on /Users/aleckienzle/Developer/nba-etl/env/lib/python3.8/site-packages/airflow/example_dags/example_sla_dag.py
[2022-02-22 15:46:23,835] {processor.py:642} INFO - Processing file /Users/aleckienzle/Developer/nba-etl/env/lib/python3.8/site-packages/airflow/example_dags/example_sla_dag.py for tasks to queue
[2022-02-22 15:46:23,836] {logging_mixin.py:109} INFO - [2022-02-22 15:46:23,836] {dagbag.py:500} INFO - Filling up the DagBag from /Users/aleckienzle/Developer/nba-etl/env/lib/python3.8/site-packages/airflow/example_dags/example_sla_dag.py
[2022-02-22 15:46:23,859] {processor.py:654} INFO - DAG(s) dict_keys(['example_sla_dag']) retrieved from /Users/aleckienzle/Developer/nba-etl/env/lib/python3.8/site-packages/airflow/example_dags/example_sla_dag.py
[2022-02-22 15:46:23,868] {logging_mixin.py:109} INFO - [2022-02-22 15:46:23,868] {dag.py:2396} INFO - Sync 1 DAGs
[2022-02-22 15:46:23,875] {logging_mixin.py:109} INFO - [2022-02-22 15:46:23,875] {dag.py:2935} INFO - Setting next_dagrun for example_sla_dag to 2022-02-22T23:44:00+00:00
[2022-02-22 15:46:23,879] {processor.py:171} INFO - Processing /Users/aleckienzle/Developer/nba-etl/env/lib/python3.8/site-packages/airflow/example_dags/example_sla_dag.py took 0.045 seconds
[2022-02-22 15:47:29,687] {processor.py:163} INFO - Started process (PID=42482) to work on /Users/aleckienzle/Developer/nba-etl/env/lib/python3.8/site-packages/airflow/example_dags/example_sla_dag.py
[2022-02-22 15:47:29,688] {processor.py:642} INFO - Processing file /Users/aleckienzle/Developer/nba-etl/env/lib/python3.8/site-packages/airflow/example_dags/example_sla_dag.py for tasks to queue
[2022-02-22 15:47:29,688] {logging_mixin.py:109} INFO - [2022-02-22 15:47:29,688] {dagbag.py:500} INFO - Filling up the DagBag from /Users/aleckienzle/Developer/nba-etl/env/lib/python3.8/site-packages/airflow/example_dags/example_sla_dag.py
[2022-02-22 15:47:29,712] {processor.py:654} INFO - DAG(s) dict_keys(['example_sla_dag']) retrieved from /Users/aleckienzle/Developer/nba-etl/env/lib/python3.8/site-packages/airflow/example_dags/example_sla_dag.py
[2022-02-22 15:47:29,722] {logging_mixin.py:109} INFO - [2022-02-22 15:47:29,721] {dag.py:2396} INFO - Sync 1 DAGs
[2022-02-22 15:47:29,727] {logging_mixin.py:109} INFO - [2022-02-22 15:47:29,727] {dag.py:2935} INFO - Setting next_dagrun for example_sla_dag to 2022-02-22T23:44:00+00:00
[2022-02-22 15:47:29,731] {processor.py:171} INFO - Processing /Users/aleckienzle/Developer/nba-etl/env/lib/python3.8/site-packages/airflow/example_dags/example_sla_dag.py took 0.044 seconds
[2022-02-22 15:48:41,654] {processor.py:163} INFO - Started process (PID=42723) to work on /Users/aleckienzle/Developer/nba-etl/env/lib/python3.8/site-packages/airflow/example_dags/example_sla_dag.py
[2022-02-22 15:48:41,655] {processor.py:642} INFO - Processing file /Users/aleckienzle/Developer/nba-etl/env/lib/python3.8/site-packages/airflow/example_dags/example_sla_dag.py for tasks to queue
[2022-02-22 15:48:41,655] {logging_mixin.py:109} INFO - [2022-02-22 15:48:41,655] {dagbag.py:500} INFO - Filling up the DagBag from /Users/aleckienzle/Developer/nba-etl/env/lib/python3.8/site-packages/airflow/example_dags/example_sla_dag.py
[2022-02-22 15:48:41,680] {processor.py:654} INFO - DAG(s) dict_keys(['example_sla_dag']) retrieved from /Users/aleckienzle/Developer/nba-etl/env/lib/python3.8/site-packages/airflow/example_dags/example_sla_dag.py
[2022-02-22 15:48:41,690] {logging_mixin.py:109} INFO - [2022-02-22 15:48:41,689] {dag.py:2396} INFO - Sync 1 DAGs
[2022-02-22 15:48:41,696] {logging_mixin.py:109} INFO - [2022-02-22 15:48:41,696] {dag.py:2935} INFO - Setting next_dagrun for example_sla_dag to 2022-02-22T23:46:00+00:00
[2022-02-22 15:48:41,699] {processor.py:171} INFO - Processing /Users/aleckienzle/Developer/nba-etl/env/lib/python3.8/site-packages/airflow/example_dags/example_sla_dag.py took 0.046 seconds
[2022-02-22 15:49:49,674] {processor.py:163} INFO - Started process (PID=42905) to work on /Users/aleckienzle/Developer/nba-etl/env/lib/python3.8/site-packages/airflow/example_dags/example_sla_dag.py
[2022-02-22 15:49:49,675] {processor.py:642} INFO - Processing file /Users/aleckienzle/Developer/nba-etl/env/lib/python3.8/site-packages/airflow/example_dags/example_sla_dag.py for tasks to queue
[2022-02-22 15:49:49,675] {logging_mixin.py:109} INFO - [2022-02-22 15:49:49,675] {dagbag.py:500} INFO - Filling up the DagBag from /Users/aleckienzle/Developer/nba-etl/env/lib/python3.8/site-packages/airflow/example_dags/example_sla_dag.py
[2022-02-22 15:49:49,699] {processor.py:654} INFO - DAG(s) dict_keys(['example_sla_dag']) retrieved from /Users/aleckienzle/Developer/nba-etl/env/lib/python3.8/site-packages/airflow/example_dags/example_sla_dag.py
[2022-02-22 15:49:49,708] {logging_mixin.py:109} INFO - [2022-02-22 15:49:49,708] {dag.py:2396} INFO - Sync 1 DAGs
[2022-02-22 15:49:49,713] {logging_mixin.py:109} INFO - [2022-02-22 15:49:49,713] {dag.py:2935} INFO - Setting next_dagrun for example_sla_dag to 2022-02-22T23:46:00+00:00
[2022-02-22 15:49:49,717] {processor.py:171} INFO - Processing /Users/aleckienzle/Developer/nba-etl/env/lib/python3.8/site-packages/airflow/example_dags/example_sla_dag.py took 0.043 seconds
[2022-02-22 15:50:59,415] {processor.py:163} INFO - Started process (PID=43085) to work on /Users/aleckienzle/Developer/nba-etl/env/lib/python3.8/site-packages/airflow/example_dags/example_sla_dag.py
[2022-02-22 15:50:59,416] {processor.py:642} INFO - Processing file /Users/aleckienzle/Developer/nba-etl/env/lib/python3.8/site-packages/airflow/example_dags/example_sla_dag.py for tasks to queue
[2022-02-22 15:50:59,417] {logging_mixin.py:109} INFO - [2022-02-22 15:50:59,416] {dagbag.py:500} INFO - Filling up the DagBag from /Users/aleckienzle/Developer/nba-etl/env/lib/python3.8/site-packages/airflow/example_dags/example_sla_dag.py
[2022-02-22 15:50:59,440] {processor.py:654} INFO - DAG(s) dict_keys(['example_sla_dag']) retrieved from /Users/aleckienzle/Developer/nba-etl/env/lib/python3.8/site-packages/airflow/example_dags/example_sla_dag.py
[2022-02-22 15:50:59,451] {logging_mixin.py:109} INFO - [2022-02-22 15:50:59,451] {dag.py:2396} INFO - Sync 1 DAGs
[2022-02-22 15:50:59,457] {logging_mixin.py:109} INFO - [2022-02-22 15:50:59,457] {dag.py:2935} INFO - Setting next_dagrun for example_sla_dag to 2022-02-22T23:48:00+00:00
[2022-02-22 15:50:59,463] {processor.py:171} INFO - Processing /Users/aleckienzle/Developer/nba-etl/env/lib/python3.8/site-packages/airflow/example_dags/example_sla_dag.py took 0.048 seconds
[2022-02-22 15:52:09,849] {processor.py:163} INFO - Started process (PID=43261) to work on /Users/aleckienzle/Developer/nba-etl/env/lib/python3.8/site-packages/airflow/example_dags/example_sla_dag.py
[2022-02-22 15:52:09,849] {processor.py:642} INFO - Processing file /Users/aleckienzle/Developer/nba-etl/env/lib/python3.8/site-packages/airflow/example_dags/example_sla_dag.py for tasks to queue
[2022-02-22 15:52:09,849] {logging_mixin.py:109} INFO - [2022-02-22 15:52:09,849] {dagbag.py:500} INFO - Filling up the DagBag from /Users/aleckienzle/Developer/nba-etl/env/lib/python3.8/site-packages/airflow/example_dags/example_sla_dag.py
[2022-02-22 15:52:09,872] {processor.py:654} INFO - DAG(s) dict_keys(['example_sla_dag']) retrieved from /Users/aleckienzle/Developer/nba-etl/env/lib/python3.8/site-packages/airflow/example_dags/example_sla_dag.py
[2022-02-22 15:52:09,881] {logging_mixin.py:109} INFO - [2022-02-22 15:52:09,881] {dag.py:2396} INFO - Sync 1 DAGs
[2022-02-22 15:52:09,886] {logging_mixin.py:109} INFO - [2022-02-22 15:52:09,886] {dag.py:2935} INFO - Setting next_dagrun for example_sla_dag to 2022-02-22T23:50:00+00:00
[2022-02-22 15:52:09,889] {processor.py:171} INFO - Processing /Users/aleckienzle/Developer/nba-etl/env/lib/python3.8/site-packages/airflow/example_dags/example_sla_dag.py took 0.041 seconds
[2022-02-22 15:53:16,955] {processor.py:163} INFO - Started process (PID=43408) to work on /Users/aleckienzle/Developer/nba-etl/env/lib/python3.8/site-packages/airflow/example_dags/example_sla_dag.py
[2022-02-22 15:53:16,956] {processor.py:642} INFO - Processing file /Users/aleckienzle/Developer/nba-etl/env/lib/python3.8/site-packages/airflow/example_dags/example_sla_dag.py for tasks to queue
[2022-02-22 15:53:16,956] {logging_mixin.py:109} INFO - [2022-02-22 15:53:16,956] {dagbag.py:500} INFO - Filling up the DagBag from /Users/aleckienzle/Developer/nba-etl/env/lib/python3.8/site-packages/airflow/example_dags/example_sla_dag.py
[2022-02-22 15:53:16,979] {processor.py:654} INFO - DAG(s) dict_keys(['example_sla_dag']) retrieved from /Users/aleckienzle/Developer/nba-etl/env/lib/python3.8/site-packages/airflow/example_dags/example_sla_dag.py
[2022-02-22 15:53:16,988] {logging_mixin.py:109} INFO - [2022-02-22 15:53:16,988] {dag.py:2396} INFO - Sync 1 DAGs
[2022-02-22 15:53:16,993] {logging_mixin.py:109} INFO - [2022-02-22 15:53:16,993] {dag.py:2935} INFO - Setting next_dagrun for example_sla_dag to 2022-02-22T23:50:00+00:00
[2022-02-22 15:53:16,997] {processor.py:171} INFO - Processing /Users/aleckienzle/Developer/nba-etl/env/lib/python3.8/site-packages/airflow/example_dags/example_sla_dag.py took 0.042 seconds
[2022-02-22 15:54:25,610] {processor.py:163} INFO - Started process (PID=43594) to work on /Users/aleckienzle/Developer/nba-etl/env/lib/python3.8/site-packages/airflow/example_dags/example_sla_dag.py
[2022-02-22 15:54:25,611] {processor.py:642} INFO - Processing file /Users/aleckienzle/Developer/nba-etl/env/lib/python3.8/site-packages/airflow/example_dags/example_sla_dag.py for tasks to queue
[2022-02-22 15:54:25,612] {logging_mixin.py:109} INFO - [2022-02-22 15:54:25,612] {dagbag.py:500} INFO - Filling up the DagBag from /Users/aleckienzle/Developer/nba-etl/env/lib/python3.8/site-packages/airflow/example_dags/example_sla_dag.py
[2022-02-22 15:54:25,635] {processor.py:654} INFO - DAG(s) dict_keys(['example_sla_dag']) retrieved from /Users/aleckienzle/Developer/nba-etl/env/lib/python3.8/site-packages/airflow/example_dags/example_sla_dag.py
[2022-02-22 15:54:25,643] {logging_mixin.py:109} INFO - [2022-02-22 15:54:25,643] {dag.py:2396} INFO - Sync 1 DAGs
[2022-02-22 15:54:25,649] {logging_mixin.py:109} INFO - [2022-02-22 15:54:25,649] {dag.py:2935} INFO - Setting next_dagrun for example_sla_dag to 2022-02-22T23:52:00+00:00
[2022-02-22 15:54:25,652] {processor.py:171} INFO - Processing /Users/aleckienzle/Developer/nba-etl/env/lib/python3.8/site-packages/airflow/example_dags/example_sla_dag.py took 0.042 seconds
[2022-02-22 15:55:35,715] {processor.py:163} INFO - Started process (PID=43794) to work on /Users/aleckienzle/Developer/nba-etl/env/lib/python3.8/site-packages/airflow/example_dags/example_sla_dag.py
[2022-02-22 15:55:35,718] {processor.py:642} INFO - Processing file /Users/aleckienzle/Developer/nba-etl/env/lib/python3.8/site-packages/airflow/example_dags/example_sla_dag.py for tasks to queue
[2022-02-22 15:55:35,718] {logging_mixin.py:109} INFO - [2022-02-22 15:55:35,718] {dagbag.py:500} INFO - Filling up the DagBag from /Users/aleckienzle/Developer/nba-etl/env/lib/python3.8/site-packages/airflow/example_dags/example_sla_dag.py
[2022-02-22 15:55:35,745] {processor.py:654} INFO - DAG(s) dict_keys(['example_sla_dag']) retrieved from /Users/aleckienzle/Developer/nba-etl/env/lib/python3.8/site-packages/airflow/example_dags/example_sla_dag.py
[2022-02-22 15:55:35,757] {logging_mixin.py:109} INFO - [2022-02-22 15:55:35,757] {dag.py:2396} INFO - Sync 1 DAGs
[2022-02-22 15:55:35,764] {logging_mixin.py:109} INFO - [2022-02-22 15:55:35,764] {dag.py:2935} INFO - Setting next_dagrun for example_sla_dag to 2022-02-22T23:52:00+00:00
[2022-02-22 15:55:35,769] {processor.py:171} INFO - Processing /Users/aleckienzle/Developer/nba-etl/env/lib/python3.8/site-packages/airflow/example_dags/example_sla_dag.py took 0.055 seconds
[2022-02-22 15:56:43,191] {processor.py:163} INFO - Started process (PID=43952) to work on /Users/aleckienzle/Developer/nba-etl/env/lib/python3.8/site-packages/airflow/example_dags/example_sla_dag.py
[2022-02-22 15:56:43,193] {processor.py:642} INFO - Processing file /Users/aleckienzle/Developer/nba-etl/env/lib/python3.8/site-packages/airflow/example_dags/example_sla_dag.py for tasks to queue
[2022-02-22 15:56:43,194] {logging_mixin.py:109} INFO - [2022-02-22 15:56:43,194] {dagbag.py:500} INFO - Filling up the DagBag from /Users/aleckienzle/Developer/nba-etl/env/lib/python3.8/site-packages/airflow/example_dags/example_sla_dag.py
[2022-02-22 15:56:43,217] {processor.py:654} INFO - DAG(s) dict_keys(['example_sla_dag']) retrieved from /Users/aleckienzle/Developer/nba-etl/env/lib/python3.8/site-packages/airflow/example_dags/example_sla_dag.py
[2022-02-22 15:56:43,225] {logging_mixin.py:109} INFO - [2022-02-22 15:56:43,225] {dag.py:2396} INFO - Sync 1 DAGs
[2022-02-22 15:56:43,231] {logging_mixin.py:109} INFO - [2022-02-22 15:56:43,231] {dag.py:2935} INFO - Setting next_dagrun for example_sla_dag to 2022-02-22T23:54:00+00:00
[2022-02-22 15:56:43,234] {processor.py:171} INFO - Processing /Users/aleckienzle/Developer/nba-etl/env/lib/python3.8/site-packages/airflow/example_dags/example_sla_dag.py took 0.043 seconds
[2022-02-22 15:57:53,692] {processor.py:163} INFO - Started process (PID=44200) to work on /Users/aleckienzle/Developer/nba-etl/env/lib/python3.8/site-packages/airflow/example_dags/example_sla_dag.py
[2022-02-22 15:57:53,693] {processor.py:642} INFO - Processing file /Users/aleckienzle/Developer/nba-etl/env/lib/python3.8/site-packages/airflow/example_dags/example_sla_dag.py for tasks to queue
[2022-02-22 15:57:53,693] {logging_mixin.py:109} INFO - [2022-02-22 15:57:53,693] {dagbag.py:500} INFO - Filling up the DagBag from /Users/aleckienzle/Developer/nba-etl/env/lib/python3.8/site-packages/airflow/example_dags/example_sla_dag.py
[2022-02-22 15:57:53,722] {processor.py:654} INFO - DAG(s) dict_keys(['example_sla_dag']) retrieved from /Users/aleckienzle/Developer/nba-etl/env/lib/python3.8/site-packages/airflow/example_dags/example_sla_dag.py
[2022-02-22 15:57:53,733] {logging_mixin.py:109} INFO - [2022-02-22 15:57:53,732] {dag.py:2396} INFO - Sync 1 DAGs
[2022-02-22 15:57:53,739] {logging_mixin.py:109} INFO - [2022-02-22 15:57:53,739] {dag.py:2935} INFO - Setting next_dagrun for example_sla_dag to 2022-02-22T23:54:00+00:00
[2022-02-22 15:57:53,743] {processor.py:171} INFO - Processing /Users/aleckienzle/Developer/nba-etl/env/lib/python3.8/site-packages/airflow/example_dags/example_sla_dag.py took 0.051 seconds
[2022-02-22 15:59:00,896] {processor.py:163} INFO - Started process (PID=44441) to work on /Users/aleckienzle/Developer/nba-etl/env/lib/python3.8/site-packages/airflow/example_dags/example_sla_dag.py
[2022-02-22 15:59:00,897] {processor.py:642} INFO - Processing file /Users/aleckienzle/Developer/nba-etl/env/lib/python3.8/site-packages/airflow/example_dags/example_sla_dag.py for tasks to queue
[2022-02-22 15:59:00,897] {logging_mixin.py:109} INFO - [2022-02-22 15:59:00,897] {dagbag.py:500} INFO - Filling up the DagBag from /Users/aleckienzle/Developer/nba-etl/env/lib/python3.8/site-packages/airflow/example_dags/example_sla_dag.py
[2022-02-22 15:59:00,922] {processor.py:654} INFO - DAG(s) dict_keys(['example_sla_dag']) retrieved from /Users/aleckienzle/Developer/nba-etl/env/lib/python3.8/site-packages/airflow/example_dags/example_sla_dag.py
[2022-02-22 15:59:00,931] {logging_mixin.py:109} INFO - [2022-02-22 15:59:00,931] {dag.py:2396} INFO - Sync 1 DAGs
[2022-02-22 15:59:00,937] {logging_mixin.py:109} INFO - [2022-02-22 15:59:00,937] {dag.py:2935} INFO - Setting next_dagrun for example_sla_dag to 2022-02-22T23:56:00+00:00
[2022-02-22 15:59:00,940] {processor.py:171} INFO - Processing /Users/aleckienzle/Developer/nba-etl/env/lib/python3.8/site-packages/airflow/example_dags/example_sla_dag.py took 0.044 seconds
