[2022-02-22 15:37:34,660] {processor.py:163} INFO - Started process (PID=40941) to work on /Users/aleckienzle/Developer/nba-etl/env/lib/python3.8/site-packages/airflow/example_dags/example_xcom.py
[2022-02-22 15:37:34,660] {processor.py:642} INFO - Processing file /Users/aleckienzle/Developer/nba-etl/env/lib/python3.8/site-packages/airflow/example_dags/example_xcom.py for tasks to queue
[2022-02-22 15:37:34,660] {logging_mixin.py:109} INFO - [2022-02-22 15:37:34,660] {dagbag.py:500} INFO - Filling up the DagBag from /Users/aleckienzle/Developer/nba-etl/env/lib/python3.8/site-packages/airflow/example_dags/example_xcom.py
[2022-02-22 15:37:34,723] {processor.py:654} INFO - DAG(s) dict_keys(['example_xcom']) retrieved from /Users/aleckienzle/Developer/nba-etl/env/lib/python3.8/site-packages/airflow/example_dags/example_xcom.py
[2022-02-22 15:37:34,734] {logging_mixin.py:109} INFO - [2022-02-22 15:37:34,734] {dag.py:2396} INFO - Sync 1 DAGs
[2022-02-22 15:37:34,742] {logging_mixin.py:109} INFO - [2022-02-22 15:37:34,742] {dag.py:2935} INFO - Setting next_dagrun for example_xcom to 2021-01-01T00:00:00+00:00
[2022-02-22 15:37:34,749] {processor.py:171} INFO - Processing /Users/aleckienzle/Developer/nba-etl/env/lib/python3.8/site-packages/airflow/example_dags/example_xcom.py took 0.090 seconds
[2022-02-22 15:38:36,768] {processor.py:163} INFO - Started process (PID=41099) to work on /Users/aleckienzle/Developer/nba-etl/env/lib/python3.8/site-packages/airflow/example_dags/example_xcom.py
[2022-02-22 15:38:36,769] {processor.py:642} INFO - Processing file /Users/aleckienzle/Developer/nba-etl/env/lib/python3.8/site-packages/airflow/example_dags/example_xcom.py for tasks to queue
[2022-02-22 15:38:36,769] {logging_mixin.py:109} INFO - [2022-02-22 15:38:36,769] {dagbag.py:500} INFO - Filling up the DagBag from /Users/aleckienzle/Developer/nba-etl/env/lib/python3.8/site-packages/airflow/example_dags/example_xcom.py
[2022-02-22 15:38:36,793] {processor.py:654} INFO - DAG(s) dict_keys(['example_xcom']) retrieved from /Users/aleckienzle/Developer/nba-etl/env/lib/python3.8/site-packages/airflow/example_dags/example_xcom.py
[2022-02-22 15:38:36,894] {logging_mixin.py:109} INFO - [2022-02-22 15:38:36,894] {dag.py:2396} INFO - Sync 1 DAGs
[2022-02-22 15:38:36,898] {logging_mixin.py:109} INFO - [2022-02-22 15:38:36,898] {dag.py:2935} INFO - Setting next_dagrun for example_xcom to 2021-01-01T00:00:00+00:00
[2022-02-22 15:38:36,903] {processor.py:171} INFO - Processing /Users/aleckienzle/Developer/nba-etl/env/lib/python3.8/site-packages/airflow/example_dags/example_xcom.py took 0.135 seconds
[2022-02-22 15:39:40,536] {processor.py:163} INFO - Started process (PID=41262) to work on /Users/aleckienzle/Developer/nba-etl/env/lib/python3.8/site-packages/airflow/example_dags/example_xcom.py
[2022-02-22 15:39:40,537] {processor.py:642} INFO - Processing file /Users/aleckienzle/Developer/nba-etl/env/lib/python3.8/site-packages/airflow/example_dags/example_xcom.py for tasks to queue
[2022-02-22 15:39:40,537] {logging_mixin.py:109} INFO - [2022-02-22 15:39:40,537] {dagbag.py:500} INFO - Filling up the DagBag from /Users/aleckienzle/Developer/nba-etl/env/lib/python3.8/site-packages/airflow/example_dags/example_xcom.py
[2022-02-22 15:39:40,584] {processor.py:654} INFO - DAG(s) dict_keys(['example_xcom']) retrieved from /Users/aleckienzle/Developer/nba-etl/env/lib/python3.8/site-packages/airflow/example_dags/example_xcom.py
[2022-02-22 15:39:40,689] {logging_mixin.py:109} INFO - [2022-02-22 15:39:40,688] {dag.py:2396} INFO - Sync 1 DAGs
[2022-02-22 15:39:40,693] {logging_mixin.py:109} INFO - [2022-02-22 15:39:40,693] {dag.py:2935} INFO - Setting next_dagrun for example_xcom to 2021-01-01T00:00:00+00:00
[2022-02-22 15:39:40,697] {processor.py:171} INFO - Processing /Users/aleckienzle/Developer/nba-etl/env/lib/python3.8/site-packages/airflow/example_dags/example_xcom.py took 0.161 seconds
[2022-02-22 15:40:44,256] {processor.py:163} INFO - Started process (PID=41409) to work on /Users/aleckienzle/Developer/nba-etl/env/lib/python3.8/site-packages/airflow/example_dags/example_xcom.py
[2022-02-22 15:40:44,258] {processor.py:642} INFO - Processing file /Users/aleckienzle/Developer/nba-etl/env/lib/python3.8/site-packages/airflow/example_dags/example_xcom.py for tasks to queue
[2022-02-22 15:40:44,258] {logging_mixin.py:109} INFO - [2022-02-22 15:40:44,258] {dagbag.py:500} INFO - Filling up the DagBag from /Users/aleckienzle/Developer/nba-etl/env/lib/python3.8/site-packages/airflow/example_dags/example_xcom.py
[2022-02-22 15:40:44,282] {processor.py:654} INFO - DAG(s) dict_keys(['example_xcom']) retrieved from /Users/aleckienzle/Developer/nba-etl/env/lib/python3.8/site-packages/airflow/example_dags/example_xcom.py
[2022-02-22 15:40:44,382] {logging_mixin.py:109} INFO - [2022-02-22 15:40:44,381] {dag.py:2396} INFO - Sync 1 DAGs
[2022-02-22 15:40:44,387] {logging_mixin.py:109} INFO - [2022-02-22 15:40:44,387] {dag.py:2935} INFO - Setting next_dagrun for example_xcom to 2021-01-01T00:00:00+00:00
[2022-02-22 15:40:44,391] {processor.py:171} INFO - Processing /Users/aleckienzle/Developer/nba-etl/env/lib/python3.8/site-packages/airflow/example_dags/example_xcom.py took 0.135 seconds
[2022-02-22 15:41:48,261] {processor.py:163} INFO - Started process (PID=41557) to work on /Users/aleckienzle/Developer/nba-etl/env/lib/python3.8/site-packages/airflow/example_dags/example_xcom.py
[2022-02-22 15:41:48,263] {processor.py:642} INFO - Processing file /Users/aleckienzle/Developer/nba-etl/env/lib/python3.8/site-packages/airflow/example_dags/example_xcom.py for tasks to queue
[2022-02-22 15:41:48,263] {logging_mixin.py:109} INFO - [2022-02-22 15:41:48,263] {dagbag.py:500} INFO - Filling up the DagBag from /Users/aleckienzle/Developer/nba-etl/env/lib/python3.8/site-packages/airflow/example_dags/example_xcom.py
[2022-02-22 15:41:48,287] {processor.py:654} INFO - DAG(s) dict_keys(['example_xcom']) retrieved from /Users/aleckienzle/Developer/nba-etl/env/lib/python3.8/site-packages/airflow/example_dags/example_xcom.py
[2022-02-22 15:41:48,388] {logging_mixin.py:109} INFO - [2022-02-22 15:41:48,388] {dag.py:2396} INFO - Sync 1 DAGs
[2022-02-22 15:41:48,393] {logging_mixin.py:109} INFO - [2022-02-22 15:41:48,393] {dag.py:2935} INFO - Setting next_dagrun for example_xcom to 2021-01-01T00:00:00+00:00
[2022-02-22 15:41:48,396] {processor.py:171} INFO - Processing /Users/aleckienzle/Developer/nba-etl/env/lib/python3.8/site-packages/airflow/example_dags/example_xcom.py took 0.136 seconds
[2022-02-22 15:42:52,767] {processor.py:163} INFO - Started process (PID=41731) to work on /Users/aleckienzle/Developer/nba-etl/env/lib/python3.8/site-packages/airflow/example_dags/example_xcom.py
[2022-02-22 15:42:52,768] {processor.py:642} INFO - Processing file /Users/aleckienzle/Developer/nba-etl/env/lib/python3.8/site-packages/airflow/example_dags/example_xcom.py for tasks to queue
[2022-02-22 15:42:52,768] {logging_mixin.py:109} INFO - [2022-02-22 15:42:52,768] {dagbag.py:500} INFO - Filling up the DagBag from /Users/aleckienzle/Developer/nba-etl/env/lib/python3.8/site-packages/airflow/example_dags/example_xcom.py
[2022-02-22 15:42:52,794] {processor.py:654} INFO - DAG(s) dict_keys(['example_xcom']) retrieved from /Users/aleckienzle/Developer/nba-etl/env/lib/python3.8/site-packages/airflow/example_dags/example_xcom.py
[2022-02-22 15:42:52,894] {logging_mixin.py:109} INFO - [2022-02-22 15:42:52,894] {dag.py:2396} INFO - Sync 1 DAGs
[2022-02-22 15:42:52,899] {logging_mixin.py:109} INFO - [2022-02-22 15:42:52,899] {dag.py:2935} INFO - Setting next_dagrun for example_xcom to 2021-01-01T00:00:00+00:00
[2022-02-22 15:42:52,903] {processor.py:171} INFO - Processing /Users/aleckienzle/Developer/nba-etl/env/lib/python3.8/site-packages/airflow/example_dags/example_xcom.py took 0.136 seconds
[2022-02-22 15:43:58,749] {processor.py:163} INFO - Started process (PID=41912) to work on /Users/aleckienzle/Developer/nba-etl/env/lib/python3.8/site-packages/airflow/example_dags/example_xcom.py
[2022-02-22 15:43:58,751] {processor.py:642} INFO - Processing file /Users/aleckienzle/Developer/nba-etl/env/lib/python3.8/site-packages/airflow/example_dags/example_xcom.py for tasks to queue
[2022-02-22 15:43:58,751] {logging_mixin.py:109} INFO - [2022-02-22 15:43:58,751] {dagbag.py:500} INFO - Filling up the DagBag from /Users/aleckienzle/Developer/nba-etl/env/lib/python3.8/site-packages/airflow/example_dags/example_xcom.py
[2022-02-22 15:43:58,777] {processor.py:654} INFO - DAG(s) dict_keys(['example_xcom']) retrieved from /Users/aleckienzle/Developer/nba-etl/env/lib/python3.8/site-packages/airflow/example_dags/example_xcom.py
[2022-02-22 15:43:58,883] {logging_mixin.py:109} INFO - [2022-02-22 15:43:58,883] {dag.py:2396} INFO - Sync 1 DAGs
[2022-02-22 15:43:58,888] {logging_mixin.py:109} INFO - [2022-02-22 15:43:58,888] {dag.py:2935} INFO - Setting next_dagrun for example_xcom to 2021-01-01T00:00:00+00:00
[2022-02-22 15:43:58,892] {processor.py:171} INFO - Processing /Users/aleckienzle/Developer/nba-etl/env/lib/python3.8/site-packages/airflow/example_dags/example_xcom.py took 0.143 seconds
[2022-02-22 15:45:04,304] {processor.py:163} INFO - Started process (PID=42050) to work on /Users/aleckienzle/Developer/nba-etl/env/lib/python3.8/site-packages/airflow/example_dags/example_xcom.py
[2022-02-22 15:45:04,306] {processor.py:642} INFO - Processing file /Users/aleckienzle/Developer/nba-etl/env/lib/python3.8/site-packages/airflow/example_dags/example_xcom.py for tasks to queue
[2022-02-22 15:45:04,306] {logging_mixin.py:109} INFO - [2022-02-22 15:45:04,306] {dagbag.py:500} INFO - Filling up the DagBag from /Users/aleckienzle/Developer/nba-etl/env/lib/python3.8/site-packages/airflow/example_dags/example_xcom.py
[2022-02-22 15:45:04,330] {processor.py:654} INFO - DAG(s) dict_keys(['example_xcom']) retrieved from /Users/aleckienzle/Developer/nba-etl/env/lib/python3.8/site-packages/airflow/example_dags/example_xcom.py
[2022-02-22 15:45:04,429] {logging_mixin.py:109} INFO - [2022-02-22 15:45:04,429] {dag.py:2396} INFO - Sync 1 DAGs
[2022-02-22 15:45:04,433] {logging_mixin.py:109} INFO - [2022-02-22 15:45:04,433] {dag.py:2935} INFO - Setting next_dagrun for example_xcom to 2021-01-01T00:00:00+00:00
[2022-02-22 15:45:04,438] {processor.py:171} INFO - Processing /Users/aleckienzle/Developer/nba-etl/env/lib/python3.8/site-packages/airflow/example_dags/example_xcom.py took 0.134 seconds
[2022-02-22 15:46:10,157] {processor.py:163} INFO - Started process (PID=42225) to work on /Users/aleckienzle/Developer/nba-etl/env/lib/python3.8/site-packages/airflow/example_dags/example_xcom.py
[2022-02-22 15:46:10,158] {processor.py:642} INFO - Processing file /Users/aleckienzle/Developer/nba-etl/env/lib/python3.8/site-packages/airflow/example_dags/example_xcom.py for tasks to queue
[2022-02-22 15:46:10,158] {logging_mixin.py:109} INFO - [2022-02-22 15:46:10,158] {dagbag.py:500} INFO - Filling up the DagBag from /Users/aleckienzle/Developer/nba-etl/env/lib/python3.8/site-packages/airflow/example_dags/example_xcom.py
[2022-02-22 15:46:10,182] {processor.py:654} INFO - DAG(s) dict_keys(['example_xcom']) retrieved from /Users/aleckienzle/Developer/nba-etl/env/lib/python3.8/site-packages/airflow/example_dags/example_xcom.py
[2022-02-22 15:46:10,289] {logging_mixin.py:109} INFO - [2022-02-22 15:46:10,289] {dag.py:2396} INFO - Sync 1 DAGs
[2022-02-22 15:46:10,293] {logging_mixin.py:109} INFO - [2022-02-22 15:46:10,293] {dag.py:2935} INFO - Setting next_dagrun for example_xcom to 2021-01-01T00:00:00+00:00
[2022-02-22 15:46:10,298] {processor.py:171} INFO - Processing /Users/aleckienzle/Developer/nba-etl/env/lib/python3.8/site-packages/airflow/example_dags/example_xcom.py took 0.141 seconds
[2022-02-22 15:47:15,905] {processor.py:163} INFO - Started process (PID=42434) to work on /Users/aleckienzle/Developer/nba-etl/env/lib/python3.8/site-packages/airflow/example_dags/example_xcom.py
[2022-02-22 15:47:15,906] {processor.py:642} INFO - Processing file /Users/aleckienzle/Developer/nba-etl/env/lib/python3.8/site-packages/airflow/example_dags/example_xcom.py for tasks to queue
[2022-02-22 15:47:15,906] {logging_mixin.py:109} INFO - [2022-02-22 15:47:15,906] {dagbag.py:500} INFO - Filling up the DagBag from /Users/aleckienzle/Developer/nba-etl/env/lib/python3.8/site-packages/airflow/example_dags/example_xcom.py
[2022-02-22 15:47:15,934] {processor.py:654} INFO - DAG(s) dict_keys(['example_xcom']) retrieved from /Users/aleckienzle/Developer/nba-etl/env/lib/python3.8/site-packages/airflow/example_dags/example_xcom.py
[2022-02-22 15:47:16,033] {logging_mixin.py:109} INFO - [2022-02-22 15:47:16,033] {dag.py:2396} INFO - Sync 1 DAGs
[2022-02-22 15:47:16,037] {logging_mixin.py:109} INFO - [2022-02-22 15:47:16,037] {dag.py:2935} INFO - Setting next_dagrun for example_xcom to 2021-01-01T00:00:00+00:00
[2022-02-22 15:47:16,042] {processor.py:171} INFO - Processing /Users/aleckienzle/Developer/nba-etl/env/lib/python3.8/site-packages/airflow/example_dags/example_xcom.py took 0.137 seconds
[2022-02-22 15:48:27,971] {processor.py:163} INFO - Started process (PID=42690) to work on /Users/aleckienzle/Developer/nba-etl/env/lib/python3.8/site-packages/airflow/example_dags/example_xcom.py
[2022-02-22 15:48:27,971] {processor.py:642} INFO - Processing file /Users/aleckienzle/Developer/nba-etl/env/lib/python3.8/site-packages/airflow/example_dags/example_xcom.py for tasks to queue
[2022-02-22 15:48:27,971] {logging_mixin.py:109} INFO - [2022-02-22 15:48:27,971] {dagbag.py:500} INFO - Filling up the DagBag from /Users/aleckienzle/Developer/nba-etl/env/lib/python3.8/site-packages/airflow/example_dags/example_xcom.py
[2022-02-22 15:48:27,996] {processor.py:654} INFO - DAG(s) dict_keys(['example_xcom']) retrieved from /Users/aleckienzle/Developer/nba-etl/env/lib/python3.8/site-packages/airflow/example_dags/example_xcom.py
[2022-02-22 15:48:28,096] {logging_mixin.py:109} INFO - [2022-02-22 15:48:28,095] {dag.py:2396} INFO - Sync 1 DAGs
[2022-02-22 15:48:28,100] {logging_mixin.py:109} INFO - [2022-02-22 15:48:28,100] {dag.py:2935} INFO - Setting next_dagrun for example_xcom to 2021-01-01T00:00:00+00:00
[2022-02-22 15:48:28,104] {processor.py:171} INFO - Processing /Users/aleckienzle/Developer/nba-etl/env/lib/python3.8/site-packages/airflow/example_dags/example_xcom.py took 0.134 seconds
[2022-02-22 15:49:36,049] {processor.py:163} INFO - Started process (PID=42866) to work on /Users/aleckienzle/Developer/nba-etl/env/lib/python3.8/site-packages/airflow/example_dags/example_xcom.py
[2022-02-22 15:49:36,050] {processor.py:642} INFO - Processing file /Users/aleckienzle/Developer/nba-etl/env/lib/python3.8/site-packages/airflow/example_dags/example_xcom.py for tasks to queue
[2022-02-22 15:49:36,050] {logging_mixin.py:109} INFO - [2022-02-22 15:49:36,050] {dagbag.py:500} INFO - Filling up the DagBag from /Users/aleckienzle/Developer/nba-etl/env/lib/python3.8/site-packages/airflow/example_dags/example_xcom.py
[2022-02-22 15:49:36,076] {processor.py:654} INFO - DAG(s) dict_keys(['example_xcom']) retrieved from /Users/aleckienzle/Developer/nba-etl/env/lib/python3.8/site-packages/airflow/example_dags/example_xcom.py
[2022-02-22 15:49:36,185] {logging_mixin.py:109} INFO - [2022-02-22 15:49:36,184] {dag.py:2396} INFO - Sync 1 DAGs
[2022-02-22 15:49:36,190] {logging_mixin.py:109} INFO - [2022-02-22 15:49:36,190] {dag.py:2935} INFO - Setting next_dagrun for example_xcom to 2021-01-01T00:00:00+00:00
[2022-02-22 15:49:36,194] {processor.py:171} INFO - Processing /Users/aleckienzle/Developer/nba-etl/env/lib/python3.8/site-packages/airflow/example_dags/example_xcom.py took 0.145 seconds
[2022-02-22 15:50:45,886] {processor.py:163} INFO - Started process (PID=43031) to work on /Users/aleckienzle/Developer/nba-etl/env/lib/python3.8/site-packages/airflow/example_dags/example_xcom.py
[2022-02-22 15:50:45,887] {processor.py:642} INFO - Processing file /Users/aleckienzle/Developer/nba-etl/env/lib/python3.8/site-packages/airflow/example_dags/example_xcom.py for tasks to queue
[2022-02-22 15:50:45,888] {logging_mixin.py:109} INFO - [2022-02-22 15:50:45,887] {dagbag.py:500} INFO - Filling up the DagBag from /Users/aleckienzle/Developer/nba-etl/env/lib/python3.8/site-packages/airflow/example_dags/example_xcom.py
[2022-02-22 15:50:45,912] {processor.py:654} INFO - DAG(s) dict_keys(['example_xcom']) retrieved from /Users/aleckienzle/Developer/nba-etl/env/lib/python3.8/site-packages/airflow/example_dags/example_xcom.py
[2022-02-22 15:50:46,010] {logging_mixin.py:109} INFO - [2022-02-22 15:50:46,010] {dag.py:2396} INFO - Sync 1 DAGs
[2022-02-22 15:50:46,014] {logging_mixin.py:109} INFO - [2022-02-22 15:50:46,014] {dag.py:2935} INFO - Setting next_dagrun for example_xcom to 2021-01-01T00:00:00+00:00
[2022-02-22 15:50:46,018] {processor.py:171} INFO - Processing /Users/aleckienzle/Developer/nba-etl/env/lib/python3.8/site-packages/airflow/example_dags/example_xcom.py took 0.132 seconds
[2022-02-22 15:51:56,245] {processor.py:163} INFO - Started process (PID=43223) to work on /Users/aleckienzle/Developer/nba-etl/env/lib/python3.8/site-packages/airflow/example_dags/example_xcom.py
[2022-02-22 15:51:56,246] {processor.py:642} INFO - Processing file /Users/aleckienzle/Developer/nba-etl/env/lib/python3.8/site-packages/airflow/example_dags/example_xcom.py for tasks to queue
[2022-02-22 15:51:56,246] {logging_mixin.py:109} INFO - [2022-02-22 15:51:56,246] {dagbag.py:500} INFO - Filling up the DagBag from /Users/aleckienzle/Developer/nba-etl/env/lib/python3.8/site-packages/airflow/example_dags/example_xcom.py
[2022-02-22 15:51:56,270] {processor.py:654} INFO - DAG(s) dict_keys(['example_xcom']) retrieved from /Users/aleckienzle/Developer/nba-etl/env/lib/python3.8/site-packages/airflow/example_dags/example_xcom.py
[2022-02-22 15:51:56,370] {logging_mixin.py:109} INFO - [2022-02-22 15:51:56,370] {dag.py:2396} INFO - Sync 1 DAGs
[2022-02-22 15:51:56,374] {logging_mixin.py:109} INFO - [2022-02-22 15:51:56,374] {dag.py:2935} INFO - Setting next_dagrun for example_xcom to 2021-01-01T00:00:00+00:00
[2022-02-22 15:51:56,378] {processor.py:171} INFO - Processing /Users/aleckienzle/Developer/nba-etl/env/lib/python3.8/site-packages/airflow/example_dags/example_xcom.py took 0.133 seconds
[2022-02-22 15:53:03,196] {processor.py:163} INFO - Started process (PID=43378) to work on /Users/aleckienzle/Developer/nba-etl/env/lib/python3.8/site-packages/airflow/example_dags/example_xcom.py
[2022-02-22 15:53:03,196] {processor.py:642} INFO - Processing file /Users/aleckienzle/Developer/nba-etl/env/lib/python3.8/site-packages/airflow/example_dags/example_xcom.py for tasks to queue
[2022-02-22 15:53:03,196] {logging_mixin.py:109} INFO - [2022-02-22 15:53:03,196] {dagbag.py:500} INFO - Filling up the DagBag from /Users/aleckienzle/Developer/nba-etl/env/lib/python3.8/site-packages/airflow/example_dags/example_xcom.py
[2022-02-22 15:53:03,221] {processor.py:654} INFO - DAG(s) dict_keys(['example_xcom']) retrieved from /Users/aleckienzle/Developer/nba-etl/env/lib/python3.8/site-packages/airflow/example_dags/example_xcom.py
[2022-02-22 15:53:03,326] {logging_mixin.py:109} INFO - [2022-02-22 15:53:03,326] {dag.py:2396} INFO - Sync 1 DAGs
[2022-02-22 15:53:03,330] {logging_mixin.py:109} INFO - [2022-02-22 15:53:03,330] {dag.py:2935} INFO - Setting next_dagrun for example_xcom to 2021-01-01T00:00:00+00:00
[2022-02-22 15:53:03,334] {processor.py:171} INFO - Processing /Users/aleckienzle/Developer/nba-etl/env/lib/python3.8/site-packages/airflow/example_dags/example_xcom.py took 0.139 seconds
[2022-02-22 15:54:11,921] {processor.py:163} INFO - Started process (PID=43565) to work on /Users/aleckienzle/Developer/nba-etl/env/lib/python3.8/site-packages/airflow/example_dags/example_xcom.py
[2022-02-22 15:54:11,922] {processor.py:642} INFO - Processing file /Users/aleckienzle/Developer/nba-etl/env/lib/python3.8/site-packages/airflow/example_dags/example_xcom.py for tasks to queue
[2022-02-22 15:54:11,923] {logging_mixin.py:109} INFO - [2022-02-22 15:54:11,923] {dagbag.py:500} INFO - Filling up the DagBag from /Users/aleckienzle/Developer/nba-etl/env/lib/python3.8/site-packages/airflow/example_dags/example_xcom.py
[2022-02-22 15:54:11,948] {processor.py:654} INFO - DAG(s) dict_keys(['example_xcom']) retrieved from /Users/aleckienzle/Developer/nba-etl/env/lib/python3.8/site-packages/airflow/example_dags/example_xcom.py
[2022-02-22 15:54:12,053] {logging_mixin.py:109} INFO - [2022-02-22 15:54:12,053] {dag.py:2396} INFO - Sync 1 DAGs
[2022-02-22 15:54:12,058] {logging_mixin.py:109} INFO - [2022-02-22 15:54:12,058] {dag.py:2935} INFO - Setting next_dagrun for example_xcom to 2021-01-01T00:00:00+00:00
[2022-02-22 15:54:12,063] {processor.py:171} INFO - Processing /Users/aleckienzle/Developer/nba-etl/env/lib/python3.8/site-packages/airflow/example_dags/example_xcom.py took 0.142 seconds
[2022-02-22 15:55:22,018] {processor.py:163} INFO - Started process (PID=43743) to work on /Users/aleckienzle/Developer/nba-etl/env/lib/python3.8/site-packages/airflow/example_dags/example_xcom.py
[2022-02-22 15:55:22,019] {processor.py:642} INFO - Processing file /Users/aleckienzle/Developer/nba-etl/env/lib/python3.8/site-packages/airflow/example_dags/example_xcom.py for tasks to queue
[2022-02-22 15:55:22,019] {logging_mixin.py:109} INFO - [2022-02-22 15:55:22,019] {dagbag.py:500} INFO - Filling up the DagBag from /Users/aleckienzle/Developer/nba-etl/env/lib/python3.8/site-packages/airflow/example_dags/example_xcom.py
[2022-02-22 15:55:22,043] {processor.py:654} INFO - DAG(s) dict_keys(['example_xcom']) retrieved from /Users/aleckienzle/Developer/nba-etl/env/lib/python3.8/site-packages/airflow/example_dags/example_xcom.py
[2022-02-22 15:55:22,145] {logging_mixin.py:109} INFO - [2022-02-22 15:55:22,144] {dag.py:2396} INFO - Sync 1 DAGs
[2022-02-22 15:55:22,149] {logging_mixin.py:109} INFO - [2022-02-22 15:55:22,149] {dag.py:2935} INFO - Setting next_dagrun for example_xcom to 2021-01-01T00:00:00+00:00
[2022-02-22 15:55:22,153] {processor.py:171} INFO - Processing /Users/aleckienzle/Developer/nba-etl/env/lib/python3.8/site-packages/airflow/example_dags/example_xcom.py took 0.135 seconds
[2022-02-22 15:56:29,605] {processor.py:163} INFO - Started process (PID=43927) to work on /Users/aleckienzle/Developer/nba-etl/env/lib/python3.8/site-packages/airflow/example_dags/example_xcom.py
[2022-02-22 15:56:29,606] {processor.py:642} INFO - Processing file /Users/aleckienzle/Developer/nba-etl/env/lib/python3.8/site-packages/airflow/example_dags/example_xcom.py for tasks to queue
[2022-02-22 15:56:29,607] {logging_mixin.py:109} INFO - [2022-02-22 15:56:29,607] {dagbag.py:500} INFO - Filling up the DagBag from /Users/aleckienzle/Developer/nba-etl/env/lib/python3.8/site-packages/airflow/example_dags/example_xcom.py
[2022-02-22 15:56:29,631] {processor.py:654} INFO - DAG(s) dict_keys(['example_xcom']) retrieved from /Users/aleckienzle/Developer/nba-etl/env/lib/python3.8/site-packages/airflow/example_dags/example_xcom.py
[2022-02-22 15:56:29,736] {logging_mixin.py:109} INFO - [2022-02-22 15:56:29,736] {dag.py:2396} INFO - Sync 1 DAGs
[2022-02-22 15:56:29,740] {logging_mixin.py:109} INFO - [2022-02-22 15:56:29,740] {dag.py:2935} INFO - Setting next_dagrun for example_xcom to 2021-01-01T00:00:00+00:00
[2022-02-22 15:56:29,744] {processor.py:171} INFO - Processing /Users/aleckienzle/Developer/nba-etl/env/lib/python3.8/site-packages/airflow/example_dags/example_xcom.py took 0.139 seconds
[2022-02-22 15:57:39,822] {processor.py:163} INFO - Started process (PID=44139) to work on /Users/aleckienzle/Developer/nba-etl/env/lib/python3.8/site-packages/airflow/example_dags/example_xcom.py
[2022-02-22 15:57:39,823] {processor.py:642} INFO - Processing file /Users/aleckienzle/Developer/nba-etl/env/lib/python3.8/site-packages/airflow/example_dags/example_xcom.py for tasks to queue
[2022-02-22 15:57:39,824] {logging_mixin.py:109} INFO - [2022-02-22 15:57:39,824] {dagbag.py:500} INFO - Filling up the DagBag from /Users/aleckienzle/Developer/nba-etl/env/lib/python3.8/site-packages/airflow/example_dags/example_xcom.py
[2022-02-22 15:57:39,854] {processor.py:654} INFO - DAG(s) dict_keys(['example_xcom']) retrieved from /Users/aleckienzle/Developer/nba-etl/env/lib/python3.8/site-packages/airflow/example_dags/example_xcom.py
[2022-02-22 15:57:39,963] {logging_mixin.py:109} INFO - [2022-02-22 15:57:39,963] {dag.py:2396} INFO - Sync 1 DAGs
[2022-02-22 15:57:39,967] {logging_mixin.py:109} INFO - [2022-02-22 15:57:39,967] {dag.py:2935} INFO - Setting next_dagrun for example_xcom to 2021-01-01T00:00:00+00:00
[2022-02-22 15:57:39,972] {processor.py:171} INFO - Processing /Users/aleckienzle/Developer/nba-etl/env/lib/python3.8/site-packages/airflow/example_dags/example_xcom.py took 0.150 seconds
[2022-02-22 15:58:47,996] {processor.py:163} INFO - Started process (PID=44389) to work on /Users/aleckienzle/Developer/nba-etl/env/lib/python3.8/site-packages/airflow/example_dags/example_xcom.py
[2022-02-22 15:58:47,997] {processor.py:642} INFO - Processing file /Users/aleckienzle/Developer/nba-etl/env/lib/python3.8/site-packages/airflow/example_dags/example_xcom.py for tasks to queue
[2022-02-22 15:58:47,997] {logging_mixin.py:109} INFO - [2022-02-22 15:58:47,997] {dagbag.py:500} INFO - Filling up the DagBag from /Users/aleckienzle/Developer/nba-etl/env/lib/python3.8/site-packages/airflow/example_dags/example_xcom.py
[2022-02-22 15:58:48,022] {processor.py:654} INFO - DAG(s) dict_keys(['example_xcom']) retrieved from /Users/aleckienzle/Developer/nba-etl/env/lib/python3.8/site-packages/airflow/example_dags/example_xcom.py
[2022-02-22 15:58:48,121] {logging_mixin.py:109} INFO - [2022-02-22 15:58:48,120] {dag.py:2396} INFO - Sync 1 DAGs
[2022-02-22 15:58:48,126] {logging_mixin.py:109} INFO - [2022-02-22 15:58:48,125] {dag.py:2935} INFO - Setting next_dagrun for example_xcom to 2021-01-01T00:00:00+00:00
[2022-02-22 15:58:48,129] {processor.py:171} INFO - Processing /Users/aleckienzle/Developer/nba-etl/env/lib/python3.8/site-packages/airflow/example_dags/example_xcom.py took 0.134 seconds
[2022-02-22 15:59:56,900] {processor.py:163} INFO - Started process (PID=44683) to work on /Users/aleckienzle/Developer/nba-etl/env/lib/python3.8/site-packages/airflow/example_dags/example_xcom.py
[2022-02-22 15:59:56,900] {processor.py:642} INFO - Processing file /Users/aleckienzle/Developer/nba-etl/env/lib/python3.8/site-packages/airflow/example_dags/example_xcom.py for tasks to queue
[2022-02-22 15:59:56,900] {logging_mixin.py:109} INFO - [2022-02-22 15:59:56,900] {dagbag.py:500} INFO - Filling up the DagBag from /Users/aleckienzle/Developer/nba-etl/env/lib/python3.8/site-packages/airflow/example_dags/example_xcom.py
[2022-02-22 15:59:56,942] {processor.py:654} INFO - DAG(s) dict_keys(['example_xcom']) retrieved from /Users/aleckienzle/Developer/nba-etl/env/lib/python3.8/site-packages/airflow/example_dags/example_xcom.py
[2022-02-22 15:59:57,063] {logging_mixin.py:109} INFO - [2022-02-22 15:59:57,063] {dag.py:2396} INFO - Sync 1 DAGs
[2022-02-22 15:59:57,070] {logging_mixin.py:109} INFO - [2022-02-22 15:59:57,070] {dag.py:2935} INFO - Setting next_dagrun for example_xcom to 2021-01-01T00:00:00+00:00
[2022-02-22 15:59:57,079] {processor.py:171} INFO - Processing /Users/aleckienzle/Developer/nba-etl/env/lib/python3.8/site-packages/airflow/example_dags/example_xcom.py took 0.180 seconds
