[2022-02-22 15:37:36,805] {processor.py:163} INFO - Started process (PID=40956) to work on /Users/aleckienzle/Developer/nba-etl/env/lib/python3.8/site-packages/airflow/example_dags/example_trigger_target_dag.py
[2022-02-22 15:37:36,805] {processor.py:642} INFO - Processing file /Users/aleckienzle/Developer/nba-etl/env/lib/python3.8/site-packages/airflow/example_dags/example_trigger_target_dag.py for tasks to queue
[2022-02-22 15:37:36,805] {logging_mixin.py:109} INFO - [2022-02-22 15:37:36,805] {dagbag.py:500} INFO - Filling up the DagBag from /Users/aleckienzle/Developer/nba-etl/env/lib/python3.8/site-packages/airflow/example_dags/example_trigger_target_dag.py
[2022-02-22 15:37:36,832] {processor.py:654} INFO - DAG(s) dict_keys(['example_trigger_target_dag']) retrieved from /Users/aleckienzle/Developer/nba-etl/env/lib/python3.8/site-packages/airflow/example_dags/example_trigger_target_dag.py
[2022-02-22 15:37:36,838] {logging_mixin.py:109} INFO - [2022-02-22 15:37:36,838] {dag.py:2396} INFO - Sync 1 DAGs
[2022-02-22 15:37:36,845] {logging_mixin.py:109} INFO - [2022-02-22 15:37:36,845] {dag.py:2935} INFO - Setting next_dagrun for example_trigger_target_dag to None
[2022-02-22 15:37:36,849] {processor.py:171} INFO - Processing /Users/aleckienzle/Developer/nba-etl/env/lib/python3.8/site-packages/airflow/example_dags/example_trigger_target_dag.py took 0.044 seconds
[2022-02-22 15:38:38,747] {processor.py:163} INFO - Started process (PID=41101) to work on /Users/aleckienzle/Developer/nba-etl/env/lib/python3.8/site-packages/airflow/example_dags/example_trigger_target_dag.py
[2022-02-22 15:38:38,748] {processor.py:642} INFO - Processing file /Users/aleckienzle/Developer/nba-etl/env/lib/python3.8/site-packages/airflow/example_dags/example_trigger_target_dag.py for tasks to queue
[2022-02-22 15:38:38,748] {logging_mixin.py:109} INFO - [2022-02-22 15:38:38,748] {dagbag.py:500} INFO - Filling up the DagBag from /Users/aleckienzle/Developer/nba-etl/env/lib/python3.8/site-packages/airflow/example_dags/example_trigger_target_dag.py
[2022-02-22 15:38:38,776] {processor.py:654} INFO - DAG(s) dict_keys(['example_trigger_target_dag']) retrieved from /Users/aleckienzle/Developer/nba-etl/env/lib/python3.8/site-packages/airflow/example_dags/example_trigger_target_dag.py
[2022-02-22 15:38:38,784] {logging_mixin.py:109} INFO - [2022-02-22 15:38:38,784] {dag.py:2396} INFO - Sync 1 DAGs
[2022-02-22 15:38:38,788] {logging_mixin.py:109} INFO - [2022-02-22 15:38:38,788] {dag.py:2935} INFO - Setting next_dagrun for example_trigger_target_dag to None
[2022-02-22 15:38:38,792] {processor.py:171} INFO - Processing /Users/aleckienzle/Developer/nba-etl/env/lib/python3.8/site-packages/airflow/example_dags/example_trigger_target_dag.py took 0.045 seconds
[2022-02-22 15:39:42,547] {processor.py:163} INFO - Started process (PID=41269) to work on /Users/aleckienzle/Developer/nba-etl/env/lib/python3.8/site-packages/airflow/example_dags/example_trigger_target_dag.py
[2022-02-22 15:39:42,549] {processor.py:642} INFO - Processing file /Users/aleckienzle/Developer/nba-etl/env/lib/python3.8/site-packages/airflow/example_dags/example_trigger_target_dag.py for tasks to queue
[2022-02-22 15:39:42,549] {logging_mixin.py:109} INFO - [2022-02-22 15:39:42,549] {dagbag.py:500} INFO - Filling up the DagBag from /Users/aleckienzle/Developer/nba-etl/env/lib/python3.8/site-packages/airflow/example_dags/example_trigger_target_dag.py
[2022-02-22 15:39:42,573] {processor.py:654} INFO - DAG(s) dict_keys(['example_trigger_target_dag']) retrieved from /Users/aleckienzle/Developer/nba-etl/env/lib/python3.8/site-packages/airflow/example_dags/example_trigger_target_dag.py
[2022-02-22 15:39:42,581] {logging_mixin.py:109} INFO - [2022-02-22 15:39:42,581] {dag.py:2396} INFO - Sync 1 DAGs
[2022-02-22 15:39:42,585] {logging_mixin.py:109} INFO - [2022-02-22 15:39:42,585] {dag.py:2935} INFO - Setting next_dagrun for example_trigger_target_dag to None
[2022-02-22 15:39:42,588] {processor.py:171} INFO - Processing /Users/aleckienzle/Developer/nba-etl/env/lib/python3.8/site-packages/airflow/example_dags/example_trigger_target_dag.py took 0.041 seconds
[2022-02-22 15:40:46,251] {processor.py:163} INFO - Started process (PID=41422) to work on /Users/aleckienzle/Developer/nba-etl/env/lib/python3.8/site-packages/airflow/example_dags/example_trigger_target_dag.py
[2022-02-22 15:40:46,252] {processor.py:642} INFO - Processing file /Users/aleckienzle/Developer/nba-etl/env/lib/python3.8/site-packages/airflow/example_dags/example_trigger_target_dag.py for tasks to queue
[2022-02-22 15:40:46,252] {logging_mixin.py:109} INFO - [2022-02-22 15:40:46,252] {dagbag.py:500} INFO - Filling up the DagBag from /Users/aleckienzle/Developer/nba-etl/env/lib/python3.8/site-packages/airflow/example_dags/example_trigger_target_dag.py
[2022-02-22 15:40:46,278] {processor.py:654} INFO - DAG(s) dict_keys(['example_trigger_target_dag']) retrieved from /Users/aleckienzle/Developer/nba-etl/env/lib/python3.8/site-packages/airflow/example_dags/example_trigger_target_dag.py
[2022-02-22 15:40:46,289] {logging_mixin.py:109} INFO - [2022-02-22 15:40:46,289] {dag.py:2396} INFO - Sync 1 DAGs
[2022-02-22 15:40:46,295] {logging_mixin.py:109} INFO - [2022-02-22 15:40:46,295] {dag.py:2935} INFO - Setting next_dagrun for example_trigger_target_dag to None
[2022-02-22 15:40:46,299] {processor.py:171} INFO - Processing /Users/aleckienzle/Developer/nba-etl/env/lib/python3.8/site-packages/airflow/example_dags/example_trigger_target_dag.py took 0.048 seconds
[2022-02-22 15:41:50,273] {processor.py:163} INFO - Started process (PID=41559) to work on /Users/aleckienzle/Developer/nba-etl/env/lib/python3.8/site-packages/airflow/example_dags/example_trigger_target_dag.py
[2022-02-22 15:41:50,274] {processor.py:642} INFO - Processing file /Users/aleckienzle/Developer/nba-etl/env/lib/python3.8/site-packages/airflow/example_dags/example_trigger_target_dag.py for tasks to queue
[2022-02-22 15:41:50,274] {logging_mixin.py:109} INFO - [2022-02-22 15:41:50,274] {dagbag.py:500} INFO - Filling up the DagBag from /Users/aleckienzle/Developer/nba-etl/env/lib/python3.8/site-packages/airflow/example_dags/example_trigger_target_dag.py
[2022-02-22 15:41:50,304] {processor.py:654} INFO - DAG(s) dict_keys(['example_trigger_target_dag']) retrieved from /Users/aleckienzle/Developer/nba-etl/env/lib/python3.8/site-packages/airflow/example_dags/example_trigger_target_dag.py
[2022-02-22 15:41:50,313] {logging_mixin.py:109} INFO - [2022-02-22 15:41:50,313] {dag.py:2396} INFO - Sync 1 DAGs
[2022-02-22 15:41:50,317] {logging_mixin.py:109} INFO - [2022-02-22 15:41:50,317] {dag.py:2935} INFO - Setting next_dagrun for example_trigger_target_dag to None
[2022-02-22 15:41:50,321] {processor.py:171} INFO - Processing /Users/aleckienzle/Developer/nba-etl/env/lib/python3.8/site-packages/airflow/example_dags/example_trigger_target_dag.py took 0.048 seconds
[2022-02-22 15:42:54,841] {processor.py:163} INFO - Started process (PID=41733) to work on /Users/aleckienzle/Developer/nba-etl/env/lib/python3.8/site-packages/airflow/example_dags/example_trigger_target_dag.py
[2022-02-22 15:42:54,843] {processor.py:642} INFO - Processing file /Users/aleckienzle/Developer/nba-etl/env/lib/python3.8/site-packages/airflow/example_dags/example_trigger_target_dag.py for tasks to queue
[2022-02-22 15:42:54,843] {logging_mixin.py:109} INFO - [2022-02-22 15:42:54,843] {dagbag.py:500} INFO - Filling up the DagBag from /Users/aleckienzle/Developer/nba-etl/env/lib/python3.8/site-packages/airflow/example_dags/example_trigger_target_dag.py
[2022-02-22 15:42:54,867] {processor.py:654} INFO - DAG(s) dict_keys(['example_trigger_target_dag']) retrieved from /Users/aleckienzle/Developer/nba-etl/env/lib/python3.8/site-packages/airflow/example_dags/example_trigger_target_dag.py
[2022-02-22 15:42:54,875] {logging_mixin.py:109} INFO - [2022-02-22 15:42:54,875] {dag.py:2396} INFO - Sync 1 DAGs
[2022-02-22 15:42:54,880] {logging_mixin.py:109} INFO - [2022-02-22 15:42:54,879] {dag.py:2935} INFO - Setting next_dagrun for example_trigger_target_dag to None
[2022-02-22 15:42:54,883] {processor.py:171} INFO - Processing /Users/aleckienzle/Developer/nba-etl/env/lib/python3.8/site-packages/airflow/example_dags/example_trigger_target_dag.py took 0.042 seconds
[2022-02-22 15:44:00,631] {processor.py:163} INFO - Started process (PID=41914) to work on /Users/aleckienzle/Developer/nba-etl/env/lib/python3.8/site-packages/airflow/example_dags/example_trigger_target_dag.py
[2022-02-22 15:44:00,632] {processor.py:642} INFO - Processing file /Users/aleckienzle/Developer/nba-etl/env/lib/python3.8/site-packages/airflow/example_dags/example_trigger_target_dag.py for tasks to queue
[2022-02-22 15:44:00,632] {logging_mixin.py:109} INFO - [2022-02-22 15:44:00,632] {dagbag.py:500} INFO - Filling up the DagBag from /Users/aleckienzle/Developer/nba-etl/env/lib/python3.8/site-packages/airflow/example_dags/example_trigger_target_dag.py
[2022-02-22 15:44:00,655] {processor.py:654} INFO - DAG(s) dict_keys(['example_trigger_target_dag']) retrieved from /Users/aleckienzle/Developer/nba-etl/env/lib/python3.8/site-packages/airflow/example_dags/example_trigger_target_dag.py
[2022-02-22 15:44:00,664] {logging_mixin.py:109} INFO - [2022-02-22 15:44:00,664] {dag.py:2396} INFO - Sync 1 DAGs
[2022-02-22 15:44:00,668] {logging_mixin.py:109} INFO - [2022-02-22 15:44:00,668] {dag.py:2935} INFO - Setting next_dagrun for example_trigger_target_dag to None
[2022-02-22 15:44:00,675] {processor.py:171} INFO - Processing /Users/aleckienzle/Developer/nba-etl/env/lib/python3.8/site-packages/airflow/example_dags/example_trigger_target_dag.py took 0.044 seconds
[2022-02-22 15:45:06,297] {processor.py:163} INFO - Started process (PID=42052) to work on /Users/aleckienzle/Developer/nba-etl/env/lib/python3.8/site-packages/airflow/example_dags/example_trigger_target_dag.py
[2022-02-22 15:45:06,298] {processor.py:642} INFO - Processing file /Users/aleckienzle/Developer/nba-etl/env/lib/python3.8/site-packages/airflow/example_dags/example_trigger_target_dag.py for tasks to queue
[2022-02-22 15:45:06,298] {logging_mixin.py:109} INFO - [2022-02-22 15:45:06,298] {dagbag.py:500} INFO - Filling up the DagBag from /Users/aleckienzle/Developer/nba-etl/env/lib/python3.8/site-packages/airflow/example_dags/example_trigger_target_dag.py
[2022-02-22 15:45:06,323] {processor.py:654} INFO - DAG(s) dict_keys(['example_trigger_target_dag']) retrieved from /Users/aleckienzle/Developer/nba-etl/env/lib/python3.8/site-packages/airflow/example_dags/example_trigger_target_dag.py
[2022-02-22 15:45:06,335] {logging_mixin.py:109} INFO - [2022-02-22 15:45:06,335] {dag.py:2396} INFO - Sync 1 DAGs
[2022-02-22 15:45:06,339] {logging_mixin.py:109} INFO - [2022-02-22 15:45:06,339] {dag.py:2935} INFO - Setting next_dagrun for example_trigger_target_dag to None
[2022-02-22 15:45:06,343] {processor.py:171} INFO - Processing /Users/aleckienzle/Developer/nba-etl/env/lib/python3.8/site-packages/airflow/example_dags/example_trigger_target_dag.py took 0.046 seconds
[2022-02-22 15:46:12,199] {processor.py:163} INFO - Started process (PID=42230) to work on /Users/aleckienzle/Developer/nba-etl/env/lib/python3.8/site-packages/airflow/example_dags/example_trigger_target_dag.py
[2022-02-22 15:46:12,201] {processor.py:642} INFO - Processing file /Users/aleckienzle/Developer/nba-etl/env/lib/python3.8/site-packages/airflow/example_dags/example_trigger_target_dag.py for tasks to queue
[2022-02-22 15:46:12,201] {logging_mixin.py:109} INFO - [2022-02-22 15:46:12,201] {dagbag.py:500} INFO - Filling up the DagBag from /Users/aleckienzle/Developer/nba-etl/env/lib/python3.8/site-packages/airflow/example_dags/example_trigger_target_dag.py
[2022-02-22 15:46:12,224] {processor.py:654} INFO - DAG(s) dict_keys(['example_trigger_target_dag']) retrieved from /Users/aleckienzle/Developer/nba-etl/env/lib/python3.8/site-packages/airflow/example_dags/example_trigger_target_dag.py
[2022-02-22 15:46:12,233] {logging_mixin.py:109} INFO - [2022-02-22 15:46:12,233] {dag.py:2396} INFO - Sync 1 DAGs
[2022-02-22 15:46:12,237] {logging_mixin.py:109} INFO - [2022-02-22 15:46:12,237] {dag.py:2935} INFO - Setting next_dagrun for example_trigger_target_dag to None
[2022-02-22 15:46:12,241] {processor.py:171} INFO - Processing /Users/aleckienzle/Developer/nba-etl/env/lib/python3.8/site-packages/airflow/example_dags/example_trigger_target_dag.py took 0.042 seconds
[2022-02-22 15:47:17,876] {processor.py:163} INFO - Started process (PID=42449) to work on /Users/aleckienzle/Developer/nba-etl/env/lib/python3.8/site-packages/airflow/example_dags/example_trigger_target_dag.py
[2022-02-22 15:47:17,877] {processor.py:642} INFO - Processing file /Users/aleckienzle/Developer/nba-etl/env/lib/python3.8/site-packages/airflow/example_dags/example_trigger_target_dag.py for tasks to queue
[2022-02-22 15:47:17,877] {logging_mixin.py:109} INFO - [2022-02-22 15:47:17,877] {dagbag.py:500} INFO - Filling up the DagBag from /Users/aleckienzle/Developer/nba-etl/env/lib/python3.8/site-packages/airflow/example_dags/example_trigger_target_dag.py
[2022-02-22 15:47:17,901] {processor.py:654} INFO - DAG(s) dict_keys(['example_trigger_target_dag']) retrieved from /Users/aleckienzle/Developer/nba-etl/env/lib/python3.8/site-packages/airflow/example_dags/example_trigger_target_dag.py
[2022-02-22 15:47:17,910] {logging_mixin.py:109} INFO - [2022-02-22 15:47:17,910] {dag.py:2396} INFO - Sync 1 DAGs
[2022-02-22 15:47:17,914] {logging_mixin.py:109} INFO - [2022-02-22 15:47:17,914] {dag.py:2935} INFO - Setting next_dagrun for example_trigger_target_dag to None
[2022-02-22 15:47:17,917] {processor.py:171} INFO - Processing /Users/aleckienzle/Developer/nba-etl/env/lib/python3.8/site-packages/airflow/example_dags/example_trigger_target_dag.py took 0.042 seconds
[2022-02-22 15:48:29,961] {processor.py:163} INFO - Started process (PID=42693) to work on /Users/aleckienzle/Developer/nba-etl/env/lib/python3.8/site-packages/airflow/example_dags/example_trigger_target_dag.py
[2022-02-22 15:48:29,962] {processor.py:642} INFO - Processing file /Users/aleckienzle/Developer/nba-etl/env/lib/python3.8/site-packages/airflow/example_dags/example_trigger_target_dag.py for tasks to queue
[2022-02-22 15:48:29,962] {logging_mixin.py:109} INFO - [2022-02-22 15:48:29,962] {dagbag.py:500} INFO - Filling up the DagBag from /Users/aleckienzle/Developer/nba-etl/env/lib/python3.8/site-packages/airflow/example_dags/example_trigger_target_dag.py
[2022-02-22 15:48:29,985] {processor.py:654} INFO - DAG(s) dict_keys(['example_trigger_target_dag']) retrieved from /Users/aleckienzle/Developer/nba-etl/env/lib/python3.8/site-packages/airflow/example_dags/example_trigger_target_dag.py
[2022-02-22 15:48:29,994] {logging_mixin.py:109} INFO - [2022-02-22 15:48:29,994] {dag.py:2396} INFO - Sync 1 DAGs
[2022-02-22 15:48:29,999] {logging_mixin.py:109} INFO - [2022-02-22 15:48:29,999] {dag.py:2935} INFO - Setting next_dagrun for example_trigger_target_dag to None
[2022-02-22 15:48:30,002] {processor.py:171} INFO - Processing /Users/aleckienzle/Developer/nba-etl/env/lib/python3.8/site-packages/airflow/example_dags/example_trigger_target_dag.py took 0.041 seconds
[2022-02-22 15:49:38,065] {processor.py:163} INFO - Started process (PID=42879) to work on /Users/aleckienzle/Developer/nba-etl/env/lib/python3.8/site-packages/airflow/example_dags/example_trigger_target_dag.py
[2022-02-22 15:49:38,065] {processor.py:642} INFO - Processing file /Users/aleckienzle/Developer/nba-etl/env/lib/python3.8/site-packages/airflow/example_dags/example_trigger_target_dag.py for tasks to queue
[2022-02-22 15:49:38,065] {logging_mixin.py:109} INFO - [2022-02-22 15:49:38,065] {dagbag.py:500} INFO - Filling up the DagBag from /Users/aleckienzle/Developer/nba-etl/env/lib/python3.8/site-packages/airflow/example_dags/example_trigger_target_dag.py
[2022-02-22 15:49:38,088] {processor.py:654} INFO - DAG(s) dict_keys(['example_trigger_target_dag']) retrieved from /Users/aleckienzle/Developer/nba-etl/env/lib/python3.8/site-packages/airflow/example_dags/example_trigger_target_dag.py
[2022-02-22 15:49:38,097] {logging_mixin.py:109} INFO - [2022-02-22 15:49:38,097] {dag.py:2396} INFO - Sync 1 DAGs
[2022-02-22 15:49:38,101] {logging_mixin.py:109} INFO - [2022-02-22 15:49:38,101] {dag.py:2935} INFO - Setting next_dagrun for example_trigger_target_dag to None
[2022-02-22 15:49:38,104] {processor.py:171} INFO - Processing /Users/aleckienzle/Developer/nba-etl/env/lib/python3.8/site-packages/airflow/example_dags/example_trigger_target_dag.py took 0.040 seconds
[2022-02-22 15:50:47,884] {processor.py:163} INFO - Started process (PID=43042) to work on /Users/aleckienzle/Developer/nba-etl/env/lib/python3.8/site-packages/airflow/example_dags/example_trigger_target_dag.py
[2022-02-22 15:50:47,886] {processor.py:642} INFO - Processing file /Users/aleckienzle/Developer/nba-etl/env/lib/python3.8/site-packages/airflow/example_dags/example_trigger_target_dag.py for tasks to queue
[2022-02-22 15:50:47,886] {logging_mixin.py:109} INFO - [2022-02-22 15:50:47,886] {dagbag.py:500} INFO - Filling up the DagBag from /Users/aleckienzle/Developer/nba-etl/env/lib/python3.8/site-packages/airflow/example_dags/example_trigger_target_dag.py
[2022-02-22 15:50:47,910] {processor.py:654} INFO - DAG(s) dict_keys(['example_trigger_target_dag']) retrieved from /Users/aleckienzle/Developer/nba-etl/env/lib/python3.8/site-packages/airflow/example_dags/example_trigger_target_dag.py
[2022-02-22 15:50:47,919] {logging_mixin.py:109} INFO - [2022-02-22 15:50:47,919] {dag.py:2396} INFO - Sync 1 DAGs
[2022-02-22 15:50:47,923] {logging_mixin.py:109} INFO - [2022-02-22 15:50:47,923] {dag.py:2935} INFO - Setting next_dagrun for example_trigger_target_dag to None
[2022-02-22 15:50:47,927] {processor.py:171} INFO - Processing /Users/aleckienzle/Developer/nba-etl/env/lib/python3.8/site-packages/airflow/example_dags/example_trigger_target_dag.py took 0.043 seconds
[2022-02-22 15:51:58,219] {processor.py:163} INFO - Started process (PID=43235) to work on /Users/aleckienzle/Developer/nba-etl/env/lib/python3.8/site-packages/airflow/example_dags/example_trigger_target_dag.py
[2022-02-22 15:51:58,220] {processor.py:642} INFO - Processing file /Users/aleckienzle/Developer/nba-etl/env/lib/python3.8/site-packages/airflow/example_dags/example_trigger_target_dag.py for tasks to queue
[2022-02-22 15:51:58,220] {logging_mixin.py:109} INFO - [2022-02-22 15:51:58,220] {dagbag.py:500} INFO - Filling up the DagBag from /Users/aleckienzle/Developer/nba-etl/env/lib/python3.8/site-packages/airflow/example_dags/example_trigger_target_dag.py
[2022-02-22 15:51:58,243] {processor.py:654} INFO - DAG(s) dict_keys(['example_trigger_target_dag']) retrieved from /Users/aleckienzle/Developer/nba-etl/env/lib/python3.8/site-packages/airflow/example_dags/example_trigger_target_dag.py
[2022-02-22 15:51:58,252] {logging_mixin.py:109} INFO - [2022-02-22 15:51:58,252] {dag.py:2396} INFO - Sync 1 DAGs
[2022-02-22 15:51:58,256] {logging_mixin.py:109} INFO - [2022-02-22 15:51:58,256] {dag.py:2935} INFO - Setting next_dagrun for example_trigger_target_dag to None
[2022-02-22 15:51:58,260] {processor.py:171} INFO - Processing /Users/aleckienzle/Developer/nba-etl/env/lib/python3.8/site-packages/airflow/example_dags/example_trigger_target_dag.py took 0.041 seconds
[2022-02-22 15:53:05,209] {processor.py:163} INFO - Started process (PID=43380) to work on /Users/aleckienzle/Developer/nba-etl/env/lib/python3.8/site-packages/airflow/example_dags/example_trigger_target_dag.py
[2022-02-22 15:53:05,211] {processor.py:642} INFO - Processing file /Users/aleckienzle/Developer/nba-etl/env/lib/python3.8/site-packages/airflow/example_dags/example_trigger_target_dag.py for tasks to queue
[2022-02-22 15:53:05,211] {logging_mixin.py:109} INFO - [2022-02-22 15:53:05,211] {dagbag.py:500} INFO - Filling up the DagBag from /Users/aleckienzle/Developer/nba-etl/env/lib/python3.8/site-packages/airflow/example_dags/example_trigger_target_dag.py
[2022-02-22 15:53:05,243] {processor.py:654} INFO - DAG(s) dict_keys(['example_trigger_target_dag']) retrieved from /Users/aleckienzle/Developer/nba-etl/env/lib/python3.8/site-packages/airflow/example_dags/example_trigger_target_dag.py
[2022-02-22 15:53:05,254] {logging_mixin.py:109} INFO - [2022-02-22 15:53:05,253] {dag.py:2396} INFO - Sync 1 DAGs
[2022-02-22 15:53:05,258] {logging_mixin.py:109} INFO - [2022-02-22 15:53:05,258] {dag.py:2935} INFO - Setting next_dagrun for example_trigger_target_dag to None
[2022-02-22 15:53:05,262] {processor.py:171} INFO - Processing /Users/aleckienzle/Developer/nba-etl/env/lib/python3.8/site-packages/airflow/example_dags/example_trigger_target_dag.py took 0.054 seconds
[2022-02-22 15:54:13,983] {processor.py:163} INFO - Started process (PID=43567) to work on /Users/aleckienzle/Developer/nba-etl/env/lib/python3.8/site-packages/airflow/example_dags/example_trigger_target_dag.py
[2022-02-22 15:54:13,985] {processor.py:642} INFO - Processing file /Users/aleckienzle/Developer/nba-etl/env/lib/python3.8/site-packages/airflow/example_dags/example_trigger_target_dag.py for tasks to queue
[2022-02-22 15:54:13,985] {logging_mixin.py:109} INFO - [2022-02-22 15:54:13,985] {dagbag.py:500} INFO - Filling up the DagBag from /Users/aleckienzle/Developer/nba-etl/env/lib/python3.8/site-packages/airflow/example_dags/example_trigger_target_dag.py
[2022-02-22 15:54:14,029] {processor.py:654} INFO - DAG(s) dict_keys(['example_trigger_target_dag']) retrieved from /Users/aleckienzle/Developer/nba-etl/env/lib/python3.8/site-packages/airflow/example_dags/example_trigger_target_dag.py
[2022-02-22 15:54:14,038] {logging_mixin.py:109} INFO - [2022-02-22 15:54:14,038] {dag.py:2396} INFO - Sync 1 DAGs
[2022-02-22 15:54:14,042] {logging_mixin.py:109} INFO - [2022-02-22 15:54:14,042] {dag.py:2935} INFO - Setting next_dagrun for example_trigger_target_dag to None
[2022-02-22 15:54:14,046] {processor.py:171} INFO - Processing /Users/aleckienzle/Developer/nba-etl/env/lib/python3.8/site-packages/airflow/example_dags/example_trigger_target_dag.py took 0.062 seconds
[2022-02-22 15:55:24,070] {processor.py:163} INFO - Started process (PID=43747) to work on /Users/aleckienzle/Developer/nba-etl/env/lib/python3.8/site-packages/airflow/example_dags/example_trigger_target_dag.py
[2022-02-22 15:55:24,072] {processor.py:642} INFO - Processing file /Users/aleckienzle/Developer/nba-etl/env/lib/python3.8/site-packages/airflow/example_dags/example_trigger_target_dag.py for tasks to queue
[2022-02-22 15:55:24,072] {logging_mixin.py:109} INFO - [2022-02-22 15:55:24,072] {dagbag.py:500} INFO - Filling up the DagBag from /Users/aleckienzle/Developer/nba-etl/env/lib/python3.8/site-packages/airflow/example_dags/example_trigger_target_dag.py
[2022-02-22 15:55:24,096] {processor.py:654} INFO - DAG(s) dict_keys(['example_trigger_target_dag']) retrieved from /Users/aleckienzle/Developer/nba-etl/env/lib/python3.8/site-packages/airflow/example_dags/example_trigger_target_dag.py
[2022-02-22 15:55:24,104] {logging_mixin.py:109} INFO - [2022-02-22 15:55:24,104] {dag.py:2396} INFO - Sync 1 DAGs
[2022-02-22 15:55:24,109] {logging_mixin.py:109} INFO - [2022-02-22 15:55:24,108] {dag.py:2935} INFO - Setting next_dagrun for example_trigger_target_dag to None
[2022-02-22 15:55:24,112] {processor.py:171} INFO - Processing /Users/aleckienzle/Developer/nba-etl/env/lib/python3.8/site-packages/airflow/example_dags/example_trigger_target_dag.py took 0.042 seconds
[2022-02-22 15:56:31,621] {processor.py:163} INFO - Started process (PID=43929) to work on /Users/aleckienzle/Developer/nba-etl/env/lib/python3.8/site-packages/airflow/example_dags/example_trigger_target_dag.py
[2022-02-22 15:56:31,621] {processor.py:642} INFO - Processing file /Users/aleckienzle/Developer/nba-etl/env/lib/python3.8/site-packages/airflow/example_dags/example_trigger_target_dag.py for tasks to queue
[2022-02-22 15:56:31,622] {logging_mixin.py:109} INFO - [2022-02-22 15:56:31,622] {dagbag.py:500} INFO - Filling up the DagBag from /Users/aleckienzle/Developer/nba-etl/env/lib/python3.8/site-packages/airflow/example_dags/example_trigger_target_dag.py
[2022-02-22 15:56:31,647] {processor.py:654} INFO - DAG(s) dict_keys(['example_trigger_target_dag']) retrieved from /Users/aleckienzle/Developer/nba-etl/env/lib/python3.8/site-packages/airflow/example_dags/example_trigger_target_dag.py
[2022-02-22 15:56:31,656] {logging_mixin.py:109} INFO - [2022-02-22 15:56:31,655] {dag.py:2396} INFO - Sync 1 DAGs
[2022-02-22 15:56:31,660] {logging_mixin.py:109} INFO - [2022-02-22 15:56:31,660] {dag.py:2935} INFO - Setting next_dagrun for example_trigger_target_dag to None
[2022-02-22 15:56:31,663] {processor.py:171} INFO - Processing /Users/aleckienzle/Developer/nba-etl/env/lib/python3.8/site-packages/airflow/example_dags/example_trigger_target_dag.py took 0.043 seconds
[2022-02-22 15:57:41,866] {processor.py:163} INFO - Started process (PID=44147) to work on /Users/aleckienzle/Developer/nba-etl/env/lib/python3.8/site-packages/airflow/example_dags/example_trigger_target_dag.py
[2022-02-22 15:57:41,868] {processor.py:642} INFO - Processing file /Users/aleckienzle/Developer/nba-etl/env/lib/python3.8/site-packages/airflow/example_dags/example_trigger_target_dag.py for tasks to queue
[2022-02-22 15:57:41,868] {logging_mixin.py:109} INFO - [2022-02-22 15:57:41,868] {dagbag.py:500} INFO - Filling up the DagBag from /Users/aleckienzle/Developer/nba-etl/env/lib/python3.8/site-packages/airflow/example_dags/example_trigger_target_dag.py
[2022-02-22 15:57:41,892] {processor.py:654} INFO - DAG(s) dict_keys(['example_trigger_target_dag']) retrieved from /Users/aleckienzle/Developer/nba-etl/env/lib/python3.8/site-packages/airflow/example_dags/example_trigger_target_dag.py
[2022-02-22 15:57:41,901] {logging_mixin.py:109} INFO - [2022-02-22 15:57:41,901] {dag.py:2396} INFO - Sync 1 DAGs
[2022-02-22 15:57:41,906] {logging_mixin.py:109} INFO - [2022-02-22 15:57:41,906] {dag.py:2935} INFO - Setting next_dagrun for example_trigger_target_dag to None
[2022-02-22 15:57:41,910] {processor.py:171} INFO - Processing /Users/aleckienzle/Developer/nba-etl/env/lib/python3.8/site-packages/airflow/example_dags/example_trigger_target_dag.py took 0.043 seconds
[2022-02-22 15:58:49,998] {processor.py:163} INFO - Started process (PID=44406) to work on /Users/aleckienzle/Developer/nba-etl/env/lib/python3.8/site-packages/airflow/example_dags/example_trigger_target_dag.py
[2022-02-22 15:58:50,000] {processor.py:642} INFO - Processing file /Users/aleckienzle/Developer/nba-etl/env/lib/python3.8/site-packages/airflow/example_dags/example_trigger_target_dag.py for tasks to queue
[2022-02-22 15:58:50,000] {logging_mixin.py:109} INFO - [2022-02-22 15:58:50,000] {dagbag.py:500} INFO - Filling up the DagBag from /Users/aleckienzle/Developer/nba-etl/env/lib/python3.8/site-packages/airflow/example_dags/example_trigger_target_dag.py
[2022-02-22 15:58:50,023] {processor.py:654} INFO - DAG(s) dict_keys(['example_trigger_target_dag']) retrieved from /Users/aleckienzle/Developer/nba-etl/env/lib/python3.8/site-packages/airflow/example_dags/example_trigger_target_dag.py
[2022-02-22 15:58:50,032] {logging_mixin.py:109} INFO - [2022-02-22 15:58:50,032] {dag.py:2396} INFO - Sync 1 DAGs
[2022-02-22 15:58:50,037] {logging_mixin.py:109} INFO - [2022-02-22 15:58:50,037] {dag.py:2935} INFO - Setting next_dagrun for example_trigger_target_dag to None
[2022-02-22 15:58:50,040] {processor.py:171} INFO - Processing /Users/aleckienzle/Developer/nba-etl/env/lib/python3.8/site-packages/airflow/example_dags/example_trigger_target_dag.py took 0.042 seconds
[2022-02-22 15:59:59,172] {processor.py:163} INFO - Started process (PID=44700) to work on /Users/aleckienzle/Developer/nba-etl/env/lib/python3.8/site-packages/airflow/example_dags/example_trigger_target_dag.py
[2022-02-22 15:59:59,172] {processor.py:642} INFO - Processing file /Users/aleckienzle/Developer/nba-etl/env/lib/python3.8/site-packages/airflow/example_dags/example_trigger_target_dag.py for tasks to queue
[2022-02-22 15:59:59,172] {logging_mixin.py:109} INFO - [2022-02-22 15:59:59,172] {dagbag.py:500} INFO - Filling up the DagBag from /Users/aleckienzle/Developer/nba-etl/env/lib/python3.8/site-packages/airflow/example_dags/example_trigger_target_dag.py
[2022-02-22 15:59:59,201] {processor.py:654} INFO - DAG(s) dict_keys(['example_trigger_target_dag']) retrieved from /Users/aleckienzle/Developer/nba-etl/env/lib/python3.8/site-packages/airflow/example_dags/example_trigger_target_dag.py
[2022-02-22 15:59:59,214] {logging_mixin.py:109} INFO - [2022-02-22 15:59:59,214] {dag.py:2396} INFO - Sync 1 DAGs
[2022-02-22 15:59:59,219] {logging_mixin.py:109} INFO - [2022-02-22 15:59:59,219] {dag.py:2935} INFO - Setting next_dagrun for example_trigger_target_dag to None
[2022-02-22 15:59:59,223] {processor.py:171} INFO - Processing /Users/aleckienzle/Developer/nba-etl/env/lib/python3.8/site-packages/airflow/example_dags/example_trigger_target_dag.py took 0.052 seconds
