[2022-02-22 15:38:02,052] {processor.py:163} INFO - Started process (PID=41016) to work on /Users/aleckienzle/Developer/nba-etl/env/lib/python3.8/site-packages/airflow/example_dags/example_latest_only.py
[2022-02-22 15:38:02,052] {processor.py:642} INFO - Processing file /Users/aleckienzle/Developer/nba-etl/env/lib/python3.8/site-packages/airflow/example_dags/example_latest_only.py for tasks to queue
[2022-02-22 15:38:02,053] {logging_mixin.py:109} INFO - [2022-02-22 15:38:02,053] {dagbag.py:500} INFO - Filling up the DagBag from /Users/aleckienzle/Developer/nba-etl/env/lib/python3.8/site-packages/airflow/example_dags/example_latest_only.py
[2022-02-22 15:38:02,069] {processor.py:654} INFO - DAG(s) dict_keys(['latest_only']) retrieved from /Users/aleckienzle/Developer/nba-etl/env/lib/python3.8/site-packages/airflow/example_dags/example_latest_only.py
[2022-02-22 15:38:02,079] {logging_mixin.py:109} INFO - [2022-02-22 15:38:02,079] {dag.py:2396} INFO - Sync 1 DAGs
[2022-02-22 15:38:02,083] {logging_mixin.py:109} INFO - [2022-02-22 15:38:02,083] {dag.py:2935} INFO - Setting next_dagrun for latest_only to 2022-02-22T19:38:02.083217+00:00
[2022-02-22 15:38:02,086] {processor.py:171} INFO - Processing /Users/aleckienzle/Developer/nba-etl/env/lib/python3.8/site-packages/airflow/example_dags/example_latest_only.py took 0.034 seconds
[2022-02-22 15:39:05,741] {processor.py:163} INFO - Started process (PID=41184) to work on /Users/aleckienzle/Developer/nba-etl/env/lib/python3.8/site-packages/airflow/example_dags/example_latest_only.py
[2022-02-22 15:39:05,741] {processor.py:642} INFO - Processing file /Users/aleckienzle/Developer/nba-etl/env/lib/python3.8/site-packages/airflow/example_dags/example_latest_only.py for tasks to queue
[2022-02-22 15:39:05,741] {logging_mixin.py:109} INFO - [2022-02-22 15:39:05,741] {dagbag.py:500} INFO - Filling up the DagBag from /Users/aleckienzle/Developer/nba-etl/env/lib/python3.8/site-packages/airflow/example_dags/example_latest_only.py
[2022-02-22 15:39:05,756] {processor.py:654} INFO - DAG(s) dict_keys(['latest_only']) retrieved from /Users/aleckienzle/Developer/nba-etl/env/lib/python3.8/site-packages/airflow/example_dags/example_latest_only.py
[2022-02-22 15:39:05,766] {logging_mixin.py:109} INFO - [2022-02-22 15:39:05,766] {dag.py:2396} INFO - Sync 1 DAGs
[2022-02-22 15:39:05,770] {logging_mixin.py:109} INFO - [2022-02-22 15:39:05,770] {dag.py:2935} INFO - Setting next_dagrun for latest_only to 2022-02-22T19:39:05.770202+00:00
[2022-02-22 15:39:05,774] {processor.py:171} INFO - Processing /Users/aleckienzle/Developer/nba-etl/env/lib/python3.8/site-packages/airflow/example_dags/example_latest_only.py took 0.033 seconds
[2022-02-22 15:40:09,500] {processor.py:163} INFO - Started process (PID=41333) to work on /Users/aleckienzle/Developer/nba-etl/env/lib/python3.8/site-packages/airflow/example_dags/example_latest_only.py
[2022-02-22 15:40:09,501] {processor.py:642} INFO - Processing file /Users/aleckienzle/Developer/nba-etl/env/lib/python3.8/site-packages/airflow/example_dags/example_latest_only.py for tasks to queue
[2022-02-22 15:40:09,501] {logging_mixin.py:109} INFO - [2022-02-22 15:40:09,501] {dagbag.py:500} INFO - Filling up the DagBag from /Users/aleckienzle/Developer/nba-etl/env/lib/python3.8/site-packages/airflow/example_dags/example_latest_only.py
[2022-02-22 15:40:09,516] {processor.py:654} INFO - DAG(s) dict_keys(['latest_only']) retrieved from /Users/aleckienzle/Developer/nba-etl/env/lib/python3.8/site-packages/airflow/example_dags/example_latest_only.py
[2022-02-22 15:40:09,525] {logging_mixin.py:109} INFO - [2022-02-22 15:40:09,525] {dag.py:2396} INFO - Sync 1 DAGs
[2022-02-22 15:40:09,530] {logging_mixin.py:109} INFO - [2022-02-22 15:40:09,530] {dag.py:2935} INFO - Setting next_dagrun for latest_only to 2022-02-22T19:40:09.529964+00:00
[2022-02-22 15:40:09,533] {processor.py:171} INFO - Processing /Users/aleckienzle/Developer/nba-etl/env/lib/python3.8/site-packages/airflow/example_dags/example_latest_only.py took 0.033 seconds
[2022-02-22 15:41:13,373] {processor.py:163} INFO - Started process (PID=41476) to work on /Users/aleckienzle/Developer/nba-etl/env/lib/python3.8/site-packages/airflow/example_dags/example_latest_only.py
[2022-02-22 15:41:13,374] {processor.py:642} INFO - Processing file /Users/aleckienzle/Developer/nba-etl/env/lib/python3.8/site-packages/airflow/example_dags/example_latest_only.py for tasks to queue
[2022-02-22 15:41:13,374] {logging_mixin.py:109} INFO - [2022-02-22 15:41:13,374] {dagbag.py:500} INFO - Filling up the DagBag from /Users/aleckienzle/Developer/nba-etl/env/lib/python3.8/site-packages/airflow/example_dags/example_latest_only.py
[2022-02-22 15:41:13,390] {processor.py:654} INFO - DAG(s) dict_keys(['latest_only']) retrieved from /Users/aleckienzle/Developer/nba-etl/env/lib/python3.8/site-packages/airflow/example_dags/example_latest_only.py
[2022-02-22 15:41:13,401] {logging_mixin.py:109} INFO - [2022-02-22 15:41:13,400] {dag.py:2396} INFO - Sync 1 DAGs
[2022-02-22 15:41:13,406] {logging_mixin.py:109} INFO - [2022-02-22 15:41:13,406] {dag.py:2935} INFO - Setting next_dagrun for latest_only to 2022-02-22T19:41:13.405995+00:00
[2022-02-22 15:41:13,410] {processor.py:171} INFO - Processing /Users/aleckienzle/Developer/nba-etl/env/lib/python3.8/site-packages/airflow/example_dags/example_latest_only.py took 0.037 seconds
[2022-02-22 15:42:17,255] {processor.py:163} INFO - Started process (PID=41627) to work on /Users/aleckienzle/Developer/nba-etl/env/lib/python3.8/site-packages/airflow/example_dags/example_latest_only.py
[2022-02-22 15:42:17,257] {processor.py:642} INFO - Processing file /Users/aleckienzle/Developer/nba-etl/env/lib/python3.8/site-packages/airflow/example_dags/example_latest_only.py for tasks to queue
[2022-02-22 15:42:17,257] {logging_mixin.py:109} INFO - [2022-02-22 15:42:17,257] {dagbag.py:500} INFO - Filling up the DagBag from /Users/aleckienzle/Developer/nba-etl/env/lib/python3.8/site-packages/airflow/example_dags/example_latest_only.py
[2022-02-22 15:42:17,272] {processor.py:654} INFO - DAG(s) dict_keys(['latest_only']) retrieved from /Users/aleckienzle/Developer/nba-etl/env/lib/python3.8/site-packages/airflow/example_dags/example_latest_only.py
[2022-02-22 15:42:17,281] {logging_mixin.py:109} INFO - [2022-02-22 15:42:17,281] {dag.py:2396} INFO - Sync 1 DAGs
[2022-02-22 15:42:17,285] {logging_mixin.py:109} INFO - [2022-02-22 15:42:17,285] {dag.py:2935} INFO - Setting next_dagrun for latest_only to 2022-02-22T19:42:17.285758+00:00
[2022-02-22 15:42:17,289] {processor.py:171} INFO - Processing /Users/aleckienzle/Developer/nba-etl/env/lib/python3.8/site-packages/airflow/example_dags/example_latest_only.py took 0.034 seconds
[2022-02-22 15:43:23,567] {processor.py:163} INFO - Started process (PID=41831) to work on /Users/aleckienzle/Developer/nba-etl/env/lib/python3.8/site-packages/airflow/example_dags/example_latest_only.py
[2022-02-22 15:43:23,567] {processor.py:642} INFO - Processing file /Users/aleckienzle/Developer/nba-etl/env/lib/python3.8/site-packages/airflow/example_dags/example_latest_only.py for tasks to queue
[2022-02-22 15:43:23,567] {logging_mixin.py:109} INFO - [2022-02-22 15:43:23,567] {dagbag.py:500} INFO - Filling up the DagBag from /Users/aleckienzle/Developer/nba-etl/env/lib/python3.8/site-packages/airflow/example_dags/example_latest_only.py
[2022-02-22 15:43:23,583] {processor.py:654} INFO - DAG(s) dict_keys(['latest_only']) retrieved from /Users/aleckienzle/Developer/nba-etl/env/lib/python3.8/site-packages/airflow/example_dags/example_latest_only.py
[2022-02-22 15:43:23,592] {logging_mixin.py:109} INFO - [2022-02-22 15:43:23,592] {dag.py:2396} INFO - Sync 1 DAGs
[2022-02-22 15:43:23,596] {logging_mixin.py:109} INFO - [2022-02-22 15:43:23,596] {dag.py:2935} INFO - Setting next_dagrun for latest_only to 2022-02-22T19:43:23.596671+00:00
[2022-02-22 15:43:23,600] {processor.py:171} INFO - Processing /Users/aleckienzle/Developer/nba-etl/env/lib/python3.8/site-packages/airflow/example_dags/example_latest_only.py took 0.033 seconds
[2022-02-22 15:44:29,273] {processor.py:163} INFO - Started process (PID=41978) to work on /Users/aleckienzle/Developer/nba-etl/env/lib/python3.8/site-packages/airflow/example_dags/example_latest_only.py
[2022-02-22 15:44:29,274] {processor.py:642} INFO - Processing file /Users/aleckienzle/Developer/nba-etl/env/lib/python3.8/site-packages/airflow/example_dags/example_latest_only.py for tasks to queue
[2022-02-22 15:44:29,274] {logging_mixin.py:109} INFO - [2022-02-22 15:44:29,274] {dagbag.py:500} INFO - Filling up the DagBag from /Users/aleckienzle/Developer/nba-etl/env/lib/python3.8/site-packages/airflow/example_dags/example_latest_only.py
[2022-02-22 15:44:29,289] {processor.py:654} INFO - DAG(s) dict_keys(['latest_only']) retrieved from /Users/aleckienzle/Developer/nba-etl/env/lib/python3.8/site-packages/airflow/example_dags/example_latest_only.py
[2022-02-22 15:44:29,298] {logging_mixin.py:109} INFO - [2022-02-22 15:44:29,298] {dag.py:2396} INFO - Sync 1 DAGs
[2022-02-22 15:44:29,302] {logging_mixin.py:109} INFO - [2022-02-22 15:44:29,302] {dag.py:2935} INFO - Setting next_dagrun for latest_only to 2022-02-22T19:44:29.302802+00:00
[2022-02-22 15:44:29,324] {processor.py:171} INFO - Processing /Users/aleckienzle/Developer/nba-etl/env/lib/python3.8/site-packages/airflow/example_dags/example_latest_only.py took 0.050 seconds
[2022-02-22 15:45:35,240] {processor.py:163} INFO - Started process (PID=42118) to work on /Users/aleckienzle/Developer/nba-etl/env/lib/python3.8/site-packages/airflow/example_dags/example_latest_only.py
[2022-02-22 15:45:35,240] {processor.py:642} INFO - Processing file /Users/aleckienzle/Developer/nba-etl/env/lib/python3.8/site-packages/airflow/example_dags/example_latest_only.py for tasks to queue
[2022-02-22 15:45:35,240] {logging_mixin.py:109} INFO - [2022-02-22 15:45:35,240] {dagbag.py:500} INFO - Filling up the DagBag from /Users/aleckienzle/Developer/nba-etl/env/lib/python3.8/site-packages/airflow/example_dags/example_latest_only.py
[2022-02-22 15:45:35,255] {processor.py:654} INFO - DAG(s) dict_keys(['latest_only']) retrieved from /Users/aleckienzle/Developer/nba-etl/env/lib/python3.8/site-packages/airflow/example_dags/example_latest_only.py
[2022-02-22 15:45:35,264] {logging_mixin.py:109} INFO - [2022-02-22 15:45:35,264] {dag.py:2396} INFO - Sync 1 DAGs
[2022-02-22 15:45:35,269] {logging_mixin.py:109} INFO - [2022-02-22 15:45:35,269] {dag.py:2935} INFO - Setting next_dagrun for latest_only to 2022-02-22T19:45:35.268936+00:00
[2022-02-22 15:45:35,272] {processor.py:171} INFO - Processing /Users/aleckienzle/Developer/nba-etl/env/lib/python3.8/site-packages/airflow/example_dags/example_latest_only.py took 0.033 seconds
[2022-02-22 15:46:41,033] {processor.py:163} INFO - Started process (PID=42349) to work on /Users/aleckienzle/Developer/nba-etl/env/lib/python3.8/site-packages/airflow/example_dags/example_latest_only.py
[2022-02-22 15:46:41,033] {processor.py:642} INFO - Processing file /Users/aleckienzle/Developer/nba-etl/env/lib/python3.8/site-packages/airflow/example_dags/example_latest_only.py for tasks to queue
[2022-02-22 15:46:41,034] {logging_mixin.py:109} INFO - [2022-02-22 15:46:41,034] {dagbag.py:500} INFO - Filling up the DagBag from /Users/aleckienzle/Developer/nba-etl/env/lib/python3.8/site-packages/airflow/example_dags/example_latest_only.py
[2022-02-22 15:46:41,049] {processor.py:654} INFO - DAG(s) dict_keys(['latest_only']) retrieved from /Users/aleckienzle/Developer/nba-etl/env/lib/python3.8/site-packages/airflow/example_dags/example_latest_only.py
[2022-02-22 15:46:41,059] {logging_mixin.py:109} INFO - [2022-02-22 15:46:41,059] {dag.py:2396} INFO - Sync 1 DAGs
[2022-02-22 15:46:41,063] {logging_mixin.py:109} INFO - [2022-02-22 15:46:41,063] {dag.py:2935} INFO - Setting next_dagrun for latest_only to 2022-02-22T19:46:41.063515+00:00
[2022-02-22 15:46:41,067] {processor.py:171} INFO - Processing /Users/aleckienzle/Developer/nba-etl/env/lib/python3.8/site-packages/airflow/example_dags/example_latest_only.py took 0.034 seconds
[2022-02-22 15:47:52,823] {processor.py:163} INFO - Started process (PID=42596) to work on /Users/aleckienzle/Developer/nba-etl/env/lib/python3.8/site-packages/airflow/example_dags/example_latest_only.py
[2022-02-22 15:47:52,823] {processor.py:642} INFO - Processing file /Users/aleckienzle/Developer/nba-etl/env/lib/python3.8/site-packages/airflow/example_dags/example_latest_only.py for tasks to queue
[2022-02-22 15:47:52,824] {logging_mixin.py:109} INFO - [2022-02-22 15:47:52,824] {dagbag.py:500} INFO - Filling up the DagBag from /Users/aleckienzle/Developer/nba-etl/env/lib/python3.8/site-packages/airflow/example_dags/example_latest_only.py
[2022-02-22 15:47:52,838] {processor.py:654} INFO - DAG(s) dict_keys(['latest_only']) retrieved from /Users/aleckienzle/Developer/nba-etl/env/lib/python3.8/site-packages/airflow/example_dags/example_latest_only.py
[2022-02-22 15:47:52,848] {logging_mixin.py:109} INFO - [2022-02-22 15:47:52,848] {dag.py:2396} INFO - Sync 1 DAGs
[2022-02-22 15:47:52,852] {logging_mixin.py:109} INFO - [2022-02-22 15:47:52,852] {dag.py:2935} INFO - Setting next_dagrun for latest_only to 2022-02-22T19:47:52.852611+00:00
[2022-02-22 15:47:52,856] {processor.py:171} INFO - Processing /Users/aleckienzle/Developer/nba-etl/env/lib/python3.8/site-packages/airflow/example_dags/example_latest_only.py took 0.033 seconds
[2022-02-22 15:49:00,904] {processor.py:163} INFO - Started process (PID=42778) to work on /Users/aleckienzle/Developer/nba-etl/env/lib/python3.8/site-packages/airflow/example_dags/example_latest_only.py
[2022-02-22 15:49:00,905] {processor.py:642} INFO - Processing file /Users/aleckienzle/Developer/nba-etl/env/lib/python3.8/site-packages/airflow/example_dags/example_latest_only.py for tasks to queue
[2022-02-22 15:49:00,906] {logging_mixin.py:109} INFO - [2022-02-22 15:49:00,906] {dagbag.py:500} INFO - Filling up the DagBag from /Users/aleckienzle/Developer/nba-etl/env/lib/python3.8/site-packages/airflow/example_dags/example_latest_only.py
[2022-02-22 15:49:00,922] {processor.py:654} INFO - DAG(s) dict_keys(['latest_only']) retrieved from /Users/aleckienzle/Developer/nba-etl/env/lib/python3.8/site-packages/airflow/example_dags/example_latest_only.py
[2022-02-22 15:49:00,933] {logging_mixin.py:109} INFO - [2022-02-22 15:49:00,933] {dag.py:2396} INFO - Sync 1 DAGs
[2022-02-22 15:49:00,939] {logging_mixin.py:109} INFO - [2022-02-22 15:49:00,939] {dag.py:2935} INFO - Setting next_dagrun for latest_only to 2022-02-22T19:49:00.939113+00:00
[2022-02-22 15:49:00,944] {processor.py:171} INFO - Processing /Users/aleckienzle/Developer/nba-etl/env/lib/python3.8/site-packages/airflow/example_dags/example_latest_only.py took 0.040 seconds
[2022-02-22 15:50:08,969] {processor.py:163} INFO - Started process (PID=42953) to work on /Users/aleckienzle/Developer/nba-etl/env/lib/python3.8/site-packages/airflow/example_dags/example_latest_only.py
[2022-02-22 15:50:08,969] {processor.py:642} INFO - Processing file /Users/aleckienzle/Developer/nba-etl/env/lib/python3.8/site-packages/airflow/example_dags/example_latest_only.py for tasks to queue
[2022-02-22 15:50:08,969] {logging_mixin.py:109} INFO - [2022-02-22 15:50:08,969] {dagbag.py:500} INFO - Filling up the DagBag from /Users/aleckienzle/Developer/nba-etl/env/lib/python3.8/site-packages/airflow/example_dags/example_latest_only.py
[2022-02-22 15:50:08,984] {processor.py:654} INFO - DAG(s) dict_keys(['latest_only']) retrieved from /Users/aleckienzle/Developer/nba-etl/env/lib/python3.8/site-packages/airflow/example_dags/example_latest_only.py
[2022-02-22 15:50:08,993] {logging_mixin.py:109} INFO - [2022-02-22 15:50:08,993] {dag.py:2396} INFO - Sync 1 DAGs
[2022-02-22 15:50:08,997] {logging_mixin.py:109} INFO - [2022-02-22 15:50:08,997] {dag.py:2935} INFO - Setting next_dagrun for latest_only to 2022-02-22T19:50:08.997820+00:00
[2022-02-22 15:50:09,001] {processor.py:171} INFO - Processing /Users/aleckienzle/Developer/nba-etl/env/lib/python3.8/site-packages/airflow/example_dags/example_latest_only.py took 0.032 seconds
[2022-02-22 15:51:18,782] {processor.py:163} INFO - Started process (PID=43138) to work on /Users/aleckienzle/Developer/nba-etl/env/lib/python3.8/site-packages/airflow/example_dags/example_latest_only.py
[2022-02-22 15:51:18,782] {processor.py:642} INFO - Processing file /Users/aleckienzle/Developer/nba-etl/env/lib/python3.8/site-packages/airflow/example_dags/example_latest_only.py for tasks to queue
[2022-02-22 15:51:18,782] {logging_mixin.py:109} INFO - [2022-02-22 15:51:18,782] {dagbag.py:500} INFO - Filling up the DagBag from /Users/aleckienzle/Developer/nba-etl/env/lib/python3.8/site-packages/airflow/example_dags/example_latest_only.py
[2022-02-22 15:51:18,798] {processor.py:654} INFO - DAG(s) dict_keys(['latest_only']) retrieved from /Users/aleckienzle/Developer/nba-etl/env/lib/python3.8/site-packages/airflow/example_dags/example_latest_only.py
[2022-02-22 15:51:18,809] {logging_mixin.py:109} INFO - [2022-02-22 15:51:18,809] {dag.py:2396} INFO - Sync 1 DAGs
[2022-02-22 15:51:18,814] {logging_mixin.py:109} INFO - [2022-02-22 15:51:18,814] {dag.py:2935} INFO - Setting next_dagrun for latest_only to 2022-02-22T19:51:18.814508+00:00
[2022-02-22 15:51:18,818] {processor.py:171} INFO - Processing /Users/aleckienzle/Developer/nba-etl/env/lib/python3.8/site-packages/airflow/example_dags/example_latest_only.py took 0.037 seconds
[2022-02-22 15:52:28,620] {processor.py:163} INFO - Started process (PID=43309) to work on /Users/aleckienzle/Developer/nba-etl/env/lib/python3.8/site-packages/airflow/example_dags/example_latest_only.py
[2022-02-22 15:52:28,620] {processor.py:642} INFO - Processing file /Users/aleckienzle/Developer/nba-etl/env/lib/python3.8/site-packages/airflow/example_dags/example_latest_only.py for tasks to queue
[2022-02-22 15:52:28,620] {logging_mixin.py:109} INFO - [2022-02-22 15:52:28,620] {dagbag.py:500} INFO - Filling up the DagBag from /Users/aleckienzle/Developer/nba-etl/env/lib/python3.8/site-packages/airflow/example_dags/example_latest_only.py
[2022-02-22 15:52:28,636] {processor.py:654} INFO - DAG(s) dict_keys(['latest_only']) retrieved from /Users/aleckienzle/Developer/nba-etl/env/lib/python3.8/site-packages/airflow/example_dags/example_latest_only.py
[2022-02-22 15:52:28,646] {logging_mixin.py:109} INFO - [2022-02-22 15:52:28,646] {dag.py:2396} INFO - Sync 1 DAGs
[2022-02-22 15:52:28,650] {logging_mixin.py:109} INFO - [2022-02-22 15:52:28,650] {dag.py:2935} INFO - Setting next_dagrun for latest_only to 2022-02-22T19:52:28.650831+00:00
[2022-02-22 15:52:28,654] {processor.py:171} INFO - Processing /Users/aleckienzle/Developer/nba-etl/env/lib/python3.8/site-packages/airflow/example_dags/example_latest_only.py took 0.035 seconds
[2022-02-22 15:53:36,543] {processor.py:163} INFO - Started process (PID=43459) to work on /Users/aleckienzle/Developer/nba-etl/env/lib/python3.8/site-packages/airflow/example_dags/example_latest_only.py
[2022-02-22 15:53:36,544] {processor.py:642} INFO - Processing file /Users/aleckienzle/Developer/nba-etl/env/lib/python3.8/site-packages/airflow/example_dags/example_latest_only.py for tasks to queue
[2022-02-22 15:53:36,544] {logging_mixin.py:109} INFO - [2022-02-22 15:53:36,544] {dagbag.py:500} INFO - Filling up the DagBag from /Users/aleckienzle/Developer/nba-etl/env/lib/python3.8/site-packages/airflow/example_dags/example_latest_only.py
[2022-02-22 15:53:36,560] {processor.py:654} INFO - DAG(s) dict_keys(['latest_only']) retrieved from /Users/aleckienzle/Developer/nba-etl/env/lib/python3.8/site-packages/airflow/example_dags/example_latest_only.py
[2022-02-22 15:53:36,572] {logging_mixin.py:109} INFO - [2022-02-22 15:53:36,571] {dag.py:2396} INFO - Sync 1 DAGs
[2022-02-22 15:53:36,576] {logging_mixin.py:109} INFO - [2022-02-22 15:53:36,576] {dag.py:2935} INFO - Setting next_dagrun for latest_only to 2022-02-22T19:53:36.576472+00:00
[2022-02-22 15:53:36,580] {processor.py:171} INFO - Processing /Users/aleckienzle/Developer/nba-etl/env/lib/python3.8/site-packages/airflow/example_dags/example_latest_only.py took 0.037 seconds
[2022-02-22 15:54:44,903] {processor.py:163} INFO - Started process (PID=43635) to work on /Users/aleckienzle/Developer/nba-etl/env/lib/python3.8/site-packages/airflow/example_dags/example_latest_only.py
[2022-02-22 15:54:44,903] {processor.py:642} INFO - Processing file /Users/aleckienzle/Developer/nba-etl/env/lib/python3.8/site-packages/airflow/example_dags/example_latest_only.py for tasks to queue
[2022-02-22 15:54:44,903] {logging_mixin.py:109} INFO - [2022-02-22 15:54:44,903] {dagbag.py:500} INFO - Filling up the DagBag from /Users/aleckienzle/Developer/nba-etl/env/lib/python3.8/site-packages/airflow/example_dags/example_latest_only.py
[2022-02-22 15:54:44,918] {processor.py:654} INFO - DAG(s) dict_keys(['latest_only']) retrieved from /Users/aleckienzle/Developer/nba-etl/env/lib/python3.8/site-packages/airflow/example_dags/example_latest_only.py
[2022-02-22 15:54:44,927] {logging_mixin.py:109} INFO - [2022-02-22 15:54:44,927] {dag.py:2396} INFO - Sync 1 DAGs
[2022-02-22 15:54:44,931] {logging_mixin.py:109} INFO - [2022-02-22 15:54:44,931] {dag.py:2935} INFO - Setting next_dagrun for latest_only to 2022-02-22T19:54:44.931855+00:00
[2022-02-22 15:54:44,935] {processor.py:171} INFO - Processing /Users/aleckienzle/Developer/nba-etl/env/lib/python3.8/site-packages/airflow/example_dags/example_latest_only.py took 0.032 seconds
[2022-02-22 15:55:54,951] {processor.py:163} INFO - Started process (PID=43846) to work on /Users/aleckienzle/Developer/nba-etl/env/lib/python3.8/site-packages/airflow/example_dags/example_latest_only.py
[2022-02-22 15:55:54,952] {processor.py:642} INFO - Processing file /Users/aleckienzle/Developer/nba-etl/env/lib/python3.8/site-packages/airflow/example_dags/example_latest_only.py for tasks to queue
[2022-02-22 15:55:54,952] {logging_mixin.py:109} INFO - [2022-02-22 15:55:54,952] {dagbag.py:500} INFO - Filling up the DagBag from /Users/aleckienzle/Developer/nba-etl/env/lib/python3.8/site-packages/airflow/example_dags/example_latest_only.py
[2022-02-22 15:55:54,967] {processor.py:654} INFO - DAG(s) dict_keys(['latest_only']) retrieved from /Users/aleckienzle/Developer/nba-etl/env/lib/python3.8/site-packages/airflow/example_dags/example_latest_only.py
[2022-02-22 15:55:54,976] {logging_mixin.py:109} INFO - [2022-02-22 15:55:54,976] {dag.py:2396} INFO - Sync 1 DAGs
[2022-02-22 15:55:54,980] {logging_mixin.py:109} INFO - [2022-02-22 15:55:54,980] {dag.py:2935} INFO - Setting next_dagrun for latest_only to 2022-02-22T19:55:54.980339+00:00
[2022-02-22 15:55:54,983] {processor.py:171} INFO - Processing /Users/aleckienzle/Developer/nba-etl/env/lib/python3.8/site-packages/airflow/example_dags/example_latest_only.py took 0.033 seconds
[2022-02-22 15:57:02,544] {processor.py:163} INFO - Started process (PID=43995) to work on /Users/aleckienzle/Developer/nba-etl/env/lib/python3.8/site-packages/airflow/example_dags/example_latest_only.py
[2022-02-22 15:57:02,545] {processor.py:642} INFO - Processing file /Users/aleckienzle/Developer/nba-etl/env/lib/python3.8/site-packages/airflow/example_dags/example_latest_only.py for tasks to queue
[2022-02-22 15:57:02,545] {logging_mixin.py:109} INFO - [2022-02-22 15:57:02,545] {dagbag.py:500} INFO - Filling up the DagBag from /Users/aleckienzle/Developer/nba-etl/env/lib/python3.8/site-packages/airflow/example_dags/example_latest_only.py
[2022-02-22 15:57:02,560] {processor.py:654} INFO - DAG(s) dict_keys(['latest_only']) retrieved from /Users/aleckienzle/Developer/nba-etl/env/lib/python3.8/site-packages/airflow/example_dags/example_latest_only.py
[2022-02-22 15:57:02,569] {logging_mixin.py:109} INFO - [2022-02-22 15:57:02,569] {dag.py:2396} INFO - Sync 1 DAGs
[2022-02-22 15:57:02,573] {logging_mixin.py:109} INFO - [2022-02-22 15:57:02,573] {dag.py:2935} INFO - Setting next_dagrun for latest_only to 2022-02-22T19:57:02.573671+00:00
[2022-02-22 15:57:02,577] {processor.py:171} INFO - Processing /Users/aleckienzle/Developer/nba-etl/env/lib/python3.8/site-packages/airflow/example_dags/example_latest_only.py took 0.033 seconds
[2022-02-22 15:58:13,234] {processor.py:163} INFO - Started process (PID=44277) to work on /Users/aleckienzle/Developer/nba-etl/env/lib/python3.8/site-packages/airflow/example_dags/example_latest_only.py
[2022-02-22 15:58:13,235] {processor.py:642} INFO - Processing file /Users/aleckienzle/Developer/nba-etl/env/lib/python3.8/site-packages/airflow/example_dags/example_latest_only.py for tasks to queue
[2022-02-22 15:58:13,235] {logging_mixin.py:109} INFO - [2022-02-22 15:58:13,235] {dagbag.py:500} INFO - Filling up the DagBag from /Users/aleckienzle/Developer/nba-etl/env/lib/python3.8/site-packages/airflow/example_dags/example_latest_only.py
[2022-02-22 15:58:13,250] {processor.py:654} INFO - DAG(s) dict_keys(['latest_only']) retrieved from /Users/aleckienzle/Developer/nba-etl/env/lib/python3.8/site-packages/airflow/example_dags/example_latest_only.py
[2022-02-22 15:58:13,261] {logging_mixin.py:109} INFO - [2022-02-22 15:58:13,261] {dag.py:2396} INFO - Sync 1 DAGs
[2022-02-22 15:58:13,266] {logging_mixin.py:109} INFO - [2022-02-22 15:58:13,266] {dag.py:2935} INFO - Setting next_dagrun for latest_only to 2022-02-22T19:58:13.266272+00:00
[2022-02-22 15:58:13,270] {processor.py:171} INFO - Processing /Users/aleckienzle/Developer/nba-etl/env/lib/python3.8/site-packages/airflow/example_dags/example_latest_only.py took 0.036 seconds
[2022-02-22 15:59:18,688] {processor.py:163} INFO - Started process (PID=44499) to work on /Users/aleckienzle/Developer/nba-etl/env/lib/python3.8/site-packages/airflow/example_dags/example_latest_only.py
[2022-02-22 15:59:18,689] {processor.py:642} INFO - Processing file /Users/aleckienzle/Developer/nba-etl/env/lib/python3.8/site-packages/airflow/example_dags/example_latest_only.py for tasks to queue
[2022-02-22 15:59:18,689] {logging_mixin.py:109} INFO - [2022-02-22 15:59:18,689] {dagbag.py:500} INFO - Filling up the DagBag from /Users/aleckienzle/Developer/nba-etl/env/lib/python3.8/site-packages/airflow/example_dags/example_latest_only.py
[2022-02-22 15:59:18,707] {processor.py:654} INFO - DAG(s) dict_keys(['latest_only']) retrieved from /Users/aleckienzle/Developer/nba-etl/env/lib/python3.8/site-packages/airflow/example_dags/example_latest_only.py
[2022-02-22 15:59:18,719] {logging_mixin.py:109} INFO - [2022-02-22 15:59:18,719] {dag.py:2396} INFO - Sync 1 DAGs
[2022-02-22 15:59:18,725] {logging_mixin.py:109} INFO - [2022-02-22 15:59:18,724] {dag.py:2935} INFO - Setting next_dagrun for latest_only to 2022-02-22T19:59:18.724794+00:00
[2022-02-22 15:59:18,729] {processor.py:171} INFO - Processing /Users/aleckienzle/Developer/nba-etl/env/lib/python3.8/site-packages/airflow/example_dags/example_latest_only.py took 0.041 seconds
