[2022-02-22 15:38:05,873] {processor.py:163} INFO - Started process (PID=41028) to work on /Users/aleckienzle/Developer/nba-etl/env/lib/python3.8/site-packages/airflow/example_dags/example_external_task_marker_dag.py
[2022-02-22 15:38:05,874] {processor.py:642} INFO - Processing file /Users/aleckienzle/Developer/nba-etl/env/lib/python3.8/site-packages/airflow/example_dags/example_external_task_marker_dag.py for tasks to queue
[2022-02-22 15:38:05,874] {logging_mixin.py:109} INFO - [2022-02-22 15:38:05,874] {dagbag.py:500} INFO - Filling up the DagBag from /Users/aleckienzle/Developer/nba-etl/env/lib/python3.8/site-packages/airflow/example_dags/example_external_task_marker_dag.py
[2022-02-22 15:38:05,889] {processor.py:654} INFO - DAG(s) dict_keys(['example_external_task_marker_parent', 'example_external_task_marker_child']) retrieved from /Users/aleckienzle/Developer/nba-etl/env/lib/python3.8/site-packages/airflow/example_dags/example_external_task_marker_dag.py
[2022-02-22 15:38:05,899] {logging_mixin.py:109} INFO - [2022-02-22 15:38:05,899] {dag.py:2396} INFO - Sync 2 DAGs
[2022-02-22 15:38:05,904] {logging_mixin.py:109} INFO - [2022-02-22 15:38:05,904] {dag.py:2935} INFO - Setting next_dagrun for example_external_task_marker_child to None
[2022-02-22 15:38:05,904] {logging_mixin.py:109} INFO - [2022-02-22 15:38:05,904] {dag.py:2935} INFO - Setting next_dagrun for example_external_task_marker_parent to None
[2022-02-22 15:38:05,907] {processor.py:171} INFO - Processing /Users/aleckienzle/Developer/nba-etl/env/lib/python3.8/site-packages/airflow/example_dags/example_external_task_marker_dag.py took 0.034 seconds
[2022-02-22 15:39:09,580] {processor.py:163} INFO - Started process (PID=41190) to work on /Users/aleckienzle/Developer/nba-etl/env/lib/python3.8/site-packages/airflow/example_dags/example_external_task_marker_dag.py
[2022-02-22 15:39:09,581] {processor.py:642} INFO - Processing file /Users/aleckienzle/Developer/nba-etl/env/lib/python3.8/site-packages/airflow/example_dags/example_external_task_marker_dag.py for tasks to queue
[2022-02-22 15:39:09,581] {logging_mixin.py:109} INFO - [2022-02-22 15:39:09,581] {dagbag.py:500} INFO - Filling up the DagBag from /Users/aleckienzle/Developer/nba-etl/env/lib/python3.8/site-packages/airflow/example_dags/example_external_task_marker_dag.py
[2022-02-22 15:39:09,596] {processor.py:654} INFO - DAG(s) dict_keys(['example_external_task_marker_parent', 'example_external_task_marker_child']) retrieved from /Users/aleckienzle/Developer/nba-etl/env/lib/python3.8/site-packages/airflow/example_dags/example_external_task_marker_dag.py
[2022-02-22 15:39:09,606] {logging_mixin.py:109} INFO - [2022-02-22 15:39:09,606] {dag.py:2396} INFO - Sync 2 DAGs
[2022-02-22 15:39:09,610] {logging_mixin.py:109} INFO - [2022-02-22 15:39:09,610] {dag.py:2935} INFO - Setting next_dagrun for example_external_task_marker_child to None
[2022-02-22 15:39:09,610] {logging_mixin.py:109} INFO - [2022-02-22 15:39:09,610] {dag.py:2935} INFO - Setting next_dagrun for example_external_task_marker_parent to None
[2022-02-22 15:39:09,614] {processor.py:171} INFO - Processing /Users/aleckienzle/Developer/nba-etl/env/lib/python3.8/site-packages/airflow/example_dags/example_external_task_marker_dag.py took 0.034 seconds
[2022-02-22 15:40:13,304] {processor.py:163} INFO - Started process (PID=41340) to work on /Users/aleckienzle/Developer/nba-etl/env/lib/python3.8/site-packages/airflow/example_dags/example_external_task_marker_dag.py
[2022-02-22 15:40:13,304] {processor.py:642} INFO - Processing file /Users/aleckienzle/Developer/nba-etl/env/lib/python3.8/site-packages/airflow/example_dags/example_external_task_marker_dag.py for tasks to queue
[2022-02-22 15:40:13,305] {logging_mixin.py:109} INFO - [2022-02-22 15:40:13,305] {dagbag.py:500} INFO - Filling up the DagBag from /Users/aleckienzle/Developer/nba-etl/env/lib/python3.8/site-packages/airflow/example_dags/example_external_task_marker_dag.py
[2022-02-22 15:40:13,320] {processor.py:654} INFO - DAG(s) dict_keys(['example_external_task_marker_parent', 'example_external_task_marker_child']) retrieved from /Users/aleckienzle/Developer/nba-etl/env/lib/python3.8/site-packages/airflow/example_dags/example_external_task_marker_dag.py
[2022-02-22 15:40:13,330] {logging_mixin.py:109} INFO - [2022-02-22 15:40:13,330] {dag.py:2396} INFO - Sync 2 DAGs
[2022-02-22 15:40:13,334] {logging_mixin.py:109} INFO - [2022-02-22 15:40:13,334] {dag.py:2935} INFO - Setting next_dagrun for example_external_task_marker_child to None
[2022-02-22 15:40:13,334] {logging_mixin.py:109} INFO - [2022-02-22 15:40:13,334] {dag.py:2935} INFO - Setting next_dagrun for example_external_task_marker_parent to None
[2022-02-22 15:40:13,338] {processor.py:171} INFO - Processing /Users/aleckienzle/Developer/nba-etl/env/lib/python3.8/site-packages/airflow/example_dags/example_external_task_marker_dag.py took 0.034 seconds
[2022-02-22 15:41:17,180] {processor.py:163} INFO - Started process (PID=41490) to work on /Users/aleckienzle/Developer/nba-etl/env/lib/python3.8/site-packages/airflow/example_dags/example_external_task_marker_dag.py
[2022-02-22 15:41:17,181] {processor.py:642} INFO - Processing file /Users/aleckienzle/Developer/nba-etl/env/lib/python3.8/site-packages/airflow/example_dags/example_external_task_marker_dag.py for tasks to queue
[2022-02-22 15:41:17,181] {logging_mixin.py:109} INFO - [2022-02-22 15:41:17,181] {dagbag.py:500} INFO - Filling up the DagBag from /Users/aleckienzle/Developer/nba-etl/env/lib/python3.8/site-packages/airflow/example_dags/example_external_task_marker_dag.py
[2022-02-22 15:41:17,202] {processor.py:654} INFO - DAG(s) dict_keys(['example_external_task_marker_parent', 'example_external_task_marker_child']) retrieved from /Users/aleckienzle/Developer/nba-etl/env/lib/python3.8/site-packages/airflow/example_dags/example_external_task_marker_dag.py
[2022-02-22 15:41:17,212] {logging_mixin.py:109} INFO - [2022-02-22 15:41:17,212] {dag.py:2396} INFO - Sync 2 DAGs
[2022-02-22 15:41:17,217] {logging_mixin.py:109} INFO - [2022-02-22 15:41:17,217] {dag.py:2935} INFO - Setting next_dagrun for example_external_task_marker_child to None
[2022-02-22 15:41:17,217] {logging_mixin.py:109} INFO - [2022-02-22 15:41:17,217] {dag.py:2935} INFO - Setting next_dagrun for example_external_task_marker_parent to None
[2022-02-22 15:41:17,220] {processor.py:171} INFO - Processing /Users/aleckienzle/Developer/nba-etl/env/lib/python3.8/site-packages/airflow/example_dags/example_external_task_marker_dag.py took 0.040 seconds
[2022-02-22 15:42:21,341] {processor.py:163} INFO - Started process (PID=41631) to work on /Users/aleckienzle/Developer/nba-etl/env/lib/python3.8/site-packages/airflow/example_dags/example_external_task_marker_dag.py
[2022-02-22 15:42:21,342] {processor.py:642} INFO - Processing file /Users/aleckienzle/Developer/nba-etl/env/lib/python3.8/site-packages/airflow/example_dags/example_external_task_marker_dag.py for tasks to queue
[2022-02-22 15:42:21,342] {logging_mixin.py:109} INFO - [2022-02-22 15:42:21,342] {dagbag.py:500} INFO - Filling up the DagBag from /Users/aleckienzle/Developer/nba-etl/env/lib/python3.8/site-packages/airflow/example_dags/example_external_task_marker_dag.py
[2022-02-22 15:42:21,357] {processor.py:654} INFO - DAG(s) dict_keys(['example_external_task_marker_parent', 'example_external_task_marker_child']) retrieved from /Users/aleckienzle/Developer/nba-etl/env/lib/python3.8/site-packages/airflow/example_dags/example_external_task_marker_dag.py
[2022-02-22 15:42:21,367] {logging_mixin.py:109} INFO - [2022-02-22 15:42:21,367] {dag.py:2396} INFO - Sync 2 DAGs
[2022-02-22 15:42:21,372] {logging_mixin.py:109} INFO - [2022-02-22 15:42:21,372] {dag.py:2935} INFO - Setting next_dagrun for example_external_task_marker_child to None
[2022-02-22 15:42:21,372] {logging_mixin.py:109} INFO - [2022-02-22 15:42:21,372] {dag.py:2935} INFO - Setting next_dagrun for example_external_task_marker_parent to None
[2022-02-22 15:42:21,375] {processor.py:171} INFO - Processing /Users/aleckienzle/Developer/nba-etl/env/lib/python3.8/site-packages/airflow/example_dags/example_external_task_marker_dag.py took 0.034 seconds
[2022-02-22 15:43:27,384] {processor.py:163} INFO - Started process (PID=41845) to work on /Users/aleckienzle/Developer/nba-etl/env/lib/python3.8/site-packages/airflow/example_dags/example_external_task_marker_dag.py
[2022-02-22 15:43:27,384] {processor.py:642} INFO - Processing file /Users/aleckienzle/Developer/nba-etl/env/lib/python3.8/site-packages/airflow/example_dags/example_external_task_marker_dag.py for tasks to queue
[2022-02-22 15:43:27,385] {logging_mixin.py:109} INFO - [2022-02-22 15:43:27,384] {dagbag.py:500} INFO - Filling up the DagBag from /Users/aleckienzle/Developer/nba-etl/env/lib/python3.8/site-packages/airflow/example_dags/example_external_task_marker_dag.py
[2022-02-22 15:43:27,400] {processor.py:654} INFO - DAG(s) dict_keys(['example_external_task_marker_parent', 'example_external_task_marker_child']) retrieved from /Users/aleckienzle/Developer/nba-etl/env/lib/python3.8/site-packages/airflow/example_dags/example_external_task_marker_dag.py
[2022-02-22 15:43:27,410] {logging_mixin.py:109} INFO - [2022-02-22 15:43:27,410] {dag.py:2396} INFO - Sync 2 DAGs
[2022-02-22 15:43:27,415] {logging_mixin.py:109} INFO - [2022-02-22 15:43:27,415] {dag.py:2935} INFO - Setting next_dagrun for example_external_task_marker_child to None
[2022-02-22 15:43:27,415] {logging_mixin.py:109} INFO - [2022-02-22 15:43:27,415] {dag.py:2935} INFO - Setting next_dagrun for example_external_task_marker_parent to None
[2022-02-22 15:43:27,418] {processor.py:171} INFO - Processing /Users/aleckienzle/Developer/nba-etl/env/lib/python3.8/site-packages/airflow/example_dags/example_external_task_marker_dag.py took 0.035 seconds
[2022-02-22 15:44:33,156] {processor.py:163} INFO - Started process (PID=41983) to work on /Users/aleckienzle/Developer/nba-etl/env/lib/python3.8/site-packages/airflow/example_dags/example_external_task_marker_dag.py
[2022-02-22 15:44:33,158] {processor.py:642} INFO - Processing file /Users/aleckienzle/Developer/nba-etl/env/lib/python3.8/site-packages/airflow/example_dags/example_external_task_marker_dag.py for tasks to queue
[2022-02-22 15:44:33,158] {logging_mixin.py:109} INFO - [2022-02-22 15:44:33,158] {dagbag.py:500} INFO - Filling up the DagBag from /Users/aleckienzle/Developer/nba-etl/env/lib/python3.8/site-packages/airflow/example_dags/example_external_task_marker_dag.py
[2022-02-22 15:44:33,173] {processor.py:654} INFO - DAG(s) dict_keys(['example_external_task_marker_parent', 'example_external_task_marker_child']) retrieved from /Users/aleckienzle/Developer/nba-etl/env/lib/python3.8/site-packages/airflow/example_dags/example_external_task_marker_dag.py
[2022-02-22 15:44:33,184] {logging_mixin.py:109} INFO - [2022-02-22 15:44:33,184] {dag.py:2396} INFO - Sync 2 DAGs
[2022-02-22 15:44:33,188] {logging_mixin.py:109} INFO - [2022-02-22 15:44:33,188] {dag.py:2935} INFO - Setting next_dagrun for example_external_task_marker_child to None
[2022-02-22 15:44:33,188] {logging_mixin.py:109} INFO - [2022-02-22 15:44:33,188] {dag.py:2935} INFO - Setting next_dagrun for example_external_task_marker_parent to None
[2022-02-22 15:44:33,191] {processor.py:171} INFO - Processing /Users/aleckienzle/Developer/nba-etl/env/lib/python3.8/site-packages/airflow/example_dags/example_external_task_marker_dag.py took 0.035 seconds
[2022-02-22 15:45:38,996] {processor.py:163} INFO - Started process (PID=42132) to work on /Users/aleckienzle/Developer/nba-etl/env/lib/python3.8/site-packages/airflow/example_dags/example_external_task_marker_dag.py
[2022-02-22 15:45:38,997] {processor.py:642} INFO - Processing file /Users/aleckienzle/Developer/nba-etl/env/lib/python3.8/site-packages/airflow/example_dags/example_external_task_marker_dag.py for tasks to queue
[2022-02-22 15:45:38,997] {logging_mixin.py:109} INFO - [2022-02-22 15:45:38,997] {dagbag.py:500} INFO - Filling up the DagBag from /Users/aleckienzle/Developer/nba-etl/env/lib/python3.8/site-packages/airflow/example_dags/example_external_task_marker_dag.py
[2022-02-22 15:45:39,012] {processor.py:654} INFO - DAG(s) dict_keys(['example_external_task_marker_parent', 'example_external_task_marker_child']) retrieved from /Users/aleckienzle/Developer/nba-etl/env/lib/python3.8/site-packages/airflow/example_dags/example_external_task_marker_dag.py
[2022-02-22 15:45:39,022] {logging_mixin.py:109} INFO - [2022-02-22 15:45:39,022] {dag.py:2396} INFO - Sync 2 DAGs
[2022-02-22 15:45:39,027] {logging_mixin.py:109} INFO - [2022-02-22 15:45:39,027] {dag.py:2935} INFO - Setting next_dagrun for example_external_task_marker_child to None
[2022-02-22 15:45:39,027] {logging_mixin.py:109} INFO - [2022-02-22 15:45:39,027] {dag.py:2935} INFO - Setting next_dagrun for example_external_task_marker_parent to None
[2022-02-22 15:45:39,030] {processor.py:171} INFO - Processing /Users/aleckienzle/Developer/nba-etl/env/lib/python3.8/site-packages/airflow/example_dags/example_external_task_marker_dag.py took 0.034 seconds
[2022-02-22 15:46:44,880] {processor.py:163} INFO - Started process (PID=42355) to work on /Users/aleckienzle/Developer/nba-etl/env/lib/python3.8/site-packages/airflow/example_dags/example_external_task_marker_dag.py
[2022-02-22 15:46:44,881] {processor.py:642} INFO - Processing file /Users/aleckienzle/Developer/nba-etl/env/lib/python3.8/site-packages/airflow/example_dags/example_external_task_marker_dag.py for tasks to queue
[2022-02-22 15:46:44,881] {logging_mixin.py:109} INFO - [2022-02-22 15:46:44,881] {dagbag.py:500} INFO - Filling up the DagBag from /Users/aleckienzle/Developer/nba-etl/env/lib/python3.8/site-packages/airflow/example_dags/example_external_task_marker_dag.py
[2022-02-22 15:46:44,896] {processor.py:654} INFO - DAG(s) dict_keys(['example_external_task_marker_parent', 'example_external_task_marker_child']) retrieved from /Users/aleckienzle/Developer/nba-etl/env/lib/python3.8/site-packages/airflow/example_dags/example_external_task_marker_dag.py
[2022-02-22 15:46:44,907] {logging_mixin.py:109} INFO - [2022-02-22 15:46:44,906] {dag.py:2396} INFO - Sync 2 DAGs
[2022-02-22 15:46:44,911] {logging_mixin.py:109} INFO - [2022-02-22 15:46:44,911] {dag.py:2935} INFO - Setting next_dagrun for example_external_task_marker_child to None
[2022-02-22 15:46:44,911] {logging_mixin.py:109} INFO - [2022-02-22 15:46:44,911] {dag.py:2935} INFO - Setting next_dagrun for example_external_task_marker_parent to None
[2022-02-22 15:46:44,915] {processor.py:171} INFO - Processing /Users/aleckienzle/Developer/nba-etl/env/lib/python3.8/site-packages/airflow/example_dags/example_external_task_marker_dag.py took 0.035 seconds
[2022-02-22 15:47:56,691] {processor.py:163} INFO - Started process (PID=42606) to work on /Users/aleckienzle/Developer/nba-etl/env/lib/python3.8/site-packages/airflow/example_dags/example_external_task_marker_dag.py
[2022-02-22 15:47:56,692] {processor.py:642} INFO - Processing file /Users/aleckienzle/Developer/nba-etl/env/lib/python3.8/site-packages/airflow/example_dags/example_external_task_marker_dag.py for tasks to queue
[2022-02-22 15:47:56,692] {logging_mixin.py:109} INFO - [2022-02-22 15:47:56,692] {dagbag.py:500} INFO - Filling up the DagBag from /Users/aleckienzle/Developer/nba-etl/env/lib/python3.8/site-packages/airflow/example_dags/example_external_task_marker_dag.py
[2022-02-22 15:47:56,707] {processor.py:654} INFO - DAG(s) dict_keys(['example_external_task_marker_parent', 'example_external_task_marker_child']) retrieved from /Users/aleckienzle/Developer/nba-etl/env/lib/python3.8/site-packages/airflow/example_dags/example_external_task_marker_dag.py
[2022-02-22 15:47:56,717] {logging_mixin.py:109} INFO - [2022-02-22 15:47:56,717] {dag.py:2396} INFO - Sync 2 DAGs
[2022-02-22 15:47:56,721] {logging_mixin.py:109} INFO - [2022-02-22 15:47:56,721] {dag.py:2935} INFO - Setting next_dagrun for example_external_task_marker_child to None
[2022-02-22 15:47:56,721] {logging_mixin.py:109} INFO - [2022-02-22 15:47:56,721] {dag.py:2935} INFO - Setting next_dagrun for example_external_task_marker_parent to None
[2022-02-22 15:47:56,725] {processor.py:171} INFO - Processing /Users/aleckienzle/Developer/nba-etl/env/lib/python3.8/site-packages/airflow/example_dags/example_external_task_marker_dag.py took 0.034 seconds
[2022-02-22 15:49:04,717] {processor.py:163} INFO - Started process (PID=42782) to work on /Users/aleckienzle/Developer/nba-etl/env/lib/python3.8/site-packages/airflow/example_dags/example_external_task_marker_dag.py
[2022-02-22 15:49:04,718] {processor.py:642} INFO - Processing file /Users/aleckienzle/Developer/nba-etl/env/lib/python3.8/site-packages/airflow/example_dags/example_external_task_marker_dag.py for tasks to queue
[2022-02-22 15:49:04,718] {logging_mixin.py:109} INFO - [2022-02-22 15:49:04,718] {dagbag.py:500} INFO - Filling up the DagBag from /Users/aleckienzle/Developer/nba-etl/env/lib/python3.8/site-packages/airflow/example_dags/example_external_task_marker_dag.py
[2022-02-22 15:49:04,733] {processor.py:654} INFO - DAG(s) dict_keys(['example_external_task_marker_parent', 'example_external_task_marker_child']) retrieved from /Users/aleckienzle/Developer/nba-etl/env/lib/python3.8/site-packages/airflow/example_dags/example_external_task_marker_dag.py
[2022-02-22 15:49:04,743] {logging_mixin.py:109} INFO - [2022-02-22 15:49:04,743] {dag.py:2396} INFO - Sync 2 DAGs
[2022-02-22 15:49:04,747] {logging_mixin.py:109} INFO - [2022-02-22 15:49:04,747] {dag.py:2935} INFO - Setting next_dagrun for example_external_task_marker_child to None
[2022-02-22 15:49:04,747] {logging_mixin.py:109} INFO - [2022-02-22 15:49:04,747] {dag.py:2935} INFO - Setting next_dagrun for example_external_task_marker_parent to None
[2022-02-22 15:49:04,751] {processor.py:171} INFO - Processing /Users/aleckienzle/Developer/nba-etl/env/lib/python3.8/site-packages/airflow/example_dags/example_external_task_marker_dag.py took 0.034 seconds
[2022-02-22 15:50:12,739] {processor.py:163} INFO - Started process (PID=42958) to work on /Users/aleckienzle/Developer/nba-etl/env/lib/python3.8/site-packages/airflow/example_dags/example_external_task_marker_dag.py
[2022-02-22 15:50:12,740] {processor.py:642} INFO - Processing file /Users/aleckienzle/Developer/nba-etl/env/lib/python3.8/site-packages/airflow/example_dags/example_external_task_marker_dag.py for tasks to queue
[2022-02-22 15:50:12,741] {logging_mixin.py:109} INFO - [2022-02-22 15:50:12,741] {dagbag.py:500} INFO - Filling up the DagBag from /Users/aleckienzle/Developer/nba-etl/env/lib/python3.8/site-packages/airflow/example_dags/example_external_task_marker_dag.py
[2022-02-22 15:50:12,756] {processor.py:654} INFO - DAG(s) dict_keys(['example_external_task_marker_parent', 'example_external_task_marker_child']) retrieved from /Users/aleckienzle/Developer/nba-etl/env/lib/python3.8/site-packages/airflow/example_dags/example_external_task_marker_dag.py
[2022-02-22 15:50:12,767] {logging_mixin.py:109} INFO - [2022-02-22 15:50:12,767] {dag.py:2396} INFO - Sync 2 DAGs
[2022-02-22 15:50:12,771] {logging_mixin.py:109} INFO - [2022-02-22 15:50:12,771] {dag.py:2935} INFO - Setting next_dagrun for example_external_task_marker_child to None
[2022-02-22 15:50:12,771] {logging_mixin.py:109} INFO - [2022-02-22 15:50:12,771] {dag.py:2935} INFO - Setting next_dagrun for example_external_task_marker_parent to None
[2022-02-22 15:50:12,775] {processor.py:171} INFO - Processing /Users/aleckienzle/Developer/nba-etl/env/lib/python3.8/site-packages/airflow/example_dags/example_external_task_marker_dag.py took 0.036 seconds
[2022-02-22 15:51:22,543] {processor.py:163} INFO - Started process (PID=43142) to work on /Users/aleckienzle/Developer/nba-etl/env/lib/python3.8/site-packages/airflow/example_dags/example_external_task_marker_dag.py
[2022-02-22 15:51:22,545] {processor.py:642} INFO - Processing file /Users/aleckienzle/Developer/nba-etl/env/lib/python3.8/site-packages/airflow/example_dags/example_external_task_marker_dag.py for tasks to queue
[2022-02-22 15:51:22,545] {logging_mixin.py:109} INFO - [2022-02-22 15:51:22,545] {dagbag.py:500} INFO - Filling up the DagBag from /Users/aleckienzle/Developer/nba-etl/env/lib/python3.8/site-packages/airflow/example_dags/example_external_task_marker_dag.py
[2022-02-22 15:51:22,564] {processor.py:654} INFO - DAG(s) dict_keys(['example_external_task_marker_parent', 'example_external_task_marker_child']) retrieved from /Users/aleckienzle/Developer/nba-etl/env/lib/python3.8/site-packages/airflow/example_dags/example_external_task_marker_dag.py
[2022-02-22 15:51:22,583] {logging_mixin.py:109} INFO - [2022-02-22 15:51:22,582] {dag.py:2396} INFO - Sync 2 DAGs
[2022-02-22 15:51:22,593] {logging_mixin.py:109} INFO - [2022-02-22 15:51:22,593] {dag.py:2935} INFO - Setting next_dagrun for example_external_task_marker_child to None
[2022-02-22 15:51:22,593] {logging_mixin.py:109} INFO - [2022-02-22 15:51:22,593] {dag.py:2935} INFO - Setting next_dagrun for example_external_task_marker_parent to None
[2022-02-22 15:51:22,605] {processor.py:171} INFO - Processing /Users/aleckienzle/Developer/nba-etl/env/lib/python3.8/site-packages/airflow/example_dags/example_external_task_marker_dag.py took 0.062 seconds
[2022-02-22 15:52:32,419] {processor.py:163} INFO - Started process (PID=43313) to work on /Users/aleckienzle/Developer/nba-etl/env/lib/python3.8/site-packages/airflow/example_dags/example_external_task_marker_dag.py
[2022-02-22 15:52:32,419] {processor.py:642} INFO - Processing file /Users/aleckienzle/Developer/nba-etl/env/lib/python3.8/site-packages/airflow/example_dags/example_external_task_marker_dag.py for tasks to queue
[2022-02-22 15:52:32,419] {logging_mixin.py:109} INFO - [2022-02-22 15:52:32,419] {dagbag.py:500} INFO - Filling up the DagBag from /Users/aleckienzle/Developer/nba-etl/env/lib/python3.8/site-packages/airflow/example_dags/example_external_task_marker_dag.py
[2022-02-22 15:52:32,434] {processor.py:654} INFO - DAG(s) dict_keys(['example_external_task_marker_parent', 'example_external_task_marker_child']) retrieved from /Users/aleckienzle/Developer/nba-etl/env/lib/python3.8/site-packages/airflow/example_dags/example_external_task_marker_dag.py
[2022-02-22 15:52:32,444] {logging_mixin.py:109} INFO - [2022-02-22 15:52:32,444] {dag.py:2396} INFO - Sync 2 DAGs
[2022-02-22 15:52:32,449] {logging_mixin.py:109} INFO - [2022-02-22 15:52:32,449] {dag.py:2935} INFO - Setting next_dagrun for example_external_task_marker_child to None
[2022-02-22 15:52:32,449] {logging_mixin.py:109} INFO - [2022-02-22 15:52:32,449] {dag.py:2935} INFO - Setting next_dagrun for example_external_task_marker_parent to None
[2022-02-22 15:52:32,452] {processor.py:171} INFO - Processing /Users/aleckienzle/Developer/nba-etl/env/lib/python3.8/site-packages/airflow/example_dags/example_external_task_marker_dag.py took 0.034 seconds
[2022-02-22 15:53:40,386] {processor.py:163} INFO - Started process (PID=43477) to work on /Users/aleckienzle/Developer/nba-etl/env/lib/python3.8/site-packages/airflow/example_dags/example_external_task_marker_dag.py
[2022-02-22 15:53:40,387] {processor.py:642} INFO - Processing file /Users/aleckienzle/Developer/nba-etl/env/lib/python3.8/site-packages/airflow/example_dags/example_external_task_marker_dag.py for tasks to queue
[2022-02-22 15:53:40,387] {logging_mixin.py:109} INFO - [2022-02-22 15:53:40,387] {dagbag.py:500} INFO - Filling up the DagBag from /Users/aleckienzle/Developer/nba-etl/env/lib/python3.8/site-packages/airflow/example_dags/example_external_task_marker_dag.py
[2022-02-22 15:53:40,403] {processor.py:654} INFO - DAG(s) dict_keys(['example_external_task_marker_parent', 'example_external_task_marker_child']) retrieved from /Users/aleckienzle/Developer/nba-etl/env/lib/python3.8/site-packages/airflow/example_dags/example_external_task_marker_dag.py
[2022-02-22 15:53:40,414] {logging_mixin.py:109} INFO - [2022-02-22 15:53:40,414] {dag.py:2396} INFO - Sync 2 DAGs
[2022-02-22 15:53:40,419] {logging_mixin.py:109} INFO - [2022-02-22 15:53:40,419] {dag.py:2935} INFO - Setting next_dagrun for example_external_task_marker_child to None
[2022-02-22 15:53:40,419] {logging_mixin.py:109} INFO - [2022-02-22 15:53:40,419] {dag.py:2935} INFO - Setting next_dagrun for example_external_task_marker_parent to None
[2022-02-22 15:53:40,423] {processor.py:171} INFO - Processing /Users/aleckienzle/Developer/nba-etl/env/lib/python3.8/site-packages/airflow/example_dags/example_external_task_marker_dag.py took 0.038 seconds
[2022-02-22 15:54:48,679] {processor.py:163} INFO - Started process (PID=43642) to work on /Users/aleckienzle/Developer/nba-etl/env/lib/python3.8/site-packages/airflow/example_dags/example_external_task_marker_dag.py
[2022-02-22 15:54:48,681] {processor.py:642} INFO - Processing file /Users/aleckienzle/Developer/nba-etl/env/lib/python3.8/site-packages/airflow/example_dags/example_external_task_marker_dag.py for tasks to queue
[2022-02-22 15:54:48,681] {logging_mixin.py:109} INFO - [2022-02-22 15:54:48,681] {dagbag.py:500} INFO - Filling up the DagBag from /Users/aleckienzle/Developer/nba-etl/env/lib/python3.8/site-packages/airflow/example_dags/example_external_task_marker_dag.py
[2022-02-22 15:54:48,696] {processor.py:654} INFO - DAG(s) dict_keys(['example_external_task_marker_parent', 'example_external_task_marker_child']) retrieved from /Users/aleckienzle/Developer/nba-etl/env/lib/python3.8/site-packages/airflow/example_dags/example_external_task_marker_dag.py
[2022-02-22 15:54:48,706] {logging_mixin.py:109} INFO - [2022-02-22 15:54:48,706] {dag.py:2396} INFO - Sync 2 DAGs
[2022-02-22 15:54:48,710] {logging_mixin.py:109} INFO - [2022-02-22 15:54:48,710] {dag.py:2935} INFO - Setting next_dagrun for example_external_task_marker_child to None
[2022-02-22 15:54:48,710] {logging_mixin.py:109} INFO - [2022-02-22 15:54:48,710] {dag.py:2935} INFO - Setting next_dagrun for example_external_task_marker_parent to None
[2022-02-22 15:54:48,713] {processor.py:171} INFO - Processing /Users/aleckienzle/Developer/nba-etl/env/lib/python3.8/site-packages/airflow/example_dags/example_external_task_marker_dag.py took 0.034 seconds
[2022-02-22 15:55:58,766] {processor.py:163} INFO - Started process (PID=43852) to work on /Users/aleckienzle/Developer/nba-etl/env/lib/python3.8/site-packages/airflow/example_dags/example_external_task_marker_dag.py
[2022-02-22 15:55:58,767] {processor.py:642} INFO - Processing file /Users/aleckienzle/Developer/nba-etl/env/lib/python3.8/site-packages/airflow/example_dags/example_external_task_marker_dag.py for tasks to queue
[2022-02-22 15:55:58,767] {logging_mixin.py:109} INFO - [2022-02-22 15:55:58,767] {dagbag.py:500} INFO - Filling up the DagBag from /Users/aleckienzle/Developer/nba-etl/env/lib/python3.8/site-packages/airflow/example_dags/example_external_task_marker_dag.py
[2022-02-22 15:55:58,782] {processor.py:654} INFO - DAG(s) dict_keys(['example_external_task_marker_parent', 'example_external_task_marker_child']) retrieved from /Users/aleckienzle/Developer/nba-etl/env/lib/python3.8/site-packages/airflow/example_dags/example_external_task_marker_dag.py
[2022-02-22 15:55:58,792] {logging_mixin.py:109} INFO - [2022-02-22 15:55:58,792] {dag.py:2396} INFO - Sync 2 DAGs
[2022-02-22 15:55:58,797] {logging_mixin.py:109} INFO - [2022-02-22 15:55:58,797] {dag.py:2935} INFO - Setting next_dagrun for example_external_task_marker_child to None
[2022-02-22 15:55:58,797] {logging_mixin.py:109} INFO - [2022-02-22 15:55:58,797] {dag.py:2935} INFO - Setting next_dagrun for example_external_task_marker_parent to None
[2022-02-22 15:55:58,800] {processor.py:171} INFO - Processing /Users/aleckienzle/Developer/nba-etl/env/lib/python3.8/site-packages/airflow/example_dags/example_external_task_marker_dag.py took 0.034 seconds
[2022-02-22 15:57:06,397] {processor.py:163} INFO - Started process (PID=43999) to work on /Users/aleckienzle/Developer/nba-etl/env/lib/python3.8/site-packages/airflow/example_dags/example_external_task_marker_dag.py
[2022-02-22 15:57:06,397] {processor.py:642} INFO - Processing file /Users/aleckienzle/Developer/nba-etl/env/lib/python3.8/site-packages/airflow/example_dags/example_external_task_marker_dag.py for tasks to queue
[2022-02-22 15:57:06,398] {logging_mixin.py:109} INFO - [2022-02-22 15:57:06,398] {dagbag.py:500} INFO - Filling up the DagBag from /Users/aleckienzle/Developer/nba-etl/env/lib/python3.8/site-packages/airflow/example_dags/example_external_task_marker_dag.py
[2022-02-22 15:57:06,413] {processor.py:654} INFO - DAG(s) dict_keys(['example_external_task_marker_parent', 'example_external_task_marker_child']) retrieved from /Users/aleckienzle/Developer/nba-etl/env/lib/python3.8/site-packages/airflow/example_dags/example_external_task_marker_dag.py
[2022-02-22 15:57:06,423] {logging_mixin.py:109} INFO - [2022-02-22 15:57:06,423] {dag.py:2396} INFO - Sync 2 DAGs
[2022-02-22 15:57:06,427] {logging_mixin.py:109} INFO - [2022-02-22 15:57:06,427] {dag.py:2935} INFO - Setting next_dagrun for example_external_task_marker_child to None
[2022-02-22 15:57:06,427] {logging_mixin.py:109} INFO - [2022-02-22 15:57:06,427] {dag.py:2935} INFO - Setting next_dagrun for example_external_task_marker_parent to None
[2022-02-22 15:57:06,431] {processor.py:171} INFO - Processing /Users/aleckienzle/Developer/nba-etl/env/lib/python3.8/site-packages/airflow/example_dags/example_external_task_marker_dag.py took 0.034 seconds
[2022-02-22 15:58:16,982] {processor.py:163} INFO - Started process (PID=44285) to work on /Users/aleckienzle/Developer/nba-etl/env/lib/python3.8/site-packages/airflow/example_dags/example_external_task_marker_dag.py
[2022-02-22 15:58:16,983] {processor.py:642} INFO - Processing file /Users/aleckienzle/Developer/nba-etl/env/lib/python3.8/site-packages/airflow/example_dags/example_external_task_marker_dag.py for tasks to queue
[2022-02-22 15:58:16,983] {logging_mixin.py:109} INFO - [2022-02-22 15:58:16,983] {dagbag.py:500} INFO - Filling up the DagBag from /Users/aleckienzle/Developer/nba-etl/env/lib/python3.8/site-packages/airflow/example_dags/example_external_task_marker_dag.py
[2022-02-22 15:58:16,999] {processor.py:654} INFO - DAG(s) dict_keys(['example_external_task_marker_parent', 'example_external_task_marker_child']) retrieved from /Users/aleckienzle/Developer/nba-etl/env/lib/python3.8/site-packages/airflow/example_dags/example_external_task_marker_dag.py
[2022-02-22 15:58:17,009] {logging_mixin.py:109} INFO - [2022-02-22 15:58:17,009] {dag.py:2396} INFO - Sync 2 DAGs
[2022-02-22 15:58:17,013] {logging_mixin.py:109} INFO - [2022-02-22 15:58:17,013] {dag.py:2935} INFO - Setting next_dagrun for example_external_task_marker_child to None
[2022-02-22 15:58:17,013] {logging_mixin.py:109} INFO - [2022-02-22 15:58:17,013] {dag.py:2935} INFO - Setting next_dagrun for example_external_task_marker_parent to None
[2022-02-22 15:58:17,016] {processor.py:171} INFO - Processing /Users/aleckienzle/Developer/nba-etl/env/lib/python3.8/site-packages/airflow/example_dags/example_external_task_marker_dag.py took 0.035 seconds
[2022-02-22 15:59:22,605] {processor.py:163} INFO - Started process (PID=44536) to work on /Users/aleckienzle/Developer/nba-etl/env/lib/python3.8/site-packages/airflow/example_dags/example_external_task_marker_dag.py
[2022-02-22 15:59:22,606] {processor.py:642} INFO - Processing file /Users/aleckienzle/Developer/nba-etl/env/lib/python3.8/site-packages/airflow/example_dags/example_external_task_marker_dag.py for tasks to queue
[2022-02-22 15:59:22,607] {logging_mixin.py:109} INFO - [2022-02-22 15:59:22,607] {dagbag.py:500} INFO - Filling up the DagBag from /Users/aleckienzle/Developer/nba-etl/env/lib/python3.8/site-packages/airflow/example_dags/example_external_task_marker_dag.py
[2022-02-22 15:59:22,623] {processor.py:654} INFO - DAG(s) dict_keys(['example_external_task_marker_parent', 'example_external_task_marker_child']) retrieved from /Users/aleckienzle/Developer/nba-etl/env/lib/python3.8/site-packages/airflow/example_dags/example_external_task_marker_dag.py
[2022-02-22 15:59:22,634] {logging_mixin.py:109} INFO - [2022-02-22 15:59:22,634] {dag.py:2396} INFO - Sync 2 DAGs
[2022-02-22 15:59:22,639] {logging_mixin.py:109} INFO - [2022-02-22 15:59:22,639] {dag.py:2935} INFO - Setting next_dagrun for example_external_task_marker_child to None
[2022-02-22 15:59:22,639] {logging_mixin.py:109} INFO - [2022-02-22 15:59:22,639] {dag.py:2935} INFO - Setting next_dagrun for example_external_task_marker_parent to None
[2022-02-22 15:59:22,643] {processor.py:171} INFO - Processing /Users/aleckienzle/Developer/nba-etl/env/lib/python3.8/site-packages/airflow/example_dags/example_external_task_marker_dag.py took 0.038 seconds
