[2022-02-22 15:38:11,718] {processor.py:163} INFO - Started process (PID=41037) to work on /Users/aleckienzle/Developer/nba-etl/env/lib/python3.8/site-packages/airflow/example_dags/example_branch_python_dop_operator_3.py
[2022-02-22 15:38:11,718] {processor.py:642} INFO - Processing file /Users/aleckienzle/Developer/nba-etl/env/lib/python3.8/site-packages/airflow/example_dags/example_branch_python_dop_operator_3.py for tasks to queue
[2022-02-22 15:38:11,718] {logging_mixin.py:109} INFO - [2022-02-22 15:38:11,718] {dagbag.py:500} INFO - Filling up the DagBag from /Users/aleckienzle/Developer/nba-etl/env/lib/python3.8/site-packages/airflow/example_dags/example_branch_python_dop_operator_3.py
[2022-02-22 15:38:11,745] {processor.py:654} INFO - DAG(s) dict_keys(['example_branch_dop_operator_v3']) retrieved from /Users/aleckienzle/Developer/nba-etl/env/lib/python3.8/site-packages/airflow/example_dags/example_branch_python_dop_operator_3.py
[2022-02-22 15:38:11,754] {logging_mixin.py:109} INFO - [2022-02-22 15:38:11,754] {dag.py:2396} INFO - Sync 1 DAGs
[2022-02-22 15:38:11,760] {logging_mixin.py:109} INFO - [2022-02-22 15:38:11,760] {dag.py:2935} INFO - Setting next_dagrun for example_branch_dop_operator_v3 to 2022-02-22T23:37:00+00:00
[2022-02-22 15:38:11,763] {processor.py:171} INFO - Processing /Users/aleckienzle/Developer/nba-etl/env/lib/python3.8/site-packages/airflow/example_dags/example_branch_python_dop_operator_3.py took 0.046 seconds
[2022-02-22 15:39:15,485] {processor.py:163} INFO - Started process (PID=41205) to work on /Users/aleckienzle/Developer/nba-etl/env/lib/python3.8/site-packages/airflow/example_dags/example_branch_python_dop_operator_3.py
[2022-02-22 15:39:15,486] {processor.py:642} INFO - Processing file /Users/aleckienzle/Developer/nba-etl/env/lib/python3.8/site-packages/airflow/example_dags/example_branch_python_dop_operator_3.py for tasks to queue
[2022-02-22 15:39:15,486] {logging_mixin.py:109} INFO - [2022-02-22 15:39:15,486] {dagbag.py:500} INFO - Filling up the DagBag from /Users/aleckienzle/Developer/nba-etl/env/lib/python3.8/site-packages/airflow/example_dags/example_branch_python_dop_operator_3.py
[2022-02-22 15:39:15,509] {processor.py:654} INFO - DAG(s) dict_keys(['example_branch_dop_operator_v3']) retrieved from /Users/aleckienzle/Developer/nba-etl/env/lib/python3.8/site-packages/airflow/example_dags/example_branch_python_dop_operator_3.py
[2022-02-22 15:39:15,517] {logging_mixin.py:109} INFO - [2022-02-22 15:39:15,517] {dag.py:2396} INFO - Sync 1 DAGs
[2022-02-22 15:39:15,523] {logging_mixin.py:109} INFO - [2022-02-22 15:39:15,523] {dag.py:2935} INFO - Setting next_dagrun for example_branch_dop_operator_v3 to 2022-02-22T23:38:00+00:00
[2022-02-22 15:39:15,527] {processor.py:171} INFO - Processing /Users/aleckienzle/Developer/nba-etl/env/lib/python3.8/site-packages/airflow/example_dags/example_branch_python_dop_operator_3.py took 0.042 seconds
[2022-02-22 15:40:19,176] {processor.py:163} INFO - Started process (PID=41358) to work on /Users/aleckienzle/Developer/nba-etl/env/lib/python3.8/site-packages/airflow/example_dags/example_branch_python_dop_operator_3.py
[2022-02-22 15:40:19,177] {processor.py:642} INFO - Processing file /Users/aleckienzle/Developer/nba-etl/env/lib/python3.8/site-packages/airflow/example_dags/example_branch_python_dop_operator_3.py for tasks to queue
[2022-02-22 15:40:19,178] {logging_mixin.py:109} INFO - [2022-02-22 15:40:19,178] {dagbag.py:500} INFO - Filling up the DagBag from /Users/aleckienzle/Developer/nba-etl/env/lib/python3.8/site-packages/airflow/example_dags/example_branch_python_dop_operator_3.py
[2022-02-22 15:40:19,200] {processor.py:654} INFO - DAG(s) dict_keys(['example_branch_dop_operator_v3']) retrieved from /Users/aleckienzle/Developer/nba-etl/env/lib/python3.8/site-packages/airflow/example_dags/example_branch_python_dop_operator_3.py
[2022-02-22 15:40:19,208] {logging_mixin.py:109} INFO - [2022-02-22 15:40:19,208] {dag.py:2396} INFO - Sync 1 DAGs
[2022-02-22 15:40:19,214] {logging_mixin.py:109} INFO - [2022-02-22 15:40:19,214] {dag.py:2935} INFO - Setting next_dagrun for example_branch_dop_operator_v3 to 2022-02-22T23:39:00+00:00
[2022-02-22 15:40:19,218] {processor.py:171} INFO - Processing /Users/aleckienzle/Developer/nba-etl/env/lib/python3.8/site-packages/airflow/example_dags/example_branch_python_dop_operator_3.py took 0.042 seconds
[2022-02-22 15:41:23,137] {processor.py:163} INFO - Started process (PID=41499) to work on /Users/aleckienzle/Developer/nba-etl/env/lib/python3.8/site-packages/airflow/example_dags/example_branch_python_dop_operator_3.py
[2022-02-22 15:41:23,138] {processor.py:642} INFO - Processing file /Users/aleckienzle/Developer/nba-etl/env/lib/python3.8/site-packages/airflow/example_dags/example_branch_python_dop_operator_3.py for tasks to queue
[2022-02-22 15:41:23,138] {logging_mixin.py:109} INFO - [2022-02-22 15:41:23,138] {dagbag.py:500} INFO - Filling up the DagBag from /Users/aleckienzle/Developer/nba-etl/env/lib/python3.8/site-packages/airflow/example_dags/example_branch_python_dop_operator_3.py
[2022-02-22 15:41:23,161] {processor.py:654} INFO - DAG(s) dict_keys(['example_branch_dop_operator_v3']) retrieved from /Users/aleckienzle/Developer/nba-etl/env/lib/python3.8/site-packages/airflow/example_dags/example_branch_python_dop_operator_3.py
[2022-02-22 15:41:23,171] {logging_mixin.py:109} INFO - [2022-02-22 15:41:23,171] {dag.py:2396} INFO - Sync 1 DAGs
[2022-02-22 15:41:23,177] {logging_mixin.py:109} INFO - [2022-02-22 15:41:23,177] {dag.py:2935} INFO - Setting next_dagrun for example_branch_dop_operator_v3 to 2022-02-22T23:40:00+00:00
[2022-02-22 15:41:23,180] {processor.py:171} INFO - Processing /Users/aleckienzle/Developer/nba-etl/env/lib/python3.8/site-packages/airflow/example_dags/example_branch_python_dop_operator_3.py took 0.044 seconds
[2022-02-22 15:42:27,243] {processor.py:163} INFO - Started process (PID=41658) to work on /Users/aleckienzle/Developer/nba-etl/env/lib/python3.8/site-packages/airflow/example_dags/example_branch_python_dop_operator_3.py
[2022-02-22 15:42:27,244] {processor.py:642} INFO - Processing file /Users/aleckienzle/Developer/nba-etl/env/lib/python3.8/site-packages/airflow/example_dags/example_branch_python_dop_operator_3.py for tasks to queue
[2022-02-22 15:42:27,244] {logging_mixin.py:109} INFO - [2022-02-22 15:42:27,244] {dagbag.py:500} INFO - Filling up the DagBag from /Users/aleckienzle/Developer/nba-etl/env/lib/python3.8/site-packages/airflow/example_dags/example_branch_python_dop_operator_3.py
[2022-02-22 15:42:27,267] {processor.py:654} INFO - DAG(s) dict_keys(['example_branch_dop_operator_v3']) retrieved from /Users/aleckienzle/Developer/nba-etl/env/lib/python3.8/site-packages/airflow/example_dags/example_branch_python_dop_operator_3.py
[2022-02-22 15:42:27,276] {logging_mixin.py:109} INFO - [2022-02-22 15:42:27,276] {dag.py:2396} INFO - Sync 1 DAGs
[2022-02-22 15:42:27,282] {logging_mixin.py:109} INFO - [2022-02-22 15:42:27,282] {dag.py:2935} INFO - Setting next_dagrun for example_branch_dop_operator_v3 to 2022-02-22T23:41:00+00:00
[2022-02-22 15:42:27,285] {processor.py:171} INFO - Processing /Users/aleckienzle/Developer/nba-etl/env/lib/python3.8/site-packages/airflow/example_dags/example_branch_python_dop_operator_3.py took 0.043 seconds
[2022-02-22 15:43:33,375] {processor.py:163} INFO - Started process (PID=41851) to work on /Users/aleckienzle/Developer/nba-etl/env/lib/python3.8/site-packages/airflow/example_dags/example_branch_python_dop_operator_3.py
[2022-02-22 15:43:33,376] {processor.py:642} INFO - Processing file /Users/aleckienzle/Developer/nba-etl/env/lib/python3.8/site-packages/airflow/example_dags/example_branch_python_dop_operator_3.py for tasks to queue
[2022-02-22 15:43:33,376] {logging_mixin.py:109} INFO - [2022-02-22 15:43:33,376] {dagbag.py:500} INFO - Filling up the DagBag from /Users/aleckienzle/Developer/nba-etl/env/lib/python3.8/site-packages/airflow/example_dags/example_branch_python_dop_operator_3.py
[2022-02-22 15:43:33,400] {processor.py:654} INFO - DAG(s) dict_keys(['example_branch_dop_operator_v3']) retrieved from /Users/aleckienzle/Developer/nba-etl/env/lib/python3.8/site-packages/airflow/example_dags/example_branch_python_dop_operator_3.py
[2022-02-22 15:43:33,409] {logging_mixin.py:109} INFO - [2022-02-22 15:43:33,409] {dag.py:2396} INFO - Sync 1 DAGs
[2022-02-22 15:43:33,416] {logging_mixin.py:109} INFO - [2022-02-22 15:43:33,415] {dag.py:2935} INFO - Setting next_dagrun for example_branch_dop_operator_v3 to 2022-02-22T23:42:00+00:00
[2022-02-22 15:43:33,420] {processor.py:171} INFO - Processing /Users/aleckienzle/Developer/nba-etl/env/lib/python3.8/site-packages/airflow/example_dags/example_branch_python_dop_operator_3.py took 0.045 seconds
[2022-02-22 15:44:39,107] {processor.py:163} INFO - Started process (PID=42000) to work on /Users/aleckienzle/Developer/nba-etl/env/lib/python3.8/site-packages/airflow/example_dags/example_branch_python_dop_operator_3.py
[2022-02-22 15:44:39,108] {processor.py:642} INFO - Processing file /Users/aleckienzle/Developer/nba-etl/env/lib/python3.8/site-packages/airflow/example_dags/example_branch_python_dop_operator_3.py for tasks to queue
[2022-02-22 15:44:39,108] {logging_mixin.py:109} INFO - [2022-02-22 15:44:39,108] {dagbag.py:500} INFO - Filling up the DagBag from /Users/aleckienzle/Developer/nba-etl/env/lib/python3.8/site-packages/airflow/example_dags/example_branch_python_dop_operator_3.py
[2022-02-22 15:44:39,134] {processor.py:654} INFO - DAG(s) dict_keys(['example_branch_dop_operator_v3']) retrieved from /Users/aleckienzle/Developer/nba-etl/env/lib/python3.8/site-packages/airflow/example_dags/example_branch_python_dop_operator_3.py
[2022-02-22 15:44:39,144] {logging_mixin.py:109} INFO - [2022-02-22 15:44:39,144] {dag.py:2396} INFO - Sync 1 DAGs
[2022-02-22 15:44:39,152] {logging_mixin.py:109} INFO - [2022-02-22 15:44:39,152] {dag.py:2935} INFO - Setting next_dagrun for example_branch_dop_operator_v3 to 2022-02-22T23:43:00+00:00
[2022-02-22 15:44:39,156] {processor.py:171} INFO - Processing /Users/aleckienzle/Developer/nba-etl/env/lib/python3.8/site-packages/airflow/example_dags/example_branch_python_dop_operator_3.py took 0.049 seconds
[2022-02-22 15:45:44,924] {processor.py:163} INFO - Started process (PID=42144) to work on /Users/aleckienzle/Developer/nba-etl/env/lib/python3.8/site-packages/airflow/example_dags/example_branch_python_dop_operator_3.py
[2022-02-22 15:45:44,924] {processor.py:642} INFO - Processing file /Users/aleckienzle/Developer/nba-etl/env/lib/python3.8/site-packages/airflow/example_dags/example_branch_python_dop_operator_3.py for tasks to queue
[2022-02-22 15:45:44,925] {logging_mixin.py:109} INFO - [2022-02-22 15:45:44,925] {dagbag.py:500} INFO - Filling up the DagBag from /Users/aleckienzle/Developer/nba-etl/env/lib/python3.8/site-packages/airflow/example_dags/example_branch_python_dop_operator_3.py
[2022-02-22 15:45:44,947] {processor.py:654} INFO - DAG(s) dict_keys(['example_branch_dop_operator_v3']) retrieved from /Users/aleckienzle/Developer/nba-etl/env/lib/python3.8/site-packages/airflow/example_dags/example_branch_python_dop_operator_3.py
[2022-02-22 15:45:44,956] {logging_mixin.py:109} INFO - [2022-02-22 15:45:44,956] {dag.py:2396} INFO - Sync 1 DAGs
[2022-02-22 15:45:44,962] {logging_mixin.py:109} INFO - [2022-02-22 15:45:44,962] {dag.py:2935} INFO - Setting next_dagrun for example_branch_dop_operator_v3 to 2022-02-22T23:44:00+00:00
[2022-02-22 15:45:44,966] {processor.py:171} INFO - Processing /Users/aleckienzle/Developer/nba-etl/env/lib/python3.8/site-packages/airflow/example_dags/example_branch_python_dop_operator_3.py took 0.042 seconds
[2022-02-22 15:46:50,776] {processor.py:163} INFO - Started process (PID=42372) to work on /Users/aleckienzle/Developer/nba-etl/env/lib/python3.8/site-packages/airflow/example_dags/example_branch_python_dop_operator_3.py
[2022-02-22 15:46:50,777] {processor.py:642} INFO - Processing file /Users/aleckienzle/Developer/nba-etl/env/lib/python3.8/site-packages/airflow/example_dags/example_branch_python_dop_operator_3.py for tasks to queue
[2022-02-22 15:46:50,777] {logging_mixin.py:109} INFO - [2022-02-22 15:46:50,777] {dagbag.py:500} INFO - Filling up the DagBag from /Users/aleckienzle/Developer/nba-etl/env/lib/python3.8/site-packages/airflow/example_dags/example_branch_python_dop_operator_3.py
[2022-02-22 15:46:50,802] {processor.py:654} INFO - DAG(s) dict_keys(['example_branch_dop_operator_v3']) retrieved from /Users/aleckienzle/Developer/nba-etl/env/lib/python3.8/site-packages/airflow/example_dags/example_branch_python_dop_operator_3.py
[2022-02-22 15:46:50,811] {logging_mixin.py:109} INFO - [2022-02-22 15:46:50,811] {dag.py:2396} INFO - Sync 1 DAGs
[2022-02-22 15:46:50,817] {logging_mixin.py:109} INFO - [2022-02-22 15:46:50,817] {dag.py:2935} INFO - Setting next_dagrun for example_branch_dop_operator_v3 to 2022-02-22T23:45:00+00:00
[2022-02-22 15:46:50,821] {processor.py:171} INFO - Processing /Users/aleckienzle/Developer/nba-etl/env/lib/python3.8/site-packages/airflow/example_dags/example_branch_python_dop_operator_3.py took 0.046 seconds
[2022-02-22 15:48:02,542] {processor.py:163} INFO - Started process (PID=42628) to work on /Users/aleckienzle/Developer/nba-etl/env/lib/python3.8/site-packages/airflow/example_dags/example_branch_python_dop_operator_3.py
[2022-02-22 15:48:02,543] {processor.py:642} INFO - Processing file /Users/aleckienzle/Developer/nba-etl/env/lib/python3.8/site-packages/airflow/example_dags/example_branch_python_dop_operator_3.py for tasks to queue
[2022-02-22 15:48:02,544] {logging_mixin.py:109} INFO - [2022-02-22 15:48:02,544] {dagbag.py:500} INFO - Filling up the DagBag from /Users/aleckienzle/Developer/nba-etl/env/lib/python3.8/site-packages/airflow/example_dags/example_branch_python_dop_operator_3.py
[2022-02-22 15:48:02,567] {processor.py:654} INFO - DAG(s) dict_keys(['example_branch_dop_operator_v3']) retrieved from /Users/aleckienzle/Developer/nba-etl/env/lib/python3.8/site-packages/airflow/example_dags/example_branch_python_dop_operator_3.py
[2022-02-22 15:48:02,576] {logging_mixin.py:109} INFO - [2022-02-22 15:48:02,576] {dag.py:2396} INFO - Sync 1 DAGs
[2022-02-22 15:48:02,582] {logging_mixin.py:109} INFO - [2022-02-22 15:48:02,582] {dag.py:2935} INFO - Setting next_dagrun for example_branch_dop_operator_v3 to 2022-02-22T23:47:00+00:00
[2022-02-22 15:48:02,585] {processor.py:171} INFO - Processing /Users/aleckienzle/Developer/nba-etl/env/lib/python3.8/site-packages/airflow/example_dags/example_branch_python_dop_operator_3.py took 0.043 seconds
[2022-02-22 15:49:10,552] {processor.py:163} INFO - Started process (PID=42798) to work on /Users/aleckienzle/Developer/nba-etl/env/lib/python3.8/site-packages/airflow/example_dags/example_branch_python_dop_operator_3.py
[2022-02-22 15:49:10,552] {processor.py:642} INFO - Processing file /Users/aleckienzle/Developer/nba-etl/env/lib/python3.8/site-packages/airflow/example_dags/example_branch_python_dop_operator_3.py for tasks to queue
[2022-02-22 15:49:10,553] {logging_mixin.py:109} INFO - [2022-02-22 15:49:10,553] {dagbag.py:500} INFO - Filling up the DagBag from /Users/aleckienzle/Developer/nba-etl/env/lib/python3.8/site-packages/airflow/example_dags/example_branch_python_dop_operator_3.py
[2022-02-22 15:49:10,577] {processor.py:654} INFO - DAG(s) dict_keys(['example_branch_dop_operator_v3']) retrieved from /Users/aleckienzle/Developer/nba-etl/env/lib/python3.8/site-packages/airflow/example_dags/example_branch_python_dop_operator_3.py
[2022-02-22 15:49:10,585] {logging_mixin.py:109} INFO - [2022-02-22 15:49:10,585] {dag.py:2396} INFO - Sync 1 DAGs
[2022-02-22 15:49:10,592] {logging_mixin.py:109} INFO - [2022-02-22 15:49:10,592] {dag.py:2935} INFO - Setting next_dagrun for example_branch_dop_operator_v3 to 2022-02-22T23:48:00+00:00
[2022-02-22 15:49:10,595] {processor.py:171} INFO - Processing /Users/aleckienzle/Developer/nba-etl/env/lib/python3.8/site-packages/airflow/example_dags/example_branch_python_dop_operator_3.py took 0.044 seconds
[2022-02-22 15:50:18,681] {processor.py:163} INFO - Started process (PID=42974) to work on /Users/aleckienzle/Developer/nba-etl/env/lib/python3.8/site-packages/airflow/example_dags/example_branch_python_dop_operator_3.py
[2022-02-22 15:50:18,681] {processor.py:642} INFO - Processing file /Users/aleckienzle/Developer/nba-etl/env/lib/python3.8/site-packages/airflow/example_dags/example_branch_python_dop_operator_3.py for tasks to queue
[2022-02-22 15:50:18,682] {logging_mixin.py:109} INFO - [2022-02-22 15:50:18,682] {dagbag.py:500} INFO - Filling up the DagBag from /Users/aleckienzle/Developer/nba-etl/env/lib/python3.8/site-packages/airflow/example_dags/example_branch_python_dop_operator_3.py
[2022-02-22 15:50:18,706] {processor.py:654} INFO - DAG(s) dict_keys(['example_branch_dop_operator_v3']) retrieved from /Users/aleckienzle/Developer/nba-etl/env/lib/python3.8/site-packages/airflow/example_dags/example_branch_python_dop_operator_3.py
[2022-02-22 15:50:18,716] {logging_mixin.py:109} INFO - [2022-02-22 15:50:18,716] {dag.py:2396} INFO - Sync 1 DAGs
[2022-02-22 15:50:18,723] {logging_mixin.py:109} INFO - [2022-02-22 15:50:18,723] {dag.py:2935} INFO - Setting next_dagrun for example_branch_dop_operator_v3 to 2022-02-22T23:49:00+00:00
[2022-02-22 15:50:18,727] {processor.py:171} INFO - Processing /Users/aleckienzle/Developer/nba-etl/env/lib/python3.8/site-packages/airflow/example_dags/example_branch_python_dop_operator_3.py took 0.046 seconds
[2022-02-22 15:51:28,480] {processor.py:163} INFO - Started process (PID=43161) to work on /Users/aleckienzle/Developer/nba-etl/env/lib/python3.8/site-packages/airflow/example_dags/example_branch_python_dop_operator_3.py
[2022-02-22 15:51:28,481] {processor.py:642} INFO - Processing file /Users/aleckienzle/Developer/nba-etl/env/lib/python3.8/site-packages/airflow/example_dags/example_branch_python_dop_operator_3.py for tasks to queue
[2022-02-22 15:51:28,481] {logging_mixin.py:109} INFO - [2022-02-22 15:51:28,481] {dagbag.py:500} INFO - Filling up the DagBag from /Users/aleckienzle/Developer/nba-etl/env/lib/python3.8/site-packages/airflow/example_dags/example_branch_python_dop_operator_3.py
[2022-02-22 15:51:28,504] {processor.py:654} INFO - DAG(s) dict_keys(['example_branch_dop_operator_v3']) retrieved from /Users/aleckienzle/Developer/nba-etl/env/lib/python3.8/site-packages/airflow/example_dags/example_branch_python_dop_operator_3.py
[2022-02-22 15:51:28,516] {logging_mixin.py:109} INFO - [2022-02-22 15:51:28,516] {dag.py:2396} INFO - Sync 1 DAGs
[2022-02-22 15:51:28,522] {logging_mixin.py:109} INFO - [2022-02-22 15:51:28,522] {dag.py:2935} INFO - Setting next_dagrun for example_branch_dop_operator_v3 to 2022-02-22T23:50:00+00:00
[2022-02-22 15:51:28,526] {processor.py:171} INFO - Processing /Users/aleckienzle/Developer/nba-etl/env/lib/python3.8/site-packages/airflow/example_dags/example_branch_python_dop_operator_3.py took 0.046 seconds
[2022-02-22 15:52:37,458] {processor.py:163} INFO - Started process (PID=43320) to work on /Users/aleckienzle/Developer/nba-etl/env/lib/python3.8/site-packages/airflow/example_dags/example_branch_python_dop_operator_3.py
[2022-02-22 15:52:37,458] {processor.py:642} INFO - Processing file /Users/aleckienzle/Developer/nba-etl/env/lib/python3.8/site-packages/airflow/example_dags/example_branch_python_dop_operator_3.py for tasks to queue
[2022-02-22 15:52:37,459] {logging_mixin.py:109} INFO - [2022-02-22 15:52:37,459] {dagbag.py:500} INFO - Filling up the DagBag from /Users/aleckienzle/Developer/nba-etl/env/lib/python3.8/site-packages/airflow/example_dags/example_branch_python_dop_operator_3.py
[2022-02-22 15:52:37,481] {processor.py:654} INFO - DAG(s) dict_keys(['example_branch_dop_operator_v3']) retrieved from /Users/aleckienzle/Developer/nba-etl/env/lib/python3.8/site-packages/airflow/example_dags/example_branch_python_dop_operator_3.py
[2022-02-22 15:52:37,490] {logging_mixin.py:109} INFO - [2022-02-22 15:52:37,490] {dag.py:2396} INFO - Sync 1 DAGs
[2022-02-22 15:52:37,496] {logging_mixin.py:109} INFO - [2022-02-22 15:52:37,496] {dag.py:2935} INFO - Setting next_dagrun for example_branch_dop_operator_v3 to 2022-02-22T23:51:00+00:00
[2022-02-22 15:52:37,500] {processor.py:171} INFO - Processing /Users/aleckienzle/Developer/nba-etl/env/lib/python3.8/site-packages/airflow/example_dags/example_branch_python_dop_operator_3.py took 0.042 seconds
[2022-02-22 15:53:46,227] {processor.py:163} INFO - Started process (PID=43488) to work on /Users/aleckienzle/Developer/nba-etl/env/lib/python3.8/site-packages/airflow/example_dags/example_branch_python_dop_operator_3.py
[2022-02-22 15:53:46,228] {processor.py:642} INFO - Processing file /Users/aleckienzle/Developer/nba-etl/env/lib/python3.8/site-packages/airflow/example_dags/example_branch_python_dop_operator_3.py for tasks to queue
[2022-02-22 15:53:46,228] {logging_mixin.py:109} INFO - [2022-02-22 15:53:46,228] {dagbag.py:500} INFO - Filling up the DagBag from /Users/aleckienzle/Developer/nba-etl/env/lib/python3.8/site-packages/airflow/example_dags/example_branch_python_dop_operator_3.py
[2022-02-22 15:53:46,252] {processor.py:654} INFO - DAG(s) dict_keys(['example_branch_dop_operator_v3']) retrieved from /Users/aleckienzle/Developer/nba-etl/env/lib/python3.8/site-packages/airflow/example_dags/example_branch_python_dop_operator_3.py
[2022-02-22 15:53:46,261] {logging_mixin.py:109} INFO - [2022-02-22 15:53:46,261] {dag.py:2396} INFO - Sync 1 DAGs
[2022-02-22 15:53:46,267] {logging_mixin.py:109} INFO - [2022-02-22 15:53:46,267] {dag.py:2935} INFO - Setting next_dagrun for example_branch_dop_operator_v3 to 2022-02-22T23:52:00+00:00
[2022-02-22 15:53:46,271] {processor.py:171} INFO - Processing /Users/aleckienzle/Developer/nba-etl/env/lib/python3.8/site-packages/airflow/example_dags/example_branch_python_dop_operator_3.py took 0.044 seconds
[2022-02-22 15:54:54,597] {processor.py:163} INFO - Started process (PID=43666) to work on /Users/aleckienzle/Developer/nba-etl/env/lib/python3.8/site-packages/airflow/example_dags/example_branch_python_dop_operator_3.py
[2022-02-22 15:54:54,598] {processor.py:642} INFO - Processing file /Users/aleckienzle/Developer/nba-etl/env/lib/python3.8/site-packages/airflow/example_dags/example_branch_python_dop_operator_3.py for tasks to queue
[2022-02-22 15:54:54,598] {logging_mixin.py:109} INFO - [2022-02-22 15:54:54,598] {dagbag.py:500} INFO - Filling up the DagBag from /Users/aleckienzle/Developer/nba-etl/env/lib/python3.8/site-packages/airflow/example_dags/example_branch_python_dop_operator_3.py
[2022-02-22 15:54:54,620] {processor.py:654} INFO - DAG(s) dict_keys(['example_branch_dop_operator_v3']) retrieved from /Users/aleckienzle/Developer/nba-etl/env/lib/python3.8/site-packages/airflow/example_dags/example_branch_python_dop_operator_3.py
[2022-02-22 15:54:54,629] {logging_mixin.py:109} INFO - [2022-02-22 15:54:54,629] {dag.py:2396} INFO - Sync 1 DAGs
[2022-02-22 15:54:54,635] {logging_mixin.py:109} INFO - [2022-02-22 15:54:54,635] {dag.py:2935} INFO - Setting next_dagrun for example_branch_dop_operator_v3 to 2022-02-22T23:53:00+00:00
[2022-02-22 15:54:54,639] {processor.py:171} INFO - Processing /Users/aleckienzle/Developer/nba-etl/env/lib/python3.8/site-packages/airflow/example_dags/example_branch_python_dop_operator_3.py took 0.041 seconds
[2022-02-22 15:56:04,611] {processor.py:163} INFO - Started process (PID=43867) to work on /Users/aleckienzle/Developer/nba-etl/env/lib/python3.8/site-packages/airflow/example_dags/example_branch_python_dop_operator_3.py
[2022-02-22 15:56:04,612] {processor.py:642} INFO - Processing file /Users/aleckienzle/Developer/nba-etl/env/lib/python3.8/site-packages/airflow/example_dags/example_branch_python_dop_operator_3.py for tasks to queue
[2022-02-22 15:56:04,612] {logging_mixin.py:109} INFO - [2022-02-22 15:56:04,612] {dagbag.py:500} INFO - Filling up the DagBag from /Users/aleckienzle/Developer/nba-etl/env/lib/python3.8/site-packages/airflow/example_dags/example_branch_python_dop_operator_3.py
[2022-02-22 15:56:04,635] {processor.py:654} INFO - DAG(s) dict_keys(['example_branch_dop_operator_v3']) retrieved from /Users/aleckienzle/Developer/nba-etl/env/lib/python3.8/site-packages/airflow/example_dags/example_branch_python_dop_operator_3.py
[2022-02-22 15:56:04,644] {logging_mixin.py:109} INFO - [2022-02-22 15:56:04,644] {dag.py:2396} INFO - Sync 1 DAGs
[2022-02-22 15:56:04,651] {logging_mixin.py:109} INFO - [2022-02-22 15:56:04,651] {dag.py:2935} INFO - Setting next_dagrun for example_branch_dop_operator_v3 to 2022-02-22T23:55:00+00:00
[2022-02-22 15:56:04,654] {processor.py:171} INFO - Processing /Users/aleckienzle/Developer/nba-etl/env/lib/python3.8/site-packages/airflow/example_dags/example_branch_python_dop_operator_3.py took 0.044 seconds
[2022-02-22 15:57:12,201] {processor.py:163} INFO - Started process (PID=44018) to work on /Users/aleckienzle/Developer/nba-etl/env/lib/python3.8/site-packages/airflow/example_dags/example_branch_python_dop_operator_3.py
[2022-02-22 15:57:12,202] {processor.py:642} INFO - Processing file /Users/aleckienzle/Developer/nba-etl/env/lib/python3.8/site-packages/airflow/example_dags/example_branch_python_dop_operator_3.py for tasks to queue
[2022-02-22 15:57:12,202] {logging_mixin.py:109} INFO - [2022-02-22 15:57:12,202] {dagbag.py:500} INFO - Filling up the DagBag from /Users/aleckienzle/Developer/nba-etl/env/lib/python3.8/site-packages/airflow/example_dags/example_branch_python_dop_operator_3.py
[2022-02-22 15:57:12,234] {processor.py:654} INFO - DAG(s) dict_keys(['example_branch_dop_operator_v3']) retrieved from /Users/aleckienzle/Developer/nba-etl/env/lib/python3.8/site-packages/airflow/example_dags/example_branch_python_dop_operator_3.py
[2022-02-22 15:57:12,248] {logging_mixin.py:109} INFO - [2022-02-22 15:57:12,248] {dag.py:2396} INFO - Sync 1 DAGs
[2022-02-22 15:57:12,255] {logging_mixin.py:109} INFO - [2022-02-22 15:57:12,255] {dag.py:2935} INFO - Setting next_dagrun for example_branch_dop_operator_v3 to 2022-02-22T23:56:00+00:00
[2022-02-22 15:57:12,260] {processor.py:171} INFO - Processing /Users/aleckienzle/Developer/nba-etl/env/lib/python3.8/site-packages/airflow/example_dags/example_branch_python_dop_operator_3.py took 0.059 seconds
[2022-02-22 15:58:22,827] {processor.py:163} INFO - Started process (PID=44307) to work on /Users/aleckienzle/Developer/nba-etl/env/lib/python3.8/site-packages/airflow/example_dags/example_branch_python_dop_operator_3.py
[2022-02-22 15:58:22,828] {processor.py:642} INFO - Processing file /Users/aleckienzle/Developer/nba-etl/env/lib/python3.8/site-packages/airflow/example_dags/example_branch_python_dop_operator_3.py for tasks to queue
[2022-02-22 15:58:22,828] {logging_mixin.py:109} INFO - [2022-02-22 15:58:22,828] {dagbag.py:500} INFO - Filling up the DagBag from /Users/aleckienzle/Developer/nba-etl/env/lib/python3.8/site-packages/airflow/example_dags/example_branch_python_dop_operator_3.py
[2022-02-22 15:58:22,853] {processor.py:654} INFO - DAG(s) dict_keys(['example_branch_dop_operator_v3']) retrieved from /Users/aleckienzle/Developer/nba-etl/env/lib/python3.8/site-packages/airflow/example_dags/example_branch_python_dop_operator_3.py
[2022-02-22 15:58:22,863] {logging_mixin.py:109} INFO - [2022-02-22 15:58:22,863] {dag.py:2396} INFO - Sync 1 DAGs
[2022-02-22 15:58:22,869] {logging_mixin.py:109} INFO - [2022-02-22 15:58:22,869] {dag.py:2935} INFO - Setting next_dagrun for example_branch_dop_operator_v3 to 2022-02-22T23:57:00+00:00
[2022-02-22 15:58:22,873] {processor.py:171} INFO - Processing /Users/aleckienzle/Developer/nba-etl/env/lib/python3.8/site-packages/airflow/example_dags/example_branch_python_dop_operator_3.py took 0.046 seconds
[2022-02-22 15:59:28,680] {processor.py:163} INFO - Started process (PID=44566) to work on /Users/aleckienzle/Developer/nba-etl/env/lib/python3.8/site-packages/airflow/example_dags/example_branch_python_dop_operator_3.py
[2022-02-22 15:59:28,681] {processor.py:642} INFO - Processing file /Users/aleckienzle/Developer/nba-etl/env/lib/python3.8/site-packages/airflow/example_dags/example_branch_python_dop_operator_3.py for tasks to queue
[2022-02-22 15:59:28,681] {logging_mixin.py:109} INFO - [2022-02-22 15:59:28,681] {dagbag.py:500} INFO - Filling up the DagBag from /Users/aleckienzle/Developer/nba-etl/env/lib/python3.8/site-packages/airflow/example_dags/example_branch_python_dop_operator_3.py
[2022-02-22 15:59:28,707] {processor.py:654} INFO - DAG(s) dict_keys(['example_branch_dop_operator_v3']) retrieved from /Users/aleckienzle/Developer/nba-etl/env/lib/python3.8/site-packages/airflow/example_dags/example_branch_python_dop_operator_3.py
[2022-02-22 15:59:28,717] {logging_mixin.py:109} INFO - [2022-02-22 15:59:28,716] {dag.py:2396} INFO - Sync 1 DAGs
[2022-02-22 15:59:28,723] {logging_mixin.py:109} INFO - [2022-02-22 15:59:28,723] {dag.py:2935} INFO - Setting next_dagrun for example_branch_dop_operator_v3 to 2022-02-22T23:58:00+00:00
[2022-02-22 15:59:28,727] {processor.py:171} INFO - Processing /Users/aleckienzle/Developer/nba-etl/env/lib/python3.8/site-packages/airflow/example_dags/example_branch_python_dop_operator_3.py took 0.047 seconds
