[2022-02-22 15:38:00,118] {processor.py:163} INFO - Started process (PID=41014) to work on /Users/aleckienzle/Developer/nba-etl/env/lib/python3.8/site-packages/airflow/example_dags/example_latest_only_with_trigger.py
[2022-02-22 15:38:00,119] {processor.py:642} INFO - Processing file /Users/aleckienzle/Developer/nba-etl/env/lib/python3.8/site-packages/airflow/example_dags/example_latest_only_with_trigger.py for tasks to queue
[2022-02-22 15:38:00,119] {logging_mixin.py:109} INFO - [2022-02-22 15:38:00,119] {dagbag.py:500} INFO - Filling up the DagBag from /Users/aleckienzle/Developer/nba-etl/env/lib/python3.8/site-packages/airflow/example_dags/example_latest_only_with_trigger.py
[2022-02-22 15:38:00,136] {processor.py:654} INFO - DAG(s) dict_keys(['latest_only_with_trigger']) retrieved from /Users/aleckienzle/Developer/nba-etl/env/lib/python3.8/site-packages/airflow/example_dags/example_latest_only_with_trigger.py
[2022-02-22 15:38:00,147] {logging_mixin.py:109} INFO - [2022-02-22 15:38:00,147] {dag.py:2396} INFO - Sync 1 DAGs
[2022-02-22 15:38:00,152] {logging_mixin.py:109} INFO - [2022-02-22 15:38:00,152] {dag.py:2935} INFO - Setting next_dagrun for latest_only_with_trigger to 2022-02-22T19:38:00.152642+00:00
[2022-02-22 15:38:00,156] {processor.py:171} INFO - Processing /Users/aleckienzle/Developer/nba-etl/env/lib/python3.8/site-packages/airflow/example_dags/example_latest_only_with_trigger.py took 0.038 seconds
[2022-02-22 15:39:03,819] {processor.py:163} INFO - Started process (PID=41174) to work on /Users/aleckienzle/Developer/nba-etl/env/lib/python3.8/site-packages/airflow/example_dags/example_latest_only_with_trigger.py
[2022-02-22 15:39:03,820] {processor.py:642} INFO - Processing file /Users/aleckienzle/Developer/nba-etl/env/lib/python3.8/site-packages/airflow/example_dags/example_latest_only_with_trigger.py for tasks to queue
[2022-02-22 15:39:03,820] {logging_mixin.py:109} INFO - [2022-02-22 15:39:03,820] {dagbag.py:500} INFO - Filling up the DagBag from /Users/aleckienzle/Developer/nba-etl/env/lib/python3.8/site-packages/airflow/example_dags/example_latest_only_with_trigger.py
[2022-02-22 15:39:03,836] {processor.py:654} INFO - DAG(s) dict_keys(['latest_only_with_trigger']) retrieved from /Users/aleckienzle/Developer/nba-etl/env/lib/python3.8/site-packages/airflow/example_dags/example_latest_only_with_trigger.py
[2022-02-22 15:39:03,845] {logging_mixin.py:109} INFO - [2022-02-22 15:39:03,845] {dag.py:2396} INFO - Sync 1 DAGs
[2022-02-22 15:39:03,850] {logging_mixin.py:109} INFO - [2022-02-22 15:39:03,849] {dag.py:2935} INFO - Setting next_dagrun for latest_only_with_trigger to 2022-02-22T19:39:03.849886+00:00
[2022-02-22 15:39:03,853] {processor.py:171} INFO - Processing /Users/aleckienzle/Developer/nba-etl/env/lib/python3.8/site-packages/airflow/example_dags/example_latest_only_with_trigger.py took 0.034 seconds
[2022-02-22 15:40:07,484] {processor.py:163} INFO - Started process (PID=41331) to work on /Users/aleckienzle/Developer/nba-etl/env/lib/python3.8/site-packages/airflow/example_dags/example_latest_only_with_trigger.py
[2022-02-22 15:40:07,485] {processor.py:642} INFO - Processing file /Users/aleckienzle/Developer/nba-etl/env/lib/python3.8/site-packages/airflow/example_dags/example_latest_only_with_trigger.py for tasks to queue
[2022-02-22 15:40:07,485] {logging_mixin.py:109} INFO - [2022-02-22 15:40:07,485] {dagbag.py:500} INFO - Filling up the DagBag from /Users/aleckienzle/Developer/nba-etl/env/lib/python3.8/site-packages/airflow/example_dags/example_latest_only_with_trigger.py
[2022-02-22 15:40:07,501] {processor.py:654} INFO - DAG(s) dict_keys(['latest_only_with_trigger']) retrieved from /Users/aleckienzle/Developer/nba-etl/env/lib/python3.8/site-packages/airflow/example_dags/example_latest_only_with_trigger.py
[2022-02-22 15:40:07,511] {logging_mixin.py:109} INFO - [2022-02-22 15:40:07,511] {dag.py:2396} INFO - Sync 1 DAGs
[2022-02-22 15:40:07,516] {logging_mixin.py:109} INFO - [2022-02-22 15:40:07,516] {dag.py:2935} INFO - Setting next_dagrun for latest_only_with_trigger to 2022-02-22T19:40:07.516008+00:00
[2022-02-22 15:40:07,520] {processor.py:171} INFO - Processing /Users/aleckienzle/Developer/nba-etl/env/lib/python3.8/site-packages/airflow/example_dags/example_latest_only_with_trigger.py took 0.036 seconds
[2022-02-22 15:41:11,452] {processor.py:163} INFO - Started process (PID=41474) to work on /Users/aleckienzle/Developer/nba-etl/env/lib/python3.8/site-packages/airflow/example_dags/example_latest_only_with_trigger.py
[2022-02-22 15:41:11,453] {processor.py:642} INFO - Processing file /Users/aleckienzle/Developer/nba-etl/env/lib/python3.8/site-packages/airflow/example_dags/example_latest_only_with_trigger.py for tasks to queue
[2022-02-22 15:41:11,453] {logging_mixin.py:109} INFO - [2022-02-22 15:41:11,453] {dagbag.py:500} INFO - Filling up the DagBag from /Users/aleckienzle/Developer/nba-etl/env/lib/python3.8/site-packages/airflow/example_dags/example_latest_only_with_trigger.py
[2022-02-22 15:41:11,468] {processor.py:654} INFO - DAG(s) dict_keys(['latest_only_with_trigger']) retrieved from /Users/aleckienzle/Developer/nba-etl/env/lib/python3.8/site-packages/airflow/example_dags/example_latest_only_with_trigger.py
[2022-02-22 15:41:11,478] {logging_mixin.py:109} INFO - [2022-02-22 15:41:11,478] {dag.py:2396} INFO - Sync 1 DAGs
[2022-02-22 15:41:11,482] {logging_mixin.py:109} INFO - [2022-02-22 15:41:11,482] {dag.py:2935} INFO - Setting next_dagrun for latest_only_with_trigger to 2022-02-22T19:41:11.482288+00:00
[2022-02-22 15:41:11,485] {processor.py:171} INFO - Processing /Users/aleckienzle/Developer/nba-etl/env/lib/python3.8/site-packages/airflow/example_dags/example_latest_only_with_trigger.py took 0.034 seconds
[2022-02-22 15:42:15,306] {processor.py:163} INFO - Started process (PID=41615) to work on /Users/aleckienzle/Developer/nba-etl/env/lib/python3.8/site-packages/airflow/example_dags/example_latest_only_with_trigger.py
[2022-02-22 15:42:15,307] {processor.py:642} INFO - Processing file /Users/aleckienzle/Developer/nba-etl/env/lib/python3.8/site-packages/airflow/example_dags/example_latest_only_with_trigger.py for tasks to queue
[2022-02-22 15:42:15,307] {logging_mixin.py:109} INFO - [2022-02-22 15:42:15,307] {dagbag.py:500} INFO - Filling up the DagBag from /Users/aleckienzle/Developer/nba-etl/env/lib/python3.8/site-packages/airflow/example_dags/example_latest_only_with_trigger.py
[2022-02-22 15:42:15,327] {processor.py:654} INFO - DAG(s) dict_keys(['latest_only_with_trigger']) retrieved from /Users/aleckienzle/Developer/nba-etl/env/lib/python3.8/site-packages/airflow/example_dags/example_latest_only_with_trigger.py
[2022-02-22 15:42:15,337] {logging_mixin.py:109} INFO - [2022-02-22 15:42:15,337] {dag.py:2396} INFO - Sync 1 DAGs
[2022-02-22 15:42:15,341] {logging_mixin.py:109} INFO - [2022-02-22 15:42:15,341] {dag.py:2935} INFO - Setting next_dagrun for latest_only_with_trigger to 2022-02-22T19:42:15.341629+00:00
[2022-02-22 15:42:15,345] {processor.py:171} INFO - Processing /Users/aleckienzle/Developer/nba-etl/env/lib/python3.8/site-packages/airflow/example_dags/example_latest_only_with_trigger.py took 0.039 seconds
[2022-02-22 15:43:21,647] {processor.py:163} INFO - Started process (PID=41826) to work on /Users/aleckienzle/Developer/nba-etl/env/lib/python3.8/site-packages/airflow/example_dags/example_latest_only_with_trigger.py
[2022-02-22 15:43:21,648] {processor.py:642} INFO - Processing file /Users/aleckienzle/Developer/nba-etl/env/lib/python3.8/site-packages/airflow/example_dags/example_latest_only_with_trigger.py for tasks to queue
[2022-02-22 15:43:21,648] {logging_mixin.py:109} INFO - [2022-02-22 15:43:21,648] {dagbag.py:500} INFO - Filling up the DagBag from /Users/aleckienzle/Developer/nba-etl/env/lib/python3.8/site-packages/airflow/example_dags/example_latest_only_with_trigger.py
[2022-02-22 15:43:21,664] {processor.py:654} INFO - DAG(s) dict_keys(['latest_only_with_trigger']) retrieved from /Users/aleckienzle/Developer/nba-etl/env/lib/python3.8/site-packages/airflow/example_dags/example_latest_only_with_trigger.py
[2022-02-22 15:43:21,674] {logging_mixin.py:109} INFO - [2022-02-22 15:43:21,674] {dag.py:2396} INFO - Sync 1 DAGs
[2022-02-22 15:43:21,678] {logging_mixin.py:109} INFO - [2022-02-22 15:43:21,678] {dag.py:2935} INFO - Setting next_dagrun for latest_only_with_trigger to 2022-02-22T19:43:21.678715+00:00
[2022-02-22 15:43:21,685] {processor.py:171} INFO - Processing /Users/aleckienzle/Developer/nba-etl/env/lib/python3.8/site-packages/airflow/example_dags/example_latest_only_with_trigger.py took 0.038 seconds
[2022-02-22 15:44:27,364] {processor.py:163} INFO - Started process (PID=41976) to work on /Users/aleckienzle/Developer/nba-etl/env/lib/python3.8/site-packages/airflow/example_dags/example_latest_only_with_trigger.py
[2022-02-22 15:44:27,365] {processor.py:642} INFO - Processing file /Users/aleckienzle/Developer/nba-etl/env/lib/python3.8/site-packages/airflow/example_dags/example_latest_only_with_trigger.py for tasks to queue
[2022-02-22 15:44:27,365] {logging_mixin.py:109} INFO - [2022-02-22 15:44:27,365] {dagbag.py:500} INFO - Filling up the DagBag from /Users/aleckienzle/Developer/nba-etl/env/lib/python3.8/site-packages/airflow/example_dags/example_latest_only_with_trigger.py
[2022-02-22 15:44:27,381] {processor.py:654} INFO - DAG(s) dict_keys(['latest_only_with_trigger']) retrieved from /Users/aleckienzle/Developer/nba-etl/env/lib/python3.8/site-packages/airflow/example_dags/example_latest_only_with_trigger.py
[2022-02-22 15:44:27,391] {logging_mixin.py:109} INFO - [2022-02-22 15:44:27,391] {dag.py:2396} INFO - Sync 1 DAGs
[2022-02-22 15:44:27,395] {logging_mixin.py:109} INFO - [2022-02-22 15:44:27,395] {dag.py:2935} INFO - Setting next_dagrun for latest_only_with_trigger to 2022-02-22T19:44:27.395819+00:00
[2022-02-22 15:44:27,399] {processor.py:171} INFO - Processing /Users/aleckienzle/Developer/nba-etl/env/lib/python3.8/site-packages/airflow/example_dags/example_latest_only_with_trigger.py took 0.036 seconds
[2022-02-22 15:45:33,348] {processor.py:163} INFO - Started process (PID=42115) to work on /Users/aleckienzle/Developer/nba-etl/env/lib/python3.8/site-packages/airflow/example_dags/example_latest_only_with_trigger.py
[2022-02-22 15:45:33,348] {processor.py:642} INFO - Processing file /Users/aleckienzle/Developer/nba-etl/env/lib/python3.8/site-packages/airflow/example_dags/example_latest_only_with_trigger.py for tasks to queue
[2022-02-22 15:45:33,348] {logging_mixin.py:109} INFO - [2022-02-22 15:45:33,348] {dagbag.py:500} INFO - Filling up the DagBag from /Users/aleckienzle/Developer/nba-etl/env/lib/python3.8/site-packages/airflow/example_dags/example_latest_only_with_trigger.py
[2022-02-22 15:45:33,364] {processor.py:654} INFO - DAG(s) dict_keys(['latest_only_with_trigger']) retrieved from /Users/aleckienzle/Developer/nba-etl/env/lib/python3.8/site-packages/airflow/example_dags/example_latest_only_with_trigger.py
[2022-02-22 15:45:33,373] {logging_mixin.py:109} INFO - [2022-02-22 15:45:33,373] {dag.py:2396} INFO - Sync 1 DAGs
[2022-02-22 15:45:33,377] {logging_mixin.py:109} INFO - [2022-02-22 15:45:33,377] {dag.py:2935} INFO - Setting next_dagrun for latest_only_with_trigger to 2022-02-22T19:45:33.377746+00:00
[2022-02-22 15:45:33,381] {processor.py:171} INFO - Processing /Users/aleckienzle/Developer/nba-etl/env/lib/python3.8/site-packages/airflow/example_dags/example_latest_only_with_trigger.py took 0.033 seconds
[2022-02-22 15:46:39,127] {processor.py:163} INFO - Started process (PID=42341) to work on /Users/aleckienzle/Developer/nba-etl/env/lib/python3.8/site-packages/airflow/example_dags/example_latest_only_with_trigger.py
[2022-02-22 15:46:39,128] {processor.py:642} INFO - Processing file /Users/aleckienzle/Developer/nba-etl/env/lib/python3.8/site-packages/airflow/example_dags/example_latest_only_with_trigger.py for tasks to queue
[2022-02-22 15:46:39,128] {logging_mixin.py:109} INFO - [2022-02-22 15:46:39,128] {dagbag.py:500} INFO - Filling up the DagBag from /Users/aleckienzle/Developer/nba-etl/env/lib/python3.8/site-packages/airflow/example_dags/example_latest_only_with_trigger.py
[2022-02-22 15:46:39,144] {processor.py:654} INFO - DAG(s) dict_keys(['latest_only_with_trigger']) retrieved from /Users/aleckienzle/Developer/nba-etl/env/lib/python3.8/site-packages/airflow/example_dags/example_latest_only_with_trigger.py
[2022-02-22 15:46:39,155] {logging_mixin.py:109} INFO - [2022-02-22 15:46:39,155] {dag.py:2396} INFO - Sync 1 DAGs
[2022-02-22 15:46:39,159] {logging_mixin.py:109} INFO - [2022-02-22 15:46:39,159] {dag.py:2935} INFO - Setting next_dagrun for latest_only_with_trigger to 2022-02-22T19:46:39.159495+00:00
[2022-02-22 15:46:39,163] {processor.py:171} INFO - Processing /Users/aleckienzle/Developer/nba-etl/env/lib/python3.8/site-packages/airflow/example_dags/example_latest_only_with_trigger.py took 0.036 seconds
[2022-02-22 15:47:50,950] {processor.py:163} INFO - Started process (PID=42592) to work on /Users/aleckienzle/Developer/nba-etl/env/lib/python3.8/site-packages/airflow/example_dags/example_latest_only_with_trigger.py
[2022-02-22 15:47:50,951] {processor.py:642} INFO - Processing file /Users/aleckienzle/Developer/nba-etl/env/lib/python3.8/site-packages/airflow/example_dags/example_latest_only_with_trigger.py for tasks to queue
[2022-02-22 15:47:50,951] {logging_mixin.py:109} INFO - [2022-02-22 15:47:50,951] {dagbag.py:500} INFO - Filling up the DagBag from /Users/aleckienzle/Developer/nba-etl/env/lib/python3.8/site-packages/airflow/example_dags/example_latest_only_with_trigger.py
[2022-02-22 15:47:50,967] {processor.py:654} INFO - DAG(s) dict_keys(['latest_only_with_trigger']) retrieved from /Users/aleckienzle/Developer/nba-etl/env/lib/python3.8/site-packages/airflow/example_dags/example_latest_only_with_trigger.py
[2022-02-22 15:47:50,976] {logging_mixin.py:109} INFO - [2022-02-22 15:47:50,976] {dag.py:2396} INFO - Sync 1 DAGs
[2022-02-22 15:47:50,981] {logging_mixin.py:109} INFO - [2022-02-22 15:47:50,980] {dag.py:2935} INFO - Setting next_dagrun for latest_only_with_trigger to 2022-02-22T19:47:50.980887+00:00
[2022-02-22 15:47:50,984] {processor.py:171} INFO - Processing /Users/aleckienzle/Developer/nba-etl/env/lib/python3.8/site-packages/airflow/example_dags/example_latest_only_with_trigger.py took 0.034 seconds
[2022-02-22 15:48:58,955] {processor.py:163} INFO - Started process (PID=42776) to work on /Users/aleckienzle/Developer/nba-etl/env/lib/python3.8/site-packages/airflow/example_dags/example_latest_only_with_trigger.py
[2022-02-22 15:48:58,956] {processor.py:642} INFO - Processing file /Users/aleckienzle/Developer/nba-etl/env/lib/python3.8/site-packages/airflow/example_dags/example_latest_only_with_trigger.py for tasks to queue
[2022-02-22 15:48:58,956] {logging_mixin.py:109} INFO - [2022-02-22 15:48:58,956] {dagbag.py:500} INFO - Filling up the DagBag from /Users/aleckienzle/Developer/nba-etl/env/lib/python3.8/site-packages/airflow/example_dags/example_latest_only_with_trigger.py
[2022-02-22 15:48:58,973] {processor.py:654} INFO - DAG(s) dict_keys(['latest_only_with_trigger']) retrieved from /Users/aleckienzle/Developer/nba-etl/env/lib/python3.8/site-packages/airflow/example_dags/example_latest_only_with_trigger.py
[2022-02-22 15:48:58,983] {logging_mixin.py:109} INFO - [2022-02-22 15:48:58,982] {dag.py:2396} INFO - Sync 1 DAGs
[2022-02-22 15:48:58,987] {logging_mixin.py:109} INFO - [2022-02-22 15:48:58,987] {dag.py:2935} INFO - Setting next_dagrun for latest_only_with_trigger to 2022-02-22T19:48:58.987299+00:00
[2022-02-22 15:48:58,990] {processor.py:171} INFO - Processing /Users/aleckienzle/Developer/nba-etl/env/lib/python3.8/site-packages/airflow/example_dags/example_latest_only_with_trigger.py took 0.036 seconds
[2022-02-22 15:50:07,042] {processor.py:163} INFO - Started process (PID=42939) to work on /Users/aleckienzle/Developer/nba-etl/env/lib/python3.8/site-packages/airflow/example_dags/example_latest_only_with_trigger.py
[2022-02-22 15:50:07,043] {processor.py:642} INFO - Processing file /Users/aleckienzle/Developer/nba-etl/env/lib/python3.8/site-packages/airflow/example_dags/example_latest_only_with_trigger.py for tasks to queue
[2022-02-22 15:50:07,043] {logging_mixin.py:109} INFO - [2022-02-22 15:50:07,043] {dagbag.py:500} INFO - Filling up the DagBag from /Users/aleckienzle/Developer/nba-etl/env/lib/python3.8/site-packages/airflow/example_dags/example_latest_only_with_trigger.py
[2022-02-22 15:50:07,059] {processor.py:654} INFO - DAG(s) dict_keys(['latest_only_with_trigger']) retrieved from /Users/aleckienzle/Developer/nba-etl/env/lib/python3.8/site-packages/airflow/example_dags/example_latest_only_with_trigger.py
[2022-02-22 15:50:07,069] {logging_mixin.py:109} INFO - [2022-02-22 15:50:07,069] {dag.py:2396} INFO - Sync 1 DAGs
[2022-02-22 15:50:07,073] {logging_mixin.py:109} INFO - [2022-02-22 15:50:07,073] {dag.py:2935} INFO - Setting next_dagrun for latest_only_with_trigger to 2022-02-22T19:50:07.073503+00:00
[2022-02-22 15:50:07,076] {processor.py:171} INFO - Processing /Users/aleckienzle/Developer/nba-etl/env/lib/python3.8/site-packages/airflow/example_dags/example_latest_only_with_trigger.py took 0.035 seconds
[2022-02-22 15:51:16,879] {processor.py:163} INFO - Started process (PID=43126) to work on /Users/aleckienzle/Developer/nba-etl/env/lib/python3.8/site-packages/airflow/example_dags/example_latest_only_with_trigger.py
[2022-02-22 15:51:16,881] {processor.py:642} INFO - Processing file /Users/aleckienzle/Developer/nba-etl/env/lib/python3.8/site-packages/airflow/example_dags/example_latest_only_with_trigger.py for tasks to queue
[2022-02-22 15:51:16,881] {logging_mixin.py:109} INFO - [2022-02-22 15:51:16,881] {dagbag.py:500} INFO - Filling up the DagBag from /Users/aleckienzle/Developer/nba-etl/env/lib/python3.8/site-packages/airflow/example_dags/example_latest_only_with_trigger.py
[2022-02-22 15:51:16,896] {processor.py:654} INFO - DAG(s) dict_keys(['latest_only_with_trigger']) retrieved from /Users/aleckienzle/Developer/nba-etl/env/lib/python3.8/site-packages/airflow/example_dags/example_latest_only_with_trigger.py
[2022-02-22 15:51:16,906] {logging_mixin.py:109} INFO - [2022-02-22 15:51:16,906] {dag.py:2396} INFO - Sync 1 DAGs
[2022-02-22 15:51:16,910] {logging_mixin.py:109} INFO - [2022-02-22 15:51:16,910] {dag.py:2935} INFO - Setting next_dagrun for latest_only_with_trigger to 2022-02-22T19:51:16.910102+00:00
[2022-02-22 15:51:16,915] {processor.py:171} INFO - Processing /Users/aleckienzle/Developer/nba-etl/env/lib/python3.8/site-packages/airflow/example_dags/example_latest_only_with_trigger.py took 0.036 seconds
[2022-02-22 15:52:26,688] {processor.py:163} INFO - Started process (PID=43295) to work on /Users/aleckienzle/Developer/nba-etl/env/lib/python3.8/site-packages/airflow/example_dags/example_latest_only_with_trigger.py
[2022-02-22 15:52:26,688] {processor.py:642} INFO - Processing file /Users/aleckienzle/Developer/nba-etl/env/lib/python3.8/site-packages/airflow/example_dags/example_latest_only_with_trigger.py for tasks to queue
[2022-02-22 15:52:26,689] {logging_mixin.py:109} INFO - [2022-02-22 15:52:26,688] {dagbag.py:500} INFO - Filling up the DagBag from /Users/aleckienzle/Developer/nba-etl/env/lib/python3.8/site-packages/airflow/example_dags/example_latest_only_with_trigger.py
[2022-02-22 15:52:26,704] {processor.py:654} INFO - DAG(s) dict_keys(['latest_only_with_trigger']) retrieved from /Users/aleckienzle/Developer/nba-etl/env/lib/python3.8/site-packages/airflow/example_dags/example_latest_only_with_trigger.py
[2022-02-22 15:52:26,714] {logging_mixin.py:109} INFO - [2022-02-22 15:52:26,714] {dag.py:2396} INFO - Sync 1 DAGs
[2022-02-22 15:52:26,719] {logging_mixin.py:109} INFO - [2022-02-22 15:52:26,719] {dag.py:2935} INFO - Setting next_dagrun for latest_only_with_trigger to 2022-02-22T19:52:26.719654+00:00
[2022-02-22 15:52:26,723] {processor.py:171} INFO - Processing /Users/aleckienzle/Developer/nba-etl/env/lib/python3.8/site-packages/airflow/example_dags/example_latest_only_with_trigger.py took 0.035 seconds
[2022-02-22 15:53:34,657] {processor.py:163} INFO - Started process (PID=43456) to work on /Users/aleckienzle/Developer/nba-etl/env/lib/python3.8/site-packages/airflow/example_dags/example_latest_only_with_trigger.py
[2022-02-22 15:53:34,657] {processor.py:642} INFO - Processing file /Users/aleckienzle/Developer/nba-etl/env/lib/python3.8/site-packages/airflow/example_dags/example_latest_only_with_trigger.py for tasks to queue
[2022-02-22 15:53:34,658] {logging_mixin.py:109} INFO - [2022-02-22 15:53:34,658] {dagbag.py:500} INFO - Filling up the DagBag from /Users/aleckienzle/Developer/nba-etl/env/lib/python3.8/site-packages/airflow/example_dags/example_latest_only_with_trigger.py
[2022-02-22 15:53:34,675] {processor.py:654} INFO - DAG(s) dict_keys(['latest_only_with_trigger']) retrieved from /Users/aleckienzle/Developer/nba-etl/env/lib/python3.8/site-packages/airflow/example_dags/example_latest_only_with_trigger.py
[2022-02-22 15:53:34,687] {logging_mixin.py:109} INFO - [2022-02-22 15:53:34,686] {dag.py:2396} INFO - Sync 1 DAGs
[2022-02-22 15:53:34,691] {logging_mixin.py:109} INFO - [2022-02-22 15:53:34,691] {dag.py:2935} INFO - Setting next_dagrun for latest_only_with_trigger to 2022-02-22T19:53:34.691794+00:00
[2022-02-22 15:53:34,696] {processor.py:171} INFO - Processing /Users/aleckienzle/Developer/nba-etl/env/lib/python3.8/site-packages/airflow/example_dags/example_latest_only_with_trigger.py took 0.039 seconds
[2022-02-22 15:54:42,975] {processor.py:163} INFO - Started process (PID=43633) to work on /Users/aleckienzle/Developer/nba-etl/env/lib/python3.8/site-packages/airflow/example_dags/example_latest_only_with_trigger.py
[2022-02-22 15:54:42,976] {processor.py:642} INFO - Processing file /Users/aleckienzle/Developer/nba-etl/env/lib/python3.8/site-packages/airflow/example_dags/example_latest_only_with_trigger.py for tasks to queue
[2022-02-22 15:54:42,977] {logging_mixin.py:109} INFO - [2022-02-22 15:54:42,977] {dagbag.py:500} INFO - Filling up the DagBag from /Users/aleckienzle/Developer/nba-etl/env/lib/python3.8/site-packages/airflow/example_dags/example_latest_only_with_trigger.py
[2022-02-22 15:54:42,992] {processor.py:654} INFO - DAG(s) dict_keys(['latest_only_with_trigger']) retrieved from /Users/aleckienzle/Developer/nba-etl/env/lib/python3.8/site-packages/airflow/example_dags/example_latest_only_with_trigger.py
[2022-02-22 15:54:43,001] {logging_mixin.py:109} INFO - [2022-02-22 15:54:43,001] {dag.py:2396} INFO - Sync 1 DAGs
[2022-02-22 15:54:43,005] {logging_mixin.py:109} INFO - [2022-02-22 15:54:43,005] {dag.py:2935} INFO - Setting next_dagrun for latest_only_with_trigger to 2022-02-22T19:54:43.005789+00:00
[2022-02-22 15:54:43,009] {processor.py:171} INFO - Processing /Users/aleckienzle/Developer/nba-etl/env/lib/python3.8/site-packages/airflow/example_dags/example_latest_only_with_trigger.py took 0.034 seconds
[2022-02-22 15:55:53,082] {processor.py:163} INFO - Started process (PID=43844) to work on /Users/aleckienzle/Developer/nba-etl/env/lib/python3.8/site-packages/airflow/example_dags/example_latest_only_with_trigger.py
[2022-02-22 15:55:53,083] {processor.py:642} INFO - Processing file /Users/aleckienzle/Developer/nba-etl/env/lib/python3.8/site-packages/airflow/example_dags/example_latest_only_with_trigger.py for tasks to queue
[2022-02-22 15:55:53,083] {logging_mixin.py:109} INFO - [2022-02-22 15:55:53,083] {dagbag.py:500} INFO - Filling up the DagBag from /Users/aleckienzle/Developer/nba-etl/env/lib/python3.8/site-packages/airflow/example_dags/example_latest_only_with_trigger.py
[2022-02-22 15:55:53,098] {processor.py:654} INFO - DAG(s) dict_keys(['latest_only_with_trigger']) retrieved from /Users/aleckienzle/Developer/nba-etl/env/lib/python3.8/site-packages/airflow/example_dags/example_latest_only_with_trigger.py
[2022-02-22 15:55:53,107] {logging_mixin.py:109} INFO - [2022-02-22 15:55:53,107] {dag.py:2396} INFO - Sync 1 DAGs
[2022-02-22 15:55:53,112] {logging_mixin.py:109} INFO - [2022-02-22 15:55:53,112] {dag.py:2935} INFO - Setting next_dagrun for latest_only_with_trigger to 2022-02-22T19:55:53.111947+00:00
[2022-02-22 15:55:53,115] {processor.py:171} INFO - Processing /Users/aleckienzle/Developer/nba-etl/env/lib/python3.8/site-packages/airflow/example_dags/example_latest_only_with_trigger.py took 0.033 seconds
[2022-02-22 15:57:00,584] {processor.py:163} INFO - Started process (PID=43993) to work on /Users/aleckienzle/Developer/nba-etl/env/lib/python3.8/site-packages/airflow/example_dags/example_latest_only_with_trigger.py
[2022-02-22 15:57:00,585] {processor.py:642} INFO - Processing file /Users/aleckienzle/Developer/nba-etl/env/lib/python3.8/site-packages/airflow/example_dags/example_latest_only_with_trigger.py for tasks to queue
[2022-02-22 15:57:00,585] {logging_mixin.py:109} INFO - [2022-02-22 15:57:00,585] {dagbag.py:500} INFO - Filling up the DagBag from /Users/aleckienzle/Developer/nba-etl/env/lib/python3.8/site-packages/airflow/example_dags/example_latest_only_with_trigger.py
[2022-02-22 15:57:00,601] {processor.py:654} INFO - DAG(s) dict_keys(['latest_only_with_trigger']) retrieved from /Users/aleckienzle/Developer/nba-etl/env/lib/python3.8/site-packages/airflow/example_dags/example_latest_only_with_trigger.py
[2022-02-22 15:57:00,611] {logging_mixin.py:109} INFO - [2022-02-22 15:57:00,610] {dag.py:2396} INFO - Sync 1 DAGs
[2022-02-22 15:57:00,615] {logging_mixin.py:109} INFO - [2022-02-22 15:57:00,615] {dag.py:2935} INFO - Setting next_dagrun for latest_only_with_trigger to 2022-02-22T19:57:00.615167+00:00
[2022-02-22 15:57:00,618] {processor.py:171} INFO - Processing /Users/aleckienzle/Developer/nba-etl/env/lib/python3.8/site-packages/airflow/example_dags/example_latest_only_with_trigger.py took 0.035 seconds
[2022-02-22 15:58:11,314] {processor.py:163} INFO - Started process (PID=44272) to work on /Users/aleckienzle/Developer/nba-etl/env/lib/python3.8/site-packages/airflow/example_dags/example_latest_only_with_trigger.py
[2022-02-22 15:58:11,315] {processor.py:642} INFO - Processing file /Users/aleckienzle/Developer/nba-etl/env/lib/python3.8/site-packages/airflow/example_dags/example_latest_only_with_trigger.py for tasks to queue
[2022-02-22 15:58:11,315] {logging_mixin.py:109} INFO - [2022-02-22 15:58:11,315] {dagbag.py:500} INFO - Filling up the DagBag from /Users/aleckienzle/Developer/nba-etl/env/lib/python3.8/site-packages/airflow/example_dags/example_latest_only_with_trigger.py
[2022-02-22 15:58:11,332] {processor.py:654} INFO - DAG(s) dict_keys(['latest_only_with_trigger']) retrieved from /Users/aleckienzle/Developer/nba-etl/env/lib/python3.8/site-packages/airflow/example_dags/example_latest_only_with_trigger.py
[2022-02-22 15:58:11,342] {logging_mixin.py:109} INFO - [2022-02-22 15:58:11,342] {dag.py:2396} INFO - Sync 1 DAGs
[2022-02-22 15:58:11,347] {logging_mixin.py:109} INFO - [2022-02-22 15:58:11,347] {dag.py:2935} INFO - Setting next_dagrun for latest_only_with_trigger to 2022-02-22T19:58:11.347758+00:00
[2022-02-22 15:58:11,351] {processor.py:171} INFO - Processing /Users/aleckienzle/Developer/nba-etl/env/lib/python3.8/site-packages/airflow/example_dags/example_latest_only_with_trigger.py took 0.037 seconds
[2022-02-22 15:59:16,806] {processor.py:163} INFO - Started process (PID=44496) to work on /Users/aleckienzle/Developer/nba-etl/env/lib/python3.8/site-packages/airflow/example_dags/example_latest_only_with_trigger.py
[2022-02-22 15:59:16,808] {processor.py:642} INFO - Processing file /Users/aleckienzle/Developer/nba-etl/env/lib/python3.8/site-packages/airflow/example_dags/example_latest_only_with_trigger.py for tasks to queue
[2022-02-22 15:59:16,808] {logging_mixin.py:109} INFO - [2022-02-22 15:59:16,808] {dagbag.py:500} INFO - Filling up the DagBag from /Users/aleckienzle/Developer/nba-etl/env/lib/python3.8/site-packages/airflow/example_dags/example_latest_only_with_trigger.py
[2022-02-22 15:59:16,825] {processor.py:654} INFO - DAG(s) dict_keys(['latest_only_with_trigger']) retrieved from /Users/aleckienzle/Developer/nba-etl/env/lib/python3.8/site-packages/airflow/example_dags/example_latest_only_with_trigger.py
[2022-02-22 15:59:16,836] {logging_mixin.py:109} INFO - [2022-02-22 15:59:16,836] {dag.py:2396} INFO - Sync 1 DAGs
[2022-02-22 15:59:16,841] {logging_mixin.py:109} INFO - [2022-02-22 15:59:16,841] {dag.py:2935} INFO - Setting next_dagrun for latest_only_with_trigger to 2022-02-22T19:59:16.841075+00:00
[2022-02-22 15:59:16,844] {processor.py:171} INFO - Processing /Users/aleckienzle/Developer/nba-etl/env/lib/python3.8/site-packages/airflow/example_dags/example_latest_only_with_trigger.py took 0.038 seconds
