[2022-02-22 15:37:54,372] {processor.py:163} INFO - Started process (PID=40995) to work on /Users/aleckienzle/Developer/nba-etl/env/lib/python3.8/site-packages/airflow/example_dags/example_python_operator.py
[2022-02-22 15:37:54,372] {processor.py:642} INFO - Processing file /Users/aleckienzle/Developer/nba-etl/env/lib/python3.8/site-packages/airflow/example_dags/example_python_operator.py for tasks to queue
[2022-02-22 15:37:54,372] {logging_mixin.py:109} INFO - [2022-02-22 15:37:54,372] {dagbag.py:500} INFO - Filling up the DagBag from /Users/aleckienzle/Developer/nba-etl/env/lib/python3.8/site-packages/airflow/example_dags/example_python_operator.py
[2022-02-22 15:37:54,384] {logging_mixin.py:109} INFO - [2022-02-22 15:37:54,384] {example_python_operator.py:67} WARNING - The virtalenv_python example task requires virtualenv, please install it.
[2022-02-22 15:37:54,399] {processor.py:654} INFO - DAG(s) dict_keys(['example_python_operator']) retrieved from /Users/aleckienzle/Developer/nba-etl/env/lib/python3.8/site-packages/airflow/example_dags/example_python_operator.py
[2022-02-22 15:37:54,409] {logging_mixin.py:109} INFO - [2022-02-22 15:37:54,408] {dag.py:2396} INFO - Sync 1 DAGs
[2022-02-22 15:37:54,413] {logging_mixin.py:109} INFO - [2022-02-22 15:37:54,413] {dag.py:2935} INFO - Setting next_dagrun for example_python_operator to None
[2022-02-22 15:37:54,416] {processor.py:171} INFO - Processing /Users/aleckienzle/Developer/nba-etl/env/lib/python3.8/site-packages/airflow/example_dags/example_python_operator.py took 0.045 seconds
[2022-02-22 15:38:58,076] {processor.py:163} INFO - Started process (PID=41165) to work on /Users/aleckienzle/Developer/nba-etl/env/lib/python3.8/site-packages/airflow/example_dags/example_python_operator.py
[2022-02-22 15:38:58,076] {processor.py:642} INFO - Processing file /Users/aleckienzle/Developer/nba-etl/env/lib/python3.8/site-packages/airflow/example_dags/example_python_operator.py for tasks to queue
[2022-02-22 15:38:58,076] {logging_mixin.py:109} INFO - [2022-02-22 15:38:58,076] {dagbag.py:500} INFO - Filling up the DagBag from /Users/aleckienzle/Developer/nba-etl/env/lib/python3.8/site-packages/airflow/example_dags/example_python_operator.py
[2022-02-22 15:38:58,091] {logging_mixin.py:109} INFO - [2022-02-22 15:38:58,091] {example_python_operator.py:67} WARNING - The virtalenv_python example task requires virtualenv, please install it.
[2022-02-22 15:38:58,104] {processor.py:654} INFO - DAG(s) dict_keys(['example_python_operator']) retrieved from /Users/aleckienzle/Developer/nba-etl/env/lib/python3.8/site-packages/airflow/example_dags/example_python_operator.py
[2022-02-22 15:38:58,113] {logging_mixin.py:109} INFO - [2022-02-22 15:38:58,113] {dag.py:2396} INFO - Sync 1 DAGs
[2022-02-22 15:38:58,117] {logging_mixin.py:109} INFO - [2022-02-22 15:38:58,117] {dag.py:2935} INFO - Setting next_dagrun for example_python_operator to None
[2022-02-22 15:38:58,121] {processor.py:171} INFO - Processing /Users/aleckienzle/Developer/nba-etl/env/lib/python3.8/site-packages/airflow/example_dags/example_python_operator.py took 0.045 seconds
[2022-02-22 15:40:01,714] {processor.py:163} INFO - Started process (PID=41315) to work on /Users/aleckienzle/Developer/nba-etl/env/lib/python3.8/site-packages/airflow/example_dags/example_python_operator.py
[2022-02-22 15:40:01,715] {processor.py:642} INFO - Processing file /Users/aleckienzle/Developer/nba-etl/env/lib/python3.8/site-packages/airflow/example_dags/example_python_operator.py for tasks to queue
[2022-02-22 15:40:01,715] {logging_mixin.py:109} INFO - [2022-02-22 15:40:01,715] {dagbag.py:500} INFO - Filling up the DagBag from /Users/aleckienzle/Developer/nba-etl/env/lib/python3.8/site-packages/airflow/example_dags/example_python_operator.py
[2022-02-22 15:40:01,726] {logging_mixin.py:109} INFO - [2022-02-22 15:40:01,726] {example_python_operator.py:67} WARNING - The virtalenv_python example task requires virtualenv, please install it.
[2022-02-22 15:40:01,739] {processor.py:654} INFO - DAG(s) dict_keys(['example_python_operator']) retrieved from /Users/aleckienzle/Developer/nba-etl/env/lib/python3.8/site-packages/airflow/example_dags/example_python_operator.py
[2022-02-22 15:40:01,748] {logging_mixin.py:109} INFO - [2022-02-22 15:40:01,748] {dag.py:2396} INFO - Sync 1 DAGs
[2022-02-22 15:40:01,752] {logging_mixin.py:109} INFO - [2022-02-22 15:40:01,752] {dag.py:2935} INFO - Setting next_dagrun for example_python_operator to None
[2022-02-22 15:40:01,755] {processor.py:171} INFO - Processing /Users/aleckienzle/Developer/nba-etl/env/lib/python3.8/site-packages/airflow/example_dags/example_python_operator.py took 0.042 seconds
[2022-02-22 15:41:05,694] {processor.py:163} INFO - Started process (PID=41464) to work on /Users/aleckienzle/Developer/nba-etl/env/lib/python3.8/site-packages/airflow/example_dags/example_python_operator.py
[2022-02-22 15:41:05,695] {processor.py:642} INFO - Processing file /Users/aleckienzle/Developer/nba-etl/env/lib/python3.8/site-packages/airflow/example_dags/example_python_operator.py for tasks to queue
[2022-02-22 15:41:05,696] {logging_mixin.py:109} INFO - [2022-02-22 15:41:05,696] {dagbag.py:500} INFO - Filling up the DagBag from /Users/aleckienzle/Developer/nba-etl/env/lib/python3.8/site-packages/airflow/example_dags/example_python_operator.py
[2022-02-22 15:41:05,707] {logging_mixin.py:109} INFO - [2022-02-22 15:41:05,707] {example_python_operator.py:67} WARNING - The virtalenv_python example task requires virtualenv, please install it.
[2022-02-22 15:41:05,720] {processor.py:654} INFO - DAG(s) dict_keys(['example_python_operator']) retrieved from /Users/aleckienzle/Developer/nba-etl/env/lib/python3.8/site-packages/airflow/example_dags/example_python_operator.py
[2022-02-22 15:41:05,729] {logging_mixin.py:109} INFO - [2022-02-22 15:41:05,729] {dag.py:2396} INFO - Sync 1 DAGs
[2022-02-22 15:41:05,733] {logging_mixin.py:109} INFO - [2022-02-22 15:41:05,733] {dag.py:2935} INFO - Setting next_dagrun for example_python_operator to None
[2022-02-22 15:41:05,736] {processor.py:171} INFO - Processing /Users/aleckienzle/Developer/nba-etl/env/lib/python3.8/site-packages/airflow/example_dags/example_python_operator.py took 0.042 seconds
[2022-02-22 15:42:09,631] {processor.py:163} INFO - Started process (PID=41608) to work on /Users/aleckienzle/Developer/nba-etl/env/lib/python3.8/site-packages/airflow/example_dags/example_python_operator.py
[2022-02-22 15:42:09,631] {processor.py:642} INFO - Processing file /Users/aleckienzle/Developer/nba-etl/env/lib/python3.8/site-packages/airflow/example_dags/example_python_operator.py for tasks to queue
[2022-02-22 15:42:09,631] {logging_mixin.py:109} INFO - [2022-02-22 15:42:09,631] {dagbag.py:500} INFO - Filling up the DagBag from /Users/aleckienzle/Developer/nba-etl/env/lib/python3.8/site-packages/airflow/example_dags/example_python_operator.py
[2022-02-22 15:42:09,642] {logging_mixin.py:109} INFO - [2022-02-22 15:42:09,642] {example_python_operator.py:67} WARNING - The virtalenv_python example task requires virtualenv, please install it.
[2022-02-22 15:42:09,655] {processor.py:654} INFO - DAG(s) dict_keys(['example_python_operator']) retrieved from /Users/aleckienzle/Developer/nba-etl/env/lib/python3.8/site-packages/airflow/example_dags/example_python_operator.py
[2022-02-22 15:42:09,664] {logging_mixin.py:109} INFO - [2022-02-22 15:42:09,664] {dag.py:2396} INFO - Sync 1 DAGs
[2022-02-22 15:42:09,668] {logging_mixin.py:109} INFO - [2022-02-22 15:42:09,668] {dag.py:2935} INFO - Setting next_dagrun for example_python_operator to None
[2022-02-22 15:42:09,671] {processor.py:171} INFO - Processing /Users/aleckienzle/Developer/nba-etl/env/lib/python3.8/site-packages/airflow/example_dags/example_python_operator.py took 0.041 seconds
[2022-02-22 15:43:15,857] {processor.py:163} INFO - Started process (PID=41803) to work on /Users/aleckienzle/Developer/nba-etl/env/lib/python3.8/site-packages/airflow/example_dags/example_python_operator.py
[2022-02-22 15:43:15,858] {processor.py:642} INFO - Processing file /Users/aleckienzle/Developer/nba-etl/env/lib/python3.8/site-packages/airflow/example_dags/example_python_operator.py for tasks to queue
[2022-02-22 15:43:15,858] {logging_mixin.py:109} INFO - [2022-02-22 15:43:15,858] {dagbag.py:500} INFO - Filling up the DagBag from /Users/aleckienzle/Developer/nba-etl/env/lib/python3.8/site-packages/airflow/example_dags/example_python_operator.py
[2022-02-22 15:43:15,869] {logging_mixin.py:109} INFO - [2022-02-22 15:43:15,869] {example_python_operator.py:67} WARNING - The virtalenv_python example task requires virtualenv, please install it.
[2022-02-22 15:43:15,883] {processor.py:654} INFO - DAG(s) dict_keys(['example_python_operator']) retrieved from /Users/aleckienzle/Developer/nba-etl/env/lib/python3.8/site-packages/airflow/example_dags/example_python_operator.py
[2022-02-22 15:43:15,892] {logging_mixin.py:109} INFO - [2022-02-22 15:43:15,892] {dag.py:2396} INFO - Sync 1 DAGs
[2022-02-22 15:43:15,896] {logging_mixin.py:109} INFO - [2022-02-22 15:43:15,896] {dag.py:2935} INFO - Setting next_dagrun for example_python_operator to None
[2022-02-22 15:43:15,900] {processor.py:171} INFO - Processing /Users/aleckienzle/Developer/nba-etl/env/lib/python3.8/site-packages/airflow/example_dags/example_python_operator.py took 0.043 seconds
[2022-02-22 15:44:21,604] {processor.py:163} INFO - Started process (PID=41957) to work on /Users/aleckienzle/Developer/nba-etl/env/lib/python3.8/site-packages/airflow/example_dags/example_python_operator.py
[2022-02-22 15:44:21,604] {processor.py:642} INFO - Processing file /Users/aleckienzle/Developer/nba-etl/env/lib/python3.8/site-packages/airflow/example_dags/example_python_operator.py for tasks to queue
[2022-02-22 15:44:21,604] {logging_mixin.py:109} INFO - [2022-02-22 15:44:21,604] {dagbag.py:500} INFO - Filling up the DagBag from /Users/aleckienzle/Developer/nba-etl/env/lib/python3.8/site-packages/airflow/example_dags/example_python_operator.py
[2022-02-22 15:44:21,617] {logging_mixin.py:109} INFO - [2022-02-22 15:44:21,617] {example_python_operator.py:67} WARNING - The virtalenv_python example task requires virtualenv, please install it.
[2022-02-22 15:44:21,630] {processor.py:654} INFO - DAG(s) dict_keys(['example_python_operator']) retrieved from /Users/aleckienzle/Developer/nba-etl/env/lib/python3.8/site-packages/airflow/example_dags/example_python_operator.py
[2022-02-22 15:44:21,640] {logging_mixin.py:109} INFO - [2022-02-22 15:44:21,639] {dag.py:2396} INFO - Sync 1 DAGs
[2022-02-22 15:44:21,644] {logging_mixin.py:109} INFO - [2022-02-22 15:44:21,644] {dag.py:2935} INFO - Setting next_dagrun for example_python_operator to None
[2022-02-22 15:44:21,647] {processor.py:171} INFO - Processing /Users/aleckienzle/Developer/nba-etl/env/lib/python3.8/site-packages/airflow/example_dags/example_python_operator.py took 0.044 seconds
[2022-02-22 15:45:27,549] {processor.py:163} INFO - Started process (PID=42108) to work on /Users/aleckienzle/Developer/nba-etl/env/lib/python3.8/site-packages/airflow/example_dags/example_python_operator.py
[2022-02-22 15:45:27,549] {processor.py:642} INFO - Processing file /Users/aleckienzle/Developer/nba-etl/env/lib/python3.8/site-packages/airflow/example_dags/example_python_operator.py for tasks to queue
[2022-02-22 15:45:27,550] {logging_mixin.py:109} INFO - [2022-02-22 15:45:27,550] {dagbag.py:500} INFO - Filling up the DagBag from /Users/aleckienzle/Developer/nba-etl/env/lib/python3.8/site-packages/airflow/example_dags/example_python_operator.py
[2022-02-22 15:45:27,561] {logging_mixin.py:109} INFO - [2022-02-22 15:45:27,561] {example_python_operator.py:67} WARNING - The virtalenv_python example task requires virtualenv, please install it.
[2022-02-22 15:45:27,580] {processor.py:654} INFO - DAG(s) dict_keys(['example_python_operator']) retrieved from /Users/aleckienzle/Developer/nba-etl/env/lib/python3.8/site-packages/airflow/example_dags/example_python_operator.py
[2022-02-22 15:45:27,590] {logging_mixin.py:109} INFO - [2022-02-22 15:45:27,590] {dag.py:2396} INFO - Sync 1 DAGs
[2022-02-22 15:45:27,595] {logging_mixin.py:109} INFO - [2022-02-22 15:45:27,595] {dag.py:2935} INFO - Setting next_dagrun for example_python_operator to None
[2022-02-22 15:45:27,599] {processor.py:171} INFO - Processing /Users/aleckienzle/Developer/nba-etl/env/lib/python3.8/site-packages/airflow/example_dags/example_python_operator.py took 0.050 seconds
[2022-02-22 15:46:33,292] {processor.py:163} INFO - Started process (PID=42303) to work on /Users/aleckienzle/Developer/nba-etl/env/lib/python3.8/site-packages/airflow/example_dags/example_python_operator.py
[2022-02-22 15:46:33,293] {processor.py:642} INFO - Processing file /Users/aleckienzle/Developer/nba-etl/env/lib/python3.8/site-packages/airflow/example_dags/example_python_operator.py for tasks to queue
[2022-02-22 15:46:33,293] {logging_mixin.py:109} INFO - [2022-02-22 15:46:33,293] {dagbag.py:500} INFO - Filling up the DagBag from /Users/aleckienzle/Developer/nba-etl/env/lib/python3.8/site-packages/airflow/example_dags/example_python_operator.py
[2022-02-22 15:46:33,304] {logging_mixin.py:109} INFO - [2022-02-22 15:46:33,304] {example_python_operator.py:67} WARNING - The virtalenv_python example task requires virtualenv, please install it.
[2022-02-22 15:46:33,322] {processor.py:654} INFO - DAG(s) dict_keys(['example_python_operator']) retrieved from /Users/aleckienzle/Developer/nba-etl/env/lib/python3.8/site-packages/airflow/example_dags/example_python_operator.py
[2022-02-22 15:46:33,331] {logging_mixin.py:109} INFO - [2022-02-22 15:46:33,331] {dag.py:2396} INFO - Sync 1 DAGs
[2022-02-22 15:46:33,335] {logging_mixin.py:109} INFO - [2022-02-22 15:46:33,335] {dag.py:2935} INFO - Setting next_dagrun for example_python_operator to None
[2022-02-22 15:46:33,339] {processor.py:171} INFO - Processing /Users/aleckienzle/Developer/nba-etl/env/lib/python3.8/site-packages/airflow/example_dags/example_python_operator.py took 0.047 seconds
[2022-02-22 15:47:45,176] {processor.py:163} INFO - Started process (PID=42569) to work on /Users/aleckienzle/Developer/nba-etl/env/lib/python3.8/site-packages/airflow/example_dags/example_python_operator.py
[2022-02-22 15:47:45,177] {processor.py:642} INFO - Processing file /Users/aleckienzle/Developer/nba-etl/env/lib/python3.8/site-packages/airflow/example_dags/example_python_operator.py for tasks to queue
[2022-02-22 15:47:45,177] {logging_mixin.py:109} INFO - [2022-02-22 15:47:45,177] {dagbag.py:500} INFO - Filling up the DagBag from /Users/aleckienzle/Developer/nba-etl/env/lib/python3.8/site-packages/airflow/example_dags/example_python_operator.py
[2022-02-22 15:47:45,190] {logging_mixin.py:109} INFO - [2022-02-22 15:47:45,190] {example_python_operator.py:67} WARNING - The virtalenv_python example task requires virtualenv, please install it.
[2022-02-22 15:47:45,205] {processor.py:654} INFO - DAG(s) dict_keys(['example_python_operator']) retrieved from /Users/aleckienzle/Developer/nba-etl/env/lib/python3.8/site-packages/airflow/example_dags/example_python_operator.py
[2022-02-22 15:47:45,216] {logging_mixin.py:109} INFO - [2022-02-22 15:47:45,216] {dag.py:2396} INFO - Sync 1 DAGs
[2022-02-22 15:47:45,220] {logging_mixin.py:109} INFO - [2022-02-22 15:47:45,220] {dag.py:2935} INFO - Setting next_dagrun for example_python_operator to None
[2022-02-22 15:47:45,224] {processor.py:171} INFO - Processing /Users/aleckienzle/Developer/nba-etl/env/lib/python3.8/site-packages/airflow/example_dags/example_python_operator.py took 0.048 seconds
[2022-02-22 15:48:53,240] {processor.py:163} INFO - Started process (PID=42757) to work on /Users/aleckienzle/Developer/nba-etl/env/lib/python3.8/site-packages/airflow/example_dags/example_python_operator.py
[2022-02-22 15:48:53,241] {processor.py:642} INFO - Processing file /Users/aleckienzle/Developer/nba-etl/env/lib/python3.8/site-packages/airflow/example_dags/example_python_operator.py for tasks to queue
[2022-02-22 15:48:53,241] {logging_mixin.py:109} INFO - [2022-02-22 15:48:53,241] {dagbag.py:500} INFO - Filling up the DagBag from /Users/aleckienzle/Developer/nba-etl/env/lib/python3.8/site-packages/airflow/example_dags/example_python_operator.py
[2022-02-22 15:48:53,252] {logging_mixin.py:109} INFO - [2022-02-22 15:48:53,252] {example_python_operator.py:67} WARNING - The virtalenv_python example task requires virtualenv, please install it.
[2022-02-22 15:48:53,267] {processor.py:654} INFO - DAG(s) dict_keys(['example_python_operator']) retrieved from /Users/aleckienzle/Developer/nba-etl/env/lib/python3.8/site-packages/airflow/example_dags/example_python_operator.py
[2022-02-22 15:48:53,276] {logging_mixin.py:109} INFO - [2022-02-22 15:48:53,276] {dag.py:2396} INFO - Sync 1 DAGs
[2022-02-22 15:48:53,280] {logging_mixin.py:109} INFO - [2022-02-22 15:48:53,280] {dag.py:2935} INFO - Setting next_dagrun for example_python_operator to None
[2022-02-22 15:48:53,284] {processor.py:171} INFO - Processing /Users/aleckienzle/Developer/nba-etl/env/lib/python3.8/site-packages/airflow/example_dags/example_python_operator.py took 0.044 seconds
[2022-02-22 15:50:01,282] {processor.py:163} INFO - Started process (PID=42931) to work on /Users/aleckienzle/Developer/nba-etl/env/lib/python3.8/site-packages/airflow/example_dags/example_python_operator.py
[2022-02-22 15:50:01,283] {processor.py:642} INFO - Processing file /Users/aleckienzle/Developer/nba-etl/env/lib/python3.8/site-packages/airflow/example_dags/example_python_operator.py for tasks to queue
[2022-02-22 15:50:01,283] {logging_mixin.py:109} INFO - [2022-02-22 15:50:01,283] {dagbag.py:500} INFO - Filling up the DagBag from /Users/aleckienzle/Developer/nba-etl/env/lib/python3.8/site-packages/airflow/example_dags/example_python_operator.py
[2022-02-22 15:50:01,294] {logging_mixin.py:109} INFO - [2022-02-22 15:50:01,294] {example_python_operator.py:67} WARNING - The virtalenv_python example task requires virtualenv, please install it.
[2022-02-22 15:50:01,307] {processor.py:654} INFO - DAG(s) dict_keys(['example_python_operator']) retrieved from /Users/aleckienzle/Developer/nba-etl/env/lib/python3.8/site-packages/airflow/example_dags/example_python_operator.py
[2022-02-22 15:50:01,316] {logging_mixin.py:109} INFO - [2022-02-22 15:50:01,316] {dag.py:2396} INFO - Sync 1 DAGs
[2022-02-22 15:50:01,320] {logging_mixin.py:109} INFO - [2022-02-22 15:50:01,320] {dag.py:2935} INFO - Setting next_dagrun for example_python_operator to None
[2022-02-22 15:50:01,323] {processor.py:171} INFO - Processing /Users/aleckienzle/Developer/nba-etl/env/lib/python3.8/site-packages/airflow/example_dags/example_python_operator.py took 0.041 seconds
[2022-02-22 15:51:11,012] {processor.py:163} INFO - Started process (PID=43117) to work on /Users/aleckienzle/Developer/nba-etl/env/lib/python3.8/site-packages/airflow/example_dags/example_python_operator.py
[2022-02-22 15:51:11,013] {processor.py:642} INFO - Processing file /Users/aleckienzle/Developer/nba-etl/env/lib/python3.8/site-packages/airflow/example_dags/example_python_operator.py for tasks to queue
[2022-02-22 15:51:11,013] {logging_mixin.py:109} INFO - [2022-02-22 15:51:11,013] {dagbag.py:500} INFO - Filling up the DagBag from /Users/aleckienzle/Developer/nba-etl/env/lib/python3.8/site-packages/airflow/example_dags/example_python_operator.py
[2022-02-22 15:51:11,025] {logging_mixin.py:109} INFO - [2022-02-22 15:51:11,025] {example_python_operator.py:67} WARNING - The virtalenv_python example task requires virtualenv, please install it.
[2022-02-22 15:51:11,039] {processor.py:654} INFO - DAG(s) dict_keys(['example_python_operator']) retrieved from /Users/aleckienzle/Developer/nba-etl/env/lib/python3.8/site-packages/airflow/example_dags/example_python_operator.py
[2022-02-22 15:51:11,048] {logging_mixin.py:109} INFO - [2022-02-22 15:51:11,048] {dag.py:2396} INFO - Sync 1 DAGs
[2022-02-22 15:51:11,053] {logging_mixin.py:109} INFO - [2022-02-22 15:51:11,053] {dag.py:2935} INFO - Setting next_dagrun for example_python_operator to None
[2022-02-22 15:51:11,057] {processor.py:171} INFO - Processing /Users/aleckienzle/Developer/nba-etl/env/lib/python3.8/site-packages/airflow/example_dags/example_python_operator.py took 0.045 seconds
[2022-02-22 15:52:20,928] {processor.py:163} INFO - Started process (PID=43286) to work on /Users/aleckienzle/Developer/nba-etl/env/lib/python3.8/site-packages/airflow/example_dags/example_python_operator.py
[2022-02-22 15:52:20,929] {processor.py:642} INFO - Processing file /Users/aleckienzle/Developer/nba-etl/env/lib/python3.8/site-packages/airflow/example_dags/example_python_operator.py for tasks to queue
[2022-02-22 15:52:20,929] {logging_mixin.py:109} INFO - [2022-02-22 15:52:20,929] {dagbag.py:500} INFO - Filling up the DagBag from /Users/aleckienzle/Developer/nba-etl/env/lib/python3.8/site-packages/airflow/example_dags/example_python_operator.py
[2022-02-22 15:52:20,940] {logging_mixin.py:109} INFO - [2022-02-22 15:52:20,940] {example_python_operator.py:67} WARNING - The virtalenv_python example task requires virtualenv, please install it.
[2022-02-22 15:52:20,953] {processor.py:654} INFO - DAG(s) dict_keys(['example_python_operator']) retrieved from /Users/aleckienzle/Developer/nba-etl/env/lib/python3.8/site-packages/airflow/example_dags/example_python_operator.py
[2022-02-22 15:52:20,966] {logging_mixin.py:109} INFO - [2022-02-22 15:52:20,965] {dag.py:2396} INFO - Sync 1 DAGs
[2022-02-22 15:52:20,970] {logging_mixin.py:109} INFO - [2022-02-22 15:52:20,970] {dag.py:2935} INFO - Setting next_dagrun for example_python_operator to None
[2022-02-22 15:52:20,973] {processor.py:171} INFO - Processing /Users/aleckienzle/Developer/nba-etl/env/lib/python3.8/site-packages/airflow/example_dags/example_python_operator.py took 0.045 seconds
[2022-02-22 15:53:28,960] {processor.py:163} INFO - Started process (PID=43450) to work on /Users/aleckienzle/Developer/nba-etl/env/lib/python3.8/site-packages/airflow/example_dags/example_python_operator.py
[2022-02-22 15:53:28,961] {processor.py:642} INFO - Processing file /Users/aleckienzle/Developer/nba-etl/env/lib/python3.8/site-packages/airflow/example_dags/example_python_operator.py for tasks to queue
[2022-02-22 15:53:28,961] {logging_mixin.py:109} INFO - [2022-02-22 15:53:28,961] {dagbag.py:500} INFO - Filling up the DagBag from /Users/aleckienzle/Developer/nba-etl/env/lib/python3.8/site-packages/airflow/example_dags/example_python_operator.py
[2022-02-22 15:53:28,973] {logging_mixin.py:109} INFO - [2022-02-22 15:53:28,973] {example_python_operator.py:67} WARNING - The virtalenv_python example task requires virtualenv, please install it.
[2022-02-22 15:53:28,986] {processor.py:654} INFO - DAG(s) dict_keys(['example_python_operator']) retrieved from /Users/aleckienzle/Developer/nba-etl/env/lib/python3.8/site-packages/airflow/example_dags/example_python_operator.py
[2022-02-22 15:53:28,995] {logging_mixin.py:109} INFO - [2022-02-22 15:53:28,995] {dag.py:2396} INFO - Sync 1 DAGs
[2022-02-22 15:53:28,999] {logging_mixin.py:109} INFO - [2022-02-22 15:53:28,999] {dag.py:2935} INFO - Setting next_dagrun for example_python_operator to None
[2022-02-22 15:53:29,002] {processor.py:171} INFO - Processing /Users/aleckienzle/Developer/nba-etl/env/lib/python3.8/site-packages/airflow/example_dags/example_python_operator.py took 0.042 seconds
[2022-02-22 15:54:37,310] {processor.py:163} INFO - Started process (PID=43617) to work on /Users/aleckienzle/Developer/nba-etl/env/lib/python3.8/site-packages/airflow/example_dags/example_python_operator.py
[2022-02-22 15:54:37,311] {processor.py:642} INFO - Processing file /Users/aleckienzle/Developer/nba-etl/env/lib/python3.8/site-packages/airflow/example_dags/example_python_operator.py for tasks to queue
[2022-02-22 15:54:37,312] {logging_mixin.py:109} INFO - [2022-02-22 15:54:37,312] {dagbag.py:500} INFO - Filling up the DagBag from /Users/aleckienzle/Developer/nba-etl/env/lib/python3.8/site-packages/airflow/example_dags/example_python_operator.py
[2022-02-22 15:54:37,323] {logging_mixin.py:109} INFO - [2022-02-22 15:54:37,323] {example_python_operator.py:67} WARNING - The virtalenv_python example task requires virtualenv, please install it.
[2022-02-22 15:54:37,336] {processor.py:654} INFO - DAG(s) dict_keys(['example_python_operator']) retrieved from /Users/aleckienzle/Developer/nba-etl/env/lib/python3.8/site-packages/airflow/example_dags/example_python_operator.py
[2022-02-22 15:54:37,346] {logging_mixin.py:109} INFO - [2022-02-22 15:54:37,346] {dag.py:2396} INFO - Sync 1 DAGs
[2022-02-22 15:54:37,350] {logging_mixin.py:109} INFO - [2022-02-22 15:54:37,350] {dag.py:2935} INFO - Setting next_dagrun for example_python_operator to None
[2022-02-22 15:54:37,353] {processor.py:171} INFO - Processing /Users/aleckienzle/Developer/nba-etl/env/lib/python3.8/site-packages/airflow/example_dags/example_python_operator.py took 0.043 seconds
[2022-02-22 15:55:47,391] {processor.py:163} INFO - Started process (PID=43828) to work on /Users/aleckienzle/Developer/nba-etl/env/lib/python3.8/site-packages/airflow/example_dags/example_python_operator.py
[2022-02-22 15:55:47,393] {processor.py:642} INFO - Processing file /Users/aleckienzle/Developer/nba-etl/env/lib/python3.8/site-packages/airflow/example_dags/example_python_operator.py for tasks to queue
[2022-02-22 15:55:47,393] {logging_mixin.py:109} INFO - [2022-02-22 15:55:47,393] {dagbag.py:500} INFO - Filling up the DagBag from /Users/aleckienzle/Developer/nba-etl/env/lib/python3.8/site-packages/airflow/example_dags/example_python_operator.py
[2022-02-22 15:55:47,404] {logging_mixin.py:109} INFO - [2022-02-22 15:55:47,404] {example_python_operator.py:67} WARNING - The virtalenv_python example task requires virtualenv, please install it.
[2022-02-22 15:55:47,418] {processor.py:654} INFO - DAG(s) dict_keys(['example_python_operator']) retrieved from /Users/aleckienzle/Developer/nba-etl/env/lib/python3.8/site-packages/airflow/example_dags/example_python_operator.py
[2022-02-22 15:55:47,428] {logging_mixin.py:109} INFO - [2022-02-22 15:55:47,428] {dag.py:2396} INFO - Sync 1 DAGs
[2022-02-22 15:55:47,432] {logging_mixin.py:109} INFO - [2022-02-22 15:55:47,432] {dag.py:2935} INFO - Setting next_dagrun for example_python_operator to None
[2022-02-22 15:55:47,435] {processor.py:171} INFO - Processing /Users/aleckienzle/Developer/nba-etl/env/lib/python3.8/site-packages/airflow/example_dags/example_python_operator.py took 0.044 seconds
[2022-02-22 15:56:54,824] {processor.py:163} INFO - Started process (PID=43976) to work on /Users/aleckienzle/Developer/nba-etl/env/lib/python3.8/site-packages/airflow/example_dags/example_python_operator.py
[2022-02-22 15:56:54,824] {processor.py:642} INFO - Processing file /Users/aleckienzle/Developer/nba-etl/env/lib/python3.8/site-packages/airflow/example_dags/example_python_operator.py for tasks to queue
[2022-02-22 15:56:54,825] {logging_mixin.py:109} INFO - [2022-02-22 15:56:54,825] {dagbag.py:500} INFO - Filling up the DagBag from /Users/aleckienzle/Developer/nba-etl/env/lib/python3.8/site-packages/airflow/example_dags/example_python_operator.py
[2022-02-22 15:56:54,836] {logging_mixin.py:109} INFO - [2022-02-22 15:56:54,836] {example_python_operator.py:67} WARNING - The virtalenv_python example task requires virtualenv, please install it.
[2022-02-22 15:56:54,849] {processor.py:654} INFO - DAG(s) dict_keys(['example_python_operator']) retrieved from /Users/aleckienzle/Developer/nba-etl/env/lib/python3.8/site-packages/airflow/example_dags/example_python_operator.py
[2022-02-22 15:56:54,858] {logging_mixin.py:109} INFO - [2022-02-22 15:56:54,858] {dag.py:2396} INFO - Sync 1 DAGs
[2022-02-22 15:56:54,862] {logging_mixin.py:109} INFO - [2022-02-22 15:56:54,862] {dag.py:2935} INFO - Setting next_dagrun for example_python_operator to None
[2022-02-22 15:56:54,865] {processor.py:171} INFO - Processing /Users/aleckienzle/Developer/nba-etl/env/lib/python3.8/site-packages/airflow/example_dags/example_python_operator.py took 0.041 seconds
[2022-02-22 15:58:05,538] {processor.py:163} INFO - Started process (PID=44250) to work on /Users/aleckienzle/Developer/nba-etl/env/lib/python3.8/site-packages/airflow/example_dags/example_python_operator.py
[2022-02-22 15:58:05,539] {processor.py:642} INFO - Processing file /Users/aleckienzle/Developer/nba-etl/env/lib/python3.8/site-packages/airflow/example_dags/example_python_operator.py for tasks to queue
[2022-02-22 15:58:05,539] {logging_mixin.py:109} INFO - [2022-02-22 15:58:05,539] {dagbag.py:500} INFO - Filling up the DagBag from /Users/aleckienzle/Developer/nba-etl/env/lib/python3.8/site-packages/airflow/example_dags/example_python_operator.py
[2022-02-22 15:58:05,550] {logging_mixin.py:109} INFO - [2022-02-22 15:58:05,550] {example_python_operator.py:67} WARNING - The virtalenv_python example task requires virtualenv, please install it.
[2022-02-22 15:58:05,564] {processor.py:654} INFO - DAG(s) dict_keys(['example_python_operator']) retrieved from /Users/aleckienzle/Developer/nba-etl/env/lib/python3.8/site-packages/airflow/example_dags/example_python_operator.py
[2022-02-22 15:58:05,574] {logging_mixin.py:109} INFO - [2022-02-22 15:58:05,574] {dag.py:2396} INFO - Sync 1 DAGs
[2022-02-22 15:58:05,579] {logging_mixin.py:109} INFO - [2022-02-22 15:58:05,579] {dag.py:2935} INFO - Setting next_dagrun for example_python_operator to None
[2022-02-22 15:58:05,582] {processor.py:171} INFO - Processing /Users/aleckienzle/Developer/nba-etl/env/lib/python3.8/site-packages/airflow/example_dags/example_python_operator.py took 0.045 seconds
[2022-02-22 15:59:11,095] {processor.py:163} INFO - Started process (PID=44477) to work on /Users/aleckienzle/Developer/nba-etl/env/lib/python3.8/site-packages/airflow/example_dags/example_python_operator.py
[2022-02-22 15:59:11,096] {processor.py:642} INFO - Processing file /Users/aleckienzle/Developer/nba-etl/env/lib/python3.8/site-packages/airflow/example_dags/example_python_operator.py for tasks to queue
[2022-02-22 15:59:11,096] {logging_mixin.py:109} INFO - [2022-02-22 15:59:11,096] {dagbag.py:500} INFO - Filling up the DagBag from /Users/aleckienzle/Developer/nba-etl/env/lib/python3.8/site-packages/airflow/example_dags/example_python_operator.py
[2022-02-22 15:59:11,107] {logging_mixin.py:109} INFO - [2022-02-22 15:59:11,107] {example_python_operator.py:67} WARNING - The virtalenv_python example task requires virtualenv, please install it.
[2022-02-22 15:59:11,120] {processor.py:654} INFO - DAG(s) dict_keys(['example_python_operator']) retrieved from /Users/aleckienzle/Developer/nba-etl/env/lib/python3.8/site-packages/airflow/example_dags/example_python_operator.py
[2022-02-22 15:59:11,129] {logging_mixin.py:109} INFO - [2022-02-22 15:59:11,129] {dag.py:2396} INFO - Sync 1 DAGs
[2022-02-22 15:59:11,133] {logging_mixin.py:109} INFO - [2022-02-22 15:59:11,133] {dag.py:2935} INFO - Setting next_dagrun for example_python_operator to None
[2022-02-22 15:59:11,137] {processor.py:171} INFO - Processing /Users/aleckienzle/Developer/nba-etl/env/lib/python3.8/site-packages/airflow/example_dags/example_python_operator.py took 0.042 seconds
