[2022-02-22 15:38:13,644] {processor.py:163} INFO - Started process (PID=41039) to work on /Users/aleckienzle/Developer/nba-etl/env/lib/python3.8/site-packages/airflow/example_dags/example_branch_operator.py
[2022-02-22 15:38:13,644] {processor.py:642} INFO - Processing file /Users/aleckienzle/Developer/nba-etl/env/lib/python3.8/site-packages/airflow/example_dags/example_branch_operator.py for tasks to queue
[2022-02-22 15:38:13,644] {logging_mixin.py:109} INFO - [2022-02-22 15:38:13,644] {dagbag.py:500} INFO - Filling up the DagBag from /Users/aleckienzle/Developer/nba-etl/env/lib/python3.8/site-packages/airflow/example_dags/example_branch_operator.py
[2022-02-22 15:38:13,668] {processor.py:654} INFO - DAG(s) dict_keys(['example_branch_operator']) retrieved from /Users/aleckienzle/Developer/nba-etl/env/lib/python3.8/site-packages/airflow/example_dags/example_branch_operator.py
[2022-02-22 15:38:13,678] {logging_mixin.py:109} INFO - [2022-02-22 15:38:13,678] {dag.py:2396} INFO - Sync 1 DAGs
[2022-02-22 15:38:13,682] {logging_mixin.py:109} INFO - [2022-02-22 15:38:13,682] {dag.py:2935} INFO - Setting next_dagrun for example_branch_operator to 2022-02-21 00:00:00+00:00
[2022-02-22 15:38:13,686] {processor.py:171} INFO - Processing /Users/aleckienzle/Developer/nba-etl/env/lib/python3.8/site-packages/airflow/example_dags/example_branch_operator.py took 0.042 seconds
[2022-02-22 15:39:17,359] {processor.py:163} INFO - Started process (PID=41209) to work on /Users/aleckienzle/Developer/nba-etl/env/lib/python3.8/site-packages/airflow/example_dags/example_branch_operator.py
[2022-02-22 15:39:17,360] {processor.py:642} INFO - Processing file /Users/aleckienzle/Developer/nba-etl/env/lib/python3.8/site-packages/airflow/example_dags/example_branch_operator.py for tasks to queue
[2022-02-22 15:39:17,360] {logging_mixin.py:109} INFO - [2022-02-22 15:39:17,360] {dagbag.py:500} INFO - Filling up the DagBag from /Users/aleckienzle/Developer/nba-etl/env/lib/python3.8/site-packages/airflow/example_dags/example_branch_operator.py
[2022-02-22 15:39:17,383] {processor.py:654} INFO - DAG(s) dict_keys(['example_branch_operator']) retrieved from /Users/aleckienzle/Developer/nba-etl/env/lib/python3.8/site-packages/airflow/example_dags/example_branch_operator.py
[2022-02-22 15:39:17,392] {logging_mixin.py:109} INFO - [2022-02-22 15:39:17,392] {dag.py:2396} INFO - Sync 1 DAGs
[2022-02-22 15:39:17,397] {logging_mixin.py:109} INFO - [2022-02-22 15:39:17,397] {dag.py:2935} INFO - Setting next_dagrun for example_branch_operator to 2022-02-21 00:00:00+00:00
[2022-02-22 15:39:17,400] {processor.py:171} INFO - Processing /Users/aleckienzle/Developer/nba-etl/env/lib/python3.8/site-packages/airflow/example_dags/example_branch_operator.py took 0.041 seconds
[2022-02-22 15:40:21,082] {processor.py:163} INFO - Started process (PID=41360) to work on /Users/aleckienzle/Developer/nba-etl/env/lib/python3.8/site-packages/airflow/example_dags/example_branch_operator.py
[2022-02-22 15:40:21,083] {processor.py:642} INFO - Processing file /Users/aleckienzle/Developer/nba-etl/env/lib/python3.8/site-packages/airflow/example_dags/example_branch_operator.py for tasks to queue
[2022-02-22 15:40:21,083] {logging_mixin.py:109} INFO - [2022-02-22 15:40:21,083] {dagbag.py:500} INFO - Filling up the DagBag from /Users/aleckienzle/Developer/nba-etl/env/lib/python3.8/site-packages/airflow/example_dags/example_branch_operator.py
[2022-02-22 15:40:21,107] {processor.py:654} INFO - DAG(s) dict_keys(['example_branch_operator']) retrieved from /Users/aleckienzle/Developer/nba-etl/env/lib/python3.8/site-packages/airflow/example_dags/example_branch_operator.py
[2022-02-22 15:40:21,116] {logging_mixin.py:109} INFO - [2022-02-22 15:40:21,116] {dag.py:2396} INFO - Sync 1 DAGs
[2022-02-22 15:40:21,121] {logging_mixin.py:109} INFO - [2022-02-22 15:40:21,121] {dag.py:2935} INFO - Setting next_dagrun for example_branch_operator to 2022-02-21 00:00:00+00:00
[2022-02-22 15:40:21,124] {processor.py:171} INFO - Processing /Users/aleckienzle/Developer/nba-etl/env/lib/python3.8/site-packages/airflow/example_dags/example_branch_operator.py took 0.043 seconds
[2022-02-22 15:41:25,058] {processor.py:163} INFO - Started process (PID=41501) to work on /Users/aleckienzle/Developer/nba-etl/env/lib/python3.8/site-packages/airflow/example_dags/example_branch_operator.py
[2022-02-22 15:41:25,058] {processor.py:642} INFO - Processing file /Users/aleckienzle/Developer/nba-etl/env/lib/python3.8/site-packages/airflow/example_dags/example_branch_operator.py for tasks to queue
[2022-02-22 15:41:25,059] {logging_mixin.py:109} INFO - [2022-02-22 15:41:25,059] {dagbag.py:500} INFO - Filling up the DagBag from /Users/aleckienzle/Developer/nba-etl/env/lib/python3.8/site-packages/airflow/example_dags/example_branch_operator.py
[2022-02-22 15:41:25,082] {processor.py:654} INFO - DAG(s) dict_keys(['example_branch_operator']) retrieved from /Users/aleckienzle/Developer/nba-etl/env/lib/python3.8/site-packages/airflow/example_dags/example_branch_operator.py
[2022-02-22 15:41:25,091] {logging_mixin.py:109} INFO - [2022-02-22 15:41:25,091] {dag.py:2396} INFO - Sync 1 DAGs
[2022-02-22 15:41:25,096] {logging_mixin.py:109} INFO - [2022-02-22 15:41:25,096] {dag.py:2935} INFO - Setting next_dagrun for example_branch_operator to 2022-02-21 00:00:00+00:00
[2022-02-22 15:41:25,099] {processor.py:171} INFO - Processing /Users/aleckienzle/Developer/nba-etl/env/lib/python3.8/site-packages/airflow/example_dags/example_branch_operator.py took 0.042 seconds
[2022-02-22 15:42:29,123] {processor.py:163} INFO - Started process (PID=41660) to work on /Users/aleckienzle/Developer/nba-etl/env/lib/python3.8/site-packages/airflow/example_dags/example_branch_operator.py
[2022-02-22 15:42:29,125] {processor.py:642} INFO - Processing file /Users/aleckienzle/Developer/nba-etl/env/lib/python3.8/site-packages/airflow/example_dags/example_branch_operator.py for tasks to queue
[2022-02-22 15:42:29,125] {logging_mixin.py:109} INFO - [2022-02-22 15:42:29,125] {dagbag.py:500} INFO - Filling up the DagBag from /Users/aleckienzle/Developer/nba-etl/env/lib/python3.8/site-packages/airflow/example_dags/example_branch_operator.py
[2022-02-22 15:42:29,148] {processor.py:654} INFO - DAG(s) dict_keys(['example_branch_operator']) retrieved from /Users/aleckienzle/Developer/nba-etl/env/lib/python3.8/site-packages/airflow/example_dags/example_branch_operator.py
[2022-02-22 15:42:29,157] {logging_mixin.py:109} INFO - [2022-02-22 15:42:29,157] {dag.py:2396} INFO - Sync 1 DAGs
[2022-02-22 15:42:29,162] {logging_mixin.py:109} INFO - [2022-02-22 15:42:29,162] {dag.py:2935} INFO - Setting next_dagrun for example_branch_operator to 2022-02-21 00:00:00+00:00
[2022-02-22 15:42:29,166] {processor.py:171} INFO - Processing /Users/aleckienzle/Developer/nba-etl/env/lib/python3.8/site-packages/airflow/example_dags/example_branch_operator.py took 0.043 seconds
[2022-02-22 15:43:35,328] {processor.py:163} INFO - Started process (PID=41854) to work on /Users/aleckienzle/Developer/nba-etl/env/lib/python3.8/site-packages/airflow/example_dags/example_branch_operator.py
[2022-02-22 15:43:35,329] {processor.py:642} INFO - Processing file /Users/aleckienzle/Developer/nba-etl/env/lib/python3.8/site-packages/airflow/example_dags/example_branch_operator.py for tasks to queue
[2022-02-22 15:43:35,329] {logging_mixin.py:109} INFO - [2022-02-22 15:43:35,329] {dagbag.py:500} INFO - Filling up the DagBag from /Users/aleckienzle/Developer/nba-etl/env/lib/python3.8/site-packages/airflow/example_dags/example_branch_operator.py
[2022-02-22 15:43:35,352] {processor.py:654} INFO - DAG(s) dict_keys(['example_branch_operator']) retrieved from /Users/aleckienzle/Developer/nba-etl/env/lib/python3.8/site-packages/airflow/example_dags/example_branch_operator.py
[2022-02-22 15:43:35,362] {logging_mixin.py:109} INFO - [2022-02-22 15:43:35,362] {dag.py:2396} INFO - Sync 1 DAGs
[2022-02-22 15:43:35,366] {logging_mixin.py:109} INFO - [2022-02-22 15:43:35,366] {dag.py:2935} INFO - Setting next_dagrun for example_branch_operator to 2022-02-21 00:00:00+00:00
[2022-02-22 15:43:35,370] {processor.py:171} INFO - Processing /Users/aleckienzle/Developer/nba-etl/env/lib/python3.8/site-packages/airflow/example_dags/example_branch_operator.py took 0.042 seconds
[2022-02-22 15:44:41,020] {processor.py:163} INFO - Started process (PID=42002) to work on /Users/aleckienzle/Developer/nba-etl/env/lib/python3.8/site-packages/airflow/example_dags/example_branch_operator.py
[2022-02-22 15:44:41,021] {processor.py:642} INFO - Processing file /Users/aleckienzle/Developer/nba-etl/env/lib/python3.8/site-packages/airflow/example_dags/example_branch_operator.py for tasks to queue
[2022-02-22 15:44:41,022] {logging_mixin.py:109} INFO - [2022-02-22 15:44:41,022] {dagbag.py:500} INFO - Filling up the DagBag from /Users/aleckienzle/Developer/nba-etl/env/lib/python3.8/site-packages/airflow/example_dags/example_branch_operator.py
[2022-02-22 15:44:41,045] {processor.py:654} INFO - DAG(s) dict_keys(['example_branch_operator']) retrieved from /Users/aleckienzle/Developer/nba-etl/env/lib/python3.8/site-packages/airflow/example_dags/example_branch_operator.py
[2022-02-22 15:44:41,055] {logging_mixin.py:109} INFO - [2022-02-22 15:44:41,055] {dag.py:2396} INFO - Sync 1 DAGs
[2022-02-22 15:44:41,060] {logging_mixin.py:109} INFO - [2022-02-22 15:44:41,060] {dag.py:2935} INFO - Setting next_dagrun for example_branch_operator to 2022-02-21 00:00:00+00:00
[2022-02-22 15:44:41,063] {processor.py:171} INFO - Processing /Users/aleckienzle/Developer/nba-etl/env/lib/python3.8/site-packages/airflow/example_dags/example_branch_operator.py took 0.043 seconds
[2022-02-22 15:45:46,801] {processor.py:163} INFO - Started process (PID=42147) to work on /Users/aleckienzle/Developer/nba-etl/env/lib/python3.8/site-packages/airflow/example_dags/example_branch_operator.py
[2022-02-22 15:45:46,802] {processor.py:642} INFO - Processing file /Users/aleckienzle/Developer/nba-etl/env/lib/python3.8/site-packages/airflow/example_dags/example_branch_operator.py for tasks to queue
[2022-02-22 15:45:46,802] {logging_mixin.py:109} INFO - [2022-02-22 15:45:46,802] {dagbag.py:500} INFO - Filling up the DagBag from /Users/aleckienzle/Developer/nba-etl/env/lib/python3.8/site-packages/airflow/example_dags/example_branch_operator.py
[2022-02-22 15:45:46,826] {processor.py:654} INFO - DAG(s) dict_keys(['example_branch_operator']) retrieved from /Users/aleckienzle/Developer/nba-etl/env/lib/python3.8/site-packages/airflow/example_dags/example_branch_operator.py
[2022-02-22 15:45:46,835] {logging_mixin.py:109} INFO - [2022-02-22 15:45:46,835] {dag.py:2396} INFO - Sync 1 DAGs
[2022-02-22 15:45:46,840] {logging_mixin.py:109} INFO - [2022-02-22 15:45:46,840] {dag.py:2935} INFO - Setting next_dagrun for example_branch_operator to 2022-02-21 00:00:00+00:00
[2022-02-22 15:45:46,843] {processor.py:171} INFO - Processing /Users/aleckienzle/Developer/nba-etl/env/lib/python3.8/site-packages/airflow/example_dags/example_branch_operator.py took 0.043 seconds
[2022-02-22 15:46:52,737] {processor.py:163} INFO - Started process (PID=42374) to work on /Users/aleckienzle/Developer/nba-etl/env/lib/python3.8/site-packages/airflow/example_dags/example_branch_operator.py
[2022-02-22 15:46:52,738] {processor.py:642} INFO - Processing file /Users/aleckienzle/Developer/nba-etl/env/lib/python3.8/site-packages/airflow/example_dags/example_branch_operator.py for tasks to queue
[2022-02-22 15:46:52,738] {logging_mixin.py:109} INFO - [2022-02-22 15:46:52,738] {dagbag.py:500} INFO - Filling up the DagBag from /Users/aleckienzle/Developer/nba-etl/env/lib/python3.8/site-packages/airflow/example_dags/example_branch_operator.py
[2022-02-22 15:46:52,764] {processor.py:654} INFO - DAG(s) dict_keys(['example_branch_operator']) retrieved from /Users/aleckienzle/Developer/nba-etl/env/lib/python3.8/site-packages/airflow/example_dags/example_branch_operator.py
[2022-02-22 15:46:52,773] {logging_mixin.py:109} INFO - [2022-02-22 15:46:52,773] {dag.py:2396} INFO - Sync 1 DAGs
[2022-02-22 15:46:52,778] {logging_mixin.py:109} INFO - [2022-02-22 15:46:52,778] {dag.py:2935} INFO - Setting next_dagrun for example_branch_operator to 2022-02-21 00:00:00+00:00
[2022-02-22 15:46:52,781] {processor.py:171} INFO - Processing /Users/aleckienzle/Developer/nba-etl/env/lib/python3.8/site-packages/airflow/example_dags/example_branch_operator.py took 0.045 seconds
[2022-02-22 15:48:04,440] {processor.py:163} INFO - Started process (PID=42630) to work on /Users/aleckienzle/Developer/nba-etl/env/lib/python3.8/site-packages/airflow/example_dags/example_branch_operator.py
[2022-02-22 15:48:04,441] {processor.py:642} INFO - Processing file /Users/aleckienzle/Developer/nba-etl/env/lib/python3.8/site-packages/airflow/example_dags/example_branch_operator.py for tasks to queue
[2022-02-22 15:48:04,441] {logging_mixin.py:109} INFO - [2022-02-22 15:48:04,441] {dagbag.py:500} INFO - Filling up the DagBag from /Users/aleckienzle/Developer/nba-etl/env/lib/python3.8/site-packages/airflow/example_dags/example_branch_operator.py
[2022-02-22 15:48:04,464] {processor.py:654} INFO - DAG(s) dict_keys(['example_branch_operator']) retrieved from /Users/aleckienzle/Developer/nba-etl/env/lib/python3.8/site-packages/airflow/example_dags/example_branch_operator.py
[2022-02-22 15:48:04,474] {logging_mixin.py:109} INFO - [2022-02-22 15:48:04,473] {dag.py:2396} INFO - Sync 1 DAGs
[2022-02-22 15:48:04,478] {logging_mixin.py:109} INFO - [2022-02-22 15:48:04,478] {dag.py:2935} INFO - Setting next_dagrun for example_branch_operator to 2022-02-21 00:00:00+00:00
[2022-02-22 15:48:04,481] {processor.py:171} INFO - Processing /Users/aleckienzle/Developer/nba-etl/env/lib/python3.8/site-packages/airflow/example_dags/example_branch_operator.py took 0.042 seconds
[2022-02-22 15:49:12,428] {processor.py:163} INFO - Started process (PID=42801) to work on /Users/aleckienzle/Developer/nba-etl/env/lib/python3.8/site-packages/airflow/example_dags/example_branch_operator.py
[2022-02-22 15:49:12,428] {processor.py:642} INFO - Processing file /Users/aleckienzle/Developer/nba-etl/env/lib/python3.8/site-packages/airflow/example_dags/example_branch_operator.py for tasks to queue
[2022-02-22 15:49:12,428] {logging_mixin.py:109} INFO - [2022-02-22 15:49:12,428] {dagbag.py:500} INFO - Filling up the DagBag from /Users/aleckienzle/Developer/nba-etl/env/lib/python3.8/site-packages/airflow/example_dags/example_branch_operator.py
[2022-02-22 15:49:12,452] {processor.py:654} INFO - DAG(s) dict_keys(['example_branch_operator']) retrieved from /Users/aleckienzle/Developer/nba-etl/env/lib/python3.8/site-packages/airflow/example_dags/example_branch_operator.py
[2022-02-22 15:49:12,461] {logging_mixin.py:109} INFO - [2022-02-22 15:49:12,461] {dag.py:2396} INFO - Sync 1 DAGs
[2022-02-22 15:49:12,466] {logging_mixin.py:109} INFO - [2022-02-22 15:49:12,466] {dag.py:2935} INFO - Setting next_dagrun for example_branch_operator to 2022-02-21 00:00:00+00:00
[2022-02-22 15:49:12,469] {processor.py:171} INFO - Processing /Users/aleckienzle/Developer/nba-etl/env/lib/python3.8/site-packages/airflow/example_dags/example_branch_operator.py took 0.042 seconds
[2022-02-22 15:50:20,663] {processor.py:163} INFO - Started process (PID=42976) to work on /Users/aleckienzle/Developer/nba-etl/env/lib/python3.8/site-packages/airflow/example_dags/example_branch_operator.py
[2022-02-22 15:50:20,664] {processor.py:642} INFO - Processing file /Users/aleckienzle/Developer/nba-etl/env/lib/python3.8/site-packages/airflow/example_dags/example_branch_operator.py for tasks to queue
[2022-02-22 15:50:20,664] {logging_mixin.py:109} INFO - [2022-02-22 15:50:20,664] {dagbag.py:500} INFO - Filling up the DagBag from /Users/aleckienzle/Developer/nba-etl/env/lib/python3.8/site-packages/airflow/example_dags/example_branch_operator.py
[2022-02-22 15:50:20,689] {processor.py:654} INFO - DAG(s) dict_keys(['example_branch_operator']) retrieved from /Users/aleckienzle/Developer/nba-etl/env/lib/python3.8/site-packages/airflow/example_dags/example_branch_operator.py
[2022-02-22 15:50:20,699] {logging_mixin.py:109} INFO - [2022-02-22 15:50:20,699] {dag.py:2396} INFO - Sync 1 DAGs
[2022-02-22 15:50:20,704] {logging_mixin.py:109} INFO - [2022-02-22 15:50:20,704] {dag.py:2935} INFO - Setting next_dagrun for example_branch_operator to 2022-02-21 00:00:00+00:00
[2022-02-22 15:50:20,708] {processor.py:171} INFO - Processing /Users/aleckienzle/Developer/nba-etl/env/lib/python3.8/site-packages/airflow/example_dags/example_branch_operator.py took 0.045 seconds
[2022-02-22 15:51:30,440] {processor.py:163} INFO - Started process (PID=43163) to work on /Users/aleckienzle/Developer/nba-etl/env/lib/python3.8/site-packages/airflow/example_dags/example_branch_operator.py
[2022-02-22 15:51:30,441] {processor.py:642} INFO - Processing file /Users/aleckienzle/Developer/nba-etl/env/lib/python3.8/site-packages/airflow/example_dags/example_branch_operator.py for tasks to queue
[2022-02-22 15:51:30,442] {logging_mixin.py:109} INFO - [2022-02-22 15:51:30,442] {dagbag.py:500} INFO - Filling up the DagBag from /Users/aleckienzle/Developer/nba-etl/env/lib/python3.8/site-packages/airflow/example_dags/example_branch_operator.py
[2022-02-22 15:51:30,465] {processor.py:654} INFO - DAG(s) dict_keys(['example_branch_operator']) retrieved from /Users/aleckienzle/Developer/nba-etl/env/lib/python3.8/site-packages/airflow/example_dags/example_branch_operator.py
[2022-02-22 15:51:30,475] {logging_mixin.py:109} INFO - [2022-02-22 15:51:30,475] {dag.py:2396} INFO - Sync 1 DAGs
[2022-02-22 15:51:30,480] {logging_mixin.py:109} INFO - [2022-02-22 15:51:30,480] {dag.py:2935} INFO - Setting next_dagrun for example_branch_operator to 2022-02-21 00:00:00+00:00
[2022-02-22 15:51:30,483] {processor.py:171} INFO - Processing /Users/aleckienzle/Developer/nba-etl/env/lib/python3.8/site-packages/airflow/example_dags/example_branch_operator.py took 0.043 seconds
[2022-02-22 15:52:39,501] {processor.py:163} INFO - Started process (PID=43332) to work on /Users/aleckienzle/Developer/nba-etl/env/lib/python3.8/site-packages/airflow/example_dags/example_branch_operator.py
[2022-02-22 15:52:39,501] {processor.py:642} INFO - Processing file /Users/aleckienzle/Developer/nba-etl/env/lib/python3.8/site-packages/airflow/example_dags/example_branch_operator.py for tasks to queue
[2022-02-22 15:52:39,501] {logging_mixin.py:109} INFO - [2022-02-22 15:52:39,501] {dagbag.py:500} INFO - Filling up the DagBag from /Users/aleckienzle/Developer/nba-etl/env/lib/python3.8/site-packages/airflow/example_dags/example_branch_operator.py
[2022-02-22 15:52:39,526] {processor.py:654} INFO - DAG(s) dict_keys(['example_branch_operator']) retrieved from /Users/aleckienzle/Developer/nba-etl/env/lib/python3.8/site-packages/airflow/example_dags/example_branch_operator.py
[2022-02-22 15:52:39,536] {logging_mixin.py:109} INFO - [2022-02-22 15:52:39,536] {dag.py:2396} INFO - Sync 1 DAGs
[2022-02-22 15:52:39,541] {logging_mixin.py:109} INFO - [2022-02-22 15:52:39,541] {dag.py:2935} INFO - Setting next_dagrun for example_branch_operator to 2022-02-21 00:00:00+00:00
[2022-02-22 15:52:39,544] {processor.py:171} INFO - Processing /Users/aleckienzle/Developer/nba-etl/env/lib/python3.8/site-packages/airflow/example_dags/example_branch_operator.py took 0.044 seconds
[2022-02-22 15:53:48,134] {processor.py:163} INFO - Started process (PID=43491) to work on /Users/aleckienzle/Developer/nba-etl/env/lib/python3.8/site-packages/airflow/example_dags/example_branch_operator.py
[2022-02-22 15:53:48,135] {processor.py:642} INFO - Processing file /Users/aleckienzle/Developer/nba-etl/env/lib/python3.8/site-packages/airflow/example_dags/example_branch_operator.py for tasks to queue
[2022-02-22 15:53:48,135] {logging_mixin.py:109} INFO - [2022-02-22 15:53:48,135] {dagbag.py:500} INFO - Filling up the DagBag from /Users/aleckienzle/Developer/nba-etl/env/lib/python3.8/site-packages/airflow/example_dags/example_branch_operator.py
[2022-02-22 15:53:48,160] {processor.py:654} INFO - DAG(s) dict_keys(['example_branch_operator']) retrieved from /Users/aleckienzle/Developer/nba-etl/env/lib/python3.8/site-packages/airflow/example_dags/example_branch_operator.py
[2022-02-22 15:53:48,170] {logging_mixin.py:109} INFO - [2022-02-22 15:53:48,170] {dag.py:2396} INFO - Sync 1 DAGs
[2022-02-22 15:53:48,175] {logging_mixin.py:109} INFO - [2022-02-22 15:53:48,175] {dag.py:2935} INFO - Setting next_dagrun for example_branch_operator to 2022-02-21 00:00:00+00:00
[2022-02-22 15:53:48,178] {processor.py:171} INFO - Processing /Users/aleckienzle/Developer/nba-etl/env/lib/python3.8/site-packages/airflow/example_dags/example_branch_operator.py took 0.045 seconds
[2022-02-22 15:54:56,539] {processor.py:163} INFO - Started process (PID=43668) to work on /Users/aleckienzle/Developer/nba-etl/env/lib/python3.8/site-packages/airflow/example_dags/example_branch_operator.py
[2022-02-22 15:54:56,539] {processor.py:642} INFO - Processing file /Users/aleckienzle/Developer/nba-etl/env/lib/python3.8/site-packages/airflow/example_dags/example_branch_operator.py for tasks to queue
[2022-02-22 15:54:56,539] {logging_mixin.py:109} INFO - [2022-02-22 15:54:56,539] {dagbag.py:500} INFO - Filling up the DagBag from /Users/aleckienzle/Developer/nba-etl/env/lib/python3.8/site-packages/airflow/example_dags/example_branch_operator.py
[2022-02-22 15:54:56,562] {processor.py:654} INFO - DAG(s) dict_keys(['example_branch_operator']) retrieved from /Users/aleckienzle/Developer/nba-etl/env/lib/python3.8/site-packages/airflow/example_dags/example_branch_operator.py
[2022-02-22 15:54:56,572] {logging_mixin.py:109} INFO - [2022-02-22 15:54:56,572] {dag.py:2396} INFO - Sync 1 DAGs
[2022-02-22 15:54:56,577] {logging_mixin.py:109} INFO - [2022-02-22 15:54:56,577] {dag.py:2935} INFO - Setting next_dagrun for example_branch_operator to 2022-02-21 00:00:00+00:00
[2022-02-22 15:54:56,580] {processor.py:171} INFO - Processing /Users/aleckienzle/Developer/nba-etl/env/lib/python3.8/site-packages/airflow/example_dags/example_branch_operator.py took 0.042 seconds
[2022-02-22 15:56:06,505] {processor.py:163} INFO - Started process (PID=43869) to work on /Users/aleckienzle/Developer/nba-etl/env/lib/python3.8/site-packages/airflow/example_dags/example_branch_operator.py
[2022-02-22 15:56:06,506] {processor.py:642} INFO - Processing file /Users/aleckienzle/Developer/nba-etl/env/lib/python3.8/site-packages/airflow/example_dags/example_branch_operator.py for tasks to queue
[2022-02-22 15:56:06,506] {logging_mixin.py:109} INFO - [2022-02-22 15:56:06,506] {dagbag.py:500} INFO - Filling up the DagBag from /Users/aleckienzle/Developer/nba-etl/env/lib/python3.8/site-packages/airflow/example_dags/example_branch_operator.py
[2022-02-22 15:56:06,532] {processor.py:654} INFO - DAG(s) dict_keys(['example_branch_operator']) retrieved from /Users/aleckienzle/Developer/nba-etl/env/lib/python3.8/site-packages/airflow/example_dags/example_branch_operator.py
[2022-02-22 15:56:06,541] {logging_mixin.py:109} INFO - [2022-02-22 15:56:06,541] {dag.py:2396} INFO - Sync 1 DAGs
[2022-02-22 15:56:06,546] {logging_mixin.py:109} INFO - [2022-02-22 15:56:06,546] {dag.py:2935} INFO - Setting next_dagrun for example_branch_operator to 2022-02-21 00:00:00+00:00
[2022-02-22 15:56:06,549] {processor.py:171} INFO - Processing /Users/aleckienzle/Developer/nba-etl/env/lib/python3.8/site-packages/airflow/example_dags/example_branch_operator.py took 0.045 seconds
[2022-02-22 15:57:14,176] {processor.py:163} INFO - Started process (PID=44032) to work on /Users/aleckienzle/Developer/nba-etl/env/lib/python3.8/site-packages/airflow/example_dags/example_branch_operator.py
[2022-02-22 15:57:14,177] {processor.py:642} INFO - Processing file /Users/aleckienzle/Developer/nba-etl/env/lib/python3.8/site-packages/airflow/example_dags/example_branch_operator.py for tasks to queue
[2022-02-22 15:57:14,177] {logging_mixin.py:109} INFO - [2022-02-22 15:57:14,177] {dagbag.py:500} INFO - Filling up the DagBag from /Users/aleckienzle/Developer/nba-etl/env/lib/python3.8/site-packages/airflow/example_dags/example_branch_operator.py
[2022-02-22 15:57:14,200] {processor.py:654} INFO - DAG(s) dict_keys(['example_branch_operator']) retrieved from /Users/aleckienzle/Developer/nba-etl/env/lib/python3.8/site-packages/airflow/example_dags/example_branch_operator.py
[2022-02-22 15:57:14,210] {logging_mixin.py:109} INFO - [2022-02-22 15:57:14,210] {dag.py:2396} INFO - Sync 1 DAGs
[2022-02-22 15:57:14,215] {logging_mixin.py:109} INFO - [2022-02-22 15:57:14,215] {dag.py:2935} INFO - Setting next_dagrun for example_branch_operator to 2022-02-21 00:00:00+00:00
[2022-02-22 15:57:14,218] {processor.py:171} INFO - Processing /Users/aleckienzle/Developer/nba-etl/env/lib/python3.8/site-packages/airflow/example_dags/example_branch_operator.py took 0.042 seconds
[2022-02-22 15:58:24,736] {processor.py:163} INFO - Started process (PID=44312) to work on /Users/aleckienzle/Developer/nba-etl/env/lib/python3.8/site-packages/airflow/example_dags/example_branch_operator.py
[2022-02-22 15:58:24,737] {processor.py:642} INFO - Processing file /Users/aleckienzle/Developer/nba-etl/env/lib/python3.8/site-packages/airflow/example_dags/example_branch_operator.py for tasks to queue
[2022-02-22 15:58:24,737] {logging_mixin.py:109} INFO - [2022-02-22 15:58:24,737] {dagbag.py:500} INFO - Filling up the DagBag from /Users/aleckienzle/Developer/nba-etl/env/lib/python3.8/site-packages/airflow/example_dags/example_branch_operator.py
[2022-02-22 15:58:24,760] {processor.py:654} INFO - DAG(s) dict_keys(['example_branch_operator']) retrieved from /Users/aleckienzle/Developer/nba-etl/env/lib/python3.8/site-packages/airflow/example_dags/example_branch_operator.py
[2022-02-22 15:58:24,770] {logging_mixin.py:109} INFO - [2022-02-22 15:58:24,770] {dag.py:2396} INFO - Sync 1 DAGs
[2022-02-22 15:58:24,775] {logging_mixin.py:109} INFO - [2022-02-22 15:58:24,775] {dag.py:2935} INFO - Setting next_dagrun for example_branch_operator to 2022-02-21 00:00:00+00:00
[2022-02-22 15:58:24,778] {processor.py:171} INFO - Processing /Users/aleckienzle/Developer/nba-etl/env/lib/python3.8/site-packages/airflow/example_dags/example_branch_operator.py took 0.042 seconds
[2022-02-22 15:59:30,635] {processor.py:163} INFO - Started process (PID=44578) to work on /Users/aleckienzle/Developer/nba-etl/env/lib/python3.8/site-packages/airflow/example_dags/example_branch_operator.py
[2022-02-22 15:59:30,635] {processor.py:642} INFO - Processing file /Users/aleckienzle/Developer/nba-etl/env/lib/python3.8/site-packages/airflow/example_dags/example_branch_operator.py for tasks to queue
[2022-02-22 15:59:30,635] {logging_mixin.py:109} INFO - [2022-02-22 15:59:30,635] {dagbag.py:500} INFO - Filling up the DagBag from /Users/aleckienzle/Developer/nba-etl/env/lib/python3.8/site-packages/airflow/example_dags/example_branch_operator.py
[2022-02-22 15:59:30,659] {processor.py:654} INFO - DAG(s) dict_keys(['example_branch_operator']) retrieved from /Users/aleckienzle/Developer/nba-etl/env/lib/python3.8/site-packages/airflow/example_dags/example_branch_operator.py
[2022-02-22 15:59:30,668] {logging_mixin.py:109} INFO - [2022-02-22 15:59:30,668] {dag.py:2396} INFO - Sync 1 DAGs
[2022-02-22 15:59:30,673] {logging_mixin.py:109} INFO - [2022-02-22 15:59:30,673] {dag.py:2935} INFO - Setting next_dagrun for example_branch_operator to 2022-02-21 00:00:00+00:00
[2022-02-22 15:59:30,677] {processor.py:171} INFO - Processing /Users/aleckienzle/Developer/nba-etl/env/lib/python3.8/site-packages/airflow/example_dags/example_branch_operator.py took 0.042 seconds
