[2022-02-22 15:38:09,815] {processor.py:163} INFO - Started process (PID=41034) to work on /Users/aleckienzle/Developer/nba-etl/env/lib/python3.8/site-packages/airflow/example_dags/example_complex.py
[2022-02-22 15:38:09,816] {processor.py:642} INFO - Processing file /Users/aleckienzle/Developer/nba-etl/env/lib/python3.8/site-packages/airflow/example_dags/example_complex.py for tasks to queue
[2022-02-22 15:38:09,816] {logging_mixin.py:109} INFO - [2022-02-22 15:38:09,816] {dagbag.py:500} INFO - Filling up the DagBag from /Users/aleckienzle/Developer/nba-etl/env/lib/python3.8/site-packages/airflow/example_dags/example_complex.py
[2022-02-22 15:38:09,835] {processor.py:654} INFO - DAG(s) dict_keys(['example_complex']) retrieved from /Users/aleckienzle/Developer/nba-etl/env/lib/python3.8/site-packages/airflow/example_dags/example_complex.py
[2022-02-22 15:38:09,846] {logging_mixin.py:109} INFO - [2022-02-22 15:38:09,846] {dag.py:2396} INFO - Sync 1 DAGs
[2022-02-22 15:38:09,851] {logging_mixin.py:109} INFO - [2022-02-22 15:38:09,850] {dag.py:2935} INFO - Setting next_dagrun for example_complex to None
[2022-02-22 15:38:09,854] {processor.py:171} INFO - Processing /Users/aleckienzle/Developer/nba-etl/env/lib/python3.8/site-packages/airflow/example_dags/example_complex.py took 0.039 seconds
[2022-02-22 15:39:13,569] {processor.py:163} INFO - Started process (PID=41195) to work on /Users/aleckienzle/Developer/nba-etl/env/lib/python3.8/site-packages/airflow/example_dags/example_complex.py
[2022-02-22 15:39:13,570] {processor.py:642} INFO - Processing file /Users/aleckienzle/Developer/nba-etl/env/lib/python3.8/site-packages/airflow/example_dags/example_complex.py for tasks to queue
[2022-02-22 15:39:13,570] {logging_mixin.py:109} INFO - [2022-02-22 15:39:13,570] {dagbag.py:500} INFO - Filling up the DagBag from /Users/aleckienzle/Developer/nba-etl/env/lib/python3.8/site-packages/airflow/example_dags/example_complex.py
[2022-02-22 15:39:13,591] {processor.py:654} INFO - DAG(s) dict_keys(['example_complex']) retrieved from /Users/aleckienzle/Developer/nba-etl/env/lib/python3.8/site-packages/airflow/example_dags/example_complex.py
[2022-02-22 15:39:13,602] {logging_mixin.py:109} INFO - [2022-02-22 15:39:13,602] {dag.py:2396} INFO - Sync 1 DAGs
[2022-02-22 15:39:13,606] {logging_mixin.py:109} INFO - [2022-02-22 15:39:13,606] {dag.py:2935} INFO - Setting next_dagrun for example_complex to None
[2022-02-22 15:39:13,609] {processor.py:171} INFO - Processing /Users/aleckienzle/Developer/nba-etl/env/lib/python3.8/site-packages/airflow/example_dags/example_complex.py took 0.041 seconds
[2022-02-22 15:40:17,266] {processor.py:163} INFO - Started process (PID=41356) to work on /Users/aleckienzle/Developer/nba-etl/env/lib/python3.8/site-packages/airflow/example_dags/example_complex.py
[2022-02-22 15:40:17,267] {processor.py:642} INFO - Processing file /Users/aleckienzle/Developer/nba-etl/env/lib/python3.8/site-packages/airflow/example_dags/example_complex.py for tasks to queue
[2022-02-22 15:40:17,267] {logging_mixin.py:109} INFO - [2022-02-22 15:40:17,267] {dagbag.py:500} INFO - Filling up the DagBag from /Users/aleckienzle/Developer/nba-etl/env/lib/python3.8/site-packages/airflow/example_dags/example_complex.py
[2022-02-22 15:40:17,286] {processor.py:654} INFO - DAG(s) dict_keys(['example_complex']) retrieved from /Users/aleckienzle/Developer/nba-etl/env/lib/python3.8/site-packages/airflow/example_dags/example_complex.py
[2022-02-22 15:40:17,297] {logging_mixin.py:109} INFO - [2022-02-22 15:40:17,297] {dag.py:2396} INFO - Sync 1 DAGs
[2022-02-22 15:40:17,301] {logging_mixin.py:109} INFO - [2022-02-22 15:40:17,301] {dag.py:2935} INFO - Setting next_dagrun for example_complex to None
[2022-02-22 15:40:17,304] {processor.py:171} INFO - Processing /Users/aleckienzle/Developer/nba-etl/env/lib/python3.8/site-packages/airflow/example_dags/example_complex.py took 0.039 seconds
[2022-02-22 15:41:21,224] {processor.py:163} INFO - Started process (PID=41494) to work on /Users/aleckienzle/Developer/nba-etl/env/lib/python3.8/site-packages/airflow/example_dags/example_complex.py
[2022-02-22 15:41:21,225] {processor.py:642} INFO - Processing file /Users/aleckienzle/Developer/nba-etl/env/lib/python3.8/site-packages/airflow/example_dags/example_complex.py for tasks to queue
[2022-02-22 15:41:21,225] {logging_mixin.py:109} INFO - [2022-02-22 15:41:21,225] {dagbag.py:500} INFO - Filling up the DagBag from /Users/aleckienzle/Developer/nba-etl/env/lib/python3.8/site-packages/airflow/example_dags/example_complex.py
[2022-02-22 15:41:21,244] {processor.py:654} INFO - DAG(s) dict_keys(['example_complex']) retrieved from /Users/aleckienzle/Developer/nba-etl/env/lib/python3.8/site-packages/airflow/example_dags/example_complex.py
[2022-02-22 15:41:21,255] {logging_mixin.py:109} INFO - [2022-02-22 15:41:21,255] {dag.py:2396} INFO - Sync 1 DAGs
[2022-02-22 15:41:21,259] {logging_mixin.py:109} INFO - [2022-02-22 15:41:21,259] {dag.py:2935} INFO - Setting next_dagrun for example_complex to None
[2022-02-22 15:41:21,262] {processor.py:171} INFO - Processing /Users/aleckienzle/Developer/nba-etl/env/lib/python3.8/site-packages/airflow/example_dags/example_complex.py took 0.039 seconds
[2022-02-22 15:42:25,422] {processor.py:163} INFO - Started process (PID=41643) to work on /Users/aleckienzle/Developer/nba-etl/env/lib/python3.8/site-packages/airflow/example_dags/example_complex.py
[2022-02-22 15:42:25,423] {processor.py:642} INFO - Processing file /Users/aleckienzle/Developer/nba-etl/env/lib/python3.8/site-packages/airflow/example_dags/example_complex.py for tasks to queue
[2022-02-22 15:42:25,423] {logging_mixin.py:109} INFO - [2022-02-22 15:42:25,423] {dagbag.py:500} INFO - Filling up the DagBag from /Users/aleckienzle/Developer/nba-etl/env/lib/python3.8/site-packages/airflow/example_dags/example_complex.py
[2022-02-22 15:42:25,443] {processor.py:654} INFO - DAG(s) dict_keys(['example_complex']) retrieved from /Users/aleckienzle/Developer/nba-etl/env/lib/python3.8/site-packages/airflow/example_dags/example_complex.py
[2022-02-22 15:42:25,455] {logging_mixin.py:109} INFO - [2022-02-22 15:42:25,455] {dag.py:2396} INFO - Sync 1 DAGs
[2022-02-22 15:42:25,459] {logging_mixin.py:109} INFO - [2022-02-22 15:42:25,459] {dag.py:2935} INFO - Setting next_dagrun for example_complex to None
[2022-02-22 15:42:25,463] {processor.py:171} INFO - Processing /Users/aleckienzle/Developer/nba-etl/env/lib/python3.8/site-packages/airflow/example_dags/example_complex.py took 0.042 seconds
[2022-02-22 15:43:31,423] {processor.py:163} INFO - Started process (PID=41849) to work on /Users/aleckienzle/Developer/nba-etl/env/lib/python3.8/site-packages/airflow/example_dags/example_complex.py
[2022-02-22 15:43:31,423] {processor.py:642} INFO - Processing file /Users/aleckienzle/Developer/nba-etl/env/lib/python3.8/site-packages/airflow/example_dags/example_complex.py for tasks to queue
[2022-02-22 15:43:31,423] {logging_mixin.py:109} INFO - [2022-02-22 15:43:31,423] {dagbag.py:500} INFO - Filling up the DagBag from /Users/aleckienzle/Developer/nba-etl/env/lib/python3.8/site-packages/airflow/example_dags/example_complex.py
[2022-02-22 15:43:31,442] {processor.py:654} INFO - DAG(s) dict_keys(['example_complex']) retrieved from /Users/aleckienzle/Developer/nba-etl/env/lib/python3.8/site-packages/airflow/example_dags/example_complex.py
[2022-02-22 15:43:31,454] {logging_mixin.py:109} INFO - [2022-02-22 15:43:31,454] {dag.py:2396} INFO - Sync 1 DAGs
[2022-02-22 15:43:31,459] {logging_mixin.py:109} INFO - [2022-02-22 15:43:31,459] {dag.py:2935} INFO - Setting next_dagrun for example_complex to None
[2022-02-22 15:43:31,462] {processor.py:171} INFO - Processing /Users/aleckienzle/Developer/nba-etl/env/lib/python3.8/site-packages/airflow/example_dags/example_complex.py took 0.040 seconds
[2022-02-22 15:44:37,146] {processor.py:163} INFO - Started process (PID=41998) to work on /Users/aleckienzle/Developer/nba-etl/env/lib/python3.8/site-packages/airflow/example_dags/example_complex.py
[2022-02-22 15:44:37,147] {processor.py:642} INFO - Processing file /Users/aleckienzle/Developer/nba-etl/env/lib/python3.8/site-packages/airflow/example_dags/example_complex.py for tasks to queue
[2022-02-22 15:44:37,148] {logging_mixin.py:109} INFO - [2022-02-22 15:44:37,147] {dagbag.py:500} INFO - Filling up the DagBag from /Users/aleckienzle/Developer/nba-etl/env/lib/python3.8/site-packages/airflow/example_dags/example_complex.py
[2022-02-22 15:44:37,168] {processor.py:654} INFO - DAG(s) dict_keys(['example_complex']) retrieved from /Users/aleckienzle/Developer/nba-etl/env/lib/python3.8/site-packages/airflow/example_dags/example_complex.py
[2022-02-22 15:44:37,179] {logging_mixin.py:109} INFO - [2022-02-22 15:44:37,179] {dag.py:2396} INFO - Sync 1 DAGs
[2022-02-22 15:44:37,183] {logging_mixin.py:109} INFO - [2022-02-22 15:44:37,183] {dag.py:2935} INFO - Setting next_dagrun for example_complex to None
[2022-02-22 15:44:37,188] {processor.py:171} INFO - Processing /Users/aleckienzle/Developer/nba-etl/env/lib/python3.8/site-packages/airflow/example_dags/example_complex.py took 0.042 seconds
[2022-02-22 15:45:43,007] {processor.py:163} INFO - Started process (PID=42140) to work on /Users/aleckienzle/Developer/nba-etl/env/lib/python3.8/site-packages/airflow/example_dags/example_complex.py
[2022-02-22 15:45:43,007] {processor.py:642} INFO - Processing file /Users/aleckienzle/Developer/nba-etl/env/lib/python3.8/site-packages/airflow/example_dags/example_complex.py for tasks to queue
[2022-02-22 15:45:43,007] {logging_mixin.py:109} INFO - [2022-02-22 15:45:43,007] {dagbag.py:500} INFO - Filling up the DagBag from /Users/aleckienzle/Developer/nba-etl/env/lib/python3.8/site-packages/airflow/example_dags/example_complex.py
[2022-02-22 15:45:43,029] {processor.py:654} INFO - DAG(s) dict_keys(['example_complex']) retrieved from /Users/aleckienzle/Developer/nba-etl/env/lib/python3.8/site-packages/airflow/example_dags/example_complex.py
[2022-02-22 15:45:43,041] {logging_mixin.py:109} INFO - [2022-02-22 15:45:43,041] {dag.py:2396} INFO - Sync 1 DAGs
[2022-02-22 15:45:43,046] {logging_mixin.py:109} INFO - [2022-02-22 15:45:43,046] {dag.py:2935} INFO - Setting next_dagrun for example_complex to None
[2022-02-22 15:45:43,050] {processor.py:171} INFO - Processing /Users/aleckienzle/Developer/nba-etl/env/lib/python3.8/site-packages/airflow/example_dags/example_complex.py took 0.044 seconds
[2022-02-22 15:46:48,883] {processor.py:163} INFO - Started process (PID=42370) to work on /Users/aleckienzle/Developer/nba-etl/env/lib/python3.8/site-packages/airflow/example_dags/example_complex.py
[2022-02-22 15:46:48,884] {processor.py:642} INFO - Processing file /Users/aleckienzle/Developer/nba-etl/env/lib/python3.8/site-packages/airflow/example_dags/example_complex.py for tasks to queue
[2022-02-22 15:46:48,884] {logging_mixin.py:109} INFO - [2022-02-22 15:46:48,884] {dagbag.py:500} INFO - Filling up the DagBag from /Users/aleckienzle/Developer/nba-etl/env/lib/python3.8/site-packages/airflow/example_dags/example_complex.py
[2022-02-22 15:46:48,907] {processor.py:654} INFO - DAG(s) dict_keys(['example_complex']) retrieved from /Users/aleckienzle/Developer/nba-etl/env/lib/python3.8/site-packages/airflow/example_dags/example_complex.py
[2022-02-22 15:46:48,919] {logging_mixin.py:109} INFO - [2022-02-22 15:46:48,919] {dag.py:2396} INFO - Sync 1 DAGs
[2022-02-22 15:46:48,923] {logging_mixin.py:109} INFO - [2022-02-22 15:46:48,923] {dag.py:2935} INFO - Setting next_dagrun for example_complex to None
[2022-02-22 15:46:48,926] {processor.py:171} INFO - Processing /Users/aleckienzle/Developer/nba-etl/env/lib/python3.8/site-packages/airflow/example_dags/example_complex.py took 0.043 seconds
[2022-02-22 15:48:00,676] {processor.py:163} INFO - Started process (PID=42626) to work on /Users/aleckienzle/Developer/nba-etl/env/lib/python3.8/site-packages/airflow/example_dags/example_complex.py
[2022-02-22 15:48:00,677] {processor.py:642} INFO - Processing file /Users/aleckienzle/Developer/nba-etl/env/lib/python3.8/site-packages/airflow/example_dags/example_complex.py for tasks to queue
[2022-02-22 15:48:00,678] {logging_mixin.py:109} INFO - [2022-02-22 15:48:00,678] {dagbag.py:500} INFO - Filling up the DagBag from /Users/aleckienzle/Developer/nba-etl/env/lib/python3.8/site-packages/airflow/example_dags/example_complex.py
[2022-02-22 15:48:00,697] {processor.py:654} INFO - DAG(s) dict_keys(['example_complex']) retrieved from /Users/aleckienzle/Developer/nba-etl/env/lib/python3.8/site-packages/airflow/example_dags/example_complex.py
[2022-02-22 15:48:00,709] {logging_mixin.py:109} INFO - [2022-02-22 15:48:00,708] {dag.py:2396} INFO - Sync 1 DAGs
[2022-02-22 15:48:00,713] {logging_mixin.py:109} INFO - [2022-02-22 15:48:00,713] {dag.py:2935} INFO - Setting next_dagrun for example_complex to None
[2022-02-22 15:48:00,716] {processor.py:171} INFO - Processing /Users/aleckienzle/Developer/nba-etl/env/lib/python3.8/site-packages/airflow/example_dags/example_complex.py took 0.040 seconds
[2022-02-22 15:49:08,626] {processor.py:163} INFO - Started process (PID=42796) to work on /Users/aleckienzle/Developer/nba-etl/env/lib/python3.8/site-packages/airflow/example_dags/example_complex.py
[2022-02-22 15:49:08,627] {processor.py:642} INFO - Processing file /Users/aleckienzle/Developer/nba-etl/env/lib/python3.8/site-packages/airflow/example_dags/example_complex.py for tasks to queue
[2022-02-22 15:49:08,628] {logging_mixin.py:109} INFO - [2022-02-22 15:49:08,628] {dagbag.py:500} INFO - Filling up the DagBag from /Users/aleckienzle/Developer/nba-etl/env/lib/python3.8/site-packages/airflow/example_dags/example_complex.py
[2022-02-22 15:49:08,648] {processor.py:654} INFO - DAG(s) dict_keys(['example_complex']) retrieved from /Users/aleckienzle/Developer/nba-etl/env/lib/python3.8/site-packages/airflow/example_dags/example_complex.py
[2022-02-22 15:49:08,659] {logging_mixin.py:109} INFO - [2022-02-22 15:49:08,659] {dag.py:2396} INFO - Sync 1 DAGs
[2022-02-22 15:49:08,663] {logging_mixin.py:109} INFO - [2022-02-22 15:49:08,663] {dag.py:2935} INFO - Setting next_dagrun for example_complex to None
[2022-02-22 15:49:08,666] {processor.py:171} INFO - Processing /Users/aleckienzle/Developer/nba-etl/env/lib/python3.8/site-packages/airflow/example_dags/example_complex.py took 0.040 seconds
[2022-02-22 15:50:16,754] {processor.py:163} INFO - Started process (PID=42962) to work on /Users/aleckienzle/Developer/nba-etl/env/lib/python3.8/site-packages/airflow/example_dags/example_complex.py
[2022-02-22 15:50:16,755] {processor.py:642} INFO - Processing file /Users/aleckienzle/Developer/nba-etl/env/lib/python3.8/site-packages/airflow/example_dags/example_complex.py for tasks to queue
[2022-02-22 15:50:16,756] {logging_mixin.py:109} INFO - [2022-02-22 15:50:16,756] {dagbag.py:500} INFO - Filling up the DagBag from /Users/aleckienzle/Developer/nba-etl/env/lib/python3.8/site-packages/airflow/example_dags/example_complex.py
[2022-02-22 15:50:16,775] {processor.py:654} INFO - DAG(s) dict_keys(['example_complex']) retrieved from /Users/aleckienzle/Developer/nba-etl/env/lib/python3.8/site-packages/airflow/example_dags/example_complex.py
[2022-02-22 15:50:16,786] {logging_mixin.py:109} INFO - [2022-02-22 15:50:16,786] {dag.py:2396} INFO - Sync 1 DAGs
[2022-02-22 15:50:16,790] {logging_mixin.py:109} INFO - [2022-02-22 15:50:16,790] {dag.py:2935} INFO - Setting next_dagrun for example_complex to None
[2022-02-22 15:50:16,793] {processor.py:171} INFO - Processing /Users/aleckienzle/Developer/nba-etl/env/lib/python3.8/site-packages/airflow/example_dags/example_complex.py took 0.039 seconds
[2022-02-22 15:51:26,556] {processor.py:163} INFO - Started process (PID=43149) to work on /Users/aleckienzle/Developer/nba-etl/env/lib/python3.8/site-packages/airflow/example_dags/example_complex.py
[2022-02-22 15:51:26,556] {processor.py:642} INFO - Processing file /Users/aleckienzle/Developer/nba-etl/env/lib/python3.8/site-packages/airflow/example_dags/example_complex.py for tasks to queue
[2022-02-22 15:51:26,556] {logging_mixin.py:109} INFO - [2022-02-22 15:51:26,556] {dagbag.py:500} INFO - Filling up the DagBag from /Users/aleckienzle/Developer/nba-etl/env/lib/python3.8/site-packages/airflow/example_dags/example_complex.py
[2022-02-22 15:51:26,575] {processor.py:654} INFO - DAG(s) dict_keys(['example_complex']) retrieved from /Users/aleckienzle/Developer/nba-etl/env/lib/python3.8/site-packages/airflow/example_dags/example_complex.py
[2022-02-22 15:51:26,586] {logging_mixin.py:109} INFO - [2022-02-22 15:51:26,586] {dag.py:2396} INFO - Sync 1 DAGs
[2022-02-22 15:51:26,590] {logging_mixin.py:109} INFO - [2022-02-22 15:51:26,590] {dag.py:2935} INFO - Setting next_dagrun for example_complex to None
[2022-02-22 15:51:26,593] {processor.py:171} INFO - Processing /Users/aleckienzle/Developer/nba-etl/env/lib/python3.8/site-packages/airflow/example_dags/example_complex.py took 0.038 seconds
[2022-02-22 15:52:35,561] {processor.py:163} INFO - Started process (PID=43318) to work on /Users/aleckienzle/Developer/nba-etl/env/lib/python3.8/site-packages/airflow/example_dags/example_complex.py
[2022-02-22 15:52:35,562] {processor.py:642} INFO - Processing file /Users/aleckienzle/Developer/nba-etl/env/lib/python3.8/site-packages/airflow/example_dags/example_complex.py for tasks to queue
[2022-02-22 15:52:35,562] {logging_mixin.py:109} INFO - [2022-02-22 15:52:35,562] {dagbag.py:500} INFO - Filling up the DagBag from /Users/aleckienzle/Developer/nba-etl/env/lib/python3.8/site-packages/airflow/example_dags/example_complex.py
[2022-02-22 15:52:35,582] {processor.py:654} INFO - DAG(s) dict_keys(['example_complex']) retrieved from /Users/aleckienzle/Developer/nba-etl/env/lib/python3.8/site-packages/airflow/example_dags/example_complex.py
[2022-02-22 15:52:35,594] {logging_mixin.py:109} INFO - [2022-02-22 15:52:35,594] {dag.py:2396} INFO - Sync 1 DAGs
[2022-02-22 15:52:35,598] {logging_mixin.py:109} INFO - [2022-02-22 15:52:35,598] {dag.py:2935} INFO - Setting next_dagrun for example_complex to None
[2022-02-22 15:52:35,602] {processor.py:171} INFO - Processing /Users/aleckienzle/Developer/nba-etl/env/lib/python3.8/site-packages/airflow/example_dags/example_complex.py took 0.041 seconds
[2022-02-22 15:53:44,301] {processor.py:163} INFO - Started process (PID=43486) to work on /Users/aleckienzle/Developer/nba-etl/env/lib/python3.8/site-packages/airflow/example_dags/example_complex.py
[2022-02-22 15:53:44,301] {processor.py:642} INFO - Processing file /Users/aleckienzle/Developer/nba-etl/env/lib/python3.8/site-packages/airflow/example_dags/example_complex.py for tasks to queue
[2022-02-22 15:53:44,302] {logging_mixin.py:109} INFO - [2022-02-22 15:53:44,301] {dagbag.py:500} INFO - Filling up the DagBag from /Users/aleckienzle/Developer/nba-etl/env/lib/python3.8/site-packages/airflow/example_dags/example_complex.py
[2022-02-22 15:53:44,325] {processor.py:654} INFO - DAG(s) dict_keys(['example_complex']) retrieved from /Users/aleckienzle/Developer/nba-etl/env/lib/python3.8/site-packages/airflow/example_dags/example_complex.py
[2022-02-22 15:53:44,338] {logging_mixin.py:109} INFO - [2022-02-22 15:53:44,338] {dag.py:2396} INFO - Sync 1 DAGs
[2022-02-22 15:53:44,343] {logging_mixin.py:109} INFO - [2022-02-22 15:53:44,343] {dag.py:2935} INFO - Setting next_dagrun for example_complex to None
[2022-02-22 15:53:44,347] {processor.py:171} INFO - Processing /Users/aleckienzle/Developer/nba-etl/env/lib/python3.8/site-packages/airflow/example_dags/example_complex.py took 0.047 seconds
[2022-02-22 15:54:52,621] {processor.py:163} INFO - Started process (PID=43654) to work on /Users/aleckienzle/Developer/nba-etl/env/lib/python3.8/site-packages/airflow/example_dags/example_complex.py
[2022-02-22 15:54:52,622] {processor.py:642} INFO - Processing file /Users/aleckienzle/Developer/nba-etl/env/lib/python3.8/site-packages/airflow/example_dags/example_complex.py for tasks to queue
[2022-02-22 15:54:52,622] {logging_mixin.py:109} INFO - [2022-02-22 15:54:52,622] {dagbag.py:500} INFO - Filling up the DagBag from /Users/aleckienzle/Developer/nba-etl/env/lib/python3.8/site-packages/airflow/example_dags/example_complex.py
[2022-02-22 15:54:52,642] {processor.py:654} INFO - DAG(s) dict_keys(['example_complex']) retrieved from /Users/aleckienzle/Developer/nba-etl/env/lib/python3.8/site-packages/airflow/example_dags/example_complex.py
[2022-02-22 15:54:52,654] {logging_mixin.py:109} INFO - [2022-02-22 15:54:52,654] {dag.py:2396} INFO - Sync 1 DAGs
[2022-02-22 15:54:52,659] {logging_mixin.py:109} INFO - [2022-02-22 15:54:52,659] {dag.py:2935} INFO - Setting next_dagrun for example_complex to None
[2022-02-22 15:54:52,663] {processor.py:171} INFO - Processing /Users/aleckienzle/Developer/nba-etl/env/lib/python3.8/site-packages/airflow/example_dags/example_complex.py took 0.042 seconds
[2022-02-22 15:56:02,695] {processor.py:163} INFO - Started process (PID=43865) to work on /Users/aleckienzle/Developer/nba-etl/env/lib/python3.8/site-packages/airflow/example_dags/example_complex.py
[2022-02-22 15:56:02,695] {processor.py:642} INFO - Processing file /Users/aleckienzle/Developer/nba-etl/env/lib/python3.8/site-packages/airflow/example_dags/example_complex.py for tasks to queue
[2022-02-22 15:56:02,695] {logging_mixin.py:109} INFO - [2022-02-22 15:56:02,695] {dagbag.py:500} INFO - Filling up the DagBag from /Users/aleckienzle/Developer/nba-etl/env/lib/python3.8/site-packages/airflow/example_dags/example_complex.py
[2022-02-22 15:56:02,716] {processor.py:654} INFO - DAG(s) dict_keys(['example_complex']) retrieved from /Users/aleckienzle/Developer/nba-etl/env/lib/python3.8/site-packages/airflow/example_dags/example_complex.py
[2022-02-22 15:56:02,727] {logging_mixin.py:109} INFO - [2022-02-22 15:56:02,727] {dag.py:2396} INFO - Sync 1 DAGs
[2022-02-22 15:56:02,731] {logging_mixin.py:109} INFO - [2022-02-22 15:56:02,731] {dag.py:2935} INFO - Setting next_dagrun for example_complex to None
[2022-02-22 15:56:02,735] {processor.py:171} INFO - Processing /Users/aleckienzle/Developer/nba-etl/env/lib/python3.8/site-packages/airflow/example_dags/example_complex.py took 0.040 seconds
[2022-02-22 15:57:10,290] {processor.py:163} INFO - Started process (PID=44013) to work on /Users/aleckienzle/Developer/nba-etl/env/lib/python3.8/site-packages/airflow/example_dags/example_complex.py
[2022-02-22 15:57:10,292] {processor.py:642} INFO - Processing file /Users/aleckienzle/Developer/nba-etl/env/lib/python3.8/site-packages/airflow/example_dags/example_complex.py for tasks to queue
[2022-02-22 15:57:10,292] {logging_mixin.py:109} INFO - [2022-02-22 15:57:10,292] {dagbag.py:500} INFO - Filling up the DagBag from /Users/aleckienzle/Developer/nba-etl/env/lib/python3.8/site-packages/airflow/example_dags/example_complex.py
[2022-02-22 15:57:10,311] {processor.py:654} INFO - DAG(s) dict_keys(['example_complex']) retrieved from /Users/aleckienzle/Developer/nba-etl/env/lib/python3.8/site-packages/airflow/example_dags/example_complex.py
[2022-02-22 15:57:10,322] {logging_mixin.py:109} INFO - [2022-02-22 15:57:10,322] {dag.py:2396} INFO - Sync 1 DAGs
[2022-02-22 15:57:10,326] {logging_mixin.py:109} INFO - [2022-02-22 15:57:10,326] {dag.py:2935} INFO - Setting next_dagrun for example_complex to None
[2022-02-22 15:57:10,330] {processor.py:171} INFO - Processing /Users/aleckienzle/Developer/nba-etl/env/lib/python3.8/site-packages/airflow/example_dags/example_complex.py took 0.039 seconds
[2022-02-22 15:58:20,930] {processor.py:163} INFO - Started process (PID=44303) to work on /Users/aleckienzle/Developer/nba-etl/env/lib/python3.8/site-packages/airflow/example_dags/example_complex.py
[2022-02-22 15:58:20,931] {processor.py:642} INFO - Processing file /Users/aleckienzle/Developer/nba-etl/env/lib/python3.8/site-packages/airflow/example_dags/example_complex.py for tasks to queue
[2022-02-22 15:58:20,931] {logging_mixin.py:109} INFO - [2022-02-22 15:58:20,931] {dagbag.py:500} INFO - Filling up the DagBag from /Users/aleckienzle/Developer/nba-etl/env/lib/python3.8/site-packages/airflow/example_dags/example_complex.py
[2022-02-22 15:58:20,949] {processor.py:654} INFO - DAG(s) dict_keys(['example_complex']) retrieved from /Users/aleckienzle/Developer/nba-etl/env/lib/python3.8/site-packages/airflow/example_dags/example_complex.py
[2022-02-22 15:58:20,961] {logging_mixin.py:109} INFO - [2022-02-22 15:58:20,960] {dag.py:2396} INFO - Sync 1 DAGs
[2022-02-22 15:58:20,965] {logging_mixin.py:109} INFO - [2022-02-22 15:58:20,965] {dag.py:2935} INFO - Setting next_dagrun for example_complex to None
[2022-02-22 15:58:20,968] {processor.py:171} INFO - Processing /Users/aleckienzle/Developer/nba-etl/env/lib/python3.8/site-packages/airflow/example_dags/example_complex.py took 0.039 seconds
[2022-02-22 15:59:26,811] {processor.py:163} INFO - Started process (PID=44562) to work on /Users/aleckienzle/Developer/nba-etl/env/lib/python3.8/site-packages/airflow/example_dags/example_complex.py
[2022-02-22 15:59:26,812] {processor.py:642} INFO - Processing file /Users/aleckienzle/Developer/nba-etl/env/lib/python3.8/site-packages/airflow/example_dags/example_complex.py for tasks to queue
[2022-02-22 15:59:26,812] {logging_mixin.py:109} INFO - [2022-02-22 15:59:26,812] {dagbag.py:500} INFO - Filling up the DagBag from /Users/aleckienzle/Developer/nba-etl/env/lib/python3.8/site-packages/airflow/example_dags/example_complex.py
[2022-02-22 15:59:26,831] {processor.py:654} INFO - DAG(s) dict_keys(['example_complex']) retrieved from /Users/aleckienzle/Developer/nba-etl/env/lib/python3.8/site-packages/airflow/example_dags/example_complex.py
[2022-02-22 15:59:26,842] {logging_mixin.py:109} INFO - [2022-02-22 15:59:26,842] {dag.py:2396} INFO - Sync 1 DAGs
[2022-02-22 15:59:26,847] {logging_mixin.py:109} INFO - [2022-02-22 15:59:26,846] {dag.py:2935} INFO - Setting next_dagrun for example_complex to None
[2022-02-22 15:59:26,850] {processor.py:171} INFO - Processing /Users/aleckienzle/Developer/nba-etl/env/lib/python3.8/site-packages/airflow/example_dags/example_complex.py took 0.039 seconds
