[2022-02-22 15:37:58,192] {processor.py:163} INFO - Started process (PID=41009) to work on /Users/aleckienzle/Developer/nba-etl/env/lib/python3.8/site-packages/airflow/example_dags/example_nested_branch_dag.py
[2022-02-22 15:37:58,193] {processor.py:642} INFO - Processing file /Users/aleckienzle/Developer/nba-etl/env/lib/python3.8/site-packages/airflow/example_dags/example_nested_branch_dag.py for tasks to queue
[2022-02-22 15:37:58,193] {logging_mixin.py:109} INFO - [2022-02-22 15:37:58,193] {dagbag.py:500} INFO - Filling up the DagBag from /Users/aleckienzle/Developer/nba-etl/env/lib/python3.8/site-packages/airflow/example_dags/example_nested_branch_dag.py
[2022-02-22 15:37:58,219] {processor.py:654} INFO - DAG(s) dict_keys(['example_nested_branch_dag']) retrieved from /Users/aleckienzle/Developer/nba-etl/env/lib/python3.8/site-packages/airflow/example_dags/example_nested_branch_dag.py
[2022-02-22 15:37:58,228] {logging_mixin.py:109} INFO - [2022-02-22 15:37:58,228] {dag.py:2396} INFO - Sync 1 DAGs
[2022-02-22 15:37:58,233] {logging_mixin.py:109} INFO - [2022-02-22 15:37:58,233] {dag.py:2935} INFO - Setting next_dagrun for example_nested_branch_dag to 2022-02-21 00:00:00+00:00
[2022-02-22 15:37:58,237] {processor.py:171} INFO - Processing /Users/aleckienzle/Developer/nba-etl/env/lib/python3.8/site-packages/airflow/example_dags/example_nested_branch_dag.py took 0.044 seconds
[2022-02-22 15:39:01,887] {processor.py:163} INFO - Started process (PID=41172) to work on /Users/aleckienzle/Developer/nba-etl/env/lib/python3.8/site-packages/airflow/example_dags/example_nested_branch_dag.py
[2022-02-22 15:39:01,888] {processor.py:642} INFO - Processing file /Users/aleckienzle/Developer/nba-etl/env/lib/python3.8/site-packages/airflow/example_dags/example_nested_branch_dag.py for tasks to queue
[2022-02-22 15:39:01,888] {logging_mixin.py:109} INFO - [2022-02-22 15:39:01,888] {dagbag.py:500} INFO - Filling up the DagBag from /Users/aleckienzle/Developer/nba-etl/env/lib/python3.8/site-packages/airflow/example_dags/example_nested_branch_dag.py
[2022-02-22 15:39:01,910] {processor.py:654} INFO - DAG(s) dict_keys(['example_nested_branch_dag']) retrieved from /Users/aleckienzle/Developer/nba-etl/env/lib/python3.8/site-packages/airflow/example_dags/example_nested_branch_dag.py
[2022-02-22 15:39:01,919] {logging_mixin.py:109} INFO - [2022-02-22 15:39:01,919] {dag.py:2396} INFO - Sync 1 DAGs
[2022-02-22 15:39:01,924] {logging_mixin.py:109} INFO - [2022-02-22 15:39:01,924] {dag.py:2935} INFO - Setting next_dagrun for example_nested_branch_dag to 2022-02-21 00:00:00+00:00
[2022-02-22 15:39:01,927] {processor.py:171} INFO - Processing /Users/aleckienzle/Developer/nba-etl/env/lib/python3.8/site-packages/airflow/example_dags/example_nested_branch_dag.py took 0.040 seconds
[2022-02-22 15:40:05,564] {processor.py:163} INFO - Started process (PID=41327) to work on /Users/aleckienzle/Developer/nba-etl/env/lib/python3.8/site-packages/airflow/example_dags/example_nested_branch_dag.py
[2022-02-22 15:40:05,565] {processor.py:642} INFO - Processing file /Users/aleckienzle/Developer/nba-etl/env/lib/python3.8/site-packages/airflow/example_dags/example_nested_branch_dag.py for tasks to queue
[2022-02-22 15:40:05,565] {logging_mixin.py:109} INFO - [2022-02-22 15:40:05,565] {dagbag.py:500} INFO - Filling up the DagBag from /Users/aleckienzle/Developer/nba-etl/env/lib/python3.8/site-packages/airflow/example_dags/example_nested_branch_dag.py
[2022-02-22 15:40:05,589] {processor.py:654} INFO - DAG(s) dict_keys(['example_nested_branch_dag']) retrieved from /Users/aleckienzle/Developer/nba-etl/env/lib/python3.8/site-packages/airflow/example_dags/example_nested_branch_dag.py
[2022-02-22 15:40:05,598] {logging_mixin.py:109} INFO - [2022-02-22 15:40:05,598] {dag.py:2396} INFO - Sync 1 DAGs
[2022-02-22 15:40:05,603] {logging_mixin.py:109} INFO - [2022-02-22 15:40:05,602] {dag.py:2935} INFO - Setting next_dagrun for example_nested_branch_dag to 2022-02-21 00:00:00+00:00
[2022-02-22 15:40:05,606] {processor.py:171} INFO - Processing /Users/aleckienzle/Developer/nba-etl/env/lib/python3.8/site-packages/airflow/example_dags/example_nested_branch_dag.py took 0.042 seconds
[2022-02-22 15:41:09,541] {processor.py:163} INFO - Started process (PID=41471) to work on /Users/aleckienzle/Developer/nba-etl/env/lib/python3.8/site-packages/airflow/example_dags/example_nested_branch_dag.py
[2022-02-22 15:41:09,543] {processor.py:642} INFO - Processing file /Users/aleckienzle/Developer/nba-etl/env/lib/python3.8/site-packages/airflow/example_dags/example_nested_branch_dag.py for tasks to queue
[2022-02-22 15:41:09,543] {logging_mixin.py:109} INFO - [2022-02-22 15:41:09,543] {dagbag.py:500} INFO - Filling up the DagBag from /Users/aleckienzle/Developer/nba-etl/env/lib/python3.8/site-packages/airflow/example_dags/example_nested_branch_dag.py
[2022-02-22 15:41:09,565] {processor.py:654} INFO - DAG(s) dict_keys(['example_nested_branch_dag']) retrieved from /Users/aleckienzle/Developer/nba-etl/env/lib/python3.8/site-packages/airflow/example_dags/example_nested_branch_dag.py
[2022-02-22 15:41:09,574] {logging_mixin.py:109} INFO - [2022-02-22 15:41:09,574] {dag.py:2396} INFO - Sync 1 DAGs
[2022-02-22 15:41:09,579] {logging_mixin.py:109} INFO - [2022-02-22 15:41:09,579] {dag.py:2935} INFO - Setting next_dagrun for example_nested_branch_dag to 2022-02-21 00:00:00+00:00
[2022-02-22 15:41:09,582] {processor.py:171} INFO - Processing /Users/aleckienzle/Developer/nba-etl/env/lib/python3.8/site-packages/airflow/example_dags/example_nested_branch_dag.py took 0.041 seconds
[2022-02-22 15:42:13,457] {processor.py:163} INFO - Started process (PID=41613) to work on /Users/aleckienzle/Developer/nba-etl/env/lib/python3.8/site-packages/airflow/example_dags/example_nested_branch_dag.py
[2022-02-22 15:42:13,457] {processor.py:642} INFO - Processing file /Users/aleckienzle/Developer/nba-etl/env/lib/python3.8/site-packages/airflow/example_dags/example_nested_branch_dag.py for tasks to queue
[2022-02-22 15:42:13,457] {logging_mixin.py:109} INFO - [2022-02-22 15:42:13,457] {dagbag.py:500} INFO - Filling up the DagBag from /Users/aleckienzle/Developer/nba-etl/env/lib/python3.8/site-packages/airflow/example_dags/example_nested_branch_dag.py
[2022-02-22 15:42:13,480] {processor.py:654} INFO - DAG(s) dict_keys(['example_nested_branch_dag']) retrieved from /Users/aleckienzle/Developer/nba-etl/env/lib/python3.8/site-packages/airflow/example_dags/example_nested_branch_dag.py
[2022-02-22 15:42:13,489] {logging_mixin.py:109} INFO - [2022-02-22 15:42:13,489] {dag.py:2396} INFO - Sync 1 DAGs
[2022-02-22 15:42:13,493] {logging_mixin.py:109} INFO - [2022-02-22 15:42:13,493] {dag.py:2935} INFO - Setting next_dagrun for example_nested_branch_dag to 2022-02-21 00:00:00+00:00
[2022-02-22 15:42:13,497] {processor.py:171} INFO - Processing /Users/aleckienzle/Developer/nba-etl/env/lib/python3.8/site-packages/airflow/example_dags/example_nested_branch_dag.py took 0.040 seconds
[2022-02-22 15:43:19,717] {processor.py:163} INFO - Started process (PID=41822) to work on /Users/aleckienzle/Developer/nba-etl/env/lib/python3.8/site-packages/airflow/example_dags/example_nested_branch_dag.py
[2022-02-22 15:43:19,718] {processor.py:642} INFO - Processing file /Users/aleckienzle/Developer/nba-etl/env/lib/python3.8/site-packages/airflow/example_dags/example_nested_branch_dag.py for tasks to queue
[2022-02-22 15:43:19,719] {logging_mixin.py:109} INFO - [2022-02-22 15:43:19,719] {dagbag.py:500} INFO - Filling up the DagBag from /Users/aleckienzle/Developer/nba-etl/env/lib/python3.8/site-packages/airflow/example_dags/example_nested_branch_dag.py
[2022-02-22 15:43:19,742] {processor.py:654} INFO - DAG(s) dict_keys(['example_nested_branch_dag']) retrieved from /Users/aleckienzle/Developer/nba-etl/env/lib/python3.8/site-packages/airflow/example_dags/example_nested_branch_dag.py
[2022-02-22 15:43:19,752] {logging_mixin.py:109} INFO - [2022-02-22 15:43:19,752] {dag.py:2396} INFO - Sync 1 DAGs
[2022-02-22 15:43:19,757] {logging_mixin.py:109} INFO - [2022-02-22 15:43:19,757] {dag.py:2935} INFO - Setting next_dagrun for example_nested_branch_dag to 2022-02-21 00:00:00+00:00
[2022-02-22 15:43:19,760] {processor.py:171} INFO - Processing /Users/aleckienzle/Developer/nba-etl/env/lib/python3.8/site-packages/airflow/example_dags/example_nested_branch_dag.py took 0.043 seconds
[2022-02-22 15:44:25,446] {processor.py:163} INFO - Started process (PID=41964) to work on /Users/aleckienzle/Developer/nba-etl/env/lib/python3.8/site-packages/airflow/example_dags/example_nested_branch_dag.py
[2022-02-22 15:44:25,447] {processor.py:642} INFO - Processing file /Users/aleckienzle/Developer/nba-etl/env/lib/python3.8/site-packages/airflow/example_dags/example_nested_branch_dag.py for tasks to queue
[2022-02-22 15:44:25,448] {logging_mixin.py:109} INFO - [2022-02-22 15:44:25,448] {dagbag.py:500} INFO - Filling up the DagBag from /Users/aleckienzle/Developer/nba-etl/env/lib/python3.8/site-packages/airflow/example_dags/example_nested_branch_dag.py
[2022-02-22 15:44:25,471] {processor.py:654} INFO - DAG(s) dict_keys(['example_nested_branch_dag']) retrieved from /Users/aleckienzle/Developer/nba-etl/env/lib/python3.8/site-packages/airflow/example_dags/example_nested_branch_dag.py
[2022-02-22 15:44:25,481] {logging_mixin.py:109} INFO - [2022-02-22 15:44:25,481] {dag.py:2396} INFO - Sync 1 DAGs
[2022-02-22 15:44:25,486] {logging_mixin.py:109} INFO - [2022-02-22 15:44:25,486] {dag.py:2935} INFO - Setting next_dagrun for example_nested_branch_dag to 2022-02-21 00:00:00+00:00
[2022-02-22 15:44:25,489] {processor.py:171} INFO - Processing /Users/aleckienzle/Developer/nba-etl/env/lib/python3.8/site-packages/airflow/example_dags/example_nested_branch_dag.py took 0.044 seconds
[2022-02-22 15:45:31,432] {processor.py:163} INFO - Started process (PID=42113) to work on /Users/aleckienzle/Developer/nba-etl/env/lib/python3.8/site-packages/airflow/example_dags/example_nested_branch_dag.py
[2022-02-22 15:45:31,433] {processor.py:642} INFO - Processing file /Users/aleckienzle/Developer/nba-etl/env/lib/python3.8/site-packages/airflow/example_dags/example_nested_branch_dag.py for tasks to queue
[2022-02-22 15:45:31,433] {logging_mixin.py:109} INFO - [2022-02-22 15:45:31,433] {dagbag.py:500} INFO - Filling up the DagBag from /Users/aleckienzle/Developer/nba-etl/env/lib/python3.8/site-packages/airflow/example_dags/example_nested_branch_dag.py
[2022-02-22 15:45:31,457] {processor.py:654} INFO - DAG(s) dict_keys(['example_nested_branch_dag']) retrieved from /Users/aleckienzle/Developer/nba-etl/env/lib/python3.8/site-packages/airflow/example_dags/example_nested_branch_dag.py
[2022-02-22 15:45:31,466] {logging_mixin.py:109} INFO - [2022-02-22 15:45:31,466] {dag.py:2396} INFO - Sync 1 DAGs
[2022-02-22 15:45:31,471] {logging_mixin.py:109} INFO - [2022-02-22 15:45:31,471] {dag.py:2935} INFO - Setting next_dagrun for example_nested_branch_dag to 2022-02-21 00:00:00+00:00
[2022-02-22 15:45:31,474] {processor.py:171} INFO - Processing /Users/aleckienzle/Developer/nba-etl/env/lib/python3.8/site-packages/airflow/example_dags/example_nested_branch_dag.py took 0.043 seconds
[2022-02-22 15:46:37,130] {processor.py:163} INFO - Started process (PID=42316) to work on /Users/aleckienzle/Developer/nba-etl/env/lib/python3.8/site-packages/airflow/example_dags/example_nested_branch_dag.py
[2022-02-22 15:46:37,130] {processor.py:642} INFO - Processing file /Users/aleckienzle/Developer/nba-etl/env/lib/python3.8/site-packages/airflow/example_dags/example_nested_branch_dag.py for tasks to queue
[2022-02-22 15:46:37,130] {logging_mixin.py:109} INFO - [2022-02-22 15:46:37,130] {dagbag.py:500} INFO - Filling up the DagBag from /Users/aleckienzle/Developer/nba-etl/env/lib/python3.8/site-packages/airflow/example_dags/example_nested_branch_dag.py
[2022-02-22 15:46:37,153] {processor.py:654} INFO - DAG(s) dict_keys(['example_nested_branch_dag']) retrieved from /Users/aleckienzle/Developer/nba-etl/env/lib/python3.8/site-packages/airflow/example_dags/example_nested_branch_dag.py
[2022-02-22 15:46:37,162] {logging_mixin.py:109} INFO - [2022-02-22 15:46:37,162] {dag.py:2396} INFO - Sync 1 DAGs
[2022-02-22 15:46:37,167] {logging_mixin.py:109} INFO - [2022-02-22 15:46:37,167] {dag.py:2935} INFO - Setting next_dagrun for example_nested_branch_dag to 2022-02-21 00:00:00+00:00
[2022-02-22 15:46:37,170] {processor.py:171} INFO - Processing /Users/aleckienzle/Developer/nba-etl/env/lib/python3.8/site-packages/airflow/example_dags/example_nested_branch_dag.py took 0.041 seconds
[2022-02-22 15:47:49,041] {processor.py:163} INFO - Started process (PID=42590) to work on /Users/aleckienzle/Developer/nba-etl/env/lib/python3.8/site-packages/airflow/example_dags/example_nested_branch_dag.py
[2022-02-22 15:47:49,042] {processor.py:642} INFO - Processing file /Users/aleckienzle/Developer/nba-etl/env/lib/python3.8/site-packages/airflow/example_dags/example_nested_branch_dag.py for tasks to queue
[2022-02-22 15:47:49,042] {logging_mixin.py:109} INFO - [2022-02-22 15:47:49,042] {dagbag.py:500} INFO - Filling up the DagBag from /Users/aleckienzle/Developer/nba-etl/env/lib/python3.8/site-packages/airflow/example_dags/example_nested_branch_dag.py
[2022-02-22 15:47:49,065] {processor.py:654} INFO - DAG(s) dict_keys(['example_nested_branch_dag']) retrieved from /Users/aleckienzle/Developer/nba-etl/env/lib/python3.8/site-packages/airflow/example_dags/example_nested_branch_dag.py
[2022-02-22 15:47:49,074] {logging_mixin.py:109} INFO - [2022-02-22 15:47:49,074] {dag.py:2396} INFO - Sync 1 DAGs
[2022-02-22 15:47:49,081] {logging_mixin.py:109} INFO - [2022-02-22 15:47:49,081] {dag.py:2935} INFO - Setting next_dagrun for example_nested_branch_dag to 2022-02-21 00:00:00+00:00
[2022-02-22 15:47:49,085] {processor.py:171} INFO - Processing /Users/aleckienzle/Developer/nba-etl/env/lib/python3.8/site-packages/airflow/example_dags/example_nested_branch_dag.py took 0.044 seconds
[2022-02-22 15:48:57,067] {processor.py:163} INFO - Started process (PID=42763) to work on /Users/aleckienzle/Developer/nba-etl/env/lib/python3.8/site-packages/airflow/example_dags/example_nested_branch_dag.py
[2022-02-22 15:48:57,068] {processor.py:642} INFO - Processing file /Users/aleckienzle/Developer/nba-etl/env/lib/python3.8/site-packages/airflow/example_dags/example_nested_branch_dag.py for tasks to queue
[2022-02-22 15:48:57,069] {logging_mixin.py:109} INFO - [2022-02-22 15:48:57,069] {dagbag.py:500} INFO - Filling up the DagBag from /Users/aleckienzle/Developer/nba-etl/env/lib/python3.8/site-packages/airflow/example_dags/example_nested_branch_dag.py
[2022-02-22 15:48:57,092] {processor.py:654} INFO - DAG(s) dict_keys(['example_nested_branch_dag']) retrieved from /Users/aleckienzle/Developer/nba-etl/env/lib/python3.8/site-packages/airflow/example_dags/example_nested_branch_dag.py
[2022-02-22 15:48:57,102] {logging_mixin.py:109} INFO - [2022-02-22 15:48:57,102] {dag.py:2396} INFO - Sync 1 DAGs
[2022-02-22 15:48:57,107] {logging_mixin.py:109} INFO - [2022-02-22 15:48:57,107] {dag.py:2935} INFO - Setting next_dagrun for example_nested_branch_dag to 2022-02-21 00:00:00+00:00
[2022-02-22 15:48:57,111] {processor.py:171} INFO - Processing /Users/aleckienzle/Developer/nba-etl/env/lib/python3.8/site-packages/airflow/example_dags/example_nested_branch_dag.py took 0.044 seconds
[2022-02-22 15:50:05,147] {processor.py:163} INFO - Started process (PID=42937) to work on /Users/aleckienzle/Developer/nba-etl/env/lib/python3.8/site-packages/airflow/example_dags/example_nested_branch_dag.py
[2022-02-22 15:50:05,148] {processor.py:642} INFO - Processing file /Users/aleckienzle/Developer/nba-etl/env/lib/python3.8/site-packages/airflow/example_dags/example_nested_branch_dag.py for tasks to queue
[2022-02-22 15:50:05,148] {logging_mixin.py:109} INFO - [2022-02-22 15:50:05,148] {dagbag.py:500} INFO - Filling up the DagBag from /Users/aleckienzle/Developer/nba-etl/env/lib/python3.8/site-packages/airflow/example_dags/example_nested_branch_dag.py
[2022-02-22 15:50:05,173] {processor.py:654} INFO - DAG(s) dict_keys(['example_nested_branch_dag']) retrieved from /Users/aleckienzle/Developer/nba-etl/env/lib/python3.8/site-packages/airflow/example_dags/example_nested_branch_dag.py
[2022-02-22 15:50:05,183] {logging_mixin.py:109} INFO - [2022-02-22 15:50:05,183] {dag.py:2396} INFO - Sync 1 DAGs
[2022-02-22 15:50:05,188] {logging_mixin.py:109} INFO - [2022-02-22 15:50:05,188] {dag.py:2935} INFO - Setting next_dagrun for example_nested_branch_dag to 2022-02-21 00:00:00+00:00
[2022-02-22 15:50:05,191] {processor.py:171} INFO - Processing /Users/aleckienzle/Developer/nba-etl/env/lib/python3.8/site-packages/airflow/example_dags/example_nested_branch_dag.py took 0.045 seconds
[2022-02-22 15:51:15,010] {processor.py:163} INFO - Started process (PID=43124) to work on /Users/aleckienzle/Developer/nba-etl/env/lib/python3.8/site-packages/airflow/example_dags/example_nested_branch_dag.py
[2022-02-22 15:51:15,011] {processor.py:642} INFO - Processing file /Users/aleckienzle/Developer/nba-etl/env/lib/python3.8/site-packages/airflow/example_dags/example_nested_branch_dag.py for tasks to queue
[2022-02-22 15:51:15,012] {logging_mixin.py:109} INFO - [2022-02-22 15:51:15,012] {dagbag.py:500} INFO - Filling up the DagBag from /Users/aleckienzle/Developer/nba-etl/env/lib/python3.8/site-packages/airflow/example_dags/example_nested_branch_dag.py
[2022-02-22 15:51:15,039] {processor.py:654} INFO - DAG(s) dict_keys(['example_nested_branch_dag']) retrieved from /Users/aleckienzle/Developer/nba-etl/env/lib/python3.8/site-packages/airflow/example_dags/example_nested_branch_dag.py
[2022-02-22 15:51:15,048] {logging_mixin.py:109} INFO - [2022-02-22 15:51:15,048] {dag.py:2396} INFO - Sync 1 DAGs
[2022-02-22 15:51:15,052] {logging_mixin.py:109} INFO - [2022-02-22 15:51:15,052] {dag.py:2935} INFO - Setting next_dagrun for example_nested_branch_dag to 2022-02-21 00:00:00+00:00
[2022-02-22 15:51:15,056] {processor.py:171} INFO - Processing /Users/aleckienzle/Developer/nba-etl/env/lib/python3.8/site-packages/airflow/example_dags/example_nested_branch_dag.py took 0.046 seconds
[2022-02-22 15:52:24,782] {processor.py:163} INFO - Started process (PID=43293) to work on /Users/aleckienzle/Developer/nba-etl/env/lib/python3.8/site-packages/airflow/example_dags/example_nested_branch_dag.py
[2022-02-22 15:52:24,782] {processor.py:642} INFO - Processing file /Users/aleckienzle/Developer/nba-etl/env/lib/python3.8/site-packages/airflow/example_dags/example_nested_branch_dag.py for tasks to queue
[2022-02-22 15:52:24,782] {logging_mixin.py:109} INFO - [2022-02-22 15:52:24,782] {dagbag.py:500} INFO - Filling up the DagBag from /Users/aleckienzle/Developer/nba-etl/env/lib/python3.8/site-packages/airflow/example_dags/example_nested_branch_dag.py
[2022-02-22 15:52:24,806] {processor.py:654} INFO - DAG(s) dict_keys(['example_nested_branch_dag']) retrieved from /Users/aleckienzle/Developer/nba-etl/env/lib/python3.8/site-packages/airflow/example_dags/example_nested_branch_dag.py
[2022-02-22 15:52:24,816] {logging_mixin.py:109} INFO - [2022-02-22 15:52:24,816] {dag.py:2396} INFO - Sync 1 DAGs
[2022-02-22 15:52:24,821] {logging_mixin.py:109} INFO - [2022-02-22 15:52:24,821] {dag.py:2935} INFO - Setting next_dagrun for example_nested_branch_dag to 2022-02-21 00:00:00+00:00
[2022-02-22 15:52:24,824] {processor.py:171} INFO - Processing /Users/aleckienzle/Developer/nba-etl/env/lib/python3.8/site-packages/airflow/example_dags/example_nested_branch_dag.py took 0.043 seconds
[2022-02-22 15:53:32,740] {processor.py:163} INFO - Started process (PID=43454) to work on /Users/aleckienzle/Developer/nba-etl/env/lib/python3.8/site-packages/airflow/example_dags/example_nested_branch_dag.py
[2022-02-22 15:53:32,741] {processor.py:642} INFO - Processing file /Users/aleckienzle/Developer/nba-etl/env/lib/python3.8/site-packages/airflow/example_dags/example_nested_branch_dag.py for tasks to queue
[2022-02-22 15:53:32,741] {logging_mixin.py:109} INFO - [2022-02-22 15:53:32,741] {dagbag.py:500} INFO - Filling up the DagBag from /Users/aleckienzle/Developer/nba-etl/env/lib/python3.8/site-packages/airflow/example_dags/example_nested_branch_dag.py
[2022-02-22 15:53:32,763] {processor.py:654} INFO - DAG(s) dict_keys(['example_nested_branch_dag']) retrieved from /Users/aleckienzle/Developer/nba-etl/env/lib/python3.8/site-packages/airflow/example_dags/example_nested_branch_dag.py
[2022-02-22 15:53:32,773] {logging_mixin.py:109} INFO - [2022-02-22 15:53:32,772] {dag.py:2396} INFO - Sync 1 DAGs
[2022-02-22 15:53:32,777] {logging_mixin.py:109} INFO - [2022-02-22 15:53:32,777] {dag.py:2935} INFO - Setting next_dagrun for example_nested_branch_dag to 2022-02-21 00:00:00+00:00
[2022-02-22 15:53:32,781] {processor.py:171} INFO - Processing /Users/aleckienzle/Developer/nba-etl/env/lib/python3.8/site-packages/airflow/example_dags/example_nested_branch_dag.py took 0.041 seconds
[2022-02-22 15:54:41,092] {processor.py:163} INFO - Started process (PID=43631) to work on /Users/aleckienzle/Developer/nba-etl/env/lib/python3.8/site-packages/airflow/example_dags/example_nested_branch_dag.py
[2022-02-22 15:54:41,092] {processor.py:642} INFO - Processing file /Users/aleckienzle/Developer/nba-etl/env/lib/python3.8/site-packages/airflow/example_dags/example_nested_branch_dag.py for tasks to queue
[2022-02-22 15:54:41,092] {logging_mixin.py:109} INFO - [2022-02-22 15:54:41,092] {dagbag.py:500} INFO - Filling up the DagBag from /Users/aleckienzle/Developer/nba-etl/env/lib/python3.8/site-packages/airflow/example_dags/example_nested_branch_dag.py
[2022-02-22 15:54:41,119] {processor.py:654} INFO - DAG(s) dict_keys(['example_nested_branch_dag']) retrieved from /Users/aleckienzle/Developer/nba-etl/env/lib/python3.8/site-packages/airflow/example_dags/example_nested_branch_dag.py
[2022-02-22 15:54:41,128] {logging_mixin.py:109} INFO - [2022-02-22 15:54:41,128] {dag.py:2396} INFO - Sync 1 DAGs
[2022-02-22 15:54:41,134] {logging_mixin.py:109} INFO - [2022-02-22 15:54:41,134] {dag.py:2935} INFO - Setting next_dagrun for example_nested_branch_dag to 2022-02-21 00:00:00+00:00
[2022-02-22 15:54:41,137] {processor.py:171} INFO - Processing /Users/aleckienzle/Developer/nba-etl/env/lib/python3.8/site-packages/airflow/example_dags/example_nested_branch_dag.py took 0.046 seconds
[2022-02-22 15:55:51,209] {processor.py:163} INFO - Started process (PID=43842) to work on /Users/aleckienzle/Developer/nba-etl/env/lib/python3.8/site-packages/airflow/example_dags/example_nested_branch_dag.py
[2022-02-22 15:55:51,210] {processor.py:642} INFO - Processing file /Users/aleckienzle/Developer/nba-etl/env/lib/python3.8/site-packages/airflow/example_dags/example_nested_branch_dag.py for tasks to queue
[2022-02-22 15:55:51,210] {logging_mixin.py:109} INFO - [2022-02-22 15:55:51,210] {dagbag.py:500} INFO - Filling up the DagBag from /Users/aleckienzle/Developer/nba-etl/env/lib/python3.8/site-packages/airflow/example_dags/example_nested_branch_dag.py
[2022-02-22 15:55:51,233] {processor.py:654} INFO - DAG(s) dict_keys(['example_nested_branch_dag']) retrieved from /Users/aleckienzle/Developer/nba-etl/env/lib/python3.8/site-packages/airflow/example_dags/example_nested_branch_dag.py
[2022-02-22 15:55:51,242] {logging_mixin.py:109} INFO - [2022-02-22 15:55:51,242] {dag.py:2396} INFO - Sync 1 DAGs
[2022-02-22 15:55:51,247] {logging_mixin.py:109} INFO - [2022-02-22 15:55:51,247] {dag.py:2935} INFO - Setting next_dagrun for example_nested_branch_dag to 2022-02-21 00:00:00+00:00
[2022-02-22 15:55:51,250] {processor.py:171} INFO - Processing /Users/aleckienzle/Developer/nba-etl/env/lib/python3.8/site-packages/airflow/example_dags/example_nested_branch_dag.py took 0.041 seconds
[2022-02-22 15:56:58,631] {processor.py:163} INFO - Started process (PID=43982) to work on /Users/aleckienzle/Developer/nba-etl/env/lib/python3.8/site-packages/airflow/example_dags/example_nested_branch_dag.py
[2022-02-22 15:56:58,632] {processor.py:642} INFO - Processing file /Users/aleckienzle/Developer/nba-etl/env/lib/python3.8/site-packages/airflow/example_dags/example_nested_branch_dag.py for tasks to queue
[2022-02-22 15:56:58,632] {logging_mixin.py:109} INFO - [2022-02-22 15:56:58,632] {dagbag.py:500} INFO - Filling up the DagBag from /Users/aleckienzle/Developer/nba-etl/env/lib/python3.8/site-packages/airflow/example_dags/example_nested_branch_dag.py
[2022-02-22 15:56:58,657] {processor.py:654} INFO - DAG(s) dict_keys(['example_nested_branch_dag']) retrieved from /Users/aleckienzle/Developer/nba-etl/env/lib/python3.8/site-packages/airflow/example_dags/example_nested_branch_dag.py
[2022-02-22 15:56:58,666] {logging_mixin.py:109} INFO - [2022-02-22 15:56:58,666] {dag.py:2396} INFO - Sync 1 DAGs
[2022-02-22 15:56:58,671] {logging_mixin.py:109} INFO - [2022-02-22 15:56:58,671] {dag.py:2935} INFO - Setting next_dagrun for example_nested_branch_dag to 2022-02-21 00:00:00+00:00
[2022-02-22 15:56:58,674] {processor.py:171} INFO - Processing /Users/aleckienzle/Developer/nba-etl/env/lib/python3.8/site-packages/airflow/example_dags/example_nested_branch_dag.py took 0.044 seconds
[2022-02-22 15:58:09,402] {processor.py:163} INFO - Started process (PID=44260) to work on /Users/aleckienzle/Developer/nba-etl/env/lib/python3.8/site-packages/airflow/example_dags/example_nested_branch_dag.py
[2022-02-22 15:58:09,402] {processor.py:642} INFO - Processing file /Users/aleckienzle/Developer/nba-etl/env/lib/python3.8/site-packages/airflow/example_dags/example_nested_branch_dag.py for tasks to queue
[2022-02-22 15:58:09,403] {logging_mixin.py:109} INFO - [2022-02-22 15:58:09,403] {dagbag.py:500} INFO - Filling up the DagBag from /Users/aleckienzle/Developer/nba-etl/env/lib/python3.8/site-packages/airflow/example_dags/example_nested_branch_dag.py
[2022-02-22 15:58:09,427] {processor.py:654} INFO - DAG(s) dict_keys(['example_nested_branch_dag']) retrieved from /Users/aleckienzle/Developer/nba-etl/env/lib/python3.8/site-packages/airflow/example_dags/example_nested_branch_dag.py
[2022-02-22 15:58:09,437] {logging_mixin.py:109} INFO - [2022-02-22 15:58:09,437] {dag.py:2396} INFO - Sync 1 DAGs
[2022-02-22 15:58:09,442] {logging_mixin.py:109} INFO - [2022-02-22 15:58:09,442] {dag.py:2935} INFO - Setting next_dagrun for example_nested_branch_dag to 2022-02-21 00:00:00+00:00
[2022-02-22 15:58:09,446] {processor.py:171} INFO - Processing /Users/aleckienzle/Developer/nba-etl/env/lib/python3.8/site-packages/airflow/example_dags/example_nested_branch_dag.py took 0.044 seconds
[2022-02-22 15:59:14,898] {processor.py:163} INFO - Started process (PID=44489) to work on /Users/aleckienzle/Developer/nba-etl/env/lib/python3.8/site-packages/airflow/example_dags/example_nested_branch_dag.py
[2022-02-22 15:59:14,899] {processor.py:642} INFO - Processing file /Users/aleckienzle/Developer/nba-etl/env/lib/python3.8/site-packages/airflow/example_dags/example_nested_branch_dag.py for tasks to queue
[2022-02-22 15:59:14,899] {logging_mixin.py:109} INFO - [2022-02-22 15:59:14,899] {dagbag.py:500} INFO - Filling up the DagBag from /Users/aleckienzle/Developer/nba-etl/env/lib/python3.8/site-packages/airflow/example_dags/example_nested_branch_dag.py
[2022-02-22 15:59:14,928] {processor.py:654} INFO - DAG(s) dict_keys(['example_nested_branch_dag']) retrieved from /Users/aleckienzle/Developer/nba-etl/env/lib/python3.8/site-packages/airflow/example_dags/example_nested_branch_dag.py
[2022-02-22 15:59:14,938] {logging_mixin.py:109} INFO - [2022-02-22 15:59:14,938] {dag.py:2396} INFO - Sync 1 DAGs
[2022-02-22 15:59:14,943] {logging_mixin.py:109} INFO - [2022-02-22 15:59:14,943] {dag.py:2935} INFO - Setting next_dagrun for example_nested_branch_dag to 2022-02-21 00:00:00+00:00
[2022-02-22 15:59:14,947] {processor.py:171} INFO - Processing /Users/aleckienzle/Developer/nba-etl/env/lib/python3.8/site-packages/airflow/example_dags/example_nested_branch_dag.py took 0.049 seconds
