[2022-02-22 15:37:46,579] {processor.py:163} INFO - Started process (PID=40984) to work on /Users/aleckienzle/Developer/nba-etl/env/lib/python3.8/site-packages/airflow/example_dags/example_subdag_operator.py
[2022-02-22 15:37:46,579] {processor.py:642} INFO - Processing file /Users/aleckienzle/Developer/nba-etl/env/lib/python3.8/site-packages/airflow/example_dags/example_subdag_operator.py for tasks to queue
[2022-02-22 15:37:46,580] {logging_mixin.py:109} INFO - [2022-02-22 15:37:46,580] {dagbag.py:500} INFO - Filling up the DagBag from /Users/aleckienzle/Developer/nba-etl/env/lib/python3.8/site-packages/airflow/example_dags/example_subdag_operator.py
[2022-02-22 15:37:46,599] {processor.py:654} INFO - DAG(s) dict_keys(['example_subdag_operator.section-1', 'example_subdag_operator.section-2', 'example_subdag_operator']) retrieved from /Users/aleckienzle/Developer/nba-etl/env/lib/python3.8/site-packages/airflow/example_dags/example_subdag_operator.py
[2022-02-22 15:37:46,605] {logging_mixin.py:109} INFO - [2022-02-22 15:37:46,605] {dag.py:2396} INFO - Sync 3 DAGs
[2022-02-22 15:37:46,612] {logging_mixin.py:109} INFO - [2022-02-22 15:37:46,612] {dag.py:2935} INFO - Setting next_dagrun for example_subdag_operator to 2022-02-20T00:00:00+00:00
[2022-02-22 15:37:46,612] {logging_mixin.py:109} INFO - [2022-02-22 15:37:46,612] {dag.py:2935} INFO - Setting next_dagrun for example_subdag_operator.section-1 to None
[2022-02-22 15:37:46,612] {logging_mixin.py:109} INFO - [2022-02-22 15:37:46,612] {dag.py:2935} INFO - Setting next_dagrun for example_subdag_operator.section-2 to None
[2022-02-22 15:37:46,613] {logging_mixin.py:109} INFO - [2022-02-22 15:37:46,613] {dag.py:2396} INFO - Sync 2 DAGs
[2022-02-22 15:37:46,616] {logging_mixin.py:109} INFO - [2022-02-22 15:37:46,616] {dag.py:2935} INFO - Setting next_dagrun for example_subdag_operator.section-1 to None
[2022-02-22 15:37:46,616] {logging_mixin.py:109} INFO - [2022-02-22 15:37:46,616] {dag.py:2935} INFO - Setting next_dagrun for example_subdag_operator.section-2 to None
[2022-02-22 15:37:46,619] {processor.py:171} INFO - Processing /Users/aleckienzle/Developer/nba-etl/env/lib/python3.8/site-packages/airflow/example_dags/example_subdag_operator.py took 0.040 seconds
[2022-02-22 15:38:48,494] {processor.py:163} INFO - Started process (PID=41135) to work on /Users/aleckienzle/Developer/nba-etl/env/lib/python3.8/site-packages/airflow/example_dags/example_subdag_operator.py
[2022-02-22 15:38:48,495] {processor.py:642} INFO - Processing file /Users/aleckienzle/Developer/nba-etl/env/lib/python3.8/site-packages/airflow/example_dags/example_subdag_operator.py for tasks to queue
[2022-02-22 15:38:48,496] {logging_mixin.py:109} INFO - [2022-02-22 15:38:48,496] {dagbag.py:500} INFO - Filling up the DagBag from /Users/aleckienzle/Developer/nba-etl/env/lib/python3.8/site-packages/airflow/example_dags/example_subdag_operator.py
[2022-02-22 15:38:48,517] {processor.py:654} INFO - DAG(s) dict_keys(['example_subdag_operator.section-1', 'example_subdag_operator.section-2', 'example_subdag_operator']) retrieved from /Users/aleckienzle/Developer/nba-etl/env/lib/python3.8/site-packages/airflow/example_dags/example_subdag_operator.py
[2022-02-22 15:38:48,527] {logging_mixin.py:109} INFO - [2022-02-22 15:38:48,527] {dag.py:2396} INFO - Sync 3 DAGs
[2022-02-22 15:38:48,531] {logging_mixin.py:109} INFO - [2022-02-22 15:38:48,531] {dag.py:2935} INFO - Setting next_dagrun for example_subdag_operator to 2022-02-20T00:00:00+00:00
[2022-02-22 15:38:48,531] {logging_mixin.py:109} INFO - [2022-02-22 15:38:48,531] {dag.py:2935} INFO - Setting next_dagrun for example_subdag_operator.section-1 to None
[2022-02-22 15:38:48,532] {logging_mixin.py:109} INFO - [2022-02-22 15:38:48,531] {dag.py:2935} INFO - Setting next_dagrun for example_subdag_operator.section-2 to None
[2022-02-22 15:38:48,533] {logging_mixin.py:109} INFO - [2022-02-22 15:38:48,533] {dag.py:2396} INFO - Sync 2 DAGs
[2022-02-22 15:38:48,536] {logging_mixin.py:109} INFO - [2022-02-22 15:38:48,536] {dag.py:2935} INFO - Setting next_dagrun for example_subdag_operator.section-1 to None
[2022-02-22 15:38:48,536] {logging_mixin.py:109} INFO - [2022-02-22 15:38:48,536] {dag.py:2935} INFO - Setting next_dagrun for example_subdag_operator.section-2 to None
[2022-02-22 15:38:48,538] {processor.py:171} INFO - Processing /Users/aleckienzle/Developer/nba-etl/env/lib/python3.8/site-packages/airflow/example_dags/example_subdag_operator.py took 0.044 seconds
[2022-02-22 15:39:52,221] {processor.py:163} INFO - Started process (PID=41294) to work on /Users/aleckienzle/Developer/nba-etl/env/lib/python3.8/site-packages/airflow/example_dags/example_subdag_operator.py
[2022-02-22 15:39:52,222] {processor.py:642} INFO - Processing file /Users/aleckienzle/Developer/nba-etl/env/lib/python3.8/site-packages/airflow/example_dags/example_subdag_operator.py for tasks to queue
[2022-02-22 15:39:52,222] {logging_mixin.py:109} INFO - [2022-02-22 15:39:52,222] {dagbag.py:500} INFO - Filling up the DagBag from /Users/aleckienzle/Developer/nba-etl/env/lib/python3.8/site-packages/airflow/example_dags/example_subdag_operator.py
[2022-02-22 15:39:52,241] {processor.py:654} INFO - DAG(s) dict_keys(['example_subdag_operator.section-1', 'example_subdag_operator.section-2', 'example_subdag_operator']) retrieved from /Users/aleckienzle/Developer/nba-etl/env/lib/python3.8/site-packages/airflow/example_dags/example_subdag_operator.py
[2022-02-22 15:39:52,251] {logging_mixin.py:109} INFO - [2022-02-22 15:39:52,251] {dag.py:2396} INFO - Sync 3 DAGs
[2022-02-22 15:39:52,255] {logging_mixin.py:109} INFO - [2022-02-22 15:39:52,255] {dag.py:2935} INFO - Setting next_dagrun for example_subdag_operator to 2022-02-20T00:00:00+00:00
[2022-02-22 15:39:52,255] {logging_mixin.py:109} INFO - [2022-02-22 15:39:52,255] {dag.py:2935} INFO - Setting next_dagrun for example_subdag_operator.section-1 to None
[2022-02-22 15:39:52,255] {logging_mixin.py:109} INFO - [2022-02-22 15:39:52,255] {dag.py:2935} INFO - Setting next_dagrun for example_subdag_operator.section-2 to None
[2022-02-22 15:39:52,257] {logging_mixin.py:109} INFO - [2022-02-22 15:39:52,257] {dag.py:2396} INFO - Sync 2 DAGs
[2022-02-22 15:39:52,259] {logging_mixin.py:109} INFO - [2022-02-22 15:39:52,259] {dag.py:2935} INFO - Setting next_dagrun for example_subdag_operator.section-1 to None
[2022-02-22 15:39:52,260] {logging_mixin.py:109} INFO - [2022-02-22 15:39:52,259] {dag.py:2935} INFO - Setting next_dagrun for example_subdag_operator.section-2 to None
[2022-02-22 15:39:52,262] {processor.py:171} INFO - Processing /Users/aleckienzle/Developer/nba-etl/env/lib/python3.8/site-packages/airflow/example_dags/example_subdag_operator.py took 0.042 seconds
[2022-02-22 15:40:56,081] {processor.py:163} INFO - Started process (PID=41444) to work on /Users/aleckienzle/Developer/nba-etl/env/lib/python3.8/site-packages/airflow/example_dags/example_subdag_operator.py
[2022-02-22 15:40:56,082] {processor.py:642} INFO - Processing file /Users/aleckienzle/Developer/nba-etl/env/lib/python3.8/site-packages/airflow/example_dags/example_subdag_operator.py for tasks to queue
[2022-02-22 15:40:56,082] {logging_mixin.py:109} INFO - [2022-02-22 15:40:56,082] {dagbag.py:500} INFO - Filling up the DagBag from /Users/aleckienzle/Developer/nba-etl/env/lib/python3.8/site-packages/airflow/example_dags/example_subdag_operator.py
[2022-02-22 15:40:56,102] {processor.py:654} INFO - DAG(s) dict_keys(['example_subdag_operator.section-1', 'example_subdag_operator.section-2', 'example_subdag_operator']) retrieved from /Users/aleckienzle/Developer/nba-etl/env/lib/python3.8/site-packages/airflow/example_dags/example_subdag_operator.py
[2022-02-22 15:40:56,111] {logging_mixin.py:109} INFO - [2022-02-22 15:40:56,111] {dag.py:2396} INFO - Sync 3 DAGs
[2022-02-22 15:40:56,116] {logging_mixin.py:109} INFO - [2022-02-22 15:40:56,116] {dag.py:2935} INFO - Setting next_dagrun for example_subdag_operator to 2022-02-20T00:00:00+00:00
[2022-02-22 15:40:56,116] {logging_mixin.py:109} INFO - [2022-02-22 15:40:56,116] {dag.py:2935} INFO - Setting next_dagrun for example_subdag_operator.section-1 to None
[2022-02-22 15:40:56,116] {logging_mixin.py:109} INFO - [2022-02-22 15:40:56,116] {dag.py:2935} INFO - Setting next_dagrun for example_subdag_operator.section-2 to None
[2022-02-22 15:40:56,117] {logging_mixin.py:109} INFO - [2022-02-22 15:40:56,117] {dag.py:2396} INFO - Sync 2 DAGs
[2022-02-22 15:40:56,120] {logging_mixin.py:109} INFO - [2022-02-22 15:40:56,120] {dag.py:2935} INFO - Setting next_dagrun for example_subdag_operator.section-1 to None
[2022-02-22 15:40:56,120] {logging_mixin.py:109} INFO - [2022-02-22 15:40:56,120] {dag.py:2935} INFO - Setting next_dagrun for example_subdag_operator.section-2 to None
[2022-02-22 15:40:56,123] {processor.py:171} INFO - Processing /Users/aleckienzle/Developer/nba-etl/env/lib/python3.8/site-packages/airflow/example_dags/example_subdag_operator.py took 0.042 seconds
[2022-02-22 15:41:59,904] {processor.py:163} INFO - Started process (PID=41580) to work on /Users/aleckienzle/Developer/nba-etl/env/lib/python3.8/site-packages/airflow/example_dags/example_subdag_operator.py
[2022-02-22 15:41:59,904] {processor.py:642} INFO - Processing file /Users/aleckienzle/Developer/nba-etl/env/lib/python3.8/site-packages/airflow/example_dags/example_subdag_operator.py for tasks to queue
[2022-02-22 15:41:59,904] {logging_mixin.py:109} INFO - [2022-02-22 15:41:59,904] {dagbag.py:500} INFO - Filling up the DagBag from /Users/aleckienzle/Developer/nba-etl/env/lib/python3.8/site-packages/airflow/example_dags/example_subdag_operator.py
[2022-02-22 15:41:59,923] {processor.py:654} INFO - DAG(s) dict_keys(['example_subdag_operator.section-1', 'example_subdag_operator.section-2', 'example_subdag_operator']) retrieved from /Users/aleckienzle/Developer/nba-etl/env/lib/python3.8/site-packages/airflow/example_dags/example_subdag_operator.py
[2022-02-22 15:41:59,933] {logging_mixin.py:109} INFO - [2022-02-22 15:41:59,933] {dag.py:2396} INFO - Sync 3 DAGs
[2022-02-22 15:41:59,937] {logging_mixin.py:109} INFO - [2022-02-22 15:41:59,937] {dag.py:2935} INFO - Setting next_dagrun for example_subdag_operator to 2022-02-20T00:00:00+00:00
[2022-02-22 15:41:59,937] {logging_mixin.py:109} INFO - [2022-02-22 15:41:59,937] {dag.py:2935} INFO - Setting next_dagrun for example_subdag_operator.section-1 to None
[2022-02-22 15:41:59,937] {logging_mixin.py:109} INFO - [2022-02-22 15:41:59,937] {dag.py:2935} INFO - Setting next_dagrun for example_subdag_operator.section-2 to None
[2022-02-22 15:41:59,939] {logging_mixin.py:109} INFO - [2022-02-22 15:41:59,939] {dag.py:2396} INFO - Sync 2 DAGs
[2022-02-22 15:41:59,942] {logging_mixin.py:109} INFO - [2022-02-22 15:41:59,942] {dag.py:2935} INFO - Setting next_dagrun for example_subdag_operator.section-1 to None
[2022-02-22 15:41:59,942] {logging_mixin.py:109} INFO - [2022-02-22 15:41:59,942] {dag.py:2935} INFO - Setting next_dagrun for example_subdag_operator.section-2 to None
[2022-02-22 15:41:59,944] {processor.py:171} INFO - Processing /Users/aleckienzle/Developer/nba-etl/env/lib/python3.8/site-packages/airflow/example_dags/example_subdag_operator.py took 0.041 seconds
[2022-02-22 15:43:04,446] {processor.py:163} INFO - Started process (PID=41771) to work on /Users/aleckienzle/Developer/nba-etl/env/lib/python3.8/site-packages/airflow/example_dags/example_subdag_operator.py
[2022-02-22 15:43:04,446] {processor.py:642} INFO - Processing file /Users/aleckienzle/Developer/nba-etl/env/lib/python3.8/site-packages/airflow/example_dags/example_subdag_operator.py for tasks to queue
[2022-02-22 15:43:04,446] {logging_mixin.py:109} INFO - [2022-02-22 15:43:04,446] {dagbag.py:500} INFO - Filling up the DagBag from /Users/aleckienzle/Developer/nba-etl/env/lib/python3.8/site-packages/airflow/example_dags/example_subdag_operator.py
[2022-02-22 15:43:04,465] {processor.py:654} INFO - DAG(s) dict_keys(['example_subdag_operator.section-1', 'example_subdag_operator.section-2', 'example_subdag_operator']) retrieved from /Users/aleckienzle/Developer/nba-etl/env/lib/python3.8/site-packages/airflow/example_dags/example_subdag_operator.py
[2022-02-22 15:43:04,475] {logging_mixin.py:109} INFO - [2022-02-22 15:43:04,475] {dag.py:2396} INFO - Sync 3 DAGs
[2022-02-22 15:43:04,479] {logging_mixin.py:109} INFO - [2022-02-22 15:43:04,479] {dag.py:2935} INFO - Setting next_dagrun for example_subdag_operator to 2022-02-20T00:00:00+00:00
[2022-02-22 15:43:04,480] {logging_mixin.py:109} INFO - [2022-02-22 15:43:04,479] {dag.py:2935} INFO - Setting next_dagrun for example_subdag_operator.section-1 to None
[2022-02-22 15:43:04,480] {logging_mixin.py:109} INFO - [2022-02-22 15:43:04,480] {dag.py:2935} INFO - Setting next_dagrun for example_subdag_operator.section-2 to None
[2022-02-22 15:43:04,481] {logging_mixin.py:109} INFO - [2022-02-22 15:43:04,481] {dag.py:2396} INFO - Sync 2 DAGs
[2022-02-22 15:43:04,484] {logging_mixin.py:109} INFO - [2022-02-22 15:43:04,484] {dag.py:2935} INFO - Setting next_dagrun for example_subdag_operator.section-1 to None
[2022-02-22 15:43:04,484] {logging_mixin.py:109} INFO - [2022-02-22 15:43:04,484] {dag.py:2935} INFO - Setting next_dagrun for example_subdag_operator.section-2 to None
[2022-02-22 15:43:04,486] {processor.py:171} INFO - Processing /Users/aleckienzle/Developer/nba-etl/env/lib/python3.8/site-packages/airflow/example_dags/example_subdag_operator.py took 0.041 seconds
[2022-02-22 15:44:10,288] {processor.py:163} INFO - Started process (PID=41934) to work on /Users/aleckienzle/Developer/nba-etl/env/lib/python3.8/site-packages/airflow/example_dags/example_subdag_operator.py
[2022-02-22 15:44:10,288] {processor.py:642} INFO - Processing file /Users/aleckienzle/Developer/nba-etl/env/lib/python3.8/site-packages/airflow/example_dags/example_subdag_operator.py for tasks to queue
[2022-02-22 15:44:10,289] {logging_mixin.py:109} INFO - [2022-02-22 15:44:10,289] {dagbag.py:500} INFO - Filling up the DagBag from /Users/aleckienzle/Developer/nba-etl/env/lib/python3.8/site-packages/airflow/example_dags/example_subdag_operator.py
[2022-02-22 15:44:10,308] {processor.py:654} INFO - DAG(s) dict_keys(['example_subdag_operator.section-1', 'example_subdag_operator.section-2', 'example_subdag_operator']) retrieved from /Users/aleckienzle/Developer/nba-etl/env/lib/python3.8/site-packages/airflow/example_dags/example_subdag_operator.py
[2022-02-22 15:44:10,317] {logging_mixin.py:109} INFO - [2022-02-22 15:44:10,317] {dag.py:2396} INFO - Sync 3 DAGs
[2022-02-22 15:44:10,321] {logging_mixin.py:109} INFO - [2022-02-22 15:44:10,321] {dag.py:2935} INFO - Setting next_dagrun for example_subdag_operator to 2022-02-20T00:00:00+00:00
[2022-02-22 15:44:10,322] {logging_mixin.py:109} INFO - [2022-02-22 15:44:10,322] {dag.py:2935} INFO - Setting next_dagrun for example_subdag_operator.section-1 to None
[2022-02-22 15:44:10,322] {logging_mixin.py:109} INFO - [2022-02-22 15:44:10,322] {dag.py:2935} INFO - Setting next_dagrun for example_subdag_operator.section-2 to None
[2022-02-22 15:44:10,323] {logging_mixin.py:109} INFO - [2022-02-22 15:44:10,323] {dag.py:2396} INFO - Sync 2 DAGs
[2022-02-22 15:44:10,326] {logging_mixin.py:109} INFO - [2022-02-22 15:44:10,326] {dag.py:2935} INFO - Setting next_dagrun for example_subdag_operator.section-1 to None
[2022-02-22 15:44:10,326] {logging_mixin.py:109} INFO - [2022-02-22 15:44:10,326] {dag.py:2935} INFO - Setting next_dagrun for example_subdag_operator.section-2 to None
[2022-02-22 15:44:10,329] {processor.py:171} INFO - Processing /Users/aleckienzle/Developer/nba-etl/env/lib/python3.8/site-packages/airflow/example_dags/example_subdag_operator.py took 0.041 seconds
[2022-02-22 15:45:16,014] {processor.py:163} INFO - Started process (PID=42073) to work on /Users/aleckienzle/Developer/nba-etl/env/lib/python3.8/site-packages/airflow/example_dags/example_subdag_operator.py
[2022-02-22 15:45:16,015] {processor.py:642} INFO - Processing file /Users/aleckienzle/Developer/nba-etl/env/lib/python3.8/site-packages/airflow/example_dags/example_subdag_operator.py for tasks to queue
[2022-02-22 15:45:16,015] {logging_mixin.py:109} INFO - [2022-02-22 15:45:16,015] {dagbag.py:500} INFO - Filling up the DagBag from /Users/aleckienzle/Developer/nba-etl/env/lib/python3.8/site-packages/airflow/example_dags/example_subdag_operator.py
[2022-02-22 15:45:16,034] {processor.py:654} INFO - DAG(s) dict_keys(['example_subdag_operator.section-1', 'example_subdag_operator.section-2', 'example_subdag_operator']) retrieved from /Users/aleckienzle/Developer/nba-etl/env/lib/python3.8/site-packages/airflow/example_dags/example_subdag_operator.py
[2022-02-22 15:45:16,044] {logging_mixin.py:109} INFO - [2022-02-22 15:45:16,044] {dag.py:2396} INFO - Sync 3 DAGs
[2022-02-22 15:45:16,048] {logging_mixin.py:109} INFO - [2022-02-22 15:45:16,048] {dag.py:2935} INFO - Setting next_dagrun for example_subdag_operator to 2022-02-20T00:00:00+00:00
[2022-02-22 15:45:16,048] {logging_mixin.py:109} INFO - [2022-02-22 15:45:16,048] {dag.py:2935} INFO - Setting next_dagrun for example_subdag_operator.section-1 to None
[2022-02-22 15:45:16,048] {logging_mixin.py:109} INFO - [2022-02-22 15:45:16,048] {dag.py:2935} INFO - Setting next_dagrun for example_subdag_operator.section-2 to None
[2022-02-22 15:45:16,050] {logging_mixin.py:109} INFO - [2022-02-22 15:45:16,050] {dag.py:2396} INFO - Sync 2 DAGs
[2022-02-22 15:45:16,052] {logging_mixin.py:109} INFO - [2022-02-22 15:45:16,052] {dag.py:2935} INFO - Setting next_dagrun for example_subdag_operator.section-1 to None
[2022-02-22 15:45:16,052] {logging_mixin.py:109} INFO - [2022-02-22 15:45:16,052] {dag.py:2935} INFO - Setting next_dagrun for example_subdag_operator.section-2 to None
[2022-02-22 15:45:16,055] {processor.py:171} INFO - Processing /Users/aleckienzle/Developer/nba-etl/env/lib/python3.8/site-packages/airflow/example_dags/example_subdag_operator.py took 0.041 seconds
[2022-02-22 15:46:21,842] {processor.py:163} INFO - Started process (PID=42260) to work on /Users/aleckienzle/Developer/nba-etl/env/lib/python3.8/site-packages/airflow/example_dags/example_subdag_operator.py
[2022-02-22 15:46:21,843] {processor.py:642} INFO - Processing file /Users/aleckienzle/Developer/nba-etl/env/lib/python3.8/site-packages/airflow/example_dags/example_subdag_operator.py for tasks to queue
[2022-02-22 15:46:21,844] {logging_mixin.py:109} INFO - [2022-02-22 15:46:21,844] {dagbag.py:500} INFO - Filling up the DagBag from /Users/aleckienzle/Developer/nba-etl/env/lib/python3.8/site-packages/airflow/example_dags/example_subdag_operator.py
[2022-02-22 15:46:21,863] {processor.py:654} INFO - DAG(s) dict_keys(['example_subdag_operator.section-1', 'example_subdag_operator.section-2', 'example_subdag_operator']) retrieved from /Users/aleckienzle/Developer/nba-etl/env/lib/python3.8/site-packages/airflow/example_dags/example_subdag_operator.py
[2022-02-22 15:46:21,872] {logging_mixin.py:109} INFO - [2022-02-22 15:46:21,872] {dag.py:2396} INFO - Sync 3 DAGs
[2022-02-22 15:46:21,877] {logging_mixin.py:109} INFO - [2022-02-22 15:46:21,877] {dag.py:2935} INFO - Setting next_dagrun for example_subdag_operator to 2022-02-20T00:00:00+00:00
[2022-02-22 15:46:21,877] {logging_mixin.py:109} INFO - [2022-02-22 15:46:21,877] {dag.py:2935} INFO - Setting next_dagrun for example_subdag_operator.section-1 to None
[2022-02-22 15:46:21,877] {logging_mixin.py:109} INFO - [2022-02-22 15:46:21,877] {dag.py:2935} INFO - Setting next_dagrun for example_subdag_operator.section-2 to None
[2022-02-22 15:46:21,878] {logging_mixin.py:109} INFO - [2022-02-22 15:46:21,878] {dag.py:2396} INFO - Sync 2 DAGs
[2022-02-22 15:46:21,881] {logging_mixin.py:109} INFO - [2022-02-22 15:46:21,881] {dag.py:2935} INFO - Setting next_dagrun for example_subdag_operator.section-1 to None
[2022-02-22 15:46:21,881] {logging_mixin.py:109} INFO - [2022-02-22 15:46:21,881] {dag.py:2935} INFO - Setting next_dagrun for example_subdag_operator.section-2 to None
[2022-02-22 15:46:21,883] {processor.py:171} INFO - Processing /Users/aleckienzle/Developer/nba-etl/env/lib/python3.8/site-packages/airflow/example_dags/example_subdag_operator.py took 0.041 seconds
[2022-02-22 15:47:27,724] {processor.py:163} INFO - Started process (PID=42480) to work on /Users/aleckienzle/Developer/nba-etl/env/lib/python3.8/site-packages/airflow/example_dags/example_subdag_operator.py
[2022-02-22 15:47:27,725] {processor.py:642} INFO - Processing file /Users/aleckienzle/Developer/nba-etl/env/lib/python3.8/site-packages/airflow/example_dags/example_subdag_operator.py for tasks to queue
[2022-02-22 15:47:27,725] {logging_mixin.py:109} INFO - [2022-02-22 15:47:27,725] {dagbag.py:500} INFO - Filling up the DagBag from /Users/aleckienzle/Developer/nba-etl/env/lib/python3.8/site-packages/airflow/example_dags/example_subdag_operator.py
[2022-02-22 15:47:27,743] {processor.py:654} INFO - DAG(s) dict_keys(['example_subdag_operator.section-1', 'example_subdag_operator.section-2', 'example_subdag_operator']) retrieved from /Users/aleckienzle/Developer/nba-etl/env/lib/python3.8/site-packages/airflow/example_dags/example_subdag_operator.py
[2022-02-22 15:47:27,753] {logging_mixin.py:109} INFO - [2022-02-22 15:47:27,753] {dag.py:2396} INFO - Sync 3 DAGs
[2022-02-22 15:47:27,757] {logging_mixin.py:109} INFO - [2022-02-22 15:47:27,757] {dag.py:2935} INFO - Setting next_dagrun for example_subdag_operator to 2022-02-20T00:00:00+00:00
[2022-02-22 15:47:27,757] {logging_mixin.py:109} INFO - [2022-02-22 15:47:27,757] {dag.py:2935} INFO - Setting next_dagrun for example_subdag_operator.section-1 to None
[2022-02-22 15:47:27,757] {logging_mixin.py:109} INFO - [2022-02-22 15:47:27,757] {dag.py:2935} INFO - Setting next_dagrun for example_subdag_operator.section-2 to None
[2022-02-22 15:47:27,759] {logging_mixin.py:109} INFO - [2022-02-22 15:47:27,759] {dag.py:2396} INFO - Sync 2 DAGs
[2022-02-22 15:47:27,761] {logging_mixin.py:109} INFO - [2022-02-22 15:47:27,761] {dag.py:2935} INFO - Setting next_dagrun for example_subdag_operator.section-1 to None
[2022-02-22 15:47:27,761] {logging_mixin.py:109} INFO - [2022-02-22 15:47:27,761] {dag.py:2935} INFO - Setting next_dagrun for example_subdag_operator.section-2 to None
[2022-02-22 15:47:27,764] {processor.py:171} INFO - Processing /Users/aleckienzle/Developer/nba-etl/env/lib/python3.8/site-packages/airflow/example_dags/example_subdag_operator.py took 0.040 seconds
[2022-02-22 15:48:39,742] {processor.py:163} INFO - Started process (PID=42720) to work on /Users/aleckienzle/Developer/nba-etl/env/lib/python3.8/site-packages/airflow/example_dags/example_subdag_operator.py
[2022-02-22 15:48:39,743] {processor.py:642} INFO - Processing file /Users/aleckienzle/Developer/nba-etl/env/lib/python3.8/site-packages/airflow/example_dags/example_subdag_operator.py for tasks to queue
[2022-02-22 15:48:39,748] {logging_mixin.py:109} INFO - [2022-02-22 15:48:39,748] {dagbag.py:500} INFO - Filling up the DagBag from /Users/aleckienzle/Developer/nba-etl/env/lib/python3.8/site-packages/airflow/example_dags/example_subdag_operator.py
[2022-02-22 15:48:39,767] {processor.py:654} INFO - DAG(s) dict_keys(['example_subdag_operator.section-1', 'example_subdag_operator.section-2', 'example_subdag_operator']) retrieved from /Users/aleckienzle/Developer/nba-etl/env/lib/python3.8/site-packages/airflow/example_dags/example_subdag_operator.py
[2022-02-22 15:48:39,776] {logging_mixin.py:109} INFO - [2022-02-22 15:48:39,776] {dag.py:2396} INFO - Sync 3 DAGs
[2022-02-22 15:48:39,780] {logging_mixin.py:109} INFO - [2022-02-22 15:48:39,780] {dag.py:2935} INFO - Setting next_dagrun for example_subdag_operator to 2022-02-20T00:00:00+00:00
[2022-02-22 15:48:39,781] {logging_mixin.py:109} INFO - [2022-02-22 15:48:39,781] {dag.py:2935} INFO - Setting next_dagrun for example_subdag_operator.section-1 to None
[2022-02-22 15:48:39,781] {logging_mixin.py:109} INFO - [2022-02-22 15:48:39,781] {dag.py:2935} INFO - Setting next_dagrun for example_subdag_operator.section-2 to None
[2022-02-22 15:48:39,782] {logging_mixin.py:109} INFO - [2022-02-22 15:48:39,782] {dag.py:2396} INFO - Sync 2 DAGs
[2022-02-22 15:48:39,785] {logging_mixin.py:109} INFO - [2022-02-22 15:48:39,785] {dag.py:2935} INFO - Setting next_dagrun for example_subdag_operator.section-1 to None
[2022-02-22 15:48:39,785] {logging_mixin.py:109} INFO - [2022-02-22 15:48:39,785] {dag.py:2935} INFO - Setting next_dagrun for example_subdag_operator.section-2 to None
[2022-02-22 15:48:39,788] {processor.py:171} INFO - Processing /Users/aleckienzle/Developer/nba-etl/env/lib/python3.8/site-packages/airflow/example_dags/example_subdag_operator.py took 0.046 seconds
[2022-02-22 15:49:47,767] {processor.py:163} INFO - Started process (PID=42901) to work on /Users/aleckienzle/Developer/nba-etl/env/lib/python3.8/site-packages/airflow/example_dags/example_subdag_operator.py
[2022-02-22 15:49:47,769] {processor.py:642} INFO - Processing file /Users/aleckienzle/Developer/nba-etl/env/lib/python3.8/site-packages/airflow/example_dags/example_subdag_operator.py for tasks to queue
[2022-02-22 15:49:47,769] {logging_mixin.py:109} INFO - [2022-02-22 15:49:47,769] {dagbag.py:500} INFO - Filling up the DagBag from /Users/aleckienzle/Developer/nba-etl/env/lib/python3.8/site-packages/airflow/example_dags/example_subdag_operator.py
[2022-02-22 15:49:47,790] {processor.py:654} INFO - DAG(s) dict_keys(['example_subdag_operator.section-1', 'example_subdag_operator.section-2', 'example_subdag_operator']) retrieved from /Users/aleckienzle/Developer/nba-etl/env/lib/python3.8/site-packages/airflow/example_dags/example_subdag_operator.py
[2022-02-22 15:49:47,801] {logging_mixin.py:109} INFO - [2022-02-22 15:49:47,801] {dag.py:2396} INFO - Sync 3 DAGs
[2022-02-22 15:49:47,806] {logging_mixin.py:109} INFO - [2022-02-22 15:49:47,806] {dag.py:2935} INFO - Setting next_dagrun for example_subdag_operator to 2022-02-20T00:00:00+00:00
[2022-02-22 15:49:47,806] {logging_mixin.py:109} INFO - [2022-02-22 15:49:47,806] {dag.py:2935} INFO - Setting next_dagrun for example_subdag_operator.section-1 to None
[2022-02-22 15:49:47,806] {logging_mixin.py:109} INFO - [2022-02-22 15:49:47,806] {dag.py:2935} INFO - Setting next_dagrun for example_subdag_operator.section-2 to None
[2022-02-22 15:49:47,809] {logging_mixin.py:109} INFO - [2022-02-22 15:49:47,809] {dag.py:2396} INFO - Sync 2 DAGs
[2022-02-22 15:49:47,812] {logging_mixin.py:109} INFO - [2022-02-22 15:49:47,812] {dag.py:2935} INFO - Setting next_dagrun for example_subdag_operator.section-1 to None
[2022-02-22 15:49:47,812] {logging_mixin.py:109} INFO - [2022-02-22 15:49:47,812] {dag.py:2935} INFO - Setting next_dagrun for example_subdag_operator.section-2 to None
[2022-02-22 15:49:47,815] {processor.py:171} INFO - Processing /Users/aleckienzle/Developer/nba-etl/env/lib/python3.8/site-packages/airflow/example_dags/example_subdag_operator.py took 0.048 seconds
[2022-02-22 15:50:57,487] {processor.py:163} INFO - Started process (PID=43072) to work on /Users/aleckienzle/Developer/nba-etl/env/lib/python3.8/site-packages/airflow/example_dags/example_subdag_operator.py
[2022-02-22 15:50:57,488] {processor.py:642} INFO - Processing file /Users/aleckienzle/Developer/nba-etl/env/lib/python3.8/site-packages/airflow/example_dags/example_subdag_operator.py for tasks to queue
[2022-02-22 15:50:57,488] {logging_mixin.py:109} INFO - [2022-02-22 15:50:57,488] {dagbag.py:500} INFO - Filling up the DagBag from /Users/aleckienzle/Developer/nba-etl/env/lib/python3.8/site-packages/airflow/example_dags/example_subdag_operator.py
[2022-02-22 15:50:57,516] {processor.py:654} INFO - DAG(s) dict_keys(['example_subdag_operator.section-1', 'example_subdag_operator.section-2', 'example_subdag_operator']) retrieved from /Users/aleckienzle/Developer/nba-etl/env/lib/python3.8/site-packages/airflow/example_dags/example_subdag_operator.py
[2022-02-22 15:50:57,526] {logging_mixin.py:109} INFO - [2022-02-22 15:50:57,526] {dag.py:2396} INFO - Sync 3 DAGs
[2022-02-22 15:50:57,530] {logging_mixin.py:109} INFO - [2022-02-22 15:50:57,530] {dag.py:2935} INFO - Setting next_dagrun for example_subdag_operator to 2022-02-20T00:00:00+00:00
[2022-02-22 15:50:57,530] {logging_mixin.py:109} INFO - [2022-02-22 15:50:57,530] {dag.py:2935} INFO - Setting next_dagrun for example_subdag_operator.section-1 to None
[2022-02-22 15:50:57,531] {logging_mixin.py:109} INFO - [2022-02-22 15:50:57,531] {dag.py:2935} INFO - Setting next_dagrun for example_subdag_operator.section-2 to None
[2022-02-22 15:50:57,532] {logging_mixin.py:109} INFO - [2022-02-22 15:50:57,532] {dag.py:2396} INFO - Sync 2 DAGs
[2022-02-22 15:50:57,535] {logging_mixin.py:109} INFO - [2022-02-22 15:50:57,535] {dag.py:2935} INFO - Setting next_dagrun for example_subdag_operator.section-1 to None
[2022-02-22 15:50:57,535] {logging_mixin.py:109} INFO - [2022-02-22 15:50:57,535] {dag.py:2935} INFO - Setting next_dagrun for example_subdag_operator.section-2 to None
[2022-02-22 15:50:57,537] {processor.py:171} INFO - Processing /Users/aleckienzle/Developer/nba-etl/env/lib/python3.8/site-packages/airflow/example_dags/example_subdag_operator.py took 0.050 seconds
[2022-02-22 15:52:07,950] {processor.py:163} INFO - Started process (PID=43248) to work on /Users/aleckienzle/Developer/nba-etl/env/lib/python3.8/site-packages/airflow/example_dags/example_subdag_operator.py
[2022-02-22 15:52:07,950] {processor.py:642} INFO - Processing file /Users/aleckienzle/Developer/nba-etl/env/lib/python3.8/site-packages/airflow/example_dags/example_subdag_operator.py for tasks to queue
[2022-02-22 15:52:07,951] {logging_mixin.py:109} INFO - [2022-02-22 15:52:07,951] {dagbag.py:500} INFO - Filling up the DagBag from /Users/aleckienzle/Developer/nba-etl/env/lib/python3.8/site-packages/airflow/example_dags/example_subdag_operator.py
[2022-02-22 15:52:07,971] {processor.py:654} INFO - DAG(s) dict_keys(['example_subdag_operator.section-1', 'example_subdag_operator.section-2', 'example_subdag_operator']) retrieved from /Users/aleckienzle/Developer/nba-etl/env/lib/python3.8/site-packages/airflow/example_dags/example_subdag_operator.py
[2022-02-22 15:52:07,981] {logging_mixin.py:109} INFO - [2022-02-22 15:52:07,981] {dag.py:2396} INFO - Sync 3 DAGs
[2022-02-22 15:52:07,986] {logging_mixin.py:109} INFO - [2022-02-22 15:52:07,986] {dag.py:2935} INFO - Setting next_dagrun for example_subdag_operator to 2022-02-20T00:00:00+00:00
[2022-02-22 15:52:07,986] {logging_mixin.py:109} INFO - [2022-02-22 15:52:07,986] {dag.py:2935} INFO - Setting next_dagrun for example_subdag_operator.section-1 to None
[2022-02-22 15:52:07,986] {logging_mixin.py:109} INFO - [2022-02-22 15:52:07,986] {dag.py:2935} INFO - Setting next_dagrun for example_subdag_operator.section-2 to None
[2022-02-22 15:52:07,988] {logging_mixin.py:109} INFO - [2022-02-22 15:52:07,988] {dag.py:2396} INFO - Sync 2 DAGs
[2022-02-22 15:52:07,990] {logging_mixin.py:109} INFO - [2022-02-22 15:52:07,990] {dag.py:2935} INFO - Setting next_dagrun for example_subdag_operator.section-1 to None
[2022-02-22 15:52:07,990] {logging_mixin.py:109} INFO - [2022-02-22 15:52:07,990] {dag.py:2935} INFO - Setting next_dagrun for example_subdag_operator.section-2 to None
[2022-02-22 15:52:07,993] {processor.py:171} INFO - Processing /Users/aleckienzle/Developer/nba-etl/env/lib/python3.8/site-packages/airflow/example_dags/example_subdag_operator.py took 0.043 seconds
[2022-02-22 15:53:15,048] {processor.py:163} INFO - Started process (PID=43406) to work on /Users/aleckienzle/Developer/nba-etl/env/lib/python3.8/site-packages/airflow/example_dags/example_subdag_operator.py
[2022-02-22 15:53:15,049] {processor.py:642} INFO - Processing file /Users/aleckienzle/Developer/nba-etl/env/lib/python3.8/site-packages/airflow/example_dags/example_subdag_operator.py for tasks to queue
[2022-02-22 15:53:15,049] {logging_mixin.py:109} INFO - [2022-02-22 15:53:15,049] {dagbag.py:500} INFO - Filling up the DagBag from /Users/aleckienzle/Developer/nba-etl/env/lib/python3.8/site-packages/airflow/example_dags/example_subdag_operator.py
[2022-02-22 15:53:15,068] {processor.py:654} INFO - DAG(s) dict_keys(['example_subdag_operator.section-1', 'example_subdag_operator.section-2', 'example_subdag_operator']) retrieved from /Users/aleckienzle/Developer/nba-etl/env/lib/python3.8/site-packages/airflow/example_dags/example_subdag_operator.py
[2022-02-22 15:53:15,077] {logging_mixin.py:109} INFO - [2022-02-22 15:53:15,077] {dag.py:2396} INFO - Sync 3 DAGs
[2022-02-22 15:53:15,082] {logging_mixin.py:109} INFO - [2022-02-22 15:53:15,082] {dag.py:2935} INFO - Setting next_dagrun for example_subdag_operator to 2022-02-20T00:00:00+00:00
[2022-02-22 15:53:15,082] {logging_mixin.py:109} INFO - [2022-02-22 15:53:15,082] {dag.py:2935} INFO - Setting next_dagrun for example_subdag_operator.section-1 to None
[2022-02-22 15:53:15,082] {logging_mixin.py:109} INFO - [2022-02-22 15:53:15,082] {dag.py:2935} INFO - Setting next_dagrun for example_subdag_operator.section-2 to None
[2022-02-22 15:53:15,083] {logging_mixin.py:109} INFO - [2022-02-22 15:53:15,083] {dag.py:2396} INFO - Sync 2 DAGs
[2022-02-22 15:53:15,086] {logging_mixin.py:109} INFO - [2022-02-22 15:53:15,086] {dag.py:2935} INFO - Setting next_dagrun for example_subdag_operator.section-1 to None
[2022-02-22 15:53:15,086] {logging_mixin.py:109} INFO - [2022-02-22 15:53:15,086] {dag.py:2935} INFO - Setting next_dagrun for example_subdag_operator.section-2 to None
[2022-02-22 15:53:15,088] {processor.py:171} INFO - Processing /Users/aleckienzle/Developer/nba-etl/env/lib/python3.8/site-packages/airflow/example_dags/example_subdag_operator.py took 0.041 seconds
[2022-02-22 15:54:23,701] {processor.py:163} INFO - Started process (PID=43590) to work on /Users/aleckienzle/Developer/nba-etl/env/lib/python3.8/site-packages/airflow/example_dags/example_subdag_operator.py
[2022-02-22 15:54:23,701] {processor.py:642} INFO - Processing file /Users/aleckienzle/Developer/nba-etl/env/lib/python3.8/site-packages/airflow/example_dags/example_subdag_operator.py for tasks to queue
[2022-02-22 15:54:23,701] {logging_mixin.py:109} INFO - [2022-02-22 15:54:23,701] {dagbag.py:500} INFO - Filling up the DagBag from /Users/aleckienzle/Developer/nba-etl/env/lib/python3.8/site-packages/airflow/example_dags/example_subdag_operator.py
[2022-02-22 15:54:23,720] {processor.py:654} INFO - DAG(s) dict_keys(['example_subdag_operator.section-1', 'example_subdag_operator.section-2', 'example_subdag_operator']) retrieved from /Users/aleckienzle/Developer/nba-etl/env/lib/python3.8/site-packages/airflow/example_dags/example_subdag_operator.py
[2022-02-22 15:54:23,730] {logging_mixin.py:109} INFO - [2022-02-22 15:54:23,730] {dag.py:2396} INFO - Sync 3 DAGs
[2022-02-22 15:54:23,734] {logging_mixin.py:109} INFO - [2022-02-22 15:54:23,734] {dag.py:2935} INFO - Setting next_dagrun for example_subdag_operator to 2022-02-20T00:00:00+00:00
[2022-02-22 15:54:23,734] {logging_mixin.py:109} INFO - [2022-02-22 15:54:23,734] {dag.py:2935} INFO - Setting next_dagrun for example_subdag_operator.section-1 to None
[2022-02-22 15:54:23,734] {logging_mixin.py:109} INFO - [2022-02-22 15:54:23,734] {dag.py:2935} INFO - Setting next_dagrun for example_subdag_operator.section-2 to None
[2022-02-22 15:54:23,736] {logging_mixin.py:109} INFO - [2022-02-22 15:54:23,735] {dag.py:2396} INFO - Sync 2 DAGs
[2022-02-22 15:54:23,738] {logging_mixin.py:109} INFO - [2022-02-22 15:54:23,738] {dag.py:2935} INFO - Setting next_dagrun for example_subdag_operator.section-1 to None
[2022-02-22 15:54:23,738] {logging_mixin.py:109} INFO - [2022-02-22 15:54:23,738] {dag.py:2935} INFO - Setting next_dagrun for example_subdag_operator.section-2 to None
[2022-02-22 15:54:23,741] {processor.py:171} INFO - Processing /Users/aleckienzle/Developer/nba-etl/env/lib/python3.8/site-packages/airflow/example_dags/example_subdag_operator.py took 0.040 seconds
[2022-02-22 15:55:33,757] {processor.py:163} INFO - Started process (PID=43788) to work on /Users/aleckienzle/Developer/nba-etl/env/lib/python3.8/site-packages/airflow/example_dags/example_subdag_operator.py
[2022-02-22 15:55:33,757] {processor.py:642} INFO - Processing file /Users/aleckienzle/Developer/nba-etl/env/lib/python3.8/site-packages/airflow/example_dags/example_subdag_operator.py for tasks to queue
[2022-02-22 15:55:33,757] {logging_mixin.py:109} INFO - [2022-02-22 15:55:33,757] {dagbag.py:500} INFO - Filling up the DagBag from /Users/aleckienzle/Developer/nba-etl/env/lib/python3.8/site-packages/airflow/example_dags/example_subdag_operator.py
[2022-02-22 15:55:33,776] {processor.py:654} INFO - DAG(s) dict_keys(['example_subdag_operator.section-1', 'example_subdag_operator.section-2', 'example_subdag_operator']) retrieved from /Users/aleckienzle/Developer/nba-etl/env/lib/python3.8/site-packages/airflow/example_dags/example_subdag_operator.py
[2022-02-22 15:55:33,786] {logging_mixin.py:109} INFO - [2022-02-22 15:55:33,786] {dag.py:2396} INFO - Sync 3 DAGs
[2022-02-22 15:55:33,790] {logging_mixin.py:109} INFO - [2022-02-22 15:55:33,790] {dag.py:2935} INFO - Setting next_dagrun for example_subdag_operator to 2022-02-20T00:00:00+00:00
[2022-02-22 15:55:33,790] {logging_mixin.py:109} INFO - [2022-02-22 15:55:33,790] {dag.py:2935} INFO - Setting next_dagrun for example_subdag_operator.section-1 to None
[2022-02-22 15:55:33,790] {logging_mixin.py:109} INFO - [2022-02-22 15:55:33,790] {dag.py:2935} INFO - Setting next_dagrun for example_subdag_operator.section-2 to None
[2022-02-22 15:55:33,792] {logging_mixin.py:109} INFO - [2022-02-22 15:55:33,792] {dag.py:2396} INFO - Sync 2 DAGs
[2022-02-22 15:55:33,794] {logging_mixin.py:109} INFO - [2022-02-22 15:55:33,794] {dag.py:2935} INFO - Setting next_dagrun for example_subdag_operator.section-1 to None
[2022-02-22 15:55:33,794] {logging_mixin.py:109} INFO - [2022-02-22 15:55:33,794] {dag.py:2935} INFO - Setting next_dagrun for example_subdag_operator.section-2 to None
[2022-02-22 15:55:33,797] {processor.py:171} INFO - Processing /Users/aleckienzle/Developer/nba-etl/env/lib/python3.8/site-packages/airflow/example_dags/example_subdag_operator.py took 0.040 seconds
[2022-02-22 15:56:41,264] {processor.py:163} INFO - Started process (PID=43950) to work on /Users/aleckienzle/Developer/nba-etl/env/lib/python3.8/site-packages/airflow/example_dags/example_subdag_operator.py
[2022-02-22 15:56:41,265] {processor.py:642} INFO - Processing file /Users/aleckienzle/Developer/nba-etl/env/lib/python3.8/site-packages/airflow/example_dags/example_subdag_operator.py for tasks to queue
[2022-02-22 15:56:41,265] {logging_mixin.py:109} INFO - [2022-02-22 15:56:41,265] {dagbag.py:500} INFO - Filling up the DagBag from /Users/aleckienzle/Developer/nba-etl/env/lib/python3.8/site-packages/airflow/example_dags/example_subdag_operator.py
[2022-02-22 15:56:41,286] {processor.py:654} INFO - DAG(s) dict_keys(['example_subdag_operator.section-1', 'example_subdag_operator.section-2', 'example_subdag_operator']) retrieved from /Users/aleckienzle/Developer/nba-etl/env/lib/python3.8/site-packages/airflow/example_dags/example_subdag_operator.py
[2022-02-22 15:56:41,296] {logging_mixin.py:109} INFO - [2022-02-22 15:56:41,296] {dag.py:2396} INFO - Sync 3 DAGs
[2022-02-22 15:56:41,301] {logging_mixin.py:109} INFO - [2022-02-22 15:56:41,301] {dag.py:2935} INFO - Setting next_dagrun for example_subdag_operator to 2022-02-20T00:00:00+00:00
[2022-02-22 15:56:41,301] {logging_mixin.py:109} INFO - [2022-02-22 15:56:41,301] {dag.py:2935} INFO - Setting next_dagrun for example_subdag_operator.section-1 to None
[2022-02-22 15:56:41,301] {logging_mixin.py:109} INFO - [2022-02-22 15:56:41,301] {dag.py:2935} INFO - Setting next_dagrun for example_subdag_operator.section-2 to None
[2022-02-22 15:56:41,303] {logging_mixin.py:109} INFO - [2022-02-22 15:56:41,303] {dag.py:2396} INFO - Sync 2 DAGs
[2022-02-22 15:56:41,306] {logging_mixin.py:109} INFO - [2022-02-22 15:56:41,306] {dag.py:2935} INFO - Setting next_dagrun for example_subdag_operator.section-1 to None
[2022-02-22 15:56:41,306] {logging_mixin.py:109} INFO - [2022-02-22 15:56:41,306] {dag.py:2935} INFO - Setting next_dagrun for example_subdag_operator.section-2 to None
[2022-02-22 15:56:41,309] {processor.py:171} INFO - Processing /Users/aleckienzle/Developer/nba-etl/env/lib/python3.8/site-packages/airflow/example_dags/example_subdag_operator.py took 0.045 seconds
[2022-02-22 15:57:51,773] {processor.py:163} INFO - Started process (PID=44193) to work on /Users/aleckienzle/Developer/nba-etl/env/lib/python3.8/site-packages/airflow/example_dags/example_subdag_operator.py
[2022-02-22 15:57:51,774] {processor.py:642} INFO - Processing file /Users/aleckienzle/Developer/nba-etl/env/lib/python3.8/site-packages/airflow/example_dags/example_subdag_operator.py for tasks to queue
[2022-02-22 15:57:51,774] {logging_mixin.py:109} INFO - [2022-02-22 15:57:51,774] {dagbag.py:500} INFO - Filling up the DagBag from /Users/aleckienzle/Developer/nba-etl/env/lib/python3.8/site-packages/airflow/example_dags/example_subdag_operator.py
[2022-02-22 15:57:51,795] {processor.py:654} INFO - DAG(s) dict_keys(['example_subdag_operator.section-1', 'example_subdag_operator.section-2', 'example_subdag_operator']) retrieved from /Users/aleckienzle/Developer/nba-etl/env/lib/python3.8/site-packages/airflow/example_dags/example_subdag_operator.py
[2022-02-22 15:57:51,807] {logging_mixin.py:109} INFO - [2022-02-22 15:57:51,807] {dag.py:2396} INFO - Sync 3 DAGs
[2022-02-22 15:57:51,812] {logging_mixin.py:109} INFO - [2022-02-22 15:57:51,812] {dag.py:2935} INFO - Setting next_dagrun for example_subdag_operator to 2022-02-20T00:00:00+00:00
[2022-02-22 15:57:51,812] {logging_mixin.py:109} INFO - [2022-02-22 15:57:51,812] {dag.py:2935} INFO - Setting next_dagrun for example_subdag_operator.section-1 to None
[2022-02-22 15:57:51,812] {logging_mixin.py:109} INFO - [2022-02-22 15:57:51,812] {dag.py:2935} INFO - Setting next_dagrun for example_subdag_operator.section-2 to None
[2022-02-22 15:57:51,814] {logging_mixin.py:109} INFO - [2022-02-22 15:57:51,814] {dag.py:2396} INFO - Sync 2 DAGs
[2022-02-22 15:57:51,817] {logging_mixin.py:109} INFO - [2022-02-22 15:57:51,817] {dag.py:2935} INFO - Setting next_dagrun for example_subdag_operator.section-1 to None
[2022-02-22 15:57:51,817] {logging_mixin.py:109} INFO - [2022-02-22 15:57:51,817] {dag.py:2935} INFO - Setting next_dagrun for example_subdag_operator.section-2 to None
[2022-02-22 15:57:51,820] {processor.py:171} INFO - Processing /Users/aleckienzle/Developer/nba-etl/env/lib/python3.8/site-packages/airflow/example_dags/example_subdag_operator.py took 0.047 seconds
[2022-02-22 15:58:58,934] {processor.py:163} INFO - Started process (PID=44426) to work on /Users/aleckienzle/Developer/nba-etl/env/lib/python3.8/site-packages/airflow/example_dags/example_subdag_operator.py
[2022-02-22 15:58:58,935] {processor.py:642} INFO - Processing file /Users/aleckienzle/Developer/nba-etl/env/lib/python3.8/site-packages/airflow/example_dags/example_subdag_operator.py for tasks to queue
[2022-02-22 15:58:58,935] {logging_mixin.py:109} INFO - [2022-02-22 15:58:58,935] {dagbag.py:500} INFO - Filling up the DagBag from /Users/aleckienzle/Developer/nba-etl/env/lib/python3.8/site-packages/airflow/example_dags/example_subdag_operator.py
[2022-02-22 15:58:58,955] {processor.py:654} INFO - DAG(s) dict_keys(['example_subdag_operator.section-1', 'example_subdag_operator.section-2', 'example_subdag_operator']) retrieved from /Users/aleckienzle/Developer/nba-etl/env/lib/python3.8/site-packages/airflow/example_dags/example_subdag_operator.py
[2022-02-22 15:58:58,966] {logging_mixin.py:109} INFO - [2022-02-22 15:58:58,966] {dag.py:2396} INFO - Sync 3 DAGs
[2022-02-22 15:58:58,970] {logging_mixin.py:109} INFO - [2022-02-22 15:58:58,970] {dag.py:2935} INFO - Setting next_dagrun for example_subdag_operator to 2022-02-20T00:00:00+00:00
[2022-02-22 15:58:58,970] {logging_mixin.py:109} INFO - [2022-02-22 15:58:58,970] {dag.py:2935} INFO - Setting next_dagrun for example_subdag_operator.section-1 to None
[2022-02-22 15:58:58,970] {logging_mixin.py:109} INFO - [2022-02-22 15:58:58,970] {dag.py:2935} INFO - Setting next_dagrun for example_subdag_operator.section-2 to None
[2022-02-22 15:58:58,972] {logging_mixin.py:109} INFO - [2022-02-22 15:58:58,972] {dag.py:2396} INFO - Sync 2 DAGs
[2022-02-22 15:58:58,974] {logging_mixin.py:109} INFO - [2022-02-22 15:58:58,974] {dag.py:2935} INFO - Setting next_dagrun for example_subdag_operator.section-1 to None
[2022-02-22 15:58:58,975] {logging_mixin.py:109} INFO - [2022-02-22 15:58:58,975] {dag.py:2935} INFO - Setting next_dagrun for example_subdag_operator.section-2 to None
[2022-02-22 15:58:58,977] {processor.py:171} INFO - Processing /Users/aleckienzle/Developer/nba-etl/env/lib/python3.8/site-packages/airflow/example_dags/example_subdag_operator.py took 0.044 seconds
