[2022-02-22 15:37:32,688] {processor.py:163} INFO - Started process (PID=40938) to work on /Users/aleckienzle/Developer/nba-etl/env/lib/python3.8/site-packages/airflow/example_dags/example_xcomargs.py
[2022-02-22 15:37:32,688] {processor.py:642} INFO - Processing file /Users/aleckienzle/Developer/nba-etl/env/lib/python3.8/site-packages/airflow/example_dags/example_xcomargs.py for tasks to queue
[2022-02-22 15:37:32,688] {logging_mixin.py:109} INFO - [2022-02-22 15:37:32,688] {dagbag.py:500} INFO - Filling up the DagBag from /Users/aleckienzle/Developer/nba-etl/env/lib/python3.8/site-packages/airflow/example_dags/example_xcomargs.py
[2022-02-22 15:37:32,713] {processor.py:654} INFO - DAG(s) dict_keys(['example_xcom_args', 'example_xcom_args_with_operators']) retrieved from /Users/aleckienzle/Developer/nba-etl/env/lib/python3.8/site-packages/airflow/example_dags/example_xcomargs.py
[2022-02-22 15:37:32,719] {logging_mixin.py:109} INFO - [2022-02-22 15:37:32,719] {dag.py:2396} INFO - Sync 2 DAGs
[2022-02-22 15:37:32,725] {logging_mixin.py:109} INFO - [2022-02-22 15:37:32,725] {dag.py:2935} INFO - Setting next_dagrun for example_xcom_args to None
[2022-02-22 15:37:32,725] {logging_mixin.py:109} INFO - [2022-02-22 15:37:32,725] {dag.py:2935} INFO - Setting next_dagrun for example_xcom_args_with_operators to None
[2022-02-22 15:37:32,728] {processor.py:171} INFO - Processing /Users/aleckienzle/Developer/nba-etl/env/lib/python3.8/site-packages/airflow/example_dags/example_xcomargs.py took 0.041 seconds
[2022-02-22 15:38:34,762] {processor.py:163} INFO - Started process (PID=41087) to work on /Users/aleckienzle/Developer/nba-etl/env/lib/python3.8/site-packages/airflow/example_dags/example_xcomargs.py
[2022-02-22 15:38:34,763] {processor.py:642} INFO - Processing file /Users/aleckienzle/Developer/nba-etl/env/lib/python3.8/site-packages/airflow/example_dags/example_xcomargs.py for tasks to queue
[2022-02-22 15:38:34,763] {logging_mixin.py:109} INFO - [2022-02-22 15:38:34,763] {dagbag.py:500} INFO - Filling up the DagBag from /Users/aleckienzle/Developer/nba-etl/env/lib/python3.8/site-packages/airflow/example_dags/example_xcomargs.py
[2022-02-22 15:38:34,788] {processor.py:654} INFO - DAG(s) dict_keys(['example_xcom_args', 'example_xcom_args_with_operators']) retrieved from /Users/aleckienzle/Developer/nba-etl/env/lib/python3.8/site-packages/airflow/example_dags/example_xcomargs.py
[2022-02-22 15:38:34,908] {logging_mixin.py:109} INFO - [2022-02-22 15:38:34,908] {dag.py:2396} INFO - Sync 2 DAGs
[2022-02-22 15:38:34,913] {logging_mixin.py:109} INFO - [2022-02-22 15:38:34,913] {dag.py:2935} INFO - Setting next_dagrun for example_xcom_args to None
[2022-02-22 15:38:34,913] {logging_mixin.py:109} INFO - [2022-02-22 15:38:34,913] {dag.py:2935} INFO - Setting next_dagrun for example_xcom_args_with_operators to None
[2022-02-22 15:38:34,917] {processor.py:171} INFO - Processing /Users/aleckienzle/Developer/nba-etl/env/lib/python3.8/site-packages/airflow/example_dags/example_xcomargs.py took 0.155 seconds
[2022-02-22 15:39:38,402] {processor.py:163} INFO - Started process (PID=41255) to work on /Users/aleckienzle/Developer/nba-etl/env/lib/python3.8/site-packages/airflow/example_dags/example_xcomargs.py
[2022-02-22 15:39:38,403] {processor.py:642} INFO - Processing file /Users/aleckienzle/Developer/nba-etl/env/lib/python3.8/site-packages/airflow/example_dags/example_xcomargs.py for tasks to queue
[2022-02-22 15:39:38,403] {logging_mixin.py:109} INFO - [2022-02-22 15:39:38,403] {dagbag.py:500} INFO - Filling up the DagBag from /Users/aleckienzle/Developer/nba-etl/env/lib/python3.8/site-packages/airflow/example_dags/example_xcomargs.py
[2022-02-22 15:39:38,428] {processor.py:654} INFO - DAG(s) dict_keys(['example_xcom_args', 'example_xcom_args_with_operators']) retrieved from /Users/aleckienzle/Developer/nba-etl/env/lib/python3.8/site-packages/airflow/example_dags/example_xcomargs.py
[2022-02-22 15:39:38,547] {logging_mixin.py:109} INFO - [2022-02-22 15:39:38,547] {dag.py:2396} INFO - Sync 2 DAGs
[2022-02-22 15:39:38,551] {logging_mixin.py:109} INFO - [2022-02-22 15:39:38,551] {dag.py:2935} INFO - Setting next_dagrun for example_xcom_args to None
[2022-02-22 15:39:38,551] {logging_mixin.py:109} INFO - [2022-02-22 15:39:38,551] {dag.py:2935} INFO - Setting next_dagrun for example_xcom_args_with_operators to None
[2022-02-22 15:39:38,555] {processor.py:171} INFO - Processing /Users/aleckienzle/Developer/nba-etl/env/lib/python3.8/site-packages/airflow/example_dags/example_xcomargs.py took 0.154 seconds
[2022-02-22 15:40:42,225] {processor.py:163} INFO - Started process (PID=41406) to work on /Users/aleckienzle/Developer/nba-etl/env/lib/python3.8/site-packages/airflow/example_dags/example_xcomargs.py
[2022-02-22 15:40:42,226] {processor.py:642} INFO - Processing file /Users/aleckienzle/Developer/nba-etl/env/lib/python3.8/site-packages/airflow/example_dags/example_xcomargs.py for tasks to queue
[2022-02-22 15:40:42,226] {logging_mixin.py:109} INFO - [2022-02-22 15:40:42,226] {dagbag.py:500} INFO - Filling up the DagBag from /Users/aleckienzle/Developer/nba-etl/env/lib/python3.8/site-packages/airflow/example_dags/example_xcomargs.py
[2022-02-22 15:40:42,250] {processor.py:654} INFO - DAG(s) dict_keys(['example_xcom_args', 'example_xcom_args_with_operators']) retrieved from /Users/aleckienzle/Developer/nba-etl/env/lib/python3.8/site-packages/airflow/example_dags/example_xcomargs.py
[2022-02-22 15:40:42,368] {logging_mixin.py:109} INFO - [2022-02-22 15:40:42,368] {dag.py:2396} INFO - Sync 2 DAGs
[2022-02-22 15:40:42,372] {logging_mixin.py:109} INFO - [2022-02-22 15:40:42,372] {dag.py:2935} INFO - Setting next_dagrun for example_xcom_args to None
[2022-02-22 15:40:42,372] {logging_mixin.py:109} INFO - [2022-02-22 15:40:42,372] {dag.py:2935} INFO - Setting next_dagrun for example_xcom_args_with_operators to None
[2022-02-22 15:40:42,376] {processor.py:171} INFO - Processing /Users/aleckienzle/Developer/nba-etl/env/lib/python3.8/site-packages/airflow/example_dags/example_xcomargs.py took 0.152 seconds
[2022-02-22 15:41:46,202] {processor.py:163} INFO - Started process (PID=41552) to work on /Users/aleckienzle/Developer/nba-etl/env/lib/python3.8/site-packages/airflow/example_dags/example_xcomargs.py
[2022-02-22 15:41:46,203] {processor.py:642} INFO - Processing file /Users/aleckienzle/Developer/nba-etl/env/lib/python3.8/site-packages/airflow/example_dags/example_xcomargs.py for tasks to queue
[2022-02-22 15:41:46,203] {logging_mixin.py:109} INFO - [2022-02-22 15:41:46,203] {dagbag.py:500} INFO - Filling up the DagBag from /Users/aleckienzle/Developer/nba-etl/env/lib/python3.8/site-packages/airflow/example_dags/example_xcomargs.py
[2022-02-22 15:41:46,234] {processor.py:654} INFO - DAG(s) dict_keys(['example_xcom_args', 'example_xcom_args_with_operators']) retrieved from /Users/aleckienzle/Developer/nba-etl/env/lib/python3.8/site-packages/airflow/example_dags/example_xcomargs.py
[2022-02-22 15:41:46,359] {logging_mixin.py:109} INFO - [2022-02-22 15:41:46,358] {dag.py:2396} INFO - Sync 2 DAGs
[2022-02-22 15:41:46,363] {logging_mixin.py:109} INFO - [2022-02-22 15:41:46,363] {dag.py:2935} INFO - Setting next_dagrun for example_xcom_args to None
[2022-02-22 15:41:46,363] {logging_mixin.py:109} INFO - [2022-02-22 15:41:46,363] {dag.py:2935} INFO - Setting next_dagrun for example_xcom_args_with_operators to None
[2022-02-22 15:41:46,367] {processor.py:171} INFO - Processing /Users/aleckienzle/Developer/nba-etl/env/lib/python3.8/site-packages/airflow/example_dags/example_xcomargs.py took 0.165 seconds
[2022-02-22 15:42:50,578] {processor.py:163} INFO - Started process (PID=41724) to work on /Users/aleckienzle/Developer/nba-etl/env/lib/python3.8/site-packages/airflow/example_dags/example_xcomargs.py
[2022-02-22 15:42:50,578] {processor.py:642} INFO - Processing file /Users/aleckienzle/Developer/nba-etl/env/lib/python3.8/site-packages/airflow/example_dags/example_xcomargs.py for tasks to queue
[2022-02-22 15:42:50,579] {logging_mixin.py:109} INFO - [2022-02-22 15:42:50,579] {dagbag.py:500} INFO - Filling up the DagBag from /Users/aleckienzle/Developer/nba-etl/env/lib/python3.8/site-packages/airflow/example_dags/example_xcomargs.py
[2022-02-22 15:42:50,606] {processor.py:654} INFO - DAG(s) dict_keys(['example_xcom_args', 'example_xcom_args_with_operators']) retrieved from /Users/aleckienzle/Developer/nba-etl/env/lib/python3.8/site-packages/airflow/example_dags/example_xcomargs.py
[2022-02-22 15:42:50,746] {logging_mixin.py:109} INFO - [2022-02-22 15:42:50,746] {dag.py:2396} INFO - Sync 2 DAGs
[2022-02-22 15:42:50,750] {logging_mixin.py:109} INFO - [2022-02-22 15:42:50,750] {dag.py:2935} INFO - Setting next_dagrun for example_xcom_args to None
[2022-02-22 15:42:50,751] {logging_mixin.py:109} INFO - [2022-02-22 15:42:50,751] {dag.py:2935} INFO - Setting next_dagrun for example_xcom_args_with_operators to None
[2022-02-22 15:42:50,755] {processor.py:171} INFO - Processing /Users/aleckienzle/Developer/nba-etl/env/lib/python3.8/site-packages/airflow/example_dags/example_xcomargs.py took 0.177 seconds
[2022-02-22 15:43:56,613] {processor.py:163} INFO - Started process (PID=41907) to work on /Users/aleckienzle/Developer/nba-etl/env/lib/python3.8/site-packages/airflow/example_dags/example_xcomargs.py
[2022-02-22 15:43:56,613] {processor.py:642} INFO - Processing file /Users/aleckienzle/Developer/nba-etl/env/lib/python3.8/site-packages/airflow/example_dags/example_xcomargs.py for tasks to queue
[2022-02-22 15:43:56,614] {logging_mixin.py:109} INFO - [2022-02-22 15:43:56,614] {dagbag.py:500} INFO - Filling up the DagBag from /Users/aleckienzle/Developer/nba-etl/env/lib/python3.8/site-packages/airflow/example_dags/example_xcomargs.py
[2022-02-22 15:43:56,638] {processor.py:654} INFO - DAG(s) dict_keys(['example_xcom_args', 'example_xcom_args_with_operators']) retrieved from /Users/aleckienzle/Developer/nba-etl/env/lib/python3.8/site-packages/airflow/example_dags/example_xcomargs.py
[2022-02-22 15:43:56,751] {logging_mixin.py:109} INFO - [2022-02-22 15:43:56,751] {dag.py:2396} INFO - Sync 2 DAGs
[2022-02-22 15:43:56,755] {logging_mixin.py:109} INFO - [2022-02-22 15:43:56,755] {dag.py:2935} INFO - Setting next_dagrun for example_xcom_args to None
[2022-02-22 15:43:56,755] {logging_mixin.py:109} INFO - [2022-02-22 15:43:56,755] {dag.py:2935} INFO - Setting next_dagrun for example_xcom_args_with_operators to None
[2022-02-22 15:43:56,759] {processor.py:171} INFO - Processing /Users/aleckienzle/Developer/nba-etl/env/lib/python3.8/site-packages/airflow/example_dags/example_xcomargs.py took 0.147 seconds
[2022-02-22 15:45:02,192] {processor.py:163} INFO - Started process (PID=42048) to work on /Users/aleckienzle/Developer/nba-etl/env/lib/python3.8/site-packages/airflow/example_dags/example_xcomargs.py
[2022-02-22 15:45:02,193] {processor.py:642} INFO - Processing file /Users/aleckienzle/Developer/nba-etl/env/lib/python3.8/site-packages/airflow/example_dags/example_xcomargs.py for tasks to queue
[2022-02-22 15:45:02,194] {logging_mixin.py:109} INFO - [2022-02-22 15:45:02,194] {dagbag.py:500} INFO - Filling up the DagBag from /Users/aleckienzle/Developer/nba-etl/env/lib/python3.8/site-packages/airflow/example_dags/example_xcomargs.py
[2022-02-22 15:45:02,221] {processor.py:654} INFO - DAG(s) dict_keys(['example_xcom_args', 'example_xcom_args_with_operators']) retrieved from /Users/aleckienzle/Developer/nba-etl/env/lib/python3.8/site-packages/airflow/example_dags/example_xcomargs.py
[2022-02-22 15:45:02,363] {logging_mixin.py:109} INFO - [2022-02-22 15:45:02,363] {dag.py:2396} INFO - Sync 2 DAGs
[2022-02-22 15:45:02,368] {logging_mixin.py:109} INFO - [2022-02-22 15:45:02,368] {dag.py:2935} INFO - Setting next_dagrun for example_xcom_args to None
[2022-02-22 15:45:02,368] {logging_mixin.py:109} INFO - [2022-02-22 15:45:02,368] {dag.py:2935} INFO - Setting next_dagrun for example_xcom_args_with_operators to None
[2022-02-22 15:45:02,373] {processor.py:171} INFO - Processing /Users/aleckienzle/Developer/nba-etl/env/lib/python3.8/site-packages/airflow/example_dags/example_xcomargs.py took 0.181 seconds
[2022-02-22 15:46:08,105] {processor.py:163} INFO - Started process (PID=42223) to work on /Users/aleckienzle/Developer/nba-etl/env/lib/python3.8/site-packages/airflow/example_dags/example_xcomargs.py
[2022-02-22 15:46:08,106] {processor.py:642} INFO - Processing file /Users/aleckienzle/Developer/nba-etl/env/lib/python3.8/site-packages/airflow/example_dags/example_xcomargs.py for tasks to queue
[2022-02-22 15:46:08,107] {logging_mixin.py:109} INFO - [2022-02-22 15:46:08,107] {dagbag.py:500} INFO - Filling up the DagBag from /Users/aleckienzle/Developer/nba-etl/env/lib/python3.8/site-packages/airflow/example_dags/example_xcomargs.py
[2022-02-22 15:46:08,135] {processor.py:654} INFO - DAG(s) dict_keys(['example_xcom_args', 'example_xcom_args_with_operators']) retrieved from /Users/aleckienzle/Developer/nba-etl/env/lib/python3.8/site-packages/airflow/example_dags/example_xcomargs.py
[2022-02-22 15:46:08,285] {logging_mixin.py:109} INFO - [2022-02-22 15:46:08,285] {dag.py:2396} INFO - Sync 2 DAGs
[2022-02-22 15:46:08,292] {logging_mixin.py:109} INFO - [2022-02-22 15:46:08,292] {dag.py:2935} INFO - Setting next_dagrun for example_xcom_args to None
[2022-02-22 15:46:08,292] {logging_mixin.py:109} INFO - [2022-02-22 15:46:08,292] {dag.py:2935} INFO - Setting next_dagrun for example_xcom_args_with_operators to None
[2022-02-22 15:46:08,297] {processor.py:171} INFO - Processing /Users/aleckienzle/Developer/nba-etl/env/lib/python3.8/site-packages/airflow/example_dags/example_xcomargs.py took 0.192 seconds
[2022-02-22 15:47:13,857] {processor.py:163} INFO - Started process (PID=42432) to work on /Users/aleckienzle/Developer/nba-etl/env/lib/python3.8/site-packages/airflow/example_dags/example_xcomargs.py
[2022-02-22 15:47:13,858] {processor.py:642} INFO - Processing file /Users/aleckienzle/Developer/nba-etl/env/lib/python3.8/site-packages/airflow/example_dags/example_xcomargs.py for tasks to queue
[2022-02-22 15:47:13,858] {logging_mixin.py:109} INFO - [2022-02-22 15:47:13,858] {dagbag.py:500} INFO - Filling up the DagBag from /Users/aleckienzle/Developer/nba-etl/env/lib/python3.8/site-packages/airflow/example_dags/example_xcomargs.py
[2022-02-22 15:47:13,882] {processor.py:654} INFO - DAG(s) dict_keys(['example_xcom_args', 'example_xcom_args_with_operators']) retrieved from /Users/aleckienzle/Developer/nba-etl/env/lib/python3.8/site-packages/airflow/example_dags/example_xcomargs.py
[2022-02-22 15:47:14,005] {logging_mixin.py:109} INFO - [2022-02-22 15:47:14,005] {dag.py:2396} INFO - Sync 2 DAGs
[2022-02-22 15:47:14,010] {logging_mixin.py:109} INFO - [2022-02-22 15:47:14,010] {dag.py:2935} INFO - Setting next_dagrun for example_xcom_args to None
[2022-02-22 15:47:14,010] {logging_mixin.py:109} INFO - [2022-02-22 15:47:14,010] {dag.py:2935} INFO - Setting next_dagrun for example_xcom_args_with_operators to None
[2022-02-22 15:47:14,014] {processor.py:171} INFO - Processing /Users/aleckienzle/Developer/nba-etl/env/lib/python3.8/site-packages/airflow/example_dags/example_xcomargs.py took 0.157 seconds
[2022-02-22 15:48:25,934] {processor.py:163} INFO - Started process (PID=42678) to work on /Users/aleckienzle/Developer/nba-etl/env/lib/python3.8/site-packages/airflow/example_dags/example_xcomargs.py
[2022-02-22 15:48:25,936] {processor.py:642} INFO - Processing file /Users/aleckienzle/Developer/nba-etl/env/lib/python3.8/site-packages/airflow/example_dags/example_xcomargs.py for tasks to queue
[2022-02-22 15:48:25,936] {logging_mixin.py:109} INFO - [2022-02-22 15:48:25,936] {dagbag.py:500} INFO - Filling up the DagBag from /Users/aleckienzle/Developer/nba-etl/env/lib/python3.8/site-packages/airflow/example_dags/example_xcomargs.py
[2022-02-22 15:48:25,961] {processor.py:654} INFO - DAG(s) dict_keys(['example_xcom_args', 'example_xcom_args_with_operators']) retrieved from /Users/aleckienzle/Developer/nba-etl/env/lib/python3.8/site-packages/airflow/example_dags/example_xcomargs.py
[2022-02-22 15:48:26,082] {logging_mixin.py:109} INFO - [2022-02-22 15:48:26,082] {dag.py:2396} INFO - Sync 2 DAGs
[2022-02-22 15:48:26,086] {logging_mixin.py:109} INFO - [2022-02-22 15:48:26,086] {dag.py:2935} INFO - Setting next_dagrun for example_xcom_args to None
[2022-02-22 15:48:26,086] {logging_mixin.py:109} INFO - [2022-02-22 15:48:26,086] {dag.py:2935} INFO - Setting next_dagrun for example_xcom_args_with_operators to None
[2022-02-22 15:48:26,090] {processor.py:171} INFO - Processing /Users/aleckienzle/Developer/nba-etl/env/lib/python3.8/site-packages/airflow/example_dags/example_xcomargs.py took 0.156 seconds
[2022-02-22 15:49:34,077] {processor.py:163} INFO - Started process (PID=42862) to work on /Users/aleckienzle/Developer/nba-etl/env/lib/python3.8/site-packages/airflow/example_dags/example_xcomargs.py
[2022-02-22 15:49:34,078] {processor.py:642} INFO - Processing file /Users/aleckienzle/Developer/nba-etl/env/lib/python3.8/site-packages/airflow/example_dags/example_xcomargs.py for tasks to queue
[2022-02-22 15:49:34,078] {logging_mixin.py:109} INFO - [2022-02-22 15:49:34,078] {dagbag.py:500} INFO - Filling up the DagBag from /Users/aleckienzle/Developer/nba-etl/env/lib/python3.8/site-packages/airflow/example_dags/example_xcomargs.py
[2022-02-22 15:49:34,103] {processor.py:654} INFO - DAG(s) dict_keys(['example_xcom_args', 'example_xcom_args_with_operators']) retrieved from /Users/aleckienzle/Developer/nba-etl/env/lib/python3.8/site-packages/airflow/example_dags/example_xcomargs.py
[2022-02-22 15:49:34,208] {logging_mixin.py:109} INFO - [2022-02-22 15:49:34,207] {dag.py:2396} INFO - Sync 2 DAGs
[2022-02-22 15:49:34,212] {logging_mixin.py:109} INFO - [2022-02-22 15:49:34,212] {dag.py:2935} INFO - Setting next_dagrun for example_xcom_args to None
[2022-02-22 15:49:34,212] {logging_mixin.py:109} INFO - [2022-02-22 15:49:34,212] {dag.py:2935} INFO - Setting next_dagrun for example_xcom_args_with_operators to None
[2022-02-22 15:49:34,216] {processor.py:171} INFO - Processing /Users/aleckienzle/Developer/nba-etl/env/lib/python3.8/site-packages/airflow/example_dags/example_xcomargs.py took 0.139 seconds
[2022-02-22 15:50:43,875] {processor.py:163} INFO - Started process (PID=43028) to work on /Users/aleckienzle/Developer/nba-etl/env/lib/python3.8/site-packages/airflow/example_dags/example_xcomargs.py
[2022-02-22 15:50:43,876] {processor.py:642} INFO - Processing file /Users/aleckienzle/Developer/nba-etl/env/lib/python3.8/site-packages/airflow/example_dags/example_xcomargs.py for tasks to queue
[2022-02-22 15:50:43,876] {logging_mixin.py:109} INFO - [2022-02-22 15:50:43,876] {dagbag.py:500} INFO - Filling up the DagBag from /Users/aleckienzle/Developer/nba-etl/env/lib/python3.8/site-packages/airflow/example_dags/example_xcomargs.py
[2022-02-22 15:50:43,901] {processor.py:654} INFO - DAG(s) dict_keys(['example_xcom_args', 'example_xcom_args_with_operators']) retrieved from /Users/aleckienzle/Developer/nba-etl/env/lib/python3.8/site-packages/airflow/example_dags/example_xcomargs.py
[2022-02-22 15:50:44,003] {logging_mixin.py:109} INFO - [2022-02-22 15:50:44,003] {dag.py:2396} INFO - Sync 2 DAGs
[2022-02-22 15:50:44,007] {logging_mixin.py:109} INFO - [2022-02-22 15:50:44,007] {dag.py:2935} INFO - Setting next_dagrun for example_xcom_args to None
[2022-02-22 15:50:44,007] {logging_mixin.py:109} INFO - [2022-02-22 15:50:44,007] {dag.py:2935} INFO - Setting next_dagrun for example_xcom_args_with_operators to None
[2022-02-22 15:50:44,011] {processor.py:171} INFO - Processing /Users/aleckienzle/Developer/nba-etl/env/lib/python3.8/site-packages/airflow/example_dags/example_xcomargs.py took 0.137 seconds
[2022-02-22 15:51:54,219] {processor.py:163} INFO - Started process (PID=43221) to work on /Users/aleckienzle/Developer/nba-etl/env/lib/python3.8/site-packages/airflow/example_dags/example_xcomargs.py
[2022-02-22 15:51:54,220] {processor.py:642} INFO - Processing file /Users/aleckienzle/Developer/nba-etl/env/lib/python3.8/site-packages/airflow/example_dags/example_xcomargs.py for tasks to queue
[2022-02-22 15:51:54,220] {logging_mixin.py:109} INFO - [2022-02-22 15:51:54,220] {dagbag.py:500} INFO - Filling up the DagBag from /Users/aleckienzle/Developer/nba-etl/env/lib/python3.8/site-packages/airflow/example_dags/example_xcomargs.py
[2022-02-22 15:51:54,245] {processor.py:654} INFO - DAG(s) dict_keys(['example_xcom_args', 'example_xcom_args_with_operators']) retrieved from /Users/aleckienzle/Developer/nba-etl/env/lib/python3.8/site-packages/airflow/example_dags/example_xcomargs.py
[2022-02-22 15:51:54,376] {logging_mixin.py:109} INFO - [2022-02-22 15:51:54,375] {dag.py:2396} INFO - Sync 2 DAGs
[2022-02-22 15:51:54,380] {logging_mixin.py:109} INFO - [2022-02-22 15:51:54,380] {dag.py:2935} INFO - Setting next_dagrun for example_xcom_args to None
[2022-02-22 15:51:54,380] {logging_mixin.py:109} INFO - [2022-02-22 15:51:54,380] {dag.py:2935} INFO - Setting next_dagrun for example_xcom_args_with_operators to None
[2022-02-22 15:51:54,384] {processor.py:171} INFO - Processing /Users/aleckienzle/Developer/nba-etl/env/lib/python3.8/site-packages/airflow/example_dags/example_xcomargs.py took 0.165 seconds
[2022-02-22 15:53:01,107] {processor.py:163} INFO - Started process (PID=43376) to work on /Users/aleckienzle/Developer/nba-etl/env/lib/python3.8/site-packages/airflow/example_dags/example_xcomargs.py
[2022-02-22 15:53:01,108] {processor.py:642} INFO - Processing file /Users/aleckienzle/Developer/nba-etl/env/lib/python3.8/site-packages/airflow/example_dags/example_xcomargs.py for tasks to queue
[2022-02-22 15:53:01,108] {logging_mixin.py:109} INFO - [2022-02-22 15:53:01,108] {dagbag.py:500} INFO - Filling up the DagBag from /Users/aleckienzle/Developer/nba-etl/env/lib/python3.8/site-packages/airflow/example_dags/example_xcomargs.py
[2022-02-22 15:53:01,137] {processor.py:654} INFO - DAG(s) dict_keys(['example_xcom_args', 'example_xcom_args_with_operators']) retrieved from /Users/aleckienzle/Developer/nba-etl/env/lib/python3.8/site-packages/airflow/example_dags/example_xcomargs.py
[2022-02-22 15:53:01,278] {logging_mixin.py:109} INFO - [2022-02-22 15:53:01,278] {dag.py:2396} INFO - Sync 2 DAGs
[2022-02-22 15:53:01,284] {logging_mixin.py:109} INFO - [2022-02-22 15:53:01,284] {dag.py:2935} INFO - Setting next_dagrun for example_xcom_args to None
[2022-02-22 15:53:01,284] {logging_mixin.py:109} INFO - [2022-02-22 15:53:01,284] {dag.py:2935} INFO - Setting next_dagrun for example_xcom_args_with_operators to None
[2022-02-22 15:53:01,289] {processor.py:171} INFO - Processing /Users/aleckienzle/Developer/nba-etl/env/lib/python3.8/site-packages/airflow/example_dags/example_xcomargs.py took 0.183 seconds
[2022-02-22 15:54:09,872] {processor.py:163} INFO - Started process (PID=43559) to work on /Users/aleckienzle/Developer/nba-etl/env/lib/python3.8/site-packages/airflow/example_dags/example_xcomargs.py
[2022-02-22 15:54:09,873] {processor.py:642} INFO - Processing file /Users/aleckienzle/Developer/nba-etl/env/lib/python3.8/site-packages/airflow/example_dags/example_xcomargs.py for tasks to queue
[2022-02-22 15:54:09,873] {logging_mixin.py:109} INFO - [2022-02-22 15:54:09,873] {dagbag.py:500} INFO - Filling up the DagBag from /Users/aleckienzle/Developer/nba-etl/env/lib/python3.8/site-packages/airflow/example_dags/example_xcomargs.py
[2022-02-22 15:54:09,897] {processor.py:654} INFO - DAG(s) dict_keys(['example_xcom_args', 'example_xcom_args_with_operators']) retrieved from /Users/aleckienzle/Developer/nba-etl/env/lib/python3.8/site-packages/airflow/example_dags/example_xcomargs.py
[2022-02-22 15:54:10,033] {logging_mixin.py:109} INFO - [2022-02-22 15:54:10,032] {dag.py:2396} INFO - Sync 2 DAGs
[2022-02-22 15:54:10,038] {logging_mixin.py:109} INFO - [2022-02-22 15:54:10,037] {dag.py:2935} INFO - Setting next_dagrun for example_xcom_args to None
[2022-02-22 15:54:10,038] {logging_mixin.py:109} INFO - [2022-02-22 15:54:10,038] {dag.py:2935} INFO - Setting next_dagrun for example_xcom_args_with_operators to None
[2022-02-22 15:54:10,042] {processor.py:171} INFO - Processing /Users/aleckienzle/Developer/nba-etl/env/lib/python3.8/site-packages/airflow/example_dags/example_xcomargs.py took 0.171 seconds
[2022-02-22 15:55:19,943] {processor.py:163} INFO - Started process (PID=43730) to work on /Users/aleckienzle/Developer/nba-etl/env/lib/python3.8/site-packages/airflow/example_dags/example_xcomargs.py
[2022-02-22 15:55:19,944] {processor.py:642} INFO - Processing file /Users/aleckienzle/Developer/nba-etl/env/lib/python3.8/site-packages/airflow/example_dags/example_xcomargs.py for tasks to queue
[2022-02-22 15:55:19,944] {logging_mixin.py:109} INFO - [2022-02-22 15:55:19,944] {dagbag.py:500} INFO - Filling up the DagBag from /Users/aleckienzle/Developer/nba-etl/env/lib/python3.8/site-packages/airflow/example_dags/example_xcomargs.py
[2022-02-22 15:55:19,975] {processor.py:654} INFO - DAG(s) dict_keys(['example_xcom_args', 'example_xcom_args_with_operators']) retrieved from /Users/aleckienzle/Developer/nba-etl/env/lib/python3.8/site-packages/airflow/example_dags/example_xcomargs.py
[2022-02-22 15:55:20,108] {logging_mixin.py:109} INFO - [2022-02-22 15:55:20,108] {dag.py:2396} INFO - Sync 2 DAGs
[2022-02-22 15:55:20,113] {logging_mixin.py:109} INFO - [2022-02-22 15:55:20,112] {dag.py:2935} INFO - Setting next_dagrun for example_xcom_args to None
[2022-02-22 15:55:20,113] {logging_mixin.py:109} INFO - [2022-02-22 15:55:20,113] {dag.py:2935} INFO - Setting next_dagrun for example_xcom_args_with_operators to None
[2022-02-22 15:55:20,117] {processor.py:171} INFO - Processing /Users/aleckienzle/Developer/nba-etl/env/lib/python3.8/site-packages/airflow/example_dags/example_xcomargs.py took 0.174 seconds
[2022-02-22 15:56:27,588] {processor.py:163} INFO - Started process (PID=43915) to work on /Users/aleckienzle/Developer/nba-etl/env/lib/python3.8/site-packages/airflow/example_dags/example_xcomargs.py
[2022-02-22 15:56:27,589] {processor.py:642} INFO - Processing file /Users/aleckienzle/Developer/nba-etl/env/lib/python3.8/site-packages/airflow/example_dags/example_xcomargs.py for tasks to queue
[2022-02-22 15:56:27,589] {logging_mixin.py:109} INFO - [2022-02-22 15:56:27,589] {dagbag.py:500} INFO - Filling up the DagBag from /Users/aleckienzle/Developer/nba-etl/env/lib/python3.8/site-packages/airflow/example_dags/example_xcomargs.py
[2022-02-22 15:56:27,619] {processor.py:654} INFO - DAG(s) dict_keys(['example_xcom_args', 'example_xcom_args_with_operators']) retrieved from /Users/aleckienzle/Developer/nba-etl/env/lib/python3.8/site-packages/airflow/example_dags/example_xcomargs.py
[2022-02-22 15:56:27,723] {logging_mixin.py:109} INFO - [2022-02-22 15:56:27,723] {dag.py:2396} INFO - Sync 2 DAGs
[2022-02-22 15:56:27,727] {logging_mixin.py:109} INFO - [2022-02-22 15:56:27,727] {dag.py:2935} INFO - Setting next_dagrun for example_xcom_args to None
[2022-02-22 15:56:27,727] {logging_mixin.py:109} INFO - [2022-02-22 15:56:27,727] {dag.py:2935} INFO - Setting next_dagrun for example_xcom_args_with_operators to None
[2022-02-22 15:56:27,731] {processor.py:171} INFO - Processing /Users/aleckienzle/Developer/nba-etl/env/lib/python3.8/site-packages/airflow/example_dags/example_xcomargs.py took 0.144 seconds
[2022-02-22 15:57:37,837] {processor.py:163} INFO - Started process (PID=44123) to work on /Users/aleckienzle/Developer/nba-etl/env/lib/python3.8/site-packages/airflow/example_dags/example_xcomargs.py
[2022-02-22 15:57:37,837] {processor.py:642} INFO - Processing file /Users/aleckienzle/Developer/nba-etl/env/lib/python3.8/site-packages/airflow/example_dags/example_xcomargs.py for tasks to queue
[2022-02-22 15:57:37,837] {logging_mixin.py:109} INFO - [2022-02-22 15:57:37,837] {dagbag.py:500} INFO - Filling up the DagBag from /Users/aleckienzle/Developer/nba-etl/env/lib/python3.8/site-packages/airflow/example_dags/example_xcomargs.py
[2022-02-22 15:57:37,867] {processor.py:654} INFO - DAG(s) dict_keys(['example_xcom_args', 'example_xcom_args_with_operators']) retrieved from /Users/aleckienzle/Developer/nba-etl/env/lib/python3.8/site-packages/airflow/example_dags/example_xcomargs.py
[2022-02-22 15:57:37,990] {logging_mixin.py:109} INFO - [2022-02-22 15:57:37,989] {dag.py:2396} INFO - Sync 2 DAGs
[2022-02-22 15:57:37,995] {logging_mixin.py:109} INFO - [2022-02-22 15:57:37,995] {dag.py:2935} INFO - Setting next_dagrun for example_xcom_args to None
[2022-02-22 15:57:37,995] {logging_mixin.py:109} INFO - [2022-02-22 15:57:37,995] {dag.py:2935} INFO - Setting next_dagrun for example_xcom_args_with_operators to None
[2022-02-22 15:57:37,999] {processor.py:171} INFO - Processing /Users/aleckienzle/Developer/nba-etl/env/lib/python3.8/site-packages/airflow/example_dags/example_xcomargs.py took 0.163 seconds
[2022-02-22 15:58:46,013] {processor.py:163} INFO - Started process (PID=44381) to work on /Users/aleckienzle/Developer/nba-etl/env/lib/python3.8/site-packages/airflow/example_dags/example_xcomargs.py
[2022-02-22 15:58:46,013] {processor.py:642} INFO - Processing file /Users/aleckienzle/Developer/nba-etl/env/lib/python3.8/site-packages/airflow/example_dags/example_xcomargs.py for tasks to queue
[2022-02-22 15:58:46,014] {logging_mixin.py:109} INFO - [2022-02-22 15:58:46,013] {dagbag.py:500} INFO - Filling up the DagBag from /Users/aleckienzle/Developer/nba-etl/env/lib/python3.8/site-packages/airflow/example_dags/example_xcomargs.py
[2022-02-22 15:58:46,038] {processor.py:654} INFO - DAG(s) dict_keys(['example_xcom_args', 'example_xcom_args_with_operators']) retrieved from /Users/aleckienzle/Developer/nba-etl/env/lib/python3.8/site-packages/airflow/example_dags/example_xcomargs.py
[2022-02-22 15:58:46,138] {logging_mixin.py:109} INFO - [2022-02-22 15:58:46,138] {dag.py:2396} INFO - Sync 2 DAGs
[2022-02-22 15:58:46,143] {logging_mixin.py:109} INFO - [2022-02-22 15:58:46,143] {dag.py:2935} INFO - Setting next_dagrun for example_xcom_args to None
[2022-02-22 15:58:46,143] {logging_mixin.py:109} INFO - [2022-02-22 15:58:46,143] {dag.py:2935} INFO - Setting next_dagrun for example_xcom_args_with_operators to None
[2022-02-22 15:58:46,148] {processor.py:171} INFO - Processing /Users/aleckienzle/Developer/nba-etl/env/lib/python3.8/site-packages/airflow/example_dags/example_xcomargs.py took 0.136 seconds
[2022-02-22 15:59:54,553] {processor.py:163} INFO - Started process (PID=44679) to work on /Users/aleckienzle/Developer/nba-etl/env/lib/python3.8/site-packages/airflow/example_dags/example_xcomargs.py
[2022-02-22 15:59:54,554] {processor.py:642} INFO - Processing file /Users/aleckienzle/Developer/nba-etl/env/lib/python3.8/site-packages/airflow/example_dags/example_xcomargs.py for tasks to queue
[2022-02-22 15:59:54,554] {logging_mixin.py:109} INFO - [2022-02-22 15:59:54,554] {dagbag.py:500} INFO - Filling up the DagBag from /Users/aleckienzle/Developer/nba-etl/env/lib/python3.8/site-packages/airflow/example_dags/example_xcomargs.py
[2022-02-22 15:59:54,580] {processor.py:654} INFO - DAG(s) dict_keys(['example_xcom_args', 'example_xcom_args_with_operators']) retrieved from /Users/aleckienzle/Developer/nba-etl/env/lib/python3.8/site-packages/airflow/example_dags/example_xcomargs.py
[2022-02-22 15:59:54,738] {logging_mixin.py:109} INFO - [2022-02-22 15:59:54,738] {dag.py:2396} INFO - Sync 2 DAGs
[2022-02-22 15:59:54,744] {logging_mixin.py:109} INFO - [2022-02-22 15:59:54,744] {dag.py:2935} INFO - Setting next_dagrun for example_xcom_args to None
[2022-02-22 15:59:54,744] {logging_mixin.py:109} INFO - [2022-02-22 15:59:54,744] {dag.py:2935} INFO - Setting next_dagrun for example_xcom_args_with_operators to None
[2022-02-22 15:59:54,749] {processor.py:171} INFO - Processing /Users/aleckienzle/Developer/nba-etl/env/lib/python3.8/site-packages/airflow/example_dags/example_xcomargs.py took 0.196 seconds
