[2022-02-22 15:38:03,936] {processor.py:163} INFO - Started process (PID=41018) to work on /Users/aleckienzle/Developer/nba-etl/env/lib/python3.8/site-packages/airflow/example_dags/example_kubernetes_executor.py
[2022-02-22 15:38:03,936] {processor.py:642} INFO - Processing file /Users/aleckienzle/Developer/nba-etl/env/lib/python3.8/site-packages/airflow/example_dags/example_kubernetes_executor.py for tasks to queue
[2022-02-22 15:38:03,936] {logging_mixin.py:109} INFO - [2022-02-22 15:38:03,936] {dagbag.py:500} INFO - Filling up the DagBag from /Users/aleckienzle/Developer/nba-etl/env/lib/python3.8/site-packages/airflow/example_dags/example_kubernetes_executor.py
[2022-02-22 15:38:03,947] {logging_mixin.py:109} INFO - [2022-02-22 15:38:03,947] {example_kubernetes_executor.py:38} WARNING - The example_kubernetes_executor example DAG requires the kubernetes provider. Please install it with: pip install apache-airflow[cncf.kubernetes]
[2022-02-22 15:38:03,959] {processor.py:656} WARNING - No viable dags retrieved from /Users/aleckienzle/Developer/nba-etl/env/lib/python3.8/site-packages/airflow/example_dags/example_kubernetes_executor.py
[2022-02-22 15:38:03,960] {processor.py:171} INFO - Processing /Users/aleckienzle/Developer/nba-etl/env/lib/python3.8/site-packages/airflow/example_dags/example_kubernetes_executor.py took 0.025 seconds
[2022-02-22 15:39:07,630] {processor.py:163} INFO - Started process (PID=41188) to work on /Users/aleckienzle/Developer/nba-etl/env/lib/python3.8/site-packages/airflow/example_dags/example_kubernetes_executor.py
[2022-02-22 15:39:07,631] {processor.py:642} INFO - Processing file /Users/aleckienzle/Developer/nba-etl/env/lib/python3.8/site-packages/airflow/example_dags/example_kubernetes_executor.py for tasks to queue
[2022-02-22 15:39:07,631] {logging_mixin.py:109} INFO - [2022-02-22 15:39:07,631] {dagbag.py:500} INFO - Filling up the DagBag from /Users/aleckienzle/Developer/nba-etl/env/lib/python3.8/site-packages/airflow/example_dags/example_kubernetes_executor.py
[2022-02-22 15:39:07,641] {logging_mixin.py:109} INFO - [2022-02-22 15:39:07,641] {example_kubernetes_executor.py:38} WARNING - The example_kubernetes_executor example DAG requires the kubernetes provider. Please install it with: pip install apache-airflow[cncf.kubernetes]
[2022-02-22 15:39:07,653] {processor.py:656} WARNING - No viable dags retrieved from /Users/aleckienzle/Developer/nba-etl/env/lib/python3.8/site-packages/airflow/example_dags/example_kubernetes_executor.py
[2022-02-22 15:39:07,654] {processor.py:171} INFO - Processing /Users/aleckienzle/Developer/nba-etl/env/lib/python3.8/site-packages/airflow/example_dags/example_kubernetes_executor.py took 0.024 seconds
[2022-02-22 15:40:11,438] {processor.py:163} INFO - Started process (PID=41336) to work on /Users/aleckienzle/Developer/nba-etl/env/lib/python3.8/site-packages/airflow/example_dags/example_kubernetes_executor.py
[2022-02-22 15:40:11,440] {processor.py:642} INFO - Processing file /Users/aleckienzle/Developer/nba-etl/env/lib/python3.8/site-packages/airflow/example_dags/example_kubernetes_executor.py for tasks to queue
[2022-02-22 15:40:11,440] {logging_mixin.py:109} INFO - [2022-02-22 15:40:11,440] {dagbag.py:500} INFO - Filling up the DagBag from /Users/aleckienzle/Developer/nba-etl/env/lib/python3.8/site-packages/airflow/example_dags/example_kubernetes_executor.py
[2022-02-22 15:40:11,450] {logging_mixin.py:109} INFO - [2022-02-22 15:40:11,450] {example_kubernetes_executor.py:38} WARNING - The example_kubernetes_executor example DAG requires the kubernetes provider. Please install it with: pip install apache-airflow[cncf.kubernetes]
[2022-02-22 15:40:11,462] {processor.py:656} WARNING - No viable dags retrieved from /Users/aleckienzle/Developer/nba-etl/env/lib/python3.8/site-packages/airflow/example_dags/example_kubernetes_executor.py
[2022-02-22 15:40:11,463] {processor.py:171} INFO - Processing /Users/aleckienzle/Developer/nba-etl/env/lib/python3.8/site-packages/airflow/example_dags/example_kubernetes_executor.py took 0.025 seconds
[2022-02-22 15:41:15,302] {processor.py:163} INFO - Started process (PID=41478) to work on /Users/aleckienzle/Developer/nba-etl/env/lib/python3.8/site-packages/airflow/example_dags/example_kubernetes_executor.py
[2022-02-22 15:41:15,303] {processor.py:642} INFO - Processing file /Users/aleckienzle/Developer/nba-etl/env/lib/python3.8/site-packages/airflow/example_dags/example_kubernetes_executor.py for tasks to queue
[2022-02-22 15:41:15,304] {logging_mixin.py:109} INFO - [2022-02-22 15:41:15,304] {dagbag.py:500} INFO - Filling up the DagBag from /Users/aleckienzle/Developer/nba-etl/env/lib/python3.8/site-packages/airflow/example_dags/example_kubernetes_executor.py
[2022-02-22 15:41:15,313] {logging_mixin.py:109} INFO - [2022-02-22 15:41:15,313] {example_kubernetes_executor.py:38} WARNING - The example_kubernetes_executor example DAG requires the kubernetes provider. Please install it with: pip install apache-airflow[cncf.kubernetes]
[2022-02-22 15:41:15,325] {processor.py:656} WARNING - No viable dags retrieved from /Users/aleckienzle/Developer/nba-etl/env/lib/python3.8/site-packages/airflow/example_dags/example_kubernetes_executor.py
[2022-02-22 15:41:15,326] {processor.py:171} INFO - Processing /Users/aleckienzle/Developer/nba-etl/env/lib/python3.8/site-packages/airflow/example_dags/example_kubernetes_executor.py took 0.024 seconds
[2022-02-22 15:42:19,233] {processor.py:163} INFO - Started process (PID=41629) to work on /Users/aleckienzle/Developer/nba-etl/env/lib/python3.8/site-packages/airflow/example_dags/example_kubernetes_executor.py
[2022-02-22 15:42:19,233] {processor.py:642} INFO - Processing file /Users/aleckienzle/Developer/nba-etl/env/lib/python3.8/site-packages/airflow/example_dags/example_kubernetes_executor.py for tasks to queue
[2022-02-22 15:42:19,233] {logging_mixin.py:109} INFO - [2022-02-22 15:42:19,233] {dagbag.py:500} INFO - Filling up the DagBag from /Users/aleckienzle/Developer/nba-etl/env/lib/python3.8/site-packages/airflow/example_dags/example_kubernetes_executor.py
[2022-02-22 15:42:19,243] {logging_mixin.py:109} INFO - [2022-02-22 15:42:19,243] {example_kubernetes_executor.py:38} WARNING - The example_kubernetes_executor example DAG requires the kubernetes provider. Please install it with: pip install apache-airflow[cncf.kubernetes]
[2022-02-22 15:42:19,255] {processor.py:656} WARNING - No viable dags retrieved from /Users/aleckienzle/Developer/nba-etl/env/lib/python3.8/site-packages/airflow/example_dags/example_kubernetes_executor.py
[2022-02-22 15:42:19,256] {processor.py:171} INFO - Processing /Users/aleckienzle/Developer/nba-etl/env/lib/python3.8/site-packages/airflow/example_dags/example_kubernetes_executor.py took 0.023 seconds
[2022-02-22 15:43:25,493] {processor.py:163} INFO - Started process (PID=41833) to work on /Users/aleckienzle/Developer/nba-etl/env/lib/python3.8/site-packages/airflow/example_dags/example_kubernetes_executor.py
[2022-02-22 15:43:25,496] {processor.py:642} INFO - Processing file /Users/aleckienzle/Developer/nba-etl/env/lib/python3.8/site-packages/airflow/example_dags/example_kubernetes_executor.py for tasks to queue
[2022-02-22 15:43:25,496] {logging_mixin.py:109} INFO - [2022-02-22 15:43:25,496] {dagbag.py:500} INFO - Filling up the DagBag from /Users/aleckienzle/Developer/nba-etl/env/lib/python3.8/site-packages/airflow/example_dags/example_kubernetes_executor.py
[2022-02-22 15:43:25,507] {logging_mixin.py:109} INFO - [2022-02-22 15:43:25,507] {example_kubernetes_executor.py:38} WARNING - The example_kubernetes_executor example DAG requires the kubernetes provider. Please install it with: pip install apache-airflow[cncf.kubernetes]
[2022-02-22 15:43:25,520] {processor.py:656} WARNING - No viable dags retrieved from /Users/aleckienzle/Developer/nba-etl/env/lib/python3.8/site-packages/airflow/example_dags/example_kubernetes_executor.py
[2022-02-22 15:43:25,521] {processor.py:171} INFO - Processing /Users/aleckienzle/Developer/nba-etl/env/lib/python3.8/site-packages/airflow/example_dags/example_kubernetes_executor.py took 0.028 seconds
[2022-02-22 15:44:31,260] {processor.py:163} INFO - Started process (PID=41980) to work on /Users/aleckienzle/Developer/nba-etl/env/lib/python3.8/site-packages/airflow/example_dags/example_kubernetes_executor.py
[2022-02-22 15:44:31,263] {processor.py:642} INFO - Processing file /Users/aleckienzle/Developer/nba-etl/env/lib/python3.8/site-packages/airflow/example_dags/example_kubernetes_executor.py for tasks to queue
[2022-02-22 15:44:31,264] {logging_mixin.py:109} INFO - [2022-02-22 15:44:31,264] {dagbag.py:500} INFO - Filling up the DagBag from /Users/aleckienzle/Developer/nba-etl/env/lib/python3.8/site-packages/airflow/example_dags/example_kubernetes_executor.py
[2022-02-22 15:44:31,286] {logging_mixin.py:109} INFO - [2022-02-22 15:44:31,286] {example_kubernetes_executor.py:38} WARNING - The example_kubernetes_executor example DAG requires the kubernetes provider. Please install it with: pip install apache-airflow[cncf.kubernetes]
[2022-02-22 15:44:31,306] {processor.py:656} WARNING - No viable dags retrieved from /Users/aleckienzle/Developer/nba-etl/env/lib/python3.8/site-packages/airflow/example_dags/example_kubernetes_executor.py
[2022-02-22 15:44:31,307] {processor.py:171} INFO - Processing /Users/aleckienzle/Developer/nba-etl/env/lib/python3.8/site-packages/airflow/example_dags/example_kubernetes_executor.py took 0.048 seconds
[2022-02-22 15:45:37,157] {processor.py:163} INFO - Started process (PID=42130) to work on /Users/aleckienzle/Developer/nba-etl/env/lib/python3.8/site-packages/airflow/example_dags/example_kubernetes_executor.py
[2022-02-22 15:45:37,158] {processor.py:642} INFO - Processing file /Users/aleckienzle/Developer/nba-etl/env/lib/python3.8/site-packages/airflow/example_dags/example_kubernetes_executor.py for tasks to queue
[2022-02-22 15:45:37,158] {logging_mixin.py:109} INFO - [2022-02-22 15:45:37,158] {dagbag.py:500} INFO - Filling up the DagBag from /Users/aleckienzle/Developer/nba-etl/env/lib/python3.8/site-packages/airflow/example_dags/example_kubernetes_executor.py
[2022-02-22 15:45:37,168] {logging_mixin.py:109} INFO - [2022-02-22 15:45:37,168] {example_kubernetes_executor.py:38} WARNING - The example_kubernetes_executor example DAG requires the kubernetes provider. Please install it with: pip install apache-airflow[cncf.kubernetes]
[2022-02-22 15:45:37,181] {processor.py:656} WARNING - No viable dags retrieved from /Users/aleckienzle/Developer/nba-etl/env/lib/python3.8/site-packages/airflow/example_dags/example_kubernetes_executor.py
[2022-02-22 15:45:37,182] {processor.py:171} INFO - Processing /Users/aleckienzle/Developer/nba-etl/env/lib/python3.8/site-packages/airflow/example_dags/example_kubernetes_executor.py took 0.026 seconds
[2022-02-22 15:46:42,968] {processor.py:163} INFO - Started process (PID=42353) to work on /Users/aleckienzle/Developer/nba-etl/env/lib/python3.8/site-packages/airflow/example_dags/example_kubernetes_executor.py
[2022-02-22 15:46:42,969] {processor.py:642} INFO - Processing file /Users/aleckienzle/Developer/nba-etl/env/lib/python3.8/site-packages/airflow/example_dags/example_kubernetes_executor.py for tasks to queue
[2022-02-22 15:46:42,969] {logging_mixin.py:109} INFO - [2022-02-22 15:46:42,969] {dagbag.py:500} INFO - Filling up the DagBag from /Users/aleckienzle/Developer/nba-etl/env/lib/python3.8/site-packages/airflow/example_dags/example_kubernetes_executor.py
[2022-02-22 15:46:42,980] {logging_mixin.py:109} INFO - [2022-02-22 15:46:42,980] {example_kubernetes_executor.py:38} WARNING - The example_kubernetes_executor example DAG requires the kubernetes provider. Please install it with: pip install apache-airflow[cncf.kubernetes]
[2022-02-22 15:46:42,992] {processor.py:656} WARNING - No viable dags retrieved from /Users/aleckienzle/Developer/nba-etl/env/lib/python3.8/site-packages/airflow/example_dags/example_kubernetes_executor.py
[2022-02-22 15:46:42,992] {processor.py:171} INFO - Processing /Users/aleckienzle/Developer/nba-etl/env/lib/python3.8/site-packages/airflow/example_dags/example_kubernetes_executor.py took 0.025 seconds
[2022-02-22 15:47:54,773] {processor.py:163} INFO - Started process (PID=42598) to work on /Users/aleckienzle/Developer/nba-etl/env/lib/python3.8/site-packages/airflow/example_dags/example_kubernetes_executor.py
[2022-02-22 15:47:54,774] {processor.py:642} INFO - Processing file /Users/aleckienzle/Developer/nba-etl/env/lib/python3.8/site-packages/airflow/example_dags/example_kubernetes_executor.py for tasks to queue
[2022-02-22 15:47:54,774] {logging_mixin.py:109} INFO - [2022-02-22 15:47:54,774] {dagbag.py:500} INFO - Filling up the DagBag from /Users/aleckienzle/Developer/nba-etl/env/lib/python3.8/site-packages/airflow/example_dags/example_kubernetes_executor.py
[2022-02-22 15:47:54,786] {logging_mixin.py:109} INFO - [2022-02-22 15:47:54,786] {example_kubernetes_executor.py:38} WARNING - The example_kubernetes_executor example DAG requires the kubernetes provider. Please install it with: pip install apache-airflow[cncf.kubernetes]
[2022-02-22 15:47:54,800] {processor.py:656} WARNING - No viable dags retrieved from /Users/aleckienzle/Developer/nba-etl/env/lib/python3.8/site-packages/airflow/example_dags/example_kubernetes_executor.py
[2022-02-22 15:47:54,801] {processor.py:171} INFO - Processing /Users/aleckienzle/Developer/nba-etl/env/lib/python3.8/site-packages/airflow/example_dags/example_kubernetes_executor.py took 0.028 seconds
[2022-02-22 15:49:02,820] {processor.py:163} INFO - Started process (PID=42780) to work on /Users/aleckienzle/Developer/nba-etl/env/lib/python3.8/site-packages/airflow/example_dags/example_kubernetes_executor.py
[2022-02-22 15:49:02,821] {processor.py:642} INFO - Processing file /Users/aleckienzle/Developer/nba-etl/env/lib/python3.8/site-packages/airflow/example_dags/example_kubernetes_executor.py for tasks to queue
[2022-02-22 15:49:02,822] {logging_mixin.py:109} INFO - [2022-02-22 15:49:02,822] {dagbag.py:500} INFO - Filling up the DagBag from /Users/aleckienzle/Developer/nba-etl/env/lib/python3.8/site-packages/airflow/example_dags/example_kubernetes_executor.py
[2022-02-22 15:49:02,832] {logging_mixin.py:109} INFO - [2022-02-22 15:49:02,832] {example_kubernetes_executor.py:38} WARNING - The example_kubernetes_executor example DAG requires the kubernetes provider. Please install it with: pip install apache-airflow[cncf.kubernetes]
[2022-02-22 15:49:02,843] {processor.py:656} WARNING - No viable dags retrieved from /Users/aleckienzle/Developer/nba-etl/env/lib/python3.8/site-packages/airflow/example_dags/example_kubernetes_executor.py
[2022-02-22 15:49:02,844] {processor.py:171} INFO - Processing /Users/aleckienzle/Developer/nba-etl/env/lib/python3.8/site-packages/airflow/example_dags/example_kubernetes_executor.py took 0.025 seconds
[2022-02-22 15:50:10,854] {processor.py:163} INFO - Started process (PID=42955) to work on /Users/aleckienzle/Developer/nba-etl/env/lib/python3.8/site-packages/airflow/example_dags/example_kubernetes_executor.py
[2022-02-22 15:50:10,855] {processor.py:642} INFO - Processing file /Users/aleckienzle/Developer/nba-etl/env/lib/python3.8/site-packages/airflow/example_dags/example_kubernetes_executor.py for tasks to queue
[2022-02-22 15:50:10,856] {logging_mixin.py:109} INFO - [2022-02-22 15:50:10,856] {dagbag.py:500} INFO - Filling up the DagBag from /Users/aleckienzle/Developer/nba-etl/env/lib/python3.8/site-packages/airflow/example_dags/example_kubernetes_executor.py
[2022-02-22 15:50:10,866] {logging_mixin.py:109} INFO - [2022-02-22 15:50:10,866] {example_kubernetes_executor.py:38} WARNING - The example_kubernetes_executor example DAG requires the kubernetes provider. Please install it with: pip install apache-airflow[cncf.kubernetes]
[2022-02-22 15:50:10,878] {processor.py:656} WARNING - No viable dags retrieved from /Users/aleckienzle/Developer/nba-etl/env/lib/python3.8/site-packages/airflow/example_dags/example_kubernetes_executor.py
[2022-02-22 15:50:10,879] {processor.py:171} INFO - Processing /Users/aleckienzle/Developer/nba-etl/env/lib/python3.8/site-packages/airflow/example_dags/example_kubernetes_executor.py took 0.025 seconds
[2022-02-22 15:51:20,684] {processor.py:163} INFO - Started process (PID=43140) to work on /Users/aleckienzle/Developer/nba-etl/env/lib/python3.8/site-packages/airflow/example_dags/example_kubernetes_executor.py
[2022-02-22 15:51:20,685] {processor.py:642} INFO - Processing file /Users/aleckienzle/Developer/nba-etl/env/lib/python3.8/site-packages/airflow/example_dags/example_kubernetes_executor.py for tasks to queue
[2022-02-22 15:51:20,685] {logging_mixin.py:109} INFO - [2022-02-22 15:51:20,685] {dagbag.py:500} INFO - Filling up the DagBag from /Users/aleckienzle/Developer/nba-etl/env/lib/python3.8/site-packages/airflow/example_dags/example_kubernetes_executor.py
[2022-02-22 15:51:20,696] {logging_mixin.py:109} INFO - [2022-02-22 15:51:20,695] {example_kubernetes_executor.py:38} WARNING - The example_kubernetes_executor example DAG requires the kubernetes provider. Please install it with: pip install apache-airflow[cncf.kubernetes]
[2022-02-22 15:51:20,707] {processor.py:656} WARNING - No viable dags retrieved from /Users/aleckienzle/Developer/nba-etl/env/lib/python3.8/site-packages/airflow/example_dags/example_kubernetes_executor.py
[2022-02-22 15:51:20,708] {processor.py:171} INFO - Processing /Users/aleckienzle/Developer/nba-etl/env/lib/python3.8/site-packages/airflow/example_dags/example_kubernetes_executor.py took 0.025 seconds
[2022-02-22 15:52:30,543] {processor.py:163} INFO - Started process (PID=43311) to work on /Users/aleckienzle/Developer/nba-etl/env/lib/python3.8/site-packages/airflow/example_dags/example_kubernetes_executor.py
[2022-02-22 15:52:30,544] {processor.py:642} INFO - Processing file /Users/aleckienzle/Developer/nba-etl/env/lib/python3.8/site-packages/airflow/example_dags/example_kubernetes_executor.py for tasks to queue
[2022-02-22 15:52:30,545] {logging_mixin.py:109} INFO - [2022-02-22 15:52:30,545] {dagbag.py:500} INFO - Filling up the DagBag from /Users/aleckienzle/Developer/nba-etl/env/lib/python3.8/site-packages/airflow/example_dags/example_kubernetes_executor.py
[2022-02-22 15:52:30,555] {logging_mixin.py:109} INFO - [2022-02-22 15:52:30,555] {example_kubernetes_executor.py:38} WARNING - The example_kubernetes_executor example DAG requires the kubernetes provider. Please install it with: pip install apache-airflow[cncf.kubernetes]
[2022-02-22 15:52:30,568] {processor.py:656} WARNING - No viable dags retrieved from /Users/aleckienzle/Developer/nba-etl/env/lib/python3.8/site-packages/airflow/example_dags/example_kubernetes_executor.py
[2022-02-22 15:52:30,568] {processor.py:171} INFO - Processing /Users/aleckienzle/Developer/nba-etl/env/lib/python3.8/site-packages/airflow/example_dags/example_kubernetes_executor.py took 0.026 seconds
[2022-02-22 15:53:38,478] {processor.py:163} INFO - Started process (PID=43463) to work on /Users/aleckienzle/Developer/nba-etl/env/lib/python3.8/site-packages/airflow/example_dags/example_kubernetes_executor.py
[2022-02-22 15:53:38,479] {processor.py:642} INFO - Processing file /Users/aleckienzle/Developer/nba-etl/env/lib/python3.8/site-packages/airflow/example_dags/example_kubernetes_executor.py for tasks to queue
[2022-02-22 15:53:38,479] {logging_mixin.py:109} INFO - [2022-02-22 15:53:38,479] {dagbag.py:500} INFO - Filling up the DagBag from /Users/aleckienzle/Developer/nba-etl/env/lib/python3.8/site-packages/airflow/example_dags/example_kubernetes_executor.py
[2022-02-22 15:53:38,490] {logging_mixin.py:109} INFO - [2022-02-22 15:53:38,490] {example_kubernetes_executor.py:38} WARNING - The example_kubernetes_executor example DAG requires the kubernetes provider. Please install it with: pip install apache-airflow[cncf.kubernetes]
[2022-02-22 15:53:38,503] {processor.py:656} WARNING - No viable dags retrieved from /Users/aleckienzle/Developer/nba-etl/env/lib/python3.8/site-packages/airflow/example_dags/example_kubernetes_executor.py
[2022-02-22 15:53:38,504] {processor.py:171} INFO - Processing /Users/aleckienzle/Developer/nba-etl/env/lib/python3.8/site-packages/airflow/example_dags/example_kubernetes_executor.py took 0.026 seconds
[2022-02-22 15:54:46,792] {processor.py:163} INFO - Started process (PID=43637) to work on /Users/aleckienzle/Developer/nba-etl/env/lib/python3.8/site-packages/airflow/example_dags/example_kubernetes_executor.py
[2022-02-22 15:54:46,793] {processor.py:642} INFO - Processing file /Users/aleckienzle/Developer/nba-etl/env/lib/python3.8/site-packages/airflow/example_dags/example_kubernetes_executor.py for tasks to queue
[2022-02-22 15:54:46,793] {logging_mixin.py:109} INFO - [2022-02-22 15:54:46,793] {dagbag.py:500} INFO - Filling up the DagBag from /Users/aleckienzle/Developer/nba-etl/env/lib/python3.8/site-packages/airflow/example_dags/example_kubernetes_executor.py
[2022-02-22 15:54:46,804] {logging_mixin.py:109} INFO - [2022-02-22 15:54:46,804] {example_kubernetes_executor.py:38} WARNING - The example_kubernetes_executor example DAG requires the kubernetes provider. Please install it with: pip install apache-airflow[cncf.kubernetes]
[2022-02-22 15:54:46,816] {processor.py:656} WARNING - No viable dags retrieved from /Users/aleckienzle/Developer/nba-etl/env/lib/python3.8/site-packages/airflow/example_dags/example_kubernetes_executor.py
[2022-02-22 15:54:46,817] {processor.py:171} INFO - Processing /Users/aleckienzle/Developer/nba-etl/env/lib/python3.8/site-packages/airflow/example_dags/example_kubernetes_executor.py took 0.025 seconds
[2022-02-22 15:55:56,830] {processor.py:163} INFO - Started process (PID=43848) to work on /Users/aleckienzle/Developer/nba-etl/env/lib/python3.8/site-packages/airflow/example_dags/example_kubernetes_executor.py
[2022-02-22 15:55:56,831] {processor.py:642} INFO - Processing file /Users/aleckienzle/Developer/nba-etl/env/lib/python3.8/site-packages/airflow/example_dags/example_kubernetes_executor.py for tasks to queue
[2022-02-22 15:55:56,831] {logging_mixin.py:109} INFO - [2022-02-22 15:55:56,831] {dagbag.py:500} INFO - Filling up the DagBag from /Users/aleckienzle/Developer/nba-etl/env/lib/python3.8/site-packages/airflow/example_dags/example_kubernetes_executor.py
[2022-02-22 15:55:56,841] {logging_mixin.py:109} INFO - [2022-02-22 15:55:56,841] {example_kubernetes_executor.py:38} WARNING - The example_kubernetes_executor example DAG requires the kubernetes provider. Please install it with: pip install apache-airflow[cncf.kubernetes]
[2022-02-22 15:55:56,855] {processor.py:656} WARNING - No viable dags retrieved from /Users/aleckienzle/Developer/nba-etl/env/lib/python3.8/site-packages/airflow/example_dags/example_kubernetes_executor.py
[2022-02-22 15:55:56,856] {processor.py:171} INFO - Processing /Users/aleckienzle/Developer/nba-etl/env/lib/python3.8/site-packages/airflow/example_dags/example_kubernetes_executor.py took 0.026 seconds
[2022-02-22 15:57:04,425] {processor.py:163} INFO - Started process (PID=43997) to work on /Users/aleckienzle/Developer/nba-etl/env/lib/python3.8/site-packages/airflow/example_dags/example_kubernetes_executor.py
[2022-02-22 15:57:04,426] {processor.py:642} INFO - Processing file /Users/aleckienzle/Developer/nba-etl/env/lib/python3.8/site-packages/airflow/example_dags/example_kubernetes_executor.py for tasks to queue
[2022-02-22 15:57:04,426] {logging_mixin.py:109} INFO - [2022-02-22 15:57:04,426] {dagbag.py:500} INFO - Filling up the DagBag from /Users/aleckienzle/Developer/nba-etl/env/lib/python3.8/site-packages/airflow/example_dags/example_kubernetes_executor.py
[2022-02-22 15:57:04,437] {logging_mixin.py:109} INFO - [2022-02-22 15:57:04,437] {example_kubernetes_executor.py:38} WARNING - The example_kubernetes_executor example DAG requires the kubernetes provider. Please install it with: pip install apache-airflow[cncf.kubernetes]
[2022-02-22 15:57:04,448] {processor.py:656} WARNING - No viable dags retrieved from /Users/aleckienzle/Developer/nba-etl/env/lib/python3.8/site-packages/airflow/example_dags/example_kubernetes_executor.py
[2022-02-22 15:57:04,449] {processor.py:171} INFO - Processing /Users/aleckienzle/Developer/nba-etl/env/lib/python3.8/site-packages/airflow/example_dags/example_kubernetes_executor.py took 0.024 seconds
[2022-02-22 15:58:15,085] {processor.py:163} INFO - Started process (PID=44281) to work on /Users/aleckienzle/Developer/nba-etl/env/lib/python3.8/site-packages/airflow/example_dags/example_kubernetes_executor.py
[2022-02-22 15:58:15,086] {processor.py:642} INFO - Processing file /Users/aleckienzle/Developer/nba-etl/env/lib/python3.8/site-packages/airflow/example_dags/example_kubernetes_executor.py for tasks to queue
[2022-02-22 15:58:15,087] {logging_mixin.py:109} INFO - [2022-02-22 15:58:15,087] {dagbag.py:500} INFO - Filling up the DagBag from /Users/aleckienzle/Developer/nba-etl/env/lib/python3.8/site-packages/airflow/example_dags/example_kubernetes_executor.py
[2022-02-22 15:58:15,097] {logging_mixin.py:109} INFO - [2022-02-22 15:58:15,097] {example_kubernetes_executor.py:38} WARNING - The example_kubernetes_executor example DAG requires the kubernetes provider. Please install it with: pip install apache-airflow[cncf.kubernetes]
[2022-02-22 15:58:15,109] {processor.py:656} WARNING - No viable dags retrieved from /Users/aleckienzle/Developer/nba-etl/env/lib/python3.8/site-packages/airflow/example_dags/example_kubernetes_executor.py
[2022-02-22 15:58:15,110] {processor.py:171} INFO - Processing /Users/aleckienzle/Developer/nba-etl/env/lib/python3.8/site-packages/airflow/example_dags/example_kubernetes_executor.py took 0.025 seconds
[2022-02-22 15:59:20,612] {processor.py:163} INFO - Started process (PID=44513) to work on /Users/aleckienzle/Developer/nba-etl/env/lib/python3.8/site-packages/airflow/example_dags/example_kubernetes_executor.py
[2022-02-22 15:59:20,613] {processor.py:642} INFO - Processing file /Users/aleckienzle/Developer/nba-etl/env/lib/python3.8/site-packages/airflow/example_dags/example_kubernetes_executor.py for tasks to queue
[2022-02-22 15:59:20,613] {logging_mixin.py:109} INFO - [2022-02-22 15:59:20,613] {dagbag.py:500} INFO - Filling up the DagBag from /Users/aleckienzle/Developer/nba-etl/env/lib/python3.8/site-packages/airflow/example_dags/example_kubernetes_executor.py
[2022-02-22 15:59:20,623] {logging_mixin.py:109} INFO - [2022-02-22 15:59:20,623] {example_kubernetes_executor.py:38} WARNING - The example_kubernetes_executor example DAG requires the kubernetes provider. Please install it with: pip install apache-airflow[cncf.kubernetes]
[2022-02-22 15:59:20,636] {processor.py:656} WARNING - No viable dags retrieved from /Users/aleckienzle/Developer/nba-etl/env/lib/python3.8/site-packages/airflow/example_dags/example_kubernetes_executor.py
[2022-02-22 15:59:20,637] {processor.py:171} INFO - Processing /Users/aleckienzle/Developer/nba-etl/env/lib/python3.8/site-packages/airflow/example_dags/example_kubernetes_executor.py took 0.025 seconds
