[2022-02-22 15:37:42,799] {processor.py:163} INFO - Started process (PID=40967) to work on /Users/aleckienzle/Developer/nba-etl/env/lib/python3.8/site-packages/airflow/example_dags/example_task_group_decorator.py
[2022-02-22 15:37:42,799] {processor.py:642} INFO - Processing file /Users/aleckienzle/Developer/nba-etl/env/lib/python3.8/site-packages/airflow/example_dags/example_task_group_decorator.py for tasks to queue
[2022-02-22 15:37:42,799] {logging_mixin.py:109} INFO - [2022-02-22 15:37:42,799] {dagbag.py:500} INFO - Filling up the DagBag from /Users/aleckienzle/Developer/nba-etl/env/lib/python3.8/site-packages/airflow/example_dags/example_task_group_decorator.py
[2022-02-22 15:37:42,827] {processor.py:654} INFO - DAG(s) dict_keys(['example_task_group_decorator']) retrieved from /Users/aleckienzle/Developer/nba-etl/env/lib/python3.8/site-packages/airflow/example_dags/example_task_group_decorator.py
[2022-02-22 15:37:42,834] {logging_mixin.py:109} INFO - [2022-02-22 15:37:42,833] {dag.py:2396} INFO - Sync 1 DAGs
[2022-02-22 15:37:42,839] {logging_mixin.py:109} INFO - [2022-02-22 15:37:42,839] {dag.py:2935} INFO - Setting next_dagrun for example_task_group_decorator to 2022-02-21T23:37:42.839805+00:00
[2022-02-22 15:37:42,843] {processor.py:171} INFO - Processing /Users/aleckienzle/Developer/nba-etl/env/lib/python3.8/site-packages/airflow/example_dags/example_task_group_decorator.py took 0.045 seconds
[2022-02-22 15:38:44,529] {processor.py:163} INFO - Started process (PID=41119) to work on /Users/aleckienzle/Developer/nba-etl/env/lib/python3.8/site-packages/airflow/example_dags/example_task_group_decorator.py
[2022-02-22 15:38:44,529] {processor.py:642} INFO - Processing file /Users/aleckienzle/Developer/nba-etl/env/lib/python3.8/site-packages/airflow/example_dags/example_task_group_decorator.py for tasks to queue
[2022-02-22 15:38:44,529] {logging_mixin.py:109} INFO - [2022-02-22 15:38:44,529] {dagbag.py:500} INFO - Filling up the DagBag from /Users/aleckienzle/Developer/nba-etl/env/lib/python3.8/site-packages/airflow/example_dags/example_task_group_decorator.py
[2022-02-22 15:38:44,557] {processor.py:654} INFO - DAG(s) dict_keys(['example_task_group_decorator']) retrieved from /Users/aleckienzle/Developer/nba-etl/env/lib/python3.8/site-packages/airflow/example_dags/example_task_group_decorator.py
[2022-02-22 15:38:44,668] {logging_mixin.py:109} INFO - [2022-02-22 15:38:44,668] {dag.py:2396} INFO - Sync 1 DAGs
[2022-02-22 15:38:44,673] {logging_mixin.py:109} INFO - [2022-02-22 15:38:44,673] {dag.py:2935} INFO - Setting next_dagrun for example_task_group_decorator to 2022-02-21T23:38:44.673056+00:00
[2022-02-22 15:38:44,677] {processor.py:171} INFO - Processing /Users/aleckienzle/Developer/nba-etl/env/lib/python3.8/site-packages/airflow/example_dags/example_task_group_decorator.py took 0.149 seconds
[2022-02-22 15:39:48,258] {processor.py:163} INFO - Started process (PID=41289) to work on /Users/aleckienzle/Developer/nba-etl/env/lib/python3.8/site-packages/airflow/example_dags/example_task_group_decorator.py
[2022-02-22 15:39:48,259] {processor.py:642} INFO - Processing file /Users/aleckienzle/Developer/nba-etl/env/lib/python3.8/site-packages/airflow/example_dags/example_task_group_decorator.py for tasks to queue
[2022-02-22 15:39:48,260] {logging_mixin.py:109} INFO - [2022-02-22 15:39:48,259] {dagbag.py:500} INFO - Filling up the DagBag from /Users/aleckienzle/Developer/nba-etl/env/lib/python3.8/site-packages/airflow/example_dags/example_task_group_decorator.py
[2022-02-22 15:39:48,287] {processor.py:654} INFO - DAG(s) dict_keys(['example_task_group_decorator']) retrieved from /Users/aleckienzle/Developer/nba-etl/env/lib/python3.8/site-packages/airflow/example_dags/example_task_group_decorator.py
[2022-02-22 15:39:48,393] {logging_mixin.py:109} INFO - [2022-02-22 15:39:48,393] {dag.py:2396} INFO - Sync 1 DAGs
[2022-02-22 15:39:48,397] {logging_mixin.py:109} INFO - [2022-02-22 15:39:48,397] {dag.py:2935} INFO - Setting next_dagrun for example_task_group_decorator to 2022-02-21T23:39:48.397425+00:00
[2022-02-22 15:39:48,402] {processor.py:171} INFO - Processing /Users/aleckienzle/Developer/nba-etl/env/lib/python3.8/site-packages/airflow/example_dags/example_task_group_decorator.py took 0.144 seconds
[2022-02-22 15:40:52,129] {processor.py:163} INFO - Started process (PID=41431) to work on /Users/aleckienzle/Developer/nba-etl/env/lib/python3.8/site-packages/airflow/example_dags/example_task_group_decorator.py
[2022-02-22 15:40:52,130] {processor.py:642} INFO - Processing file /Users/aleckienzle/Developer/nba-etl/env/lib/python3.8/site-packages/airflow/example_dags/example_task_group_decorator.py for tasks to queue
[2022-02-22 15:40:52,130] {logging_mixin.py:109} INFO - [2022-02-22 15:40:52,130] {dagbag.py:500} INFO - Filling up the DagBag from /Users/aleckienzle/Developer/nba-etl/env/lib/python3.8/site-packages/airflow/example_dags/example_task_group_decorator.py
[2022-02-22 15:40:52,157] {processor.py:654} INFO - DAG(s) dict_keys(['example_task_group_decorator']) retrieved from /Users/aleckienzle/Developer/nba-etl/env/lib/python3.8/site-packages/airflow/example_dags/example_task_group_decorator.py
[2022-02-22 15:40:52,262] {logging_mixin.py:109} INFO - [2022-02-22 15:40:52,262] {dag.py:2396} INFO - Sync 1 DAGs
[2022-02-22 15:40:52,267] {logging_mixin.py:109} INFO - [2022-02-22 15:40:52,267] {dag.py:2935} INFO - Setting next_dagrun for example_task_group_decorator to 2022-02-21T23:40:52.267056+00:00
[2022-02-22 15:40:52,271] {processor.py:171} INFO - Processing /Users/aleckienzle/Developer/nba-etl/env/lib/python3.8/site-packages/airflow/example_dags/example_task_group_decorator.py took 0.143 seconds
[2022-02-22 15:41:56,024] {processor.py:163} INFO - Started process (PID=41573) to work on /Users/aleckienzle/Developer/nba-etl/env/lib/python3.8/site-packages/airflow/example_dags/example_task_group_decorator.py
[2022-02-22 15:41:56,025] {processor.py:642} INFO - Processing file /Users/aleckienzle/Developer/nba-etl/env/lib/python3.8/site-packages/airflow/example_dags/example_task_group_decorator.py for tasks to queue
[2022-02-22 15:41:56,026] {logging_mixin.py:109} INFO - [2022-02-22 15:41:56,026] {dagbag.py:500} INFO - Filling up the DagBag from /Users/aleckienzle/Developer/nba-etl/env/lib/python3.8/site-packages/airflow/example_dags/example_task_group_decorator.py
[2022-02-22 15:41:56,053] {processor.py:654} INFO - DAG(s) dict_keys(['example_task_group_decorator']) retrieved from /Users/aleckienzle/Developer/nba-etl/env/lib/python3.8/site-packages/airflow/example_dags/example_task_group_decorator.py
[2022-02-22 15:41:56,159] {logging_mixin.py:109} INFO - [2022-02-22 15:41:56,158] {dag.py:2396} INFO - Sync 1 DAGs
[2022-02-22 15:41:56,163] {logging_mixin.py:109} INFO - [2022-02-22 15:41:56,163] {dag.py:2935} INFO - Setting next_dagrun for example_task_group_decorator to 2022-02-21T23:41:56.163188+00:00
[2022-02-22 15:41:56,167] {processor.py:171} INFO - Processing /Users/aleckienzle/Developer/nba-etl/env/lib/python3.8/site-packages/airflow/example_dags/example_task_group_decorator.py took 0.143 seconds
[2022-02-22 15:43:00,462] {processor.py:163} INFO - Started process (PID=41757) to work on /Users/aleckienzle/Developer/nba-etl/env/lib/python3.8/site-packages/airflow/example_dags/example_task_group_decorator.py
[2022-02-22 15:43:00,463] {processor.py:642} INFO - Processing file /Users/aleckienzle/Developer/nba-etl/env/lib/python3.8/site-packages/airflow/example_dags/example_task_group_decorator.py for tasks to queue
[2022-02-22 15:43:00,464] {logging_mixin.py:109} INFO - [2022-02-22 15:43:00,464] {dagbag.py:500} INFO - Filling up the DagBag from /Users/aleckienzle/Developer/nba-etl/env/lib/python3.8/site-packages/airflow/example_dags/example_task_group_decorator.py
[2022-02-22 15:43:00,492] {processor.py:654} INFO - DAG(s) dict_keys(['example_task_group_decorator']) retrieved from /Users/aleckienzle/Developer/nba-etl/env/lib/python3.8/site-packages/airflow/example_dags/example_task_group_decorator.py
[2022-02-22 15:43:00,595] {logging_mixin.py:109} INFO - [2022-02-22 15:43:00,594] {dag.py:2396} INFO - Sync 1 DAGs
[2022-02-22 15:43:00,599] {logging_mixin.py:109} INFO - [2022-02-22 15:43:00,599] {dag.py:2935} INFO - Setting next_dagrun for example_task_group_decorator to 2022-02-21T23:43:00.599199+00:00
[2022-02-22 15:43:00,603] {processor.py:171} INFO - Processing /Users/aleckienzle/Developer/nba-etl/env/lib/python3.8/site-packages/airflow/example_dags/example_task_group_decorator.py took 0.141 seconds
[2022-02-22 15:44:06,333] {processor.py:163} INFO - Started process (PID=41920) to work on /Users/aleckienzle/Developer/nba-etl/env/lib/python3.8/site-packages/airflow/example_dags/example_task_group_decorator.py
[2022-02-22 15:44:06,334] {processor.py:642} INFO - Processing file /Users/aleckienzle/Developer/nba-etl/env/lib/python3.8/site-packages/airflow/example_dags/example_task_group_decorator.py for tasks to queue
[2022-02-22 15:44:06,334] {logging_mixin.py:109} INFO - [2022-02-22 15:44:06,334] {dagbag.py:500} INFO - Filling up the DagBag from /Users/aleckienzle/Developer/nba-etl/env/lib/python3.8/site-packages/airflow/example_dags/example_task_group_decorator.py
[2022-02-22 15:44:06,365] {processor.py:654} INFO - DAG(s) dict_keys(['example_task_group_decorator']) retrieved from /Users/aleckienzle/Developer/nba-etl/env/lib/python3.8/site-packages/airflow/example_dags/example_task_group_decorator.py
[2022-02-22 15:44:06,472] {logging_mixin.py:109} INFO - [2022-02-22 15:44:06,472] {dag.py:2396} INFO - Sync 1 DAGs
[2022-02-22 15:44:06,477] {logging_mixin.py:109} INFO - [2022-02-22 15:44:06,477] {dag.py:2935} INFO - Setting next_dagrun for example_task_group_decorator to 2022-02-21T23:44:06.477069+00:00
[2022-02-22 15:44:06,481] {processor.py:171} INFO - Processing /Users/aleckienzle/Developer/nba-etl/env/lib/python3.8/site-packages/airflow/example_dags/example_task_group_decorator.py took 0.148 seconds
[2022-02-22 15:45:12,061] {processor.py:163} INFO - Started process (PID=42069) to work on /Users/aleckienzle/Developer/nba-etl/env/lib/python3.8/site-packages/airflow/example_dags/example_task_group_decorator.py
[2022-02-22 15:45:12,062] {processor.py:642} INFO - Processing file /Users/aleckienzle/Developer/nba-etl/env/lib/python3.8/site-packages/airflow/example_dags/example_task_group_decorator.py for tasks to queue
[2022-02-22 15:45:12,062] {logging_mixin.py:109} INFO - [2022-02-22 15:45:12,062] {dagbag.py:500} INFO - Filling up the DagBag from /Users/aleckienzle/Developer/nba-etl/env/lib/python3.8/site-packages/airflow/example_dags/example_task_group_decorator.py
[2022-02-22 15:45:12,089] {processor.py:654} INFO - DAG(s) dict_keys(['example_task_group_decorator']) retrieved from /Users/aleckienzle/Developer/nba-etl/env/lib/python3.8/site-packages/airflow/example_dags/example_task_group_decorator.py
[2022-02-22 15:45:12,194] {logging_mixin.py:109} INFO - [2022-02-22 15:45:12,194] {dag.py:2396} INFO - Sync 1 DAGs
[2022-02-22 15:45:12,198] {logging_mixin.py:109} INFO - [2022-02-22 15:45:12,198] {dag.py:2935} INFO - Setting next_dagrun for example_task_group_decorator to 2022-02-21T23:45:12.198584+00:00
[2022-02-22 15:45:12,203] {processor.py:171} INFO - Processing /Users/aleckienzle/Developer/nba-etl/env/lib/python3.8/site-packages/airflow/example_dags/example_task_group_decorator.py took 0.142 seconds
[2022-02-22 15:46:17,914] {processor.py:163} INFO - Started process (PID=42251) to work on /Users/aleckienzle/Developer/nba-etl/env/lib/python3.8/site-packages/airflow/example_dags/example_task_group_decorator.py
[2022-02-22 15:46:17,914] {processor.py:642} INFO - Processing file /Users/aleckienzle/Developer/nba-etl/env/lib/python3.8/site-packages/airflow/example_dags/example_task_group_decorator.py for tasks to queue
[2022-02-22 15:46:17,914] {logging_mixin.py:109} INFO - [2022-02-22 15:46:17,914] {dagbag.py:500} INFO - Filling up the DagBag from /Users/aleckienzle/Developer/nba-etl/env/lib/python3.8/site-packages/airflow/example_dags/example_task_group_decorator.py
[2022-02-22 15:46:17,942] {processor.py:654} INFO - DAG(s) dict_keys(['example_task_group_decorator']) retrieved from /Users/aleckienzle/Developer/nba-etl/env/lib/python3.8/site-packages/airflow/example_dags/example_task_group_decorator.py
[2022-02-22 15:46:18,049] {logging_mixin.py:109} INFO - [2022-02-22 15:46:18,049] {dag.py:2396} INFO - Sync 1 DAGs
[2022-02-22 15:46:18,055] {logging_mixin.py:109} INFO - [2022-02-22 15:46:18,055] {dag.py:2935} INFO - Setting next_dagrun for example_task_group_decorator to 2022-02-21T23:46:18.054974+00:00
[2022-02-22 15:46:18,059] {processor.py:171} INFO - Processing /Users/aleckienzle/Developer/nba-etl/env/lib/python3.8/site-packages/airflow/example_dags/example_task_group_decorator.py took 0.146 seconds
[2022-02-22 15:47:23,809] {processor.py:163} INFO - Started process (PID=42464) to work on /Users/aleckienzle/Developer/nba-etl/env/lib/python3.8/site-packages/airflow/example_dags/example_task_group_decorator.py
[2022-02-22 15:47:23,810] {processor.py:642} INFO - Processing file /Users/aleckienzle/Developer/nba-etl/env/lib/python3.8/site-packages/airflow/example_dags/example_task_group_decorator.py for tasks to queue
[2022-02-22 15:47:23,810] {logging_mixin.py:109} INFO - [2022-02-22 15:47:23,810] {dagbag.py:500} INFO - Filling up the DagBag from /Users/aleckienzle/Developer/nba-etl/env/lib/python3.8/site-packages/airflow/example_dags/example_task_group_decorator.py
[2022-02-22 15:47:23,840] {processor.py:654} INFO - DAG(s) dict_keys(['example_task_group_decorator']) retrieved from /Users/aleckienzle/Developer/nba-etl/env/lib/python3.8/site-packages/airflow/example_dags/example_task_group_decorator.py
[2022-02-22 15:47:23,940] {logging_mixin.py:109} INFO - [2022-02-22 15:47:23,940] {dag.py:2396} INFO - Sync 1 DAGs
[2022-02-22 15:47:23,945] {logging_mixin.py:109} INFO - [2022-02-22 15:47:23,945] {dag.py:2935} INFO - Setting next_dagrun for example_task_group_decorator to 2022-02-21T23:47:23.944913+00:00
[2022-02-22 15:47:23,949] {processor.py:171} INFO - Processing /Users/aleckienzle/Developer/nba-etl/env/lib/python3.8/site-packages/airflow/example_dags/example_task_group_decorator.py took 0.140 seconds
[2022-02-22 15:48:35,689] {processor.py:163} INFO - Started process (PID=42703) to work on /Users/aleckienzle/Developer/nba-etl/env/lib/python3.8/site-packages/airflow/example_dags/example_task_group_decorator.py
[2022-02-22 15:48:35,690] {processor.py:642} INFO - Processing file /Users/aleckienzle/Developer/nba-etl/env/lib/python3.8/site-packages/airflow/example_dags/example_task_group_decorator.py for tasks to queue
[2022-02-22 15:48:35,690] {logging_mixin.py:109} INFO - [2022-02-22 15:48:35,690] {dagbag.py:500} INFO - Filling up the DagBag from /Users/aleckienzle/Developer/nba-etl/env/lib/python3.8/site-packages/airflow/example_dags/example_task_group_decorator.py
[2022-02-22 15:48:35,722] {processor.py:654} INFO - DAG(s) dict_keys(['example_task_group_decorator']) retrieved from /Users/aleckienzle/Developer/nba-etl/env/lib/python3.8/site-packages/airflow/example_dags/example_task_group_decorator.py
[2022-02-22 15:48:35,842] {logging_mixin.py:109} INFO - [2022-02-22 15:48:35,842] {dag.py:2396} INFO - Sync 1 DAGs
[2022-02-22 15:48:35,847] {logging_mixin.py:109} INFO - [2022-02-22 15:48:35,847] {dag.py:2935} INFO - Setting next_dagrun for example_task_group_decorator to 2022-02-21T23:48:35.847397+00:00
[2022-02-22 15:48:35,853] {processor.py:171} INFO - Processing /Users/aleckienzle/Developer/nba-etl/env/lib/python3.8/site-packages/airflow/example_dags/example_task_group_decorator.py took 0.164 seconds
[2022-02-22 15:49:43,727] {processor.py:163} INFO - Started process (PID=42888) to work on /Users/aleckienzle/Developer/nba-etl/env/lib/python3.8/site-packages/airflow/example_dags/example_task_group_decorator.py
[2022-02-22 15:49:43,729] {processor.py:642} INFO - Processing file /Users/aleckienzle/Developer/nba-etl/env/lib/python3.8/site-packages/airflow/example_dags/example_task_group_decorator.py for tasks to queue
[2022-02-22 15:49:43,729] {logging_mixin.py:109} INFO - [2022-02-22 15:49:43,729] {dagbag.py:500} INFO - Filling up the DagBag from /Users/aleckienzle/Developer/nba-etl/env/lib/python3.8/site-packages/airflow/example_dags/example_task_group_decorator.py
[2022-02-22 15:49:43,758] {processor.py:654} INFO - DAG(s) dict_keys(['example_task_group_decorator']) retrieved from /Users/aleckienzle/Developer/nba-etl/env/lib/python3.8/site-packages/airflow/example_dags/example_task_group_decorator.py
[2022-02-22 15:49:43,864] {logging_mixin.py:109} INFO - [2022-02-22 15:49:43,864] {dag.py:2396} INFO - Sync 1 DAGs
[2022-02-22 15:49:43,868] {logging_mixin.py:109} INFO - [2022-02-22 15:49:43,868] {dag.py:2935} INFO - Setting next_dagrun for example_task_group_decorator to 2022-02-21T23:49:43.868669+00:00
[2022-02-22 15:49:43,873] {processor.py:171} INFO - Processing /Users/aleckienzle/Developer/nba-etl/env/lib/python3.8/site-packages/airflow/example_dags/example_task_group_decorator.py took 0.146 seconds
[2022-02-22 15:50:53,558] {processor.py:163} INFO - Started process (PID=43060) to work on /Users/aleckienzle/Developer/nba-etl/env/lib/python3.8/site-packages/airflow/example_dags/example_task_group_decorator.py
[2022-02-22 15:50:53,559] {processor.py:642} INFO - Processing file /Users/aleckienzle/Developer/nba-etl/env/lib/python3.8/site-packages/airflow/example_dags/example_task_group_decorator.py for tasks to queue
[2022-02-22 15:50:53,559] {logging_mixin.py:109} INFO - [2022-02-22 15:50:53,559] {dagbag.py:500} INFO - Filling up the DagBag from /Users/aleckienzle/Developer/nba-etl/env/lib/python3.8/site-packages/airflow/example_dags/example_task_group_decorator.py
[2022-02-22 15:50:53,591] {processor.py:654} INFO - DAG(s) dict_keys(['example_task_group_decorator']) retrieved from /Users/aleckienzle/Developer/nba-etl/env/lib/python3.8/site-packages/airflow/example_dags/example_task_group_decorator.py
[2022-02-22 15:50:53,690] {logging_mixin.py:109} INFO - [2022-02-22 15:50:53,690] {dag.py:2396} INFO - Sync 1 DAGs
[2022-02-22 15:50:53,695] {logging_mixin.py:109} INFO - [2022-02-22 15:50:53,695] {dag.py:2935} INFO - Setting next_dagrun for example_task_group_decorator to 2022-02-21T23:50:53.695348+00:00
[2022-02-22 15:50:53,699] {processor.py:171} INFO - Processing /Users/aleckienzle/Developer/nba-etl/env/lib/python3.8/site-packages/airflow/example_dags/example_task_group_decorator.py took 0.141 seconds
[2022-02-22 15:52:04,001] {processor.py:163} INFO - Started process (PID=43242) to work on /Users/aleckienzle/Developer/nba-etl/env/lib/python3.8/site-packages/airflow/example_dags/example_task_group_decorator.py
[2022-02-22 15:52:04,003] {processor.py:642} INFO - Processing file /Users/aleckienzle/Developer/nba-etl/env/lib/python3.8/site-packages/airflow/example_dags/example_task_group_decorator.py for tasks to queue
[2022-02-22 15:52:04,003] {logging_mixin.py:109} INFO - [2022-02-22 15:52:04,003] {dagbag.py:500} INFO - Filling up the DagBag from /Users/aleckienzle/Developer/nba-etl/env/lib/python3.8/site-packages/airflow/example_dags/example_task_group_decorator.py
[2022-02-22 15:52:04,029] {processor.py:654} INFO - DAG(s) dict_keys(['example_task_group_decorator']) retrieved from /Users/aleckienzle/Developer/nba-etl/env/lib/python3.8/site-packages/airflow/example_dags/example_task_group_decorator.py
[2022-02-22 15:52:04,131] {logging_mixin.py:109} INFO - [2022-02-22 15:52:04,131] {dag.py:2396} INFO - Sync 1 DAGs
[2022-02-22 15:52:04,135] {logging_mixin.py:109} INFO - [2022-02-22 15:52:04,135] {dag.py:2935} INFO - Setting next_dagrun for example_task_group_decorator to 2022-02-21T23:52:04.135657+00:00
[2022-02-22 15:52:04,140] {processor.py:171} INFO - Processing /Users/aleckienzle/Developer/nba-etl/env/lib/python3.8/site-packages/airflow/example_dags/example_task_group_decorator.py took 0.139 seconds
[2022-02-22 15:53:11,106] {processor.py:163} INFO - Started process (PID=43399) to work on /Users/aleckienzle/Developer/nba-etl/env/lib/python3.8/site-packages/airflow/example_dags/example_task_group_decorator.py
[2022-02-22 15:53:11,108] {processor.py:642} INFO - Processing file /Users/aleckienzle/Developer/nba-etl/env/lib/python3.8/site-packages/airflow/example_dags/example_task_group_decorator.py for tasks to queue
[2022-02-22 15:53:11,108] {logging_mixin.py:109} INFO - [2022-02-22 15:53:11,108] {dagbag.py:500} INFO - Filling up the DagBag from /Users/aleckienzle/Developer/nba-etl/env/lib/python3.8/site-packages/airflow/example_dags/example_task_group_decorator.py
[2022-02-22 15:53:11,135] {processor.py:654} INFO - DAG(s) dict_keys(['example_task_group_decorator']) retrieved from /Users/aleckienzle/Developer/nba-etl/env/lib/python3.8/site-packages/airflow/example_dags/example_task_group_decorator.py
[2022-02-22 15:53:11,246] {logging_mixin.py:109} INFO - [2022-02-22 15:53:11,246] {dag.py:2396} INFO - Sync 1 DAGs
[2022-02-22 15:53:11,250] {logging_mixin.py:109} INFO - [2022-02-22 15:53:11,250] {dag.py:2935} INFO - Setting next_dagrun for example_task_group_decorator to 2022-02-21T23:53:11.250706+00:00
[2022-02-22 15:53:11,255] {processor.py:171} INFO - Processing /Users/aleckienzle/Developer/nba-etl/env/lib/python3.8/site-packages/airflow/example_dags/example_task_group_decorator.py took 0.150 seconds
[2022-02-22 15:54:19,748] {processor.py:163} INFO - Started process (PID=43585) to work on /Users/aleckienzle/Developer/nba-etl/env/lib/python3.8/site-packages/airflow/example_dags/example_task_group_decorator.py
[2022-02-22 15:54:19,748] {processor.py:642} INFO - Processing file /Users/aleckienzle/Developer/nba-etl/env/lib/python3.8/site-packages/airflow/example_dags/example_task_group_decorator.py for tasks to queue
[2022-02-22 15:54:19,749] {logging_mixin.py:109} INFO - [2022-02-22 15:54:19,749] {dagbag.py:500} INFO - Filling up the DagBag from /Users/aleckienzle/Developer/nba-etl/env/lib/python3.8/site-packages/airflow/example_dags/example_task_group_decorator.py
[2022-02-22 15:54:19,775] {processor.py:654} INFO - DAG(s) dict_keys(['example_task_group_decorator']) retrieved from /Users/aleckienzle/Developer/nba-etl/env/lib/python3.8/site-packages/airflow/example_dags/example_task_group_decorator.py
[2022-02-22 15:54:19,880] {logging_mixin.py:109} INFO - [2022-02-22 15:54:19,880] {dag.py:2396} INFO - Sync 1 DAGs
[2022-02-22 15:54:19,884] {logging_mixin.py:109} INFO - [2022-02-22 15:54:19,884] {dag.py:2935} INFO - Setting next_dagrun for example_task_group_decorator to 2022-02-21T23:54:19.884826+00:00
[2022-02-22 15:54:19,889] {processor.py:171} INFO - Processing /Users/aleckienzle/Developer/nba-etl/env/lib/python3.8/site-packages/airflow/example_dags/example_task_group_decorator.py took 0.141 seconds
[2022-02-22 15:55:29,783] {processor.py:163} INFO - Started process (PID=43777) to work on /Users/aleckienzle/Developer/nba-etl/env/lib/python3.8/site-packages/airflow/example_dags/example_task_group_decorator.py
[2022-02-22 15:55:29,783] {processor.py:642} INFO - Processing file /Users/aleckienzle/Developer/nba-etl/env/lib/python3.8/site-packages/airflow/example_dags/example_task_group_decorator.py for tasks to queue
[2022-02-22 15:55:29,783] {logging_mixin.py:109} INFO - [2022-02-22 15:55:29,783] {dagbag.py:500} INFO - Filling up the DagBag from /Users/aleckienzle/Developer/nba-etl/env/lib/python3.8/site-packages/airflow/example_dags/example_task_group_decorator.py
[2022-02-22 15:55:29,812] {processor.py:654} INFO - DAG(s) dict_keys(['example_task_group_decorator']) retrieved from /Users/aleckienzle/Developer/nba-etl/env/lib/python3.8/site-packages/airflow/example_dags/example_task_group_decorator.py
[2022-02-22 15:55:29,934] {logging_mixin.py:109} INFO - [2022-02-22 15:55:29,933] {dag.py:2396} INFO - Sync 1 DAGs
[2022-02-22 15:55:29,938] {logging_mixin.py:109} INFO - [2022-02-22 15:55:29,938] {dag.py:2935} INFO - Setting next_dagrun for example_task_group_decorator to 2022-02-21T23:55:29.938648+00:00
[2022-02-22 15:55:29,943] {processor.py:171} INFO - Processing /Users/aleckienzle/Developer/nba-etl/env/lib/python3.8/site-packages/airflow/example_dags/example_task_group_decorator.py took 0.160 seconds
[2022-02-22 15:56:37,315] {processor.py:163} INFO - Started process (PID=43936) to work on /Users/aleckienzle/Developer/nba-etl/env/lib/python3.8/site-packages/airflow/example_dags/example_task_group_decorator.py
[2022-02-22 15:56:37,315] {processor.py:642} INFO - Processing file /Users/aleckienzle/Developer/nba-etl/env/lib/python3.8/site-packages/airflow/example_dags/example_task_group_decorator.py for tasks to queue
[2022-02-22 15:56:37,315] {logging_mixin.py:109} INFO - [2022-02-22 15:56:37,315] {dagbag.py:500} INFO - Filling up the DagBag from /Users/aleckienzle/Developer/nba-etl/env/lib/python3.8/site-packages/airflow/example_dags/example_task_group_decorator.py
[2022-02-22 15:56:37,344] {processor.py:654} INFO - DAG(s) dict_keys(['example_task_group_decorator']) retrieved from /Users/aleckienzle/Developer/nba-etl/env/lib/python3.8/site-packages/airflow/example_dags/example_task_group_decorator.py
[2022-02-22 15:56:37,450] {logging_mixin.py:109} INFO - [2022-02-22 15:56:37,449] {dag.py:2396} INFO - Sync 1 DAGs
[2022-02-22 15:56:37,455] {logging_mixin.py:109} INFO - [2022-02-22 15:56:37,455] {dag.py:2935} INFO - Setting next_dagrun for example_task_group_decorator to 2022-02-21T23:56:37.455067+00:00
[2022-02-22 15:56:37,459] {processor.py:171} INFO - Processing /Users/aleckienzle/Developer/nba-etl/env/lib/python3.8/site-packages/airflow/example_dags/example_task_group_decorator.py took 0.144 seconds
[2022-02-22 15:57:47,824] {processor.py:163} INFO - Started process (PID=44172) to work on /Users/aleckienzle/Developer/nba-etl/env/lib/python3.8/site-packages/airflow/example_dags/example_task_group_decorator.py
[2022-02-22 15:57:47,825] {processor.py:642} INFO - Processing file /Users/aleckienzle/Developer/nba-etl/env/lib/python3.8/site-packages/airflow/example_dags/example_task_group_decorator.py for tasks to queue
[2022-02-22 15:57:47,825] {logging_mixin.py:109} INFO - [2022-02-22 15:57:47,825] {dagbag.py:500} INFO - Filling up the DagBag from /Users/aleckienzle/Developer/nba-etl/env/lib/python3.8/site-packages/airflow/example_dags/example_task_group_decorator.py
[2022-02-22 15:57:47,853] {processor.py:654} INFO - DAG(s) dict_keys(['example_task_group_decorator']) retrieved from /Users/aleckienzle/Developer/nba-etl/env/lib/python3.8/site-packages/airflow/example_dags/example_task_group_decorator.py
[2022-02-22 15:57:47,959] {logging_mixin.py:109} INFO - [2022-02-22 15:57:47,959] {dag.py:2396} INFO - Sync 1 DAGs
[2022-02-22 15:57:47,963] {logging_mixin.py:109} INFO - [2022-02-22 15:57:47,963] {dag.py:2935} INFO - Setting next_dagrun for example_task_group_decorator to 2022-02-21T23:57:47.963448+00:00
[2022-02-22 15:57:47,967] {processor.py:171} INFO - Processing /Users/aleckienzle/Developer/nba-etl/env/lib/python3.8/site-packages/airflow/example_dags/example_task_group_decorator.py took 0.144 seconds
[2022-02-22 15:58:54,879] {processor.py:163} INFO - Started process (PID=44418) to work on /Users/aleckienzle/Developer/nba-etl/env/lib/python3.8/site-packages/airflow/example_dags/example_task_group_decorator.py
[2022-02-22 15:58:54,881] {processor.py:642} INFO - Processing file /Users/aleckienzle/Developer/nba-etl/env/lib/python3.8/site-packages/airflow/example_dags/example_task_group_decorator.py for tasks to queue
[2022-02-22 15:58:54,881] {logging_mixin.py:109} INFO - [2022-02-22 15:58:54,881] {dagbag.py:500} INFO - Filling up the DagBag from /Users/aleckienzle/Developer/nba-etl/env/lib/python3.8/site-packages/airflow/example_dags/example_task_group_decorator.py
[2022-02-22 15:58:54,910] {processor.py:654} INFO - DAG(s) dict_keys(['example_task_group_decorator']) retrieved from /Users/aleckienzle/Developer/nba-etl/env/lib/python3.8/site-packages/airflow/example_dags/example_task_group_decorator.py
[2022-02-22 15:58:55,021] {logging_mixin.py:109} INFO - [2022-02-22 15:58:55,021] {dag.py:2396} INFO - Sync 1 DAGs
[2022-02-22 15:58:55,027] {logging_mixin.py:109} INFO - [2022-02-22 15:58:55,027] {dag.py:2935} INFO - Setting next_dagrun for example_task_group_decorator to 2022-02-21T23:58:55.027627+00:00
[2022-02-22 15:58:55,032] {processor.py:171} INFO - Processing /Users/aleckienzle/Developer/nba-etl/env/lib/python3.8/site-packages/airflow/example_dags/example_task_group_decorator.py took 0.153 seconds
