[2022-02-22 15:38:19,404] {processor.py:163} INFO - Started process (PID=41055) to work on /Users/aleckienzle/Developer/nba-etl/env/lib/python3.8/site-packages/airflow/example_dags/example_branch_datetime_operator.py
[2022-02-22 15:38:19,406] {processor.py:642} INFO - Processing file /Users/aleckienzle/Developer/nba-etl/env/lib/python3.8/site-packages/airflow/example_dags/example_branch_datetime_operator.py for tasks to queue
[2022-02-22 15:38:19,406] {logging_mixin.py:109} INFO - [2022-02-22 15:38:19,406] {dagbag.py:500} INFO - Filling up the DagBag from /Users/aleckienzle/Developer/nba-etl/env/lib/python3.8/site-packages/airflow/example_dags/example_branch_datetime_operator.py
[2022-02-22 15:38:19,429] {processor.py:654} INFO - DAG(s) dict_keys(['example_branch_datetime_operator_2']) retrieved from /Users/aleckienzle/Developer/nba-etl/env/lib/python3.8/site-packages/airflow/example_dags/example_branch_datetime_operator.py
[2022-02-22 15:38:19,439] {logging_mixin.py:109} INFO - [2022-02-22 15:38:19,439] {dag.py:2396} INFO - Sync 1 DAGs
[2022-02-22 15:38:19,444] {logging_mixin.py:109} INFO - [2022-02-22 15:38:19,444] {dag.py:2935} INFO - Setting next_dagrun for example_branch_datetime_operator_2 to 2022-02-21 00:00:00+00:00
[2022-02-22 15:38:19,448] {processor.py:171} INFO - Processing /Users/aleckienzle/Developer/nba-etl/env/lib/python3.8/site-packages/airflow/example_dags/example_branch_datetime_operator.py took 0.044 seconds
[2022-02-22 15:39:23,115] {processor.py:163} INFO - Started process (PID=41218) to work on /Users/aleckienzle/Developer/nba-etl/env/lib/python3.8/site-packages/airflow/example_dags/example_branch_datetime_operator.py
[2022-02-22 15:39:23,115] {processor.py:642} INFO - Processing file /Users/aleckienzle/Developer/nba-etl/env/lib/python3.8/site-packages/airflow/example_dags/example_branch_datetime_operator.py for tasks to queue
[2022-02-22 15:39:23,115] {logging_mixin.py:109} INFO - [2022-02-22 15:39:23,115] {dagbag.py:500} INFO - Filling up the DagBag from /Users/aleckienzle/Developer/nba-etl/env/lib/python3.8/site-packages/airflow/example_dags/example_branch_datetime_operator.py
[2022-02-22 15:39:23,131] {processor.py:654} INFO - DAG(s) dict_keys(['example_branch_datetime_operator_2']) retrieved from /Users/aleckienzle/Developer/nba-etl/env/lib/python3.8/site-packages/airflow/example_dags/example_branch_datetime_operator.py
[2022-02-22 15:39:23,140] {logging_mixin.py:109} INFO - [2022-02-22 15:39:23,140] {dag.py:2396} INFO - Sync 1 DAGs
[2022-02-22 15:39:23,145] {logging_mixin.py:109} INFO - [2022-02-22 15:39:23,145] {dag.py:2935} INFO - Setting next_dagrun for example_branch_datetime_operator_2 to 2022-02-21 00:00:00+00:00
[2022-02-22 15:39:23,148] {processor.py:171} INFO - Processing /Users/aleckienzle/Developer/nba-etl/env/lib/python3.8/site-packages/airflow/example_dags/example_branch_datetime_operator.py took 0.034 seconds
[2022-02-22 15:40:26,831] {processor.py:163} INFO - Started process (PID=41379) to work on /Users/aleckienzle/Developer/nba-etl/env/lib/python3.8/site-packages/airflow/example_dags/example_branch_datetime_operator.py
[2022-02-22 15:40:26,832] {processor.py:642} INFO - Processing file /Users/aleckienzle/Developer/nba-etl/env/lib/python3.8/site-packages/airflow/example_dags/example_branch_datetime_operator.py for tasks to queue
[2022-02-22 15:40:26,832] {logging_mixin.py:109} INFO - [2022-02-22 15:40:26,832] {dagbag.py:500} INFO - Filling up the DagBag from /Users/aleckienzle/Developer/nba-etl/env/lib/python3.8/site-packages/airflow/example_dags/example_branch_datetime_operator.py
[2022-02-22 15:40:26,848] {processor.py:654} INFO - DAG(s) dict_keys(['example_branch_datetime_operator_2']) retrieved from /Users/aleckienzle/Developer/nba-etl/env/lib/python3.8/site-packages/airflow/example_dags/example_branch_datetime_operator.py
[2022-02-22 15:40:26,858] {logging_mixin.py:109} INFO - [2022-02-22 15:40:26,858] {dag.py:2396} INFO - Sync 1 DAGs
[2022-02-22 15:40:26,863] {logging_mixin.py:109} INFO - [2022-02-22 15:40:26,863] {dag.py:2935} INFO - Setting next_dagrun for example_branch_datetime_operator_2 to 2022-02-21 00:00:00+00:00
[2022-02-22 15:40:26,867] {processor.py:171} INFO - Processing /Users/aleckienzle/Developer/nba-etl/env/lib/python3.8/site-packages/airflow/example_dags/example_branch_datetime_operator.py took 0.037 seconds
[2022-02-22 15:41:30,782] {processor.py:163} INFO - Started process (PID=41517) to work on /Users/aleckienzle/Developer/nba-etl/env/lib/python3.8/site-packages/airflow/example_dags/example_branch_datetime_operator.py
[2022-02-22 15:41:30,783] {processor.py:642} INFO - Processing file /Users/aleckienzle/Developer/nba-etl/env/lib/python3.8/site-packages/airflow/example_dags/example_branch_datetime_operator.py for tasks to queue
[2022-02-22 15:41:30,783] {logging_mixin.py:109} INFO - [2022-02-22 15:41:30,783] {dagbag.py:500} INFO - Filling up the DagBag from /Users/aleckienzle/Developer/nba-etl/env/lib/python3.8/site-packages/airflow/example_dags/example_branch_datetime_operator.py
[2022-02-22 15:41:30,799] {processor.py:654} INFO - DAG(s) dict_keys(['example_branch_datetime_operator_2']) retrieved from /Users/aleckienzle/Developer/nba-etl/env/lib/python3.8/site-packages/airflow/example_dags/example_branch_datetime_operator.py
[2022-02-22 15:41:30,808] {logging_mixin.py:109} INFO - [2022-02-22 15:41:30,808] {dag.py:2396} INFO - Sync 1 DAGs
[2022-02-22 15:41:30,813] {logging_mixin.py:109} INFO - [2022-02-22 15:41:30,813] {dag.py:2935} INFO - Setting next_dagrun for example_branch_datetime_operator_2 to 2022-02-21 00:00:00+00:00
[2022-02-22 15:41:30,817] {processor.py:171} INFO - Processing /Users/aleckienzle/Developer/nba-etl/env/lib/python3.8/site-packages/airflow/example_dags/example_branch_datetime_operator.py took 0.035 seconds
[2022-02-22 15:42:34,897] {processor.py:163} INFO - Started process (PID=41672) to work on /Users/aleckienzle/Developer/nba-etl/env/lib/python3.8/site-packages/airflow/example_dags/example_branch_datetime_operator.py
[2022-02-22 15:42:34,897] {processor.py:642} INFO - Processing file /Users/aleckienzle/Developer/nba-etl/env/lib/python3.8/site-packages/airflow/example_dags/example_branch_datetime_operator.py for tasks to queue
[2022-02-22 15:42:34,897] {logging_mixin.py:109} INFO - [2022-02-22 15:42:34,897] {dagbag.py:500} INFO - Filling up the DagBag from /Users/aleckienzle/Developer/nba-etl/env/lib/python3.8/site-packages/airflow/example_dags/example_branch_datetime_operator.py
[2022-02-22 15:42:34,914] {processor.py:654} INFO - DAG(s) dict_keys(['example_branch_datetime_operator_2']) retrieved from /Users/aleckienzle/Developer/nba-etl/env/lib/python3.8/site-packages/airflow/example_dags/example_branch_datetime_operator.py
[2022-02-22 15:42:34,925] {logging_mixin.py:109} INFO - [2022-02-22 15:42:34,925] {dag.py:2396} INFO - Sync 1 DAGs
[2022-02-22 15:42:34,930] {logging_mixin.py:109} INFO - [2022-02-22 15:42:34,930] {dag.py:2935} INFO - Setting next_dagrun for example_branch_datetime_operator_2 to 2022-02-21 00:00:00+00:00
[2022-02-22 15:42:34,934] {processor.py:171} INFO - Processing /Users/aleckienzle/Developer/nba-etl/env/lib/python3.8/site-packages/airflow/example_dags/example_branch_datetime_operator.py took 0.038 seconds
[2022-02-22 15:43:41,118] {processor.py:163} INFO - Started process (PID=41870) to work on /Users/aleckienzle/Developer/nba-etl/env/lib/python3.8/site-packages/airflow/example_dags/example_branch_datetime_operator.py
[2022-02-22 15:43:41,119] {processor.py:642} INFO - Processing file /Users/aleckienzle/Developer/nba-etl/env/lib/python3.8/site-packages/airflow/example_dags/example_branch_datetime_operator.py for tasks to queue
[2022-02-22 15:43:41,119] {logging_mixin.py:109} INFO - [2022-02-22 15:43:41,119] {dagbag.py:500} INFO - Filling up the DagBag from /Users/aleckienzle/Developer/nba-etl/env/lib/python3.8/site-packages/airflow/example_dags/example_branch_datetime_operator.py
[2022-02-22 15:43:41,134] {processor.py:654} INFO - DAG(s) dict_keys(['example_branch_datetime_operator_2']) retrieved from /Users/aleckienzle/Developer/nba-etl/env/lib/python3.8/site-packages/airflow/example_dags/example_branch_datetime_operator.py
[2022-02-22 15:43:41,144] {logging_mixin.py:109} INFO - [2022-02-22 15:43:41,144] {dag.py:2396} INFO - Sync 1 DAGs
[2022-02-22 15:43:41,148] {logging_mixin.py:109} INFO - [2022-02-22 15:43:41,148] {dag.py:2935} INFO - Setting next_dagrun for example_branch_datetime_operator_2 to 2022-02-21 00:00:00+00:00
[2022-02-22 15:43:41,152] {processor.py:171} INFO - Processing /Users/aleckienzle/Developer/nba-etl/env/lib/python3.8/site-packages/airflow/example_dags/example_branch_datetime_operator.py took 0.034 seconds
[2022-02-22 15:44:46,757] {processor.py:163} INFO - Started process (PID=42019) to work on /Users/aleckienzle/Developer/nba-etl/env/lib/python3.8/site-packages/airflow/example_dags/example_branch_datetime_operator.py
[2022-02-22 15:44:46,758] {processor.py:642} INFO - Processing file /Users/aleckienzle/Developer/nba-etl/env/lib/python3.8/site-packages/airflow/example_dags/example_branch_datetime_operator.py for tasks to queue
[2022-02-22 15:44:46,758] {logging_mixin.py:109} INFO - [2022-02-22 15:44:46,758] {dagbag.py:500} INFO - Filling up the DagBag from /Users/aleckienzle/Developer/nba-etl/env/lib/python3.8/site-packages/airflow/example_dags/example_branch_datetime_operator.py
[2022-02-22 15:44:46,774] {processor.py:654} INFO - DAG(s) dict_keys(['example_branch_datetime_operator_2']) retrieved from /Users/aleckienzle/Developer/nba-etl/env/lib/python3.8/site-packages/airflow/example_dags/example_branch_datetime_operator.py
[2022-02-22 15:44:46,783] {logging_mixin.py:109} INFO - [2022-02-22 15:44:46,783] {dag.py:2396} INFO - Sync 1 DAGs
[2022-02-22 15:44:46,788] {logging_mixin.py:109} INFO - [2022-02-22 15:44:46,787] {dag.py:2935} INFO - Setting next_dagrun for example_branch_datetime_operator_2 to 2022-02-21 00:00:00+00:00
[2022-02-22 15:44:46,791] {processor.py:171} INFO - Processing /Users/aleckienzle/Developer/nba-etl/env/lib/python3.8/site-packages/airflow/example_dags/example_branch_datetime_operator.py took 0.034 seconds
[2022-02-22 15:45:52,561] {processor.py:163} INFO - Started process (PID=42168) to work on /Users/aleckienzle/Developer/nba-etl/env/lib/python3.8/site-packages/airflow/example_dags/example_branch_datetime_operator.py
[2022-02-22 15:45:52,562] {processor.py:642} INFO - Processing file /Users/aleckienzle/Developer/nba-etl/env/lib/python3.8/site-packages/airflow/example_dags/example_branch_datetime_operator.py for tasks to queue
[2022-02-22 15:45:52,562] {logging_mixin.py:109} INFO - [2022-02-22 15:45:52,562] {dagbag.py:500} INFO - Filling up the DagBag from /Users/aleckienzle/Developer/nba-etl/env/lib/python3.8/site-packages/airflow/example_dags/example_branch_datetime_operator.py
[2022-02-22 15:45:52,579] {processor.py:654} INFO - DAG(s) dict_keys(['example_branch_datetime_operator_2']) retrieved from /Users/aleckienzle/Developer/nba-etl/env/lib/python3.8/site-packages/airflow/example_dags/example_branch_datetime_operator.py
[2022-02-22 15:45:52,589] {logging_mixin.py:109} INFO - [2022-02-22 15:45:52,589] {dag.py:2396} INFO - Sync 1 DAGs
[2022-02-22 15:45:52,594] {logging_mixin.py:109} INFO - [2022-02-22 15:45:52,593] {dag.py:2935} INFO - Setting next_dagrun for example_branch_datetime_operator_2 to 2022-02-21 00:00:00+00:00
[2022-02-22 15:45:52,597] {processor.py:171} INFO - Processing /Users/aleckienzle/Developer/nba-etl/env/lib/python3.8/site-packages/airflow/example_dags/example_branch_datetime_operator.py took 0.036 seconds
[2022-02-22 15:46:58,495] {processor.py:163} INFO - Started process (PID=42390) to work on /Users/aleckienzle/Developer/nba-etl/env/lib/python3.8/site-packages/airflow/example_dags/example_branch_datetime_operator.py
[2022-02-22 15:46:58,496] {processor.py:642} INFO - Processing file /Users/aleckienzle/Developer/nba-etl/env/lib/python3.8/site-packages/airflow/example_dags/example_branch_datetime_operator.py for tasks to queue
[2022-02-22 15:46:58,497] {logging_mixin.py:109} INFO - [2022-02-22 15:46:58,497] {dagbag.py:500} INFO - Filling up the DagBag from /Users/aleckienzle/Developer/nba-etl/env/lib/python3.8/site-packages/airflow/example_dags/example_branch_datetime_operator.py
[2022-02-22 15:46:58,514] {processor.py:654} INFO - DAG(s) dict_keys(['example_branch_datetime_operator_2']) retrieved from /Users/aleckienzle/Developer/nba-etl/env/lib/python3.8/site-packages/airflow/example_dags/example_branch_datetime_operator.py
[2022-02-22 15:46:58,524] {logging_mixin.py:109} INFO - [2022-02-22 15:46:58,524] {dag.py:2396} INFO - Sync 1 DAGs
[2022-02-22 15:46:58,529] {logging_mixin.py:109} INFO - [2022-02-22 15:46:58,529] {dag.py:2935} INFO - Setting next_dagrun for example_branch_datetime_operator_2 to 2022-02-21 00:00:00+00:00
[2022-02-22 15:46:58,532] {processor.py:171} INFO - Processing /Users/aleckienzle/Developer/nba-etl/env/lib/python3.8/site-packages/airflow/example_dags/example_branch_datetime_operator.py took 0.037 seconds
[2022-02-22 15:48:10,167] {processor.py:163} INFO - Started process (PID=42646) to work on /Users/aleckienzle/Developer/nba-etl/env/lib/python3.8/site-packages/airflow/example_dags/example_branch_datetime_operator.py
[2022-02-22 15:48:10,168] {processor.py:642} INFO - Processing file /Users/aleckienzle/Developer/nba-etl/env/lib/python3.8/site-packages/airflow/example_dags/example_branch_datetime_operator.py for tasks to queue
[2022-02-22 15:48:10,169] {logging_mixin.py:109} INFO - [2022-02-22 15:48:10,169] {dagbag.py:500} INFO - Filling up the DagBag from /Users/aleckienzle/Developer/nba-etl/env/lib/python3.8/site-packages/airflow/example_dags/example_branch_datetime_operator.py
[2022-02-22 15:48:10,186] {processor.py:654} INFO - DAG(s) dict_keys(['example_branch_datetime_operator_2']) retrieved from /Users/aleckienzle/Developer/nba-etl/env/lib/python3.8/site-packages/airflow/example_dags/example_branch_datetime_operator.py
[2022-02-22 15:48:10,195] {logging_mixin.py:109} INFO - [2022-02-22 15:48:10,195] {dag.py:2396} INFO - Sync 1 DAGs
[2022-02-22 15:48:10,200] {logging_mixin.py:109} INFO - [2022-02-22 15:48:10,200] {dag.py:2935} INFO - Setting next_dagrun for example_branch_datetime_operator_2 to 2022-02-21 00:00:00+00:00
[2022-02-22 15:48:10,204] {processor.py:171} INFO - Processing /Users/aleckienzle/Developer/nba-etl/env/lib/python3.8/site-packages/airflow/example_dags/example_branch_datetime_operator.py took 0.037 seconds
[2022-02-22 15:49:18,298] {processor.py:163} INFO - Started process (PID=42817) to work on /Users/aleckienzle/Developer/nba-etl/env/lib/python3.8/site-packages/airflow/example_dags/example_branch_datetime_operator.py
[2022-02-22 15:49:18,299] {processor.py:642} INFO - Processing file /Users/aleckienzle/Developer/nba-etl/env/lib/python3.8/site-packages/airflow/example_dags/example_branch_datetime_operator.py for tasks to queue
[2022-02-22 15:49:18,299] {logging_mixin.py:109} INFO - [2022-02-22 15:49:18,299] {dagbag.py:500} INFO - Filling up the DagBag from /Users/aleckienzle/Developer/nba-etl/env/lib/python3.8/site-packages/airflow/example_dags/example_branch_datetime_operator.py
[2022-02-22 15:49:18,316] {processor.py:654} INFO - DAG(s) dict_keys(['example_branch_datetime_operator_2']) retrieved from /Users/aleckienzle/Developer/nba-etl/env/lib/python3.8/site-packages/airflow/example_dags/example_branch_datetime_operator.py
[2022-02-22 15:49:18,326] {logging_mixin.py:109} INFO - [2022-02-22 15:49:18,326] {dag.py:2396} INFO - Sync 1 DAGs
[2022-02-22 15:49:18,331] {logging_mixin.py:109} INFO - [2022-02-22 15:49:18,331] {dag.py:2935} INFO - Setting next_dagrun for example_branch_datetime_operator_2 to 2022-02-21 00:00:00+00:00
[2022-02-22 15:49:18,335] {processor.py:171} INFO - Processing /Users/aleckienzle/Developer/nba-etl/env/lib/python3.8/site-packages/airflow/example_dags/example_branch_datetime_operator.py took 0.038 seconds
[2022-02-22 15:50:26,488] {processor.py:163} INFO - Started process (PID=42985) to work on /Users/aleckienzle/Developer/nba-etl/env/lib/python3.8/site-packages/airflow/example_dags/example_branch_datetime_operator.py
[2022-02-22 15:50:26,489] {processor.py:642} INFO - Processing file /Users/aleckienzle/Developer/nba-etl/env/lib/python3.8/site-packages/airflow/example_dags/example_branch_datetime_operator.py for tasks to queue
[2022-02-22 15:50:26,489] {logging_mixin.py:109} INFO - [2022-02-22 15:50:26,489] {dagbag.py:500} INFO - Filling up the DagBag from /Users/aleckienzle/Developer/nba-etl/env/lib/python3.8/site-packages/airflow/example_dags/example_branch_datetime_operator.py
[2022-02-22 15:50:26,507] {processor.py:654} INFO - DAG(s) dict_keys(['example_branch_datetime_operator_2']) retrieved from /Users/aleckienzle/Developer/nba-etl/env/lib/python3.8/site-packages/airflow/example_dags/example_branch_datetime_operator.py
[2022-02-22 15:50:26,519] {logging_mixin.py:109} INFO - [2022-02-22 15:50:26,519] {dag.py:2396} INFO - Sync 1 DAGs
[2022-02-22 15:50:26,525] {logging_mixin.py:109} INFO - [2022-02-22 15:50:26,524] {dag.py:2935} INFO - Setting next_dagrun for example_branch_datetime_operator_2 to 2022-02-21 00:00:00+00:00
[2022-02-22 15:50:26,529] {processor.py:171} INFO - Processing /Users/aleckienzle/Developer/nba-etl/env/lib/python3.8/site-packages/airflow/example_dags/example_branch_datetime_operator.py took 0.041 seconds
[2022-02-22 15:51:36,568] {processor.py:163} INFO - Started process (PID=43173) to work on /Users/aleckienzle/Developer/nba-etl/env/lib/python3.8/site-packages/airflow/example_dags/example_branch_datetime_operator.py
[2022-02-22 15:51:36,569] {processor.py:642} INFO - Processing file /Users/aleckienzle/Developer/nba-etl/env/lib/python3.8/site-packages/airflow/example_dags/example_branch_datetime_operator.py for tasks to queue
[2022-02-22 15:51:36,569] {logging_mixin.py:109} INFO - [2022-02-22 15:51:36,569] {dagbag.py:500} INFO - Filling up the DagBag from /Users/aleckienzle/Developer/nba-etl/env/lib/python3.8/site-packages/airflow/example_dags/example_branch_datetime_operator.py
[2022-02-22 15:51:36,586] {processor.py:654} INFO - DAG(s) dict_keys(['example_branch_datetime_operator_2']) retrieved from /Users/aleckienzle/Developer/nba-etl/env/lib/python3.8/site-packages/airflow/example_dags/example_branch_datetime_operator.py
[2022-02-22 15:51:36,596] {logging_mixin.py:109} INFO - [2022-02-22 15:51:36,596] {dag.py:2396} INFO - Sync 1 DAGs
[2022-02-22 15:51:36,601] {logging_mixin.py:109} INFO - [2022-02-22 15:51:36,601] {dag.py:2935} INFO - Setting next_dagrun for example_branch_datetime_operator_2 to 2022-02-21 00:00:00+00:00
[2022-02-22 15:51:36,605] {processor.py:171} INFO - Processing /Users/aleckienzle/Developer/nba-etl/env/lib/python3.8/site-packages/airflow/example_dags/example_branch_datetime_operator.py took 0.037 seconds
[2022-02-22 15:52:45,256] {processor.py:163} INFO - Started process (PID=43338) to work on /Users/aleckienzle/Developer/nba-etl/env/lib/python3.8/site-packages/airflow/example_dags/example_branch_datetime_operator.py
[2022-02-22 15:52:45,256] {processor.py:642} INFO - Processing file /Users/aleckienzle/Developer/nba-etl/env/lib/python3.8/site-packages/airflow/example_dags/example_branch_datetime_operator.py for tasks to queue
[2022-02-22 15:52:45,257] {logging_mixin.py:109} INFO - [2022-02-22 15:52:45,257] {dagbag.py:500} INFO - Filling up the DagBag from /Users/aleckienzle/Developer/nba-etl/env/lib/python3.8/site-packages/airflow/example_dags/example_branch_datetime_operator.py
[2022-02-22 15:52:45,272] {processor.py:654} INFO - DAG(s) dict_keys(['example_branch_datetime_operator_2']) retrieved from /Users/aleckienzle/Developer/nba-etl/env/lib/python3.8/site-packages/airflow/example_dags/example_branch_datetime_operator.py
[2022-02-22 15:52:45,282] {logging_mixin.py:109} INFO - [2022-02-22 15:52:45,282] {dag.py:2396} INFO - Sync 1 DAGs
[2022-02-22 15:52:45,287] {logging_mixin.py:109} INFO - [2022-02-22 15:52:45,287] {dag.py:2935} INFO - Setting next_dagrun for example_branch_datetime_operator_2 to 2022-02-21 00:00:00+00:00
[2022-02-22 15:52:45,290] {processor.py:171} INFO - Processing /Users/aleckienzle/Developer/nba-etl/env/lib/python3.8/site-packages/airflow/example_dags/example_branch_datetime_operator.py took 0.034 seconds
[2022-02-22 15:53:53,950] {processor.py:163} INFO - Started process (PID=43507) to work on /Users/aleckienzle/Developer/nba-etl/env/lib/python3.8/site-packages/airflow/example_dags/example_branch_datetime_operator.py
[2022-02-22 15:53:53,951] {processor.py:642} INFO - Processing file /Users/aleckienzle/Developer/nba-etl/env/lib/python3.8/site-packages/airflow/example_dags/example_branch_datetime_operator.py for tasks to queue
[2022-02-22 15:53:53,951] {logging_mixin.py:109} INFO - [2022-02-22 15:53:53,951] {dagbag.py:500} INFO - Filling up the DagBag from /Users/aleckienzle/Developer/nba-etl/env/lib/python3.8/site-packages/airflow/example_dags/example_branch_datetime_operator.py
[2022-02-22 15:53:53,969] {processor.py:654} INFO - DAG(s) dict_keys(['example_branch_datetime_operator_2']) retrieved from /Users/aleckienzle/Developer/nba-etl/env/lib/python3.8/site-packages/airflow/example_dags/example_branch_datetime_operator.py
[2022-02-22 15:53:53,979] {logging_mixin.py:109} INFO - [2022-02-22 15:53:53,979] {dag.py:2396} INFO - Sync 1 DAGs
[2022-02-22 15:53:53,985] {logging_mixin.py:109} INFO - [2022-02-22 15:53:53,985] {dag.py:2935} INFO - Setting next_dagrun for example_branch_datetime_operator_2 to 2022-02-21 00:00:00+00:00
[2022-02-22 15:53:53,989] {processor.py:171} INFO - Processing /Users/aleckienzle/Developer/nba-etl/env/lib/python3.8/site-packages/airflow/example_dags/example_branch_datetime_operator.py took 0.040 seconds
[2022-02-22 15:55:02,299] {processor.py:163} INFO - Started process (PID=43685) to work on /Users/aleckienzle/Developer/nba-etl/env/lib/python3.8/site-packages/airflow/example_dags/example_branch_datetime_operator.py
[2022-02-22 15:55:02,300] {processor.py:642} INFO - Processing file /Users/aleckienzle/Developer/nba-etl/env/lib/python3.8/site-packages/airflow/example_dags/example_branch_datetime_operator.py for tasks to queue
[2022-02-22 15:55:02,300] {logging_mixin.py:109} INFO - [2022-02-22 15:55:02,300] {dagbag.py:500} INFO - Filling up the DagBag from /Users/aleckienzle/Developer/nba-etl/env/lib/python3.8/site-packages/airflow/example_dags/example_branch_datetime_operator.py
[2022-02-22 15:55:02,316] {processor.py:654} INFO - DAG(s) dict_keys(['example_branch_datetime_operator_2']) retrieved from /Users/aleckienzle/Developer/nba-etl/env/lib/python3.8/site-packages/airflow/example_dags/example_branch_datetime_operator.py
[2022-02-22 15:55:02,325] {logging_mixin.py:109} INFO - [2022-02-22 15:55:02,325] {dag.py:2396} INFO - Sync 1 DAGs
[2022-02-22 15:55:02,329] {logging_mixin.py:109} INFO - [2022-02-22 15:55:02,329] {dag.py:2935} INFO - Setting next_dagrun for example_branch_datetime_operator_2 to 2022-02-21 00:00:00+00:00
[2022-02-22 15:55:02,333] {processor.py:171} INFO - Processing /Users/aleckienzle/Developer/nba-etl/env/lib/python3.8/site-packages/airflow/example_dags/example_branch_datetime_operator.py took 0.034 seconds
[2022-02-22 15:56:12,155] {processor.py:163} INFO - Started process (PID=43886) to work on /Users/aleckienzle/Developer/nba-etl/env/lib/python3.8/site-packages/airflow/example_dags/example_branch_datetime_operator.py
[2022-02-22 15:56:12,156] {processor.py:642} INFO - Processing file /Users/aleckienzle/Developer/nba-etl/env/lib/python3.8/site-packages/airflow/example_dags/example_branch_datetime_operator.py for tasks to queue
[2022-02-22 15:56:12,156] {logging_mixin.py:109} INFO - [2022-02-22 15:56:12,156] {dagbag.py:500} INFO - Filling up the DagBag from /Users/aleckienzle/Developer/nba-etl/env/lib/python3.8/site-packages/airflow/example_dags/example_branch_datetime_operator.py
[2022-02-22 15:56:12,172] {processor.py:654} INFO - DAG(s) dict_keys(['example_branch_datetime_operator_2']) retrieved from /Users/aleckienzle/Developer/nba-etl/env/lib/python3.8/site-packages/airflow/example_dags/example_branch_datetime_operator.py
[2022-02-22 15:56:12,182] {logging_mixin.py:109} INFO - [2022-02-22 15:56:12,182] {dag.py:2396} INFO - Sync 1 DAGs
[2022-02-22 15:56:12,187] {logging_mixin.py:109} INFO - [2022-02-22 15:56:12,186] {dag.py:2935} INFO - Setting next_dagrun for example_branch_datetime_operator_2 to 2022-02-21 00:00:00+00:00
[2022-02-22 15:56:12,190] {processor.py:171} INFO - Processing /Users/aleckienzle/Developer/nba-etl/env/lib/python3.8/site-packages/airflow/example_dags/example_branch_datetime_operator.py took 0.035 seconds
[2022-02-22 15:57:19,875] {processor.py:163} INFO - Started process (PID=44057) to work on /Users/aleckienzle/Developer/nba-etl/env/lib/python3.8/site-packages/airflow/example_dags/example_branch_datetime_operator.py
[2022-02-22 15:57:19,876] {processor.py:642} INFO - Processing file /Users/aleckienzle/Developer/nba-etl/env/lib/python3.8/site-packages/airflow/example_dags/example_branch_datetime_operator.py for tasks to queue
[2022-02-22 15:57:19,876] {logging_mixin.py:109} INFO - [2022-02-22 15:57:19,876] {dagbag.py:500} INFO - Filling up the DagBag from /Users/aleckienzle/Developer/nba-etl/env/lib/python3.8/site-packages/airflow/example_dags/example_branch_datetime_operator.py
[2022-02-22 15:57:19,892] {processor.py:654} INFO - DAG(s) dict_keys(['example_branch_datetime_operator_2']) retrieved from /Users/aleckienzle/Developer/nba-etl/env/lib/python3.8/site-packages/airflow/example_dags/example_branch_datetime_operator.py
[2022-02-22 15:57:19,901] {logging_mixin.py:109} INFO - [2022-02-22 15:57:19,901] {dag.py:2396} INFO - Sync 1 DAGs
[2022-02-22 15:57:19,906] {logging_mixin.py:109} INFO - [2022-02-22 15:57:19,906] {dag.py:2935} INFO - Setting next_dagrun for example_branch_datetime_operator_2 to 2022-02-21 00:00:00+00:00
[2022-02-22 15:57:19,909] {processor.py:171} INFO - Processing /Users/aleckienzle/Developer/nba-etl/env/lib/python3.8/site-packages/airflow/example_dags/example_branch_datetime_operator.py took 0.034 seconds
[2022-02-22 15:58:30,514] {processor.py:163} INFO - Started process (PID=44336) to work on /Users/aleckienzle/Developer/nba-etl/env/lib/python3.8/site-packages/airflow/example_dags/example_branch_datetime_operator.py
[2022-02-22 15:58:30,515] {processor.py:642} INFO - Processing file /Users/aleckienzle/Developer/nba-etl/env/lib/python3.8/site-packages/airflow/example_dags/example_branch_datetime_operator.py for tasks to queue
[2022-02-22 15:58:30,515] {logging_mixin.py:109} INFO - [2022-02-22 15:58:30,515] {dagbag.py:500} INFO - Filling up the DagBag from /Users/aleckienzle/Developer/nba-etl/env/lib/python3.8/site-packages/airflow/example_dags/example_branch_datetime_operator.py
[2022-02-22 15:58:30,531] {processor.py:654} INFO - DAG(s) dict_keys(['example_branch_datetime_operator_2']) retrieved from /Users/aleckienzle/Developer/nba-etl/env/lib/python3.8/site-packages/airflow/example_dags/example_branch_datetime_operator.py
[2022-02-22 15:58:30,541] {logging_mixin.py:109} INFO - [2022-02-22 15:58:30,541] {dag.py:2396} INFO - Sync 1 DAGs
[2022-02-22 15:58:30,546] {logging_mixin.py:109} INFO - [2022-02-22 15:58:30,546] {dag.py:2935} INFO - Setting next_dagrun for example_branch_datetime_operator_2 to 2022-02-21 00:00:00+00:00
[2022-02-22 15:58:30,549] {processor.py:171} INFO - Processing /Users/aleckienzle/Developer/nba-etl/env/lib/python3.8/site-packages/airflow/example_dags/example_branch_datetime_operator.py took 0.036 seconds
[2022-02-22 15:59:36,591] {processor.py:163} INFO - Started process (PID=44595) to work on /Users/aleckienzle/Developer/nba-etl/env/lib/python3.8/site-packages/airflow/example_dags/example_branch_datetime_operator.py
[2022-02-22 15:59:36,591] {processor.py:642} INFO - Processing file /Users/aleckienzle/Developer/nba-etl/env/lib/python3.8/site-packages/airflow/example_dags/example_branch_datetime_operator.py for tasks to queue
[2022-02-22 15:59:36,591] {logging_mixin.py:109} INFO - [2022-02-22 15:59:36,591] {dagbag.py:500} INFO - Filling up the DagBag from /Users/aleckienzle/Developer/nba-etl/env/lib/python3.8/site-packages/airflow/example_dags/example_branch_datetime_operator.py
[2022-02-22 15:59:36,609] {processor.py:654} INFO - DAG(s) dict_keys(['example_branch_datetime_operator_2']) retrieved from /Users/aleckienzle/Developer/nba-etl/env/lib/python3.8/site-packages/airflow/example_dags/example_branch_datetime_operator.py
[2022-02-22 15:59:36,619] {logging_mixin.py:109} INFO - [2022-02-22 15:59:36,619] {dag.py:2396} INFO - Sync 1 DAGs
[2022-02-22 15:59:36,624] {logging_mixin.py:109} INFO - [2022-02-22 15:59:36,624] {dag.py:2935} INFO - Setting next_dagrun for example_branch_datetime_operator_2 to 2022-02-21 00:00:00+00:00
[2022-02-22 15:59:36,631] {processor.py:171} INFO - Processing /Users/aleckienzle/Developer/nba-etl/env/lib/python3.8/site-packages/airflow/example_dags/example_branch_datetime_operator.py took 0.040 seconds
