[2022-02-22 15:38:15,571] {processor.py:163} INFO - Started process (PID=41049) to work on /Users/aleckienzle/Developer/nba-etl/env/lib/python3.8/site-packages/airflow/example_dags/example_branch_labels.py
[2022-02-22 15:38:15,572] {processor.py:642} INFO - Processing file /Users/aleckienzle/Developer/nba-etl/env/lib/python3.8/site-packages/airflow/example_dags/example_branch_labels.py for tasks to queue
[2022-02-22 15:38:15,572] {logging_mixin.py:109} INFO - [2022-02-22 15:38:15,572] {dagbag.py:500} INFO - Filling up the DagBag from /Users/aleckienzle/Developer/nba-etl/env/lib/python3.8/site-packages/airflow/example_dags/example_branch_labels.py
[2022-02-22 15:38:15,589] {processor.py:654} INFO - DAG(s) dict_keys(['example_branch_labels']) retrieved from /Users/aleckienzle/Developer/nba-etl/env/lib/python3.8/site-packages/airflow/example_dags/example_branch_labels.py
[2022-02-22 15:38:15,600] {logging_mixin.py:109} INFO - [2022-02-22 15:38:15,600] {dag.py:2396} INFO - Sync 1 DAGs
[2022-02-22 15:38:15,606] {logging_mixin.py:109} INFO - [2022-02-22 15:38:15,606] {dag.py:2935} INFO - Setting next_dagrun for example_branch_labels to 2022-02-21 00:00:00+00:00
[2022-02-22 15:38:15,610] {processor.py:171} INFO - Processing /Users/aleckienzle/Developer/nba-etl/env/lib/python3.8/site-packages/airflow/example_dags/example_branch_labels.py took 0.039 seconds
[2022-02-22 15:39:19,288] {processor.py:163} INFO - Started process (PID=41211) to work on /Users/aleckienzle/Developer/nba-etl/env/lib/python3.8/site-packages/airflow/example_dags/example_branch_labels.py
[2022-02-22 15:39:19,289] {processor.py:642} INFO - Processing file /Users/aleckienzle/Developer/nba-etl/env/lib/python3.8/site-packages/airflow/example_dags/example_branch_labels.py for tasks to queue
[2022-02-22 15:39:19,289] {logging_mixin.py:109} INFO - [2022-02-22 15:39:19,289] {dagbag.py:500} INFO - Filling up the DagBag from /Users/aleckienzle/Developer/nba-etl/env/lib/python3.8/site-packages/airflow/example_dags/example_branch_labels.py
[2022-02-22 15:39:19,305] {processor.py:654} INFO - DAG(s) dict_keys(['example_branch_labels']) retrieved from /Users/aleckienzle/Developer/nba-etl/env/lib/python3.8/site-packages/airflow/example_dags/example_branch_labels.py
[2022-02-22 15:39:19,314] {logging_mixin.py:109} INFO - [2022-02-22 15:39:19,314] {dag.py:2396} INFO - Sync 1 DAGs
[2022-02-22 15:39:19,319] {logging_mixin.py:109} INFO - [2022-02-22 15:39:19,319] {dag.py:2935} INFO - Setting next_dagrun for example_branch_labels to 2022-02-21 00:00:00+00:00
[2022-02-22 15:39:19,322] {processor.py:171} INFO - Processing /Users/aleckienzle/Developer/nba-etl/env/lib/python3.8/site-packages/airflow/example_dags/example_branch_labels.py took 0.034 seconds
[2022-02-22 15:40:23,015] {processor.py:163} INFO - Started process (PID=41365) to work on /Users/aleckienzle/Developer/nba-etl/env/lib/python3.8/site-packages/airflow/example_dags/example_branch_labels.py
[2022-02-22 15:40:23,016] {processor.py:642} INFO - Processing file /Users/aleckienzle/Developer/nba-etl/env/lib/python3.8/site-packages/airflow/example_dags/example_branch_labels.py for tasks to queue
[2022-02-22 15:40:23,016] {logging_mixin.py:109} INFO - [2022-02-22 15:40:23,016] {dagbag.py:500} INFO - Filling up the DagBag from /Users/aleckienzle/Developer/nba-etl/env/lib/python3.8/site-packages/airflow/example_dags/example_branch_labels.py
[2022-02-22 15:40:23,031] {processor.py:654} INFO - DAG(s) dict_keys(['example_branch_labels']) retrieved from /Users/aleckienzle/Developer/nba-etl/env/lib/python3.8/site-packages/airflow/example_dags/example_branch_labels.py
[2022-02-22 15:40:23,041] {logging_mixin.py:109} INFO - [2022-02-22 15:40:23,041] {dag.py:2396} INFO - Sync 1 DAGs
[2022-02-22 15:40:23,045] {logging_mixin.py:109} INFO - [2022-02-22 15:40:23,045] {dag.py:2935} INFO - Setting next_dagrun for example_branch_labels to 2022-02-21 00:00:00+00:00
[2022-02-22 15:40:23,048] {processor.py:171} INFO - Processing /Users/aleckienzle/Developer/nba-etl/env/lib/python3.8/site-packages/airflow/example_dags/example_branch_labels.py took 0.034 seconds
[2022-02-22 15:41:26,958] {processor.py:163} INFO - Started process (PID=41513) to work on /Users/aleckienzle/Developer/nba-etl/env/lib/python3.8/site-packages/airflow/example_dags/example_branch_labels.py
[2022-02-22 15:41:26,959] {processor.py:642} INFO - Processing file /Users/aleckienzle/Developer/nba-etl/env/lib/python3.8/site-packages/airflow/example_dags/example_branch_labels.py for tasks to queue
[2022-02-22 15:41:26,959] {logging_mixin.py:109} INFO - [2022-02-22 15:41:26,959] {dagbag.py:500} INFO - Filling up the DagBag from /Users/aleckienzle/Developer/nba-etl/env/lib/python3.8/site-packages/airflow/example_dags/example_branch_labels.py
[2022-02-22 15:41:26,974] {processor.py:654} INFO - DAG(s) dict_keys(['example_branch_labels']) retrieved from /Users/aleckienzle/Developer/nba-etl/env/lib/python3.8/site-packages/airflow/example_dags/example_branch_labels.py
[2022-02-22 15:41:26,984] {logging_mixin.py:109} INFO - [2022-02-22 15:41:26,983] {dag.py:2396} INFO - Sync 1 DAGs
[2022-02-22 15:41:26,988] {logging_mixin.py:109} INFO - [2022-02-22 15:41:26,988] {dag.py:2935} INFO - Setting next_dagrun for example_branch_labels to 2022-02-21 00:00:00+00:00
[2022-02-22 15:41:26,991] {processor.py:171} INFO - Processing /Users/aleckienzle/Developer/nba-etl/env/lib/python3.8/site-packages/airflow/example_dags/example_branch_labels.py took 0.034 seconds
[2022-02-22 15:42:31,023] {processor.py:163} INFO - Started process (PID=41662) to work on /Users/aleckienzle/Developer/nba-etl/env/lib/python3.8/site-packages/airflow/example_dags/example_branch_labels.py
[2022-02-22 15:42:31,024] {processor.py:642} INFO - Processing file /Users/aleckienzle/Developer/nba-etl/env/lib/python3.8/site-packages/airflow/example_dags/example_branch_labels.py for tasks to queue
[2022-02-22 15:42:31,024] {logging_mixin.py:109} INFO - [2022-02-22 15:42:31,024] {dagbag.py:500} INFO - Filling up the DagBag from /Users/aleckienzle/Developer/nba-etl/env/lib/python3.8/site-packages/airflow/example_dags/example_branch_labels.py
[2022-02-22 15:42:31,039] {processor.py:654} INFO - DAG(s) dict_keys(['example_branch_labels']) retrieved from /Users/aleckienzle/Developer/nba-etl/env/lib/python3.8/site-packages/airflow/example_dags/example_branch_labels.py
[2022-02-22 15:42:31,048] {logging_mixin.py:109} INFO - [2022-02-22 15:42:31,048] {dag.py:2396} INFO - Sync 1 DAGs
[2022-02-22 15:42:31,053] {logging_mixin.py:109} INFO - [2022-02-22 15:42:31,053] {dag.py:2935} INFO - Setting next_dagrun for example_branch_labels to 2022-02-21 00:00:00+00:00
[2022-02-22 15:42:31,056] {processor.py:171} INFO - Processing /Users/aleckienzle/Developer/nba-etl/env/lib/python3.8/site-packages/airflow/example_dags/example_branch_labels.py took 0.033 seconds
[2022-02-22 15:43:37,266] {processor.py:163} INFO - Started process (PID=41866) to work on /Users/aleckienzle/Developer/nba-etl/env/lib/python3.8/site-packages/airflow/example_dags/example_branch_labels.py
[2022-02-22 15:43:37,267] {processor.py:642} INFO - Processing file /Users/aleckienzle/Developer/nba-etl/env/lib/python3.8/site-packages/airflow/example_dags/example_branch_labels.py for tasks to queue
[2022-02-22 15:43:37,267] {logging_mixin.py:109} INFO - [2022-02-22 15:43:37,267] {dagbag.py:500} INFO - Filling up the DagBag from /Users/aleckienzle/Developer/nba-etl/env/lib/python3.8/site-packages/airflow/example_dags/example_branch_labels.py
[2022-02-22 15:43:37,282] {processor.py:654} INFO - DAG(s) dict_keys(['example_branch_labels']) retrieved from /Users/aleckienzle/Developer/nba-etl/env/lib/python3.8/site-packages/airflow/example_dags/example_branch_labels.py
[2022-02-22 15:43:37,292] {logging_mixin.py:109} INFO - [2022-02-22 15:43:37,292] {dag.py:2396} INFO - Sync 1 DAGs
[2022-02-22 15:43:37,296] {logging_mixin.py:109} INFO - [2022-02-22 15:43:37,296] {dag.py:2935} INFO - Setting next_dagrun for example_branch_labels to 2022-02-21 00:00:00+00:00
[2022-02-22 15:43:37,299] {processor.py:171} INFO - Processing /Users/aleckienzle/Developer/nba-etl/env/lib/python3.8/site-packages/airflow/example_dags/example_branch_labels.py took 0.034 seconds
[2022-02-22 15:44:42,924] {processor.py:163} INFO - Started process (PID=42004) to work on /Users/aleckienzle/Developer/nba-etl/env/lib/python3.8/site-packages/airflow/example_dags/example_branch_labels.py
[2022-02-22 15:44:42,925] {processor.py:642} INFO - Processing file /Users/aleckienzle/Developer/nba-etl/env/lib/python3.8/site-packages/airflow/example_dags/example_branch_labels.py for tasks to queue
[2022-02-22 15:44:42,925] {logging_mixin.py:109} INFO - [2022-02-22 15:44:42,925] {dagbag.py:500} INFO - Filling up the DagBag from /Users/aleckienzle/Developer/nba-etl/env/lib/python3.8/site-packages/airflow/example_dags/example_branch_labels.py
[2022-02-22 15:44:42,941] {processor.py:654} INFO - DAG(s) dict_keys(['example_branch_labels']) retrieved from /Users/aleckienzle/Developer/nba-etl/env/lib/python3.8/site-packages/airflow/example_dags/example_branch_labels.py
[2022-02-22 15:44:42,951] {logging_mixin.py:109} INFO - [2022-02-22 15:44:42,951] {dag.py:2396} INFO - Sync 1 DAGs
[2022-02-22 15:44:42,955] {logging_mixin.py:109} INFO - [2022-02-22 15:44:42,955] {dag.py:2935} INFO - Setting next_dagrun for example_branch_labels to 2022-02-21 00:00:00+00:00
[2022-02-22 15:44:42,958] {processor.py:171} INFO - Processing /Users/aleckienzle/Developer/nba-etl/env/lib/python3.8/site-packages/airflow/example_dags/example_branch_labels.py took 0.034 seconds
[2022-02-22 15:45:48,737] {processor.py:163} INFO - Started process (PID=42162) to work on /Users/aleckienzle/Developer/nba-etl/env/lib/python3.8/site-packages/airflow/example_dags/example_branch_labels.py
[2022-02-22 15:45:48,738] {processor.py:642} INFO - Processing file /Users/aleckienzle/Developer/nba-etl/env/lib/python3.8/site-packages/airflow/example_dags/example_branch_labels.py for tasks to queue
[2022-02-22 15:45:48,738] {logging_mixin.py:109} INFO - [2022-02-22 15:45:48,738] {dagbag.py:500} INFO - Filling up the DagBag from /Users/aleckienzle/Developer/nba-etl/env/lib/python3.8/site-packages/airflow/example_dags/example_branch_labels.py
[2022-02-22 15:45:48,754] {processor.py:654} INFO - DAG(s) dict_keys(['example_branch_labels']) retrieved from /Users/aleckienzle/Developer/nba-etl/env/lib/python3.8/site-packages/airflow/example_dags/example_branch_labels.py
[2022-02-22 15:45:48,763] {logging_mixin.py:109} INFO - [2022-02-22 15:45:48,763] {dag.py:2396} INFO - Sync 1 DAGs
[2022-02-22 15:45:48,769] {logging_mixin.py:109} INFO - [2022-02-22 15:45:48,769] {dag.py:2935} INFO - Setting next_dagrun for example_branch_labels to 2022-02-21 00:00:00+00:00
[2022-02-22 15:45:48,772] {processor.py:171} INFO - Processing /Users/aleckienzle/Developer/nba-etl/env/lib/python3.8/site-packages/airflow/example_dags/example_branch_labels.py took 0.036 seconds
[2022-02-22 15:46:54,645] {processor.py:163} INFO - Started process (PID=42376) to work on /Users/aleckienzle/Developer/nba-etl/env/lib/python3.8/site-packages/airflow/example_dags/example_branch_labels.py
[2022-02-22 15:46:54,647] {processor.py:642} INFO - Processing file /Users/aleckienzle/Developer/nba-etl/env/lib/python3.8/site-packages/airflow/example_dags/example_branch_labels.py for tasks to queue
[2022-02-22 15:46:54,647] {logging_mixin.py:109} INFO - [2022-02-22 15:46:54,647] {dagbag.py:500} INFO - Filling up the DagBag from /Users/aleckienzle/Developer/nba-etl/env/lib/python3.8/site-packages/airflow/example_dags/example_branch_labels.py
[2022-02-22 15:46:54,662] {processor.py:654} INFO - DAG(s) dict_keys(['example_branch_labels']) retrieved from /Users/aleckienzle/Developer/nba-etl/env/lib/python3.8/site-packages/airflow/example_dags/example_branch_labels.py
[2022-02-22 15:46:54,672] {logging_mixin.py:109} INFO - [2022-02-22 15:46:54,672] {dag.py:2396} INFO - Sync 1 DAGs
[2022-02-22 15:46:54,676] {logging_mixin.py:109} INFO - [2022-02-22 15:46:54,676] {dag.py:2935} INFO - Setting next_dagrun for example_branch_labels to 2022-02-21 00:00:00+00:00
[2022-02-22 15:46:54,679] {processor.py:171} INFO - Processing /Users/aleckienzle/Developer/nba-etl/env/lib/python3.8/site-packages/airflow/example_dags/example_branch_labels.py took 0.034 seconds
[2022-02-22 15:48:06,315] {processor.py:163} INFO - Started process (PID=42632) to work on /Users/aleckienzle/Developer/nba-etl/env/lib/python3.8/site-packages/airflow/example_dags/example_branch_labels.py
[2022-02-22 15:48:06,316] {processor.py:642} INFO - Processing file /Users/aleckienzle/Developer/nba-etl/env/lib/python3.8/site-packages/airflow/example_dags/example_branch_labels.py for tasks to queue
[2022-02-22 15:48:06,317] {logging_mixin.py:109} INFO - [2022-02-22 15:48:06,317] {dagbag.py:500} INFO - Filling up the DagBag from /Users/aleckienzle/Developer/nba-etl/env/lib/python3.8/site-packages/airflow/example_dags/example_branch_labels.py
[2022-02-22 15:48:06,332] {processor.py:654} INFO - DAG(s) dict_keys(['example_branch_labels']) retrieved from /Users/aleckienzle/Developer/nba-etl/env/lib/python3.8/site-packages/airflow/example_dags/example_branch_labels.py
[2022-02-22 15:48:06,341] {logging_mixin.py:109} INFO - [2022-02-22 15:48:06,341] {dag.py:2396} INFO - Sync 1 DAGs
[2022-02-22 15:48:06,346] {logging_mixin.py:109} INFO - [2022-02-22 15:48:06,346] {dag.py:2935} INFO - Setting next_dagrun for example_branch_labels to 2022-02-21 00:00:00+00:00
[2022-02-22 15:48:06,349] {processor.py:171} INFO - Processing /Users/aleckienzle/Developer/nba-etl/env/lib/python3.8/site-packages/airflow/example_dags/example_branch_labels.py took 0.035 seconds
[2022-02-22 15:49:14,396] {processor.py:163} INFO - Started process (PID=42803) to work on /Users/aleckienzle/Developer/nba-etl/env/lib/python3.8/site-packages/airflow/example_dags/example_branch_labels.py
[2022-02-22 15:49:14,398] {processor.py:642} INFO - Processing file /Users/aleckienzle/Developer/nba-etl/env/lib/python3.8/site-packages/airflow/example_dags/example_branch_labels.py for tasks to queue
[2022-02-22 15:49:14,398] {logging_mixin.py:109} INFO - [2022-02-22 15:49:14,398] {dagbag.py:500} INFO - Filling up the DagBag from /Users/aleckienzle/Developer/nba-etl/env/lib/python3.8/site-packages/airflow/example_dags/example_branch_labels.py
[2022-02-22 15:49:14,413] {processor.py:654} INFO - DAG(s) dict_keys(['example_branch_labels']) retrieved from /Users/aleckienzle/Developer/nba-etl/env/lib/python3.8/site-packages/airflow/example_dags/example_branch_labels.py
[2022-02-22 15:49:14,423] {logging_mixin.py:109} INFO - [2022-02-22 15:49:14,423] {dag.py:2396} INFO - Sync 1 DAGs
[2022-02-22 15:49:14,427] {logging_mixin.py:109} INFO - [2022-02-22 15:49:14,427] {dag.py:2935} INFO - Setting next_dagrun for example_branch_labels to 2022-02-21 00:00:00+00:00
[2022-02-22 15:49:14,430] {processor.py:171} INFO - Processing /Users/aleckienzle/Developer/nba-etl/env/lib/python3.8/site-packages/airflow/example_dags/example_branch_labels.py took 0.034 seconds
[2022-02-22 15:50:22,659] {processor.py:163} INFO - Started process (PID=42978) to work on /Users/aleckienzle/Developer/nba-etl/env/lib/python3.8/site-packages/airflow/example_dags/example_branch_labels.py
[2022-02-22 15:50:22,659] {processor.py:642} INFO - Processing file /Users/aleckienzle/Developer/nba-etl/env/lib/python3.8/site-packages/airflow/example_dags/example_branch_labels.py for tasks to queue
[2022-02-22 15:50:22,659] {logging_mixin.py:109} INFO - [2022-02-22 15:50:22,659] {dagbag.py:500} INFO - Filling up the DagBag from /Users/aleckienzle/Developer/nba-etl/env/lib/python3.8/site-packages/airflow/example_dags/example_branch_labels.py
[2022-02-22 15:50:22,675] {processor.py:654} INFO - DAG(s) dict_keys(['example_branch_labels']) retrieved from /Users/aleckienzle/Developer/nba-etl/env/lib/python3.8/site-packages/airflow/example_dags/example_branch_labels.py
[2022-02-22 15:50:22,685] {logging_mixin.py:109} INFO - [2022-02-22 15:50:22,685] {dag.py:2396} INFO - Sync 1 DAGs
[2022-02-22 15:50:22,690] {logging_mixin.py:109} INFO - [2022-02-22 15:50:22,690] {dag.py:2935} INFO - Setting next_dagrun for example_branch_labels to 2022-02-21 00:00:00+00:00
[2022-02-22 15:50:22,694] {processor.py:171} INFO - Processing /Users/aleckienzle/Developer/nba-etl/env/lib/python3.8/site-packages/airflow/example_dags/example_branch_labels.py took 0.036 seconds
[2022-02-22 15:51:32,595] {processor.py:163} INFO - Started process (PID=43165) to work on /Users/aleckienzle/Developer/nba-etl/env/lib/python3.8/site-packages/airflow/example_dags/example_branch_labels.py
[2022-02-22 15:51:32,596] {processor.py:642} INFO - Processing file /Users/aleckienzle/Developer/nba-etl/env/lib/python3.8/site-packages/airflow/example_dags/example_branch_labels.py for tasks to queue
[2022-02-22 15:51:32,596] {logging_mixin.py:109} INFO - [2022-02-22 15:51:32,596] {dagbag.py:500} INFO - Filling up the DagBag from /Users/aleckienzle/Developer/nba-etl/env/lib/python3.8/site-packages/airflow/example_dags/example_branch_labels.py
[2022-02-22 15:51:32,617] {processor.py:654} INFO - DAG(s) dict_keys(['example_branch_labels']) retrieved from /Users/aleckienzle/Developer/nba-etl/env/lib/python3.8/site-packages/airflow/example_dags/example_branch_labels.py
[2022-02-22 15:51:32,629] {logging_mixin.py:109} INFO - [2022-02-22 15:51:32,629] {dag.py:2396} INFO - Sync 1 DAGs
[2022-02-22 15:51:32,635] {logging_mixin.py:109} INFO - [2022-02-22 15:51:32,635] {dag.py:2935} INFO - Setting next_dagrun for example_branch_labels to 2022-02-21 00:00:00+00:00
[2022-02-22 15:51:32,639] {processor.py:171} INFO - Processing /Users/aleckienzle/Developer/nba-etl/env/lib/python3.8/site-packages/airflow/example_dags/example_branch_labels.py took 0.045 seconds
[2022-02-22 15:52:41,439] {processor.py:163} INFO - Started process (PID=43334) to work on /Users/aleckienzle/Developer/nba-etl/env/lib/python3.8/site-packages/airflow/example_dags/example_branch_labels.py
[2022-02-22 15:52:41,440] {processor.py:642} INFO - Processing file /Users/aleckienzle/Developer/nba-etl/env/lib/python3.8/site-packages/airflow/example_dags/example_branch_labels.py for tasks to queue
[2022-02-22 15:52:41,440] {logging_mixin.py:109} INFO - [2022-02-22 15:52:41,440] {dagbag.py:500} INFO - Filling up the DagBag from /Users/aleckienzle/Developer/nba-etl/env/lib/python3.8/site-packages/airflow/example_dags/example_branch_labels.py
[2022-02-22 15:52:41,458] {processor.py:654} INFO - DAG(s) dict_keys(['example_branch_labels']) retrieved from /Users/aleckienzle/Developer/nba-etl/env/lib/python3.8/site-packages/airflow/example_dags/example_branch_labels.py
[2022-02-22 15:52:41,467] {logging_mixin.py:109} INFO - [2022-02-22 15:52:41,467] {dag.py:2396} INFO - Sync 1 DAGs
[2022-02-22 15:52:41,472] {logging_mixin.py:109} INFO - [2022-02-22 15:52:41,472] {dag.py:2935} INFO - Setting next_dagrun for example_branch_labels to 2022-02-21 00:00:00+00:00
[2022-02-22 15:52:41,476] {processor.py:171} INFO - Processing /Users/aleckienzle/Developer/nba-etl/env/lib/python3.8/site-packages/airflow/example_dags/example_branch_labels.py took 0.037 seconds
[2022-02-22 15:53:50,064] {processor.py:163} INFO - Started process (PID=43503) to work on /Users/aleckienzle/Developer/nba-etl/env/lib/python3.8/site-packages/airflow/example_dags/example_branch_labels.py
[2022-02-22 15:53:50,064] {processor.py:642} INFO - Processing file /Users/aleckienzle/Developer/nba-etl/env/lib/python3.8/site-packages/airflow/example_dags/example_branch_labels.py for tasks to queue
[2022-02-22 15:53:50,065] {logging_mixin.py:109} INFO - [2022-02-22 15:53:50,065] {dagbag.py:500} INFO - Filling up the DagBag from /Users/aleckienzle/Developer/nba-etl/env/lib/python3.8/site-packages/airflow/example_dags/example_branch_labels.py
[2022-02-22 15:53:50,080] {processor.py:654} INFO - DAG(s) dict_keys(['example_branch_labels']) retrieved from /Users/aleckienzle/Developer/nba-etl/env/lib/python3.8/site-packages/airflow/example_dags/example_branch_labels.py
[2022-02-22 15:53:50,089] {logging_mixin.py:109} INFO - [2022-02-22 15:53:50,089] {dag.py:2396} INFO - Sync 1 DAGs
[2022-02-22 15:53:50,110] {logging_mixin.py:109} INFO - [2022-02-22 15:53:50,109] {dag.py:2935} INFO - Setting next_dagrun for example_branch_labels to 2022-02-21 00:00:00+00:00
[2022-02-22 15:53:50,113] {processor.py:171} INFO - Processing /Users/aleckienzle/Developer/nba-etl/env/lib/python3.8/site-packages/airflow/example_dags/example_branch_labels.py took 0.049 seconds
[2022-02-22 15:54:58,454] {processor.py:163} INFO - Started process (PID=43672) to work on /Users/aleckienzle/Developer/nba-etl/env/lib/python3.8/site-packages/airflow/example_dags/example_branch_labels.py
[2022-02-22 15:54:58,455] {processor.py:642} INFO - Processing file /Users/aleckienzle/Developer/nba-etl/env/lib/python3.8/site-packages/airflow/example_dags/example_branch_labels.py for tasks to queue
[2022-02-22 15:54:58,455] {logging_mixin.py:109} INFO - [2022-02-22 15:54:58,455] {dagbag.py:500} INFO - Filling up the DagBag from /Users/aleckienzle/Developer/nba-etl/env/lib/python3.8/site-packages/airflow/example_dags/example_branch_labels.py
[2022-02-22 15:54:58,470] {processor.py:654} INFO - DAG(s) dict_keys(['example_branch_labels']) retrieved from /Users/aleckienzle/Developer/nba-etl/env/lib/python3.8/site-packages/airflow/example_dags/example_branch_labels.py
[2022-02-22 15:54:58,480] {logging_mixin.py:109} INFO - [2022-02-22 15:54:58,480] {dag.py:2396} INFO - Sync 1 DAGs
[2022-02-22 15:54:58,485] {logging_mixin.py:109} INFO - [2022-02-22 15:54:58,485] {dag.py:2935} INFO - Setting next_dagrun for example_branch_labels to 2022-02-21 00:00:00+00:00
[2022-02-22 15:54:58,488] {processor.py:171} INFO - Processing /Users/aleckienzle/Developer/nba-etl/env/lib/python3.8/site-packages/airflow/example_dags/example_branch_labels.py took 0.034 seconds
[2022-02-22 15:56:08,396] {processor.py:163} INFO - Started process (PID=43871) to work on /Users/aleckienzle/Developer/nba-etl/env/lib/python3.8/site-packages/airflow/example_dags/example_branch_labels.py
[2022-02-22 15:56:08,397] {processor.py:642} INFO - Processing file /Users/aleckienzle/Developer/nba-etl/env/lib/python3.8/site-packages/airflow/example_dags/example_branch_labels.py for tasks to queue
[2022-02-22 15:56:08,397] {logging_mixin.py:109} INFO - [2022-02-22 15:56:08,397] {dagbag.py:500} INFO - Filling up the DagBag from /Users/aleckienzle/Developer/nba-etl/env/lib/python3.8/site-packages/airflow/example_dags/example_branch_labels.py
[2022-02-22 15:56:08,413] {processor.py:654} INFO - DAG(s) dict_keys(['example_branch_labels']) retrieved from /Users/aleckienzle/Developer/nba-etl/env/lib/python3.8/site-packages/airflow/example_dags/example_branch_labels.py
[2022-02-22 15:56:08,423] {logging_mixin.py:109} INFO - [2022-02-22 15:56:08,423] {dag.py:2396} INFO - Sync 1 DAGs
[2022-02-22 15:56:08,429] {logging_mixin.py:109} INFO - [2022-02-22 15:56:08,428] {dag.py:2935} INFO - Setting next_dagrun for example_branch_labels to 2022-02-21 00:00:00+00:00
[2022-02-22 15:56:08,432] {processor.py:171} INFO - Processing /Users/aleckienzle/Developer/nba-etl/env/lib/python3.8/site-packages/airflow/example_dags/example_branch_labels.py took 0.036 seconds
[2022-02-22 15:57:16,057] {processor.py:163} INFO - Started process (PID=44036) to work on /Users/aleckienzle/Developer/nba-etl/env/lib/python3.8/site-packages/airflow/example_dags/example_branch_labels.py
[2022-02-22 15:57:16,059] {processor.py:642} INFO - Processing file /Users/aleckienzle/Developer/nba-etl/env/lib/python3.8/site-packages/airflow/example_dags/example_branch_labels.py for tasks to queue
[2022-02-22 15:57:16,059] {logging_mixin.py:109} INFO - [2022-02-22 15:57:16,059] {dagbag.py:500} INFO - Filling up the DagBag from /Users/aleckienzle/Developer/nba-etl/env/lib/python3.8/site-packages/airflow/example_dags/example_branch_labels.py
[2022-02-22 15:57:16,074] {processor.py:654} INFO - DAG(s) dict_keys(['example_branch_labels']) retrieved from /Users/aleckienzle/Developer/nba-etl/env/lib/python3.8/site-packages/airflow/example_dags/example_branch_labels.py
[2022-02-22 15:57:16,083] {logging_mixin.py:109} INFO - [2022-02-22 15:57:16,083] {dag.py:2396} INFO - Sync 1 DAGs
[2022-02-22 15:57:16,088] {logging_mixin.py:109} INFO - [2022-02-22 15:57:16,088] {dag.py:2935} INFO - Setting next_dagrun for example_branch_labels to 2022-02-21 00:00:00+00:00
[2022-02-22 15:57:16,091] {processor.py:171} INFO - Processing /Users/aleckienzle/Developer/nba-etl/env/lib/python3.8/site-packages/airflow/example_dags/example_branch_labels.py took 0.034 seconds
[2022-02-22 15:58:26,716] {processor.py:163} INFO - Started process (PID=44318) to work on /Users/aleckienzle/Developer/nba-etl/env/lib/python3.8/site-packages/airflow/example_dags/example_branch_labels.py
[2022-02-22 15:58:26,717] {processor.py:642} INFO - Processing file /Users/aleckienzle/Developer/nba-etl/env/lib/python3.8/site-packages/airflow/example_dags/example_branch_labels.py for tasks to queue
[2022-02-22 15:58:26,717] {logging_mixin.py:109} INFO - [2022-02-22 15:58:26,717] {dagbag.py:500} INFO - Filling up the DagBag from /Users/aleckienzle/Developer/nba-etl/env/lib/python3.8/site-packages/airflow/example_dags/example_branch_labels.py
[2022-02-22 15:58:26,732] {processor.py:654} INFO - DAG(s) dict_keys(['example_branch_labels']) retrieved from /Users/aleckienzle/Developer/nba-etl/env/lib/python3.8/site-packages/airflow/example_dags/example_branch_labels.py
[2022-02-22 15:58:26,742] {logging_mixin.py:109} INFO - [2022-02-22 15:58:26,742] {dag.py:2396} INFO - Sync 1 DAGs
[2022-02-22 15:58:26,747] {logging_mixin.py:109} INFO - [2022-02-22 15:58:26,747] {dag.py:2935} INFO - Setting next_dagrun for example_branch_labels to 2022-02-21 00:00:00+00:00
[2022-02-22 15:58:26,750] {processor.py:171} INFO - Processing /Users/aleckienzle/Developer/nba-etl/env/lib/python3.8/site-packages/airflow/example_dags/example_branch_labels.py took 0.034 seconds
[2022-02-22 15:59:32,571] {processor.py:163} INFO - Started process (PID=44582) to work on /Users/aleckienzle/Developer/nba-etl/env/lib/python3.8/site-packages/airflow/example_dags/example_branch_labels.py
[2022-02-22 15:59:32,573] {processor.py:642} INFO - Processing file /Users/aleckienzle/Developer/nba-etl/env/lib/python3.8/site-packages/airflow/example_dags/example_branch_labels.py for tasks to queue
[2022-02-22 15:59:32,573] {logging_mixin.py:109} INFO - [2022-02-22 15:59:32,573] {dagbag.py:500} INFO - Filling up the DagBag from /Users/aleckienzle/Developer/nba-etl/env/lib/python3.8/site-packages/airflow/example_dags/example_branch_labels.py
[2022-02-22 15:59:32,589] {processor.py:654} INFO - DAG(s) dict_keys(['example_branch_labels']) retrieved from /Users/aleckienzle/Developer/nba-etl/env/lib/python3.8/site-packages/airflow/example_dags/example_branch_labels.py
[2022-02-22 15:59:32,599] {logging_mixin.py:109} INFO - [2022-02-22 15:59:32,599] {dag.py:2396} INFO - Sync 1 DAGs
[2022-02-22 15:59:32,604] {logging_mixin.py:109} INFO - [2022-02-22 15:59:32,604] {dag.py:2935} INFO - Setting next_dagrun for example_branch_labels to 2022-02-21 00:00:00+00:00
[2022-02-22 15:59:32,607] {processor.py:171} INFO - Processing /Users/aleckienzle/Developer/nba-etl/env/lib/python3.8/site-packages/airflow/example_dags/example_branch_labels.py took 0.036 seconds
