[2022-02-22 15:37:44,693] {processor.py:163} INFO - Started process (PID=40970) to work on /Users/aleckienzle/Developer/nba-etl/env/lib/python3.8/site-packages/airflow/example_dags/example_task_group.py
[2022-02-22 15:37:44,693] {processor.py:642} INFO - Processing file /Users/aleckienzle/Developer/nba-etl/env/lib/python3.8/site-packages/airflow/example_dags/example_task_group.py for tasks to queue
[2022-02-22 15:37:44,693] {logging_mixin.py:109} INFO - [2022-02-22 15:37:44,693] {dagbag.py:500} INFO - Filling up the DagBag from /Users/aleckienzle/Developer/nba-etl/env/lib/python3.8/site-packages/airflow/example_dags/example_task_group.py
[2022-02-22 15:37:44,710] {processor.py:654} INFO - DAG(s) dict_keys(['example_task_group']) retrieved from /Users/aleckienzle/Developer/nba-etl/env/lib/python3.8/site-packages/airflow/example_dags/example_task_group.py
[2022-02-22 15:37:44,716] {logging_mixin.py:109} INFO - [2022-02-22 15:37:44,716] {dag.py:2396} INFO - Sync 1 DAGs
[2022-02-22 15:37:44,722] {logging_mixin.py:109} INFO - [2022-02-22 15:37:44,722] {dag.py:2935} INFO - Setting next_dagrun for example_task_group to 2022-02-21T23:37:44.722029+00:00
[2022-02-22 15:37:44,725] {processor.py:171} INFO - Processing /Users/aleckienzle/Developer/nba-etl/env/lib/python3.8/site-packages/airflow/example_dags/example_task_group.py took 0.032 seconds
[2022-02-22 15:38:46,593] {processor.py:163} INFO - Started process (PID=41133) to work on /Users/aleckienzle/Developer/nba-etl/env/lib/python3.8/site-packages/airflow/example_dags/example_task_group.py
[2022-02-22 15:38:46,594] {processor.py:642} INFO - Processing file /Users/aleckienzle/Developer/nba-etl/env/lib/python3.8/site-packages/airflow/example_dags/example_task_group.py for tasks to queue
[2022-02-22 15:38:46,594] {logging_mixin.py:109} INFO - [2022-02-22 15:38:46,594] {dagbag.py:500} INFO - Filling up the DagBag from /Users/aleckienzle/Developer/nba-etl/env/lib/python3.8/site-packages/airflow/example_dags/example_task_group.py
[2022-02-22 15:38:46,610] {processor.py:654} INFO - DAG(s) dict_keys(['example_task_group']) retrieved from /Users/aleckienzle/Developer/nba-etl/env/lib/python3.8/site-packages/airflow/example_dags/example_task_group.py
[2022-02-22 15:38:46,620] {logging_mixin.py:109} INFO - [2022-02-22 15:38:46,620] {dag.py:2396} INFO - Sync 1 DAGs
[2022-02-22 15:38:46,624] {logging_mixin.py:109} INFO - [2022-02-22 15:38:46,624] {dag.py:2935} INFO - Setting next_dagrun for example_task_group to 2022-02-21T23:38:46.624224+00:00
[2022-02-22 15:38:46,627] {processor.py:171} INFO - Processing /Users/aleckienzle/Developer/nba-etl/env/lib/python3.8/site-packages/airflow/example_dags/example_task_group.py took 0.035 seconds
[2022-02-22 15:39:50,296] {processor.py:163} INFO - Started process (PID=41291) to work on /Users/aleckienzle/Developer/nba-etl/env/lib/python3.8/site-packages/airflow/example_dags/example_task_group.py
[2022-02-22 15:39:50,297] {processor.py:642} INFO - Processing file /Users/aleckienzle/Developer/nba-etl/env/lib/python3.8/site-packages/airflow/example_dags/example_task_group.py for tasks to queue
[2022-02-22 15:39:50,297] {logging_mixin.py:109} INFO - [2022-02-22 15:39:50,297] {dagbag.py:500} INFO - Filling up the DagBag from /Users/aleckienzle/Developer/nba-etl/env/lib/python3.8/site-packages/airflow/example_dags/example_task_group.py
[2022-02-22 15:39:50,313] {processor.py:654} INFO - DAG(s) dict_keys(['example_task_group']) retrieved from /Users/aleckienzle/Developer/nba-etl/env/lib/python3.8/site-packages/airflow/example_dags/example_task_group.py
[2022-02-22 15:39:50,323] {logging_mixin.py:109} INFO - [2022-02-22 15:39:50,323] {dag.py:2396} INFO - Sync 1 DAGs
[2022-02-22 15:39:50,327] {logging_mixin.py:109} INFO - [2022-02-22 15:39:50,327] {dag.py:2935} INFO - Setting next_dagrun for example_task_group to 2022-02-21T23:39:50.327214+00:00
[2022-02-22 15:39:50,330] {processor.py:171} INFO - Processing /Users/aleckienzle/Developer/nba-etl/env/lib/python3.8/site-packages/airflow/example_dags/example_task_group.py took 0.034 seconds
[2022-02-22 15:40:54,179] {processor.py:163} INFO - Started process (PID=41434) to work on /Users/aleckienzle/Developer/nba-etl/env/lib/python3.8/site-packages/airflow/example_dags/example_task_group.py
[2022-02-22 15:40:54,180] {processor.py:642} INFO - Processing file /Users/aleckienzle/Developer/nba-etl/env/lib/python3.8/site-packages/airflow/example_dags/example_task_group.py for tasks to queue
[2022-02-22 15:40:54,180] {logging_mixin.py:109} INFO - [2022-02-22 15:40:54,180] {dagbag.py:500} INFO - Filling up the DagBag from /Users/aleckienzle/Developer/nba-etl/env/lib/python3.8/site-packages/airflow/example_dags/example_task_group.py
[2022-02-22 15:40:54,198] {processor.py:654} INFO - DAG(s) dict_keys(['example_task_group']) retrieved from /Users/aleckienzle/Developer/nba-etl/env/lib/python3.8/site-packages/airflow/example_dags/example_task_group.py
[2022-02-22 15:40:54,208] {logging_mixin.py:109} INFO - [2022-02-22 15:40:54,208] {dag.py:2396} INFO - Sync 1 DAGs
[2022-02-22 15:40:54,212] {logging_mixin.py:109} INFO - [2022-02-22 15:40:54,212] {dag.py:2935} INFO - Setting next_dagrun for example_task_group to 2022-02-21T23:40:54.212642+00:00
[2022-02-22 15:40:54,216] {processor.py:171} INFO - Processing /Users/aleckienzle/Developer/nba-etl/env/lib/python3.8/site-packages/airflow/example_dags/example_task_group.py took 0.037 seconds
[2022-02-22 15:41:58,045] {processor.py:163} INFO - Started process (PID=41577) to work on /Users/aleckienzle/Developer/nba-etl/env/lib/python3.8/site-packages/airflow/example_dags/example_task_group.py
[2022-02-22 15:41:58,046] {processor.py:642} INFO - Processing file /Users/aleckienzle/Developer/nba-etl/env/lib/python3.8/site-packages/airflow/example_dags/example_task_group.py for tasks to queue
[2022-02-22 15:41:58,046] {logging_mixin.py:109} INFO - [2022-02-22 15:41:58,046] {dagbag.py:500} INFO - Filling up the DagBag from /Users/aleckienzle/Developer/nba-etl/env/lib/python3.8/site-packages/airflow/example_dags/example_task_group.py
[2022-02-22 15:41:58,061] {processor.py:654} INFO - DAG(s) dict_keys(['example_task_group']) retrieved from /Users/aleckienzle/Developer/nba-etl/env/lib/python3.8/site-packages/airflow/example_dags/example_task_group.py
[2022-02-22 15:41:58,071] {logging_mixin.py:109} INFO - [2022-02-22 15:41:58,071] {dag.py:2396} INFO - Sync 1 DAGs
[2022-02-22 15:41:58,075] {logging_mixin.py:109} INFO - [2022-02-22 15:41:58,075] {dag.py:2935} INFO - Setting next_dagrun for example_task_group to 2022-02-21T23:41:58.075543+00:00
[2022-02-22 15:41:58,079] {processor.py:171} INFO - Processing /Users/aleckienzle/Developer/nba-etl/env/lib/python3.8/site-packages/airflow/example_dags/example_task_group.py took 0.034 seconds
[2022-02-22 15:43:02,530] {processor.py:163} INFO - Started process (PID=41764) to work on /Users/aleckienzle/Developer/nba-etl/env/lib/python3.8/site-packages/airflow/example_dags/example_task_group.py
[2022-02-22 15:43:02,531] {processor.py:642} INFO - Processing file /Users/aleckienzle/Developer/nba-etl/env/lib/python3.8/site-packages/airflow/example_dags/example_task_group.py for tasks to queue
[2022-02-22 15:43:02,531] {logging_mixin.py:109} INFO - [2022-02-22 15:43:02,531] {dagbag.py:500} INFO - Filling up the DagBag from /Users/aleckienzle/Developer/nba-etl/env/lib/python3.8/site-packages/airflow/example_dags/example_task_group.py
[2022-02-22 15:43:02,547] {processor.py:654} INFO - DAG(s) dict_keys(['example_task_group']) retrieved from /Users/aleckienzle/Developer/nba-etl/env/lib/python3.8/site-packages/airflow/example_dags/example_task_group.py
[2022-02-22 15:43:02,556] {logging_mixin.py:109} INFO - [2022-02-22 15:43:02,556] {dag.py:2396} INFO - Sync 1 DAGs
[2022-02-22 15:43:02,560] {logging_mixin.py:109} INFO - [2022-02-22 15:43:02,560] {dag.py:2935} INFO - Setting next_dagrun for example_task_group to 2022-02-21T23:43:02.560837+00:00
[2022-02-22 15:43:02,564] {processor.py:171} INFO - Processing /Users/aleckienzle/Developer/nba-etl/env/lib/python3.8/site-packages/airflow/example_dags/example_task_group.py took 0.034 seconds
[2022-02-22 15:44:08,352] {processor.py:163} INFO - Started process (PID=41932) to work on /Users/aleckienzle/Developer/nba-etl/env/lib/python3.8/site-packages/airflow/example_dags/example_task_group.py
[2022-02-22 15:44:08,353] {processor.py:642} INFO - Processing file /Users/aleckienzle/Developer/nba-etl/env/lib/python3.8/site-packages/airflow/example_dags/example_task_group.py for tasks to queue
[2022-02-22 15:44:08,353] {logging_mixin.py:109} INFO - [2022-02-22 15:44:08,353] {dagbag.py:500} INFO - Filling up the DagBag from /Users/aleckienzle/Developer/nba-etl/env/lib/python3.8/site-packages/airflow/example_dags/example_task_group.py
[2022-02-22 15:44:08,369] {processor.py:654} INFO - DAG(s) dict_keys(['example_task_group']) retrieved from /Users/aleckienzle/Developer/nba-etl/env/lib/python3.8/site-packages/airflow/example_dags/example_task_group.py
[2022-02-22 15:44:08,380] {logging_mixin.py:109} INFO - [2022-02-22 15:44:08,380] {dag.py:2396} INFO - Sync 1 DAGs
[2022-02-22 15:44:08,384] {logging_mixin.py:109} INFO - [2022-02-22 15:44:08,384] {dag.py:2935} INFO - Setting next_dagrun for example_task_group to 2022-02-21T23:44:08.384121+00:00
[2022-02-22 15:44:08,387] {processor.py:171} INFO - Processing /Users/aleckienzle/Developer/nba-etl/env/lib/python3.8/site-packages/airflow/example_dags/example_task_group.py took 0.036 seconds
[2022-02-22 15:45:14,109] {processor.py:163} INFO - Started process (PID=42071) to work on /Users/aleckienzle/Developer/nba-etl/env/lib/python3.8/site-packages/airflow/example_dags/example_task_group.py
[2022-02-22 15:45:14,109] {processor.py:642} INFO - Processing file /Users/aleckienzle/Developer/nba-etl/env/lib/python3.8/site-packages/airflow/example_dags/example_task_group.py for tasks to queue
[2022-02-22 15:45:14,110] {logging_mixin.py:109} INFO - [2022-02-22 15:45:14,110] {dagbag.py:500} INFO - Filling up the DagBag from /Users/aleckienzle/Developer/nba-etl/env/lib/python3.8/site-packages/airflow/example_dags/example_task_group.py
[2022-02-22 15:45:14,125] {processor.py:654} INFO - DAG(s) dict_keys(['example_task_group']) retrieved from /Users/aleckienzle/Developer/nba-etl/env/lib/python3.8/site-packages/airflow/example_dags/example_task_group.py
[2022-02-22 15:45:14,138] {logging_mixin.py:109} INFO - [2022-02-22 15:45:14,138] {dag.py:2396} INFO - Sync 1 DAGs
[2022-02-22 15:45:14,142] {logging_mixin.py:109} INFO - [2022-02-22 15:45:14,142] {dag.py:2935} INFO - Setting next_dagrun for example_task_group to 2022-02-21T23:45:14.142240+00:00
[2022-02-22 15:45:14,146] {processor.py:171} INFO - Processing /Users/aleckienzle/Developer/nba-etl/env/lib/python3.8/site-packages/airflow/example_dags/example_task_group.py took 0.037 seconds
[2022-02-22 15:46:19,956] {processor.py:163} INFO - Started process (PID=42256) to work on /Users/aleckienzle/Developer/nba-etl/env/lib/python3.8/site-packages/airflow/example_dags/example_task_group.py
[2022-02-22 15:46:19,957] {processor.py:642} INFO - Processing file /Users/aleckienzle/Developer/nba-etl/env/lib/python3.8/site-packages/airflow/example_dags/example_task_group.py for tasks to queue
[2022-02-22 15:46:19,957] {logging_mixin.py:109} INFO - [2022-02-22 15:46:19,957] {dagbag.py:500} INFO - Filling up the DagBag from /Users/aleckienzle/Developer/nba-etl/env/lib/python3.8/site-packages/airflow/example_dags/example_task_group.py
[2022-02-22 15:46:19,973] {processor.py:654} INFO - DAG(s) dict_keys(['example_task_group']) retrieved from /Users/aleckienzle/Developer/nba-etl/env/lib/python3.8/site-packages/airflow/example_dags/example_task_group.py
[2022-02-22 15:46:19,984] {logging_mixin.py:109} INFO - [2022-02-22 15:46:19,984] {dag.py:2396} INFO - Sync 1 DAGs
[2022-02-22 15:46:19,989] {logging_mixin.py:109} INFO - [2022-02-22 15:46:19,989] {dag.py:2935} INFO - Setting next_dagrun for example_task_group to 2022-02-21T23:46:19.988904+00:00
[2022-02-22 15:46:19,992] {processor.py:171} INFO - Processing /Users/aleckienzle/Developer/nba-etl/env/lib/python3.8/site-packages/airflow/example_dags/example_task_group.py took 0.037 seconds
[2022-02-22 15:47:25,827] {processor.py:163} INFO - Started process (PID=42466) to work on /Users/aleckienzle/Developer/nba-etl/env/lib/python3.8/site-packages/airflow/example_dags/example_task_group.py
[2022-02-22 15:47:25,828] {processor.py:642} INFO - Processing file /Users/aleckienzle/Developer/nba-etl/env/lib/python3.8/site-packages/airflow/example_dags/example_task_group.py for tasks to queue
[2022-02-22 15:47:25,828] {logging_mixin.py:109} INFO - [2022-02-22 15:47:25,828] {dagbag.py:500} INFO - Filling up the DagBag from /Users/aleckienzle/Developer/nba-etl/env/lib/python3.8/site-packages/airflow/example_dags/example_task_group.py
[2022-02-22 15:47:25,844] {processor.py:654} INFO - DAG(s) dict_keys(['example_task_group']) retrieved from /Users/aleckienzle/Developer/nba-etl/env/lib/python3.8/site-packages/airflow/example_dags/example_task_group.py
[2022-02-22 15:47:25,855] {logging_mixin.py:109} INFO - [2022-02-22 15:47:25,855] {dag.py:2396} INFO - Sync 1 DAGs
[2022-02-22 15:47:25,859] {logging_mixin.py:109} INFO - [2022-02-22 15:47:25,859] {dag.py:2935} INFO - Setting next_dagrun for example_task_group to 2022-02-21T23:47:25.859722+00:00
[2022-02-22 15:47:25,863] {processor.py:171} INFO - Processing /Users/aleckienzle/Developer/nba-etl/env/lib/python3.8/site-packages/airflow/example_dags/example_task_group.py took 0.036 seconds
[2022-02-22 15:48:37,808] {processor.py:163} INFO - Started process (PID=42716) to work on /Users/aleckienzle/Developer/nba-etl/env/lib/python3.8/site-packages/airflow/example_dags/example_task_group.py
[2022-02-22 15:48:37,809] {processor.py:642} INFO - Processing file /Users/aleckienzle/Developer/nba-etl/env/lib/python3.8/site-packages/airflow/example_dags/example_task_group.py for tasks to queue
[2022-02-22 15:48:37,809] {logging_mixin.py:109} INFO - [2022-02-22 15:48:37,809] {dagbag.py:500} INFO - Filling up the DagBag from /Users/aleckienzle/Developer/nba-etl/env/lib/python3.8/site-packages/airflow/example_dags/example_task_group.py
[2022-02-22 15:48:37,826] {processor.py:654} INFO - DAG(s) dict_keys(['example_task_group']) retrieved from /Users/aleckienzle/Developer/nba-etl/env/lib/python3.8/site-packages/airflow/example_dags/example_task_group.py
[2022-02-22 15:48:37,837] {logging_mixin.py:109} INFO - [2022-02-22 15:48:37,836] {dag.py:2396} INFO - Sync 1 DAGs
[2022-02-22 15:48:37,841] {logging_mixin.py:109} INFO - [2022-02-22 15:48:37,841] {dag.py:2935} INFO - Setting next_dagrun for example_task_group to 2022-02-21T23:48:37.841173+00:00
[2022-02-22 15:48:37,845] {processor.py:171} INFO - Processing /Users/aleckienzle/Developer/nba-etl/env/lib/python3.8/site-packages/airflow/example_dags/example_task_group.py took 0.036 seconds
[2022-02-22 15:49:45,817] {processor.py:163} INFO - Started process (PID=42890) to work on /Users/aleckienzle/Developer/nba-etl/env/lib/python3.8/site-packages/airflow/example_dags/example_task_group.py
[2022-02-22 15:49:45,818] {processor.py:642} INFO - Processing file /Users/aleckienzle/Developer/nba-etl/env/lib/python3.8/site-packages/airflow/example_dags/example_task_group.py for tasks to queue
[2022-02-22 15:49:45,818] {logging_mixin.py:109} INFO - [2022-02-22 15:49:45,818] {dagbag.py:500} INFO - Filling up the DagBag from /Users/aleckienzle/Developer/nba-etl/env/lib/python3.8/site-packages/airflow/example_dags/example_task_group.py
[2022-02-22 15:49:45,834] {processor.py:654} INFO - DAG(s) dict_keys(['example_task_group']) retrieved from /Users/aleckienzle/Developer/nba-etl/env/lib/python3.8/site-packages/airflow/example_dags/example_task_group.py
[2022-02-22 15:49:45,845] {logging_mixin.py:109} INFO - [2022-02-22 15:49:45,845] {dag.py:2396} INFO - Sync 1 DAGs
[2022-02-22 15:49:45,849] {logging_mixin.py:109} INFO - [2022-02-22 15:49:45,849] {dag.py:2935} INFO - Setting next_dagrun for example_task_group to 2022-02-21T23:49:45.849448+00:00
[2022-02-22 15:49:45,853] {processor.py:171} INFO - Processing /Users/aleckienzle/Developer/nba-etl/env/lib/python3.8/site-packages/airflow/example_dags/example_task_group.py took 0.036 seconds
[2022-02-22 15:50:55,575] {processor.py:163} INFO - Started process (PID=43065) to work on /Users/aleckienzle/Developer/nba-etl/env/lib/python3.8/site-packages/airflow/example_dags/example_task_group.py
[2022-02-22 15:50:55,576] {processor.py:642} INFO - Processing file /Users/aleckienzle/Developer/nba-etl/env/lib/python3.8/site-packages/airflow/example_dags/example_task_group.py for tasks to queue
[2022-02-22 15:50:55,576] {logging_mixin.py:109} INFO - [2022-02-22 15:50:55,576] {dagbag.py:500} INFO - Filling up the DagBag from /Users/aleckienzle/Developer/nba-etl/env/lib/python3.8/site-packages/airflow/example_dags/example_task_group.py
[2022-02-22 15:50:55,592] {processor.py:654} INFO - DAG(s) dict_keys(['example_task_group']) retrieved from /Users/aleckienzle/Developer/nba-etl/env/lib/python3.8/site-packages/airflow/example_dags/example_task_group.py
[2022-02-22 15:50:55,602] {logging_mixin.py:109} INFO - [2022-02-22 15:50:55,602] {dag.py:2396} INFO - Sync 1 DAGs
[2022-02-22 15:50:55,607] {logging_mixin.py:109} INFO - [2022-02-22 15:50:55,607] {dag.py:2935} INFO - Setting next_dagrun for example_task_group to 2022-02-21T23:50:55.607337+00:00
[2022-02-22 15:50:55,611] {processor.py:171} INFO - Processing /Users/aleckienzle/Developer/nba-etl/env/lib/python3.8/site-packages/airflow/example_dags/example_task_group.py took 0.036 seconds
[2022-02-22 15:52:06,037] {processor.py:163} INFO - Started process (PID=43244) to work on /Users/aleckienzle/Developer/nba-etl/env/lib/python3.8/site-packages/airflow/example_dags/example_task_group.py
[2022-02-22 15:52:06,037] {processor.py:642} INFO - Processing file /Users/aleckienzle/Developer/nba-etl/env/lib/python3.8/site-packages/airflow/example_dags/example_task_group.py for tasks to queue
[2022-02-22 15:52:06,038] {logging_mixin.py:109} INFO - [2022-02-22 15:52:06,037] {dagbag.py:500} INFO - Filling up the DagBag from /Users/aleckienzle/Developer/nba-etl/env/lib/python3.8/site-packages/airflow/example_dags/example_task_group.py
[2022-02-22 15:52:06,053] {processor.py:654} INFO - DAG(s) dict_keys(['example_task_group']) retrieved from /Users/aleckienzle/Developer/nba-etl/env/lib/python3.8/site-packages/airflow/example_dags/example_task_group.py
[2022-02-22 15:52:06,063] {logging_mixin.py:109} INFO - [2022-02-22 15:52:06,063] {dag.py:2396} INFO - Sync 1 DAGs
[2022-02-22 15:52:06,067] {logging_mixin.py:109} INFO - [2022-02-22 15:52:06,067] {dag.py:2935} INFO - Setting next_dagrun for example_task_group to 2022-02-21T23:52:06.067775+00:00
[2022-02-22 15:52:06,071] {processor.py:171} INFO - Processing /Users/aleckienzle/Developer/nba-etl/env/lib/python3.8/site-packages/airflow/example_dags/example_task_group.py took 0.034 seconds
[2022-02-22 15:53:13,141] {processor.py:163} INFO - Started process (PID=43404) to work on /Users/aleckienzle/Developer/nba-etl/env/lib/python3.8/site-packages/airflow/example_dags/example_task_group.py
[2022-02-22 15:53:13,141] {processor.py:642} INFO - Processing file /Users/aleckienzle/Developer/nba-etl/env/lib/python3.8/site-packages/airflow/example_dags/example_task_group.py for tasks to queue
[2022-02-22 15:53:13,142] {logging_mixin.py:109} INFO - [2022-02-22 15:53:13,142] {dagbag.py:500} INFO - Filling up the DagBag from /Users/aleckienzle/Developer/nba-etl/env/lib/python3.8/site-packages/airflow/example_dags/example_task_group.py
[2022-02-22 15:53:13,158] {processor.py:654} INFO - DAG(s) dict_keys(['example_task_group']) retrieved from /Users/aleckienzle/Developer/nba-etl/env/lib/python3.8/site-packages/airflow/example_dags/example_task_group.py
[2022-02-22 15:53:13,168] {logging_mixin.py:109} INFO - [2022-02-22 15:53:13,168] {dag.py:2396} INFO - Sync 1 DAGs
[2022-02-22 15:53:13,172] {logging_mixin.py:109} INFO - [2022-02-22 15:53:13,172] {dag.py:2935} INFO - Setting next_dagrun for example_task_group to 2022-02-21T23:53:13.172761+00:00
[2022-02-22 15:53:13,176] {processor.py:171} INFO - Processing /Users/aleckienzle/Developer/nba-etl/env/lib/python3.8/site-packages/airflow/example_dags/example_task_group.py took 0.035 seconds
[2022-02-22 15:54:21,785] {processor.py:163} INFO - Started process (PID=43587) to work on /Users/aleckienzle/Developer/nba-etl/env/lib/python3.8/site-packages/airflow/example_dags/example_task_group.py
[2022-02-22 15:54:21,786] {processor.py:642} INFO - Processing file /Users/aleckienzle/Developer/nba-etl/env/lib/python3.8/site-packages/airflow/example_dags/example_task_group.py for tasks to queue
[2022-02-22 15:54:21,786] {logging_mixin.py:109} INFO - [2022-02-22 15:54:21,786] {dagbag.py:500} INFO - Filling up the DagBag from /Users/aleckienzle/Developer/nba-etl/env/lib/python3.8/site-packages/airflow/example_dags/example_task_group.py
[2022-02-22 15:54:21,802] {processor.py:654} INFO - DAG(s) dict_keys(['example_task_group']) retrieved from /Users/aleckienzle/Developer/nba-etl/env/lib/python3.8/site-packages/airflow/example_dags/example_task_group.py
[2022-02-22 15:54:21,812] {logging_mixin.py:109} INFO - [2022-02-22 15:54:21,812] {dag.py:2396} INFO - Sync 1 DAGs
[2022-02-22 15:54:21,816] {logging_mixin.py:109} INFO - [2022-02-22 15:54:21,816] {dag.py:2935} INFO - Setting next_dagrun for example_task_group to 2022-02-21T23:54:21.816731+00:00
[2022-02-22 15:54:21,820] {processor.py:171} INFO - Processing /Users/aleckienzle/Developer/nba-etl/env/lib/python3.8/site-packages/airflow/example_dags/example_task_group.py took 0.035 seconds
[2022-02-22 15:55:31,850] {processor.py:163} INFO - Started process (PID=43782) to work on /Users/aleckienzle/Developer/nba-etl/env/lib/python3.8/site-packages/airflow/example_dags/example_task_group.py
[2022-02-22 15:55:31,851] {processor.py:642} INFO - Processing file /Users/aleckienzle/Developer/nba-etl/env/lib/python3.8/site-packages/airflow/example_dags/example_task_group.py for tasks to queue
[2022-02-22 15:55:31,851] {logging_mixin.py:109} INFO - [2022-02-22 15:55:31,851] {dagbag.py:500} INFO - Filling up the DagBag from /Users/aleckienzle/Developer/nba-etl/env/lib/python3.8/site-packages/airflow/example_dags/example_task_group.py
[2022-02-22 15:55:31,869] {processor.py:654} INFO - DAG(s) dict_keys(['example_task_group']) retrieved from /Users/aleckienzle/Developer/nba-etl/env/lib/python3.8/site-packages/airflow/example_dags/example_task_group.py
[2022-02-22 15:55:31,881] {logging_mixin.py:109} INFO - [2022-02-22 15:55:31,881] {dag.py:2396} INFO - Sync 1 DAGs
[2022-02-22 15:55:31,886] {logging_mixin.py:109} INFO - [2022-02-22 15:55:31,886] {dag.py:2935} INFO - Setting next_dagrun for example_task_group to 2022-02-21T23:55:31.886244+00:00
[2022-02-22 15:55:31,890] {processor.py:171} INFO - Processing /Users/aleckienzle/Developer/nba-etl/env/lib/python3.8/site-packages/airflow/example_dags/example_task_group.py took 0.040 seconds
[2022-02-22 15:56:39,361] {processor.py:163} INFO - Started process (PID=43946) to work on /Users/aleckienzle/Developer/nba-etl/env/lib/python3.8/site-packages/airflow/example_dags/example_task_group.py
[2022-02-22 15:56:39,362] {processor.py:642} INFO - Processing file /Users/aleckienzle/Developer/nba-etl/env/lib/python3.8/site-packages/airflow/example_dags/example_task_group.py for tasks to queue
[2022-02-22 15:56:39,362] {logging_mixin.py:109} INFO - [2022-02-22 15:56:39,362] {dagbag.py:500} INFO - Filling up the DagBag from /Users/aleckienzle/Developer/nba-etl/env/lib/python3.8/site-packages/airflow/example_dags/example_task_group.py
[2022-02-22 15:56:39,378] {processor.py:654} INFO - DAG(s) dict_keys(['example_task_group']) retrieved from /Users/aleckienzle/Developer/nba-etl/env/lib/python3.8/site-packages/airflow/example_dags/example_task_group.py
[2022-02-22 15:56:39,388] {logging_mixin.py:109} INFO - [2022-02-22 15:56:39,388] {dag.py:2396} INFO - Sync 1 DAGs
[2022-02-22 15:56:39,392] {logging_mixin.py:109} INFO - [2022-02-22 15:56:39,392] {dag.py:2935} INFO - Setting next_dagrun for example_task_group to 2022-02-21T23:56:39.392275+00:00
[2022-02-22 15:56:39,396] {processor.py:171} INFO - Processing /Users/aleckienzle/Developer/nba-etl/env/lib/python3.8/site-packages/airflow/example_dags/example_task_group.py took 0.035 seconds
[2022-02-22 15:57:49,859] {processor.py:163} INFO - Started process (PID=44186) to work on /Users/aleckienzle/Developer/nba-etl/env/lib/python3.8/site-packages/airflow/example_dags/example_task_group.py
[2022-02-22 15:57:49,859] {processor.py:642} INFO - Processing file /Users/aleckienzle/Developer/nba-etl/env/lib/python3.8/site-packages/airflow/example_dags/example_task_group.py for tasks to queue
[2022-02-22 15:57:49,859] {logging_mixin.py:109} INFO - [2022-02-22 15:57:49,859] {dagbag.py:500} INFO - Filling up the DagBag from /Users/aleckienzle/Developer/nba-etl/env/lib/python3.8/site-packages/airflow/example_dags/example_task_group.py
[2022-02-22 15:57:49,875] {processor.py:654} INFO - DAG(s) dict_keys(['example_task_group']) retrieved from /Users/aleckienzle/Developer/nba-etl/env/lib/python3.8/site-packages/airflow/example_dags/example_task_group.py
[2022-02-22 15:57:49,886] {logging_mixin.py:109} INFO - [2022-02-22 15:57:49,886] {dag.py:2396} INFO - Sync 1 DAGs
[2022-02-22 15:57:49,890] {logging_mixin.py:109} INFO - [2022-02-22 15:57:49,890] {dag.py:2935} INFO - Setting next_dagrun for example_task_group to 2022-02-21T23:57:49.890633+00:00
[2022-02-22 15:57:49,894] {processor.py:171} INFO - Processing /Users/aleckienzle/Developer/nba-etl/env/lib/python3.8/site-packages/airflow/example_dags/example_task_group.py took 0.036 seconds
[2022-02-22 15:58:56,990] {processor.py:163} INFO - Started process (PID=44422) to work on /Users/aleckienzle/Developer/nba-etl/env/lib/python3.8/site-packages/airflow/example_dags/example_task_group.py
[2022-02-22 15:58:56,991] {processor.py:642} INFO - Processing file /Users/aleckienzle/Developer/nba-etl/env/lib/python3.8/site-packages/airflow/example_dags/example_task_group.py for tasks to queue
[2022-02-22 15:58:56,991] {logging_mixin.py:109} INFO - [2022-02-22 15:58:56,991] {dagbag.py:500} INFO - Filling up the DagBag from /Users/aleckienzle/Developer/nba-etl/env/lib/python3.8/site-packages/airflow/example_dags/example_task_group.py
[2022-02-22 15:58:57,007] {processor.py:654} INFO - DAG(s) dict_keys(['example_task_group']) retrieved from /Users/aleckienzle/Developer/nba-etl/env/lib/python3.8/site-packages/airflow/example_dags/example_task_group.py
[2022-02-22 15:58:57,017] {logging_mixin.py:109} INFO - [2022-02-22 15:58:57,017] {dag.py:2396} INFO - Sync 1 DAGs
[2022-02-22 15:58:57,022] {logging_mixin.py:109} INFO - [2022-02-22 15:58:57,022] {dag.py:2935} INFO - Setting next_dagrun for example_task_group to 2022-02-21T23:58:57.022184+00:00
[2022-02-22 15:58:57,025] {processor.py:171} INFO - Processing /Users/aleckienzle/Developer/nba-etl/env/lib/python3.8/site-packages/airflow/example_dags/example_task_group.py took 0.035 seconds
