[2022-02-22 15:37:52,690] {processor.py:163} INFO - Started process (PID=40990) to work on /Users/aleckienzle/Developer/nba-etl/env/lib/python3.8/site-packages/airflow/example_dags/example_short_circuit_operator.py
[2022-02-22 15:37:52,690] {processor.py:642} INFO - Processing file /Users/aleckienzle/Developer/nba-etl/env/lib/python3.8/site-packages/airflow/example_dags/example_short_circuit_operator.py for tasks to queue
[2022-02-22 15:37:52,690] {logging_mixin.py:109} INFO - [2022-02-22 15:37:52,690] {dagbag.py:500} INFO - Filling up the DagBag from /Users/aleckienzle/Developer/nba-etl/env/lib/python3.8/site-packages/airflow/example_dags/example_short_circuit_operator.py
[2022-02-22 15:37:52,714] {processor.py:654} INFO - DAG(s) dict_keys(['example_short_circuit_operator']) retrieved from /Users/aleckienzle/Developer/nba-etl/env/lib/python3.8/site-packages/airflow/example_dags/example_short_circuit_operator.py
[2022-02-22 15:37:52,725] {logging_mixin.py:109} INFO - [2022-02-22 15:37:52,725] {dag.py:2396} INFO - Sync 1 DAGs
[2022-02-22 15:37:52,730] {logging_mixin.py:109} INFO - [2022-02-22 15:37:52,730] {dag.py:2935} INFO - Setting next_dagrun for example_short_circuit_operator to 2022-02-21T23:37:52.730624+00:00
[2022-02-22 15:37:52,734] {processor.py:171} INFO - Processing /Users/aleckienzle/Developer/nba-etl/env/lib/python3.8/site-packages/airflow/example_dags/example_short_circuit_operator.py took 0.045 seconds
[2022-02-22 15:38:56,168] {processor.py:163} INFO - Started process (PID=41159) to work on /Users/aleckienzle/Developer/nba-etl/env/lib/python3.8/site-packages/airflow/example_dags/example_short_circuit_operator.py
[2022-02-22 15:38:56,168] {processor.py:642} INFO - Processing file /Users/aleckienzle/Developer/nba-etl/env/lib/python3.8/site-packages/airflow/example_dags/example_short_circuit_operator.py for tasks to queue
[2022-02-22 15:38:56,168] {logging_mixin.py:109} INFO - [2022-02-22 15:38:56,168] {dagbag.py:500} INFO - Filling up the DagBag from /Users/aleckienzle/Developer/nba-etl/env/lib/python3.8/site-packages/airflow/example_dags/example_short_circuit_operator.py
[2022-02-22 15:38:56,192] {processor.py:654} INFO - DAG(s) dict_keys(['example_short_circuit_operator']) retrieved from /Users/aleckienzle/Developer/nba-etl/env/lib/python3.8/site-packages/airflow/example_dags/example_short_circuit_operator.py
[2022-02-22 15:38:56,202] {logging_mixin.py:109} INFO - [2022-02-22 15:38:56,202] {dag.py:2396} INFO - Sync 1 DAGs
[2022-02-22 15:38:56,207] {logging_mixin.py:109} INFO - [2022-02-22 15:38:56,207] {dag.py:2935} INFO - Setting next_dagrun for example_short_circuit_operator to 2022-02-21T23:38:56.207104+00:00
[2022-02-22 15:38:56,211] {processor.py:171} INFO - Processing /Users/aleckienzle/Developer/nba-etl/env/lib/python3.8/site-packages/airflow/example_dags/example_short_circuit_operator.py took 0.044 seconds
[2022-02-22 15:39:59,810] {processor.py:163} INFO - Started process (PID=41313) to work on /Users/aleckienzle/Developer/nba-etl/env/lib/python3.8/site-packages/airflow/example_dags/example_short_circuit_operator.py
[2022-02-22 15:39:59,812] {processor.py:642} INFO - Processing file /Users/aleckienzle/Developer/nba-etl/env/lib/python3.8/site-packages/airflow/example_dags/example_short_circuit_operator.py for tasks to queue
[2022-02-22 15:39:59,812] {logging_mixin.py:109} INFO - [2022-02-22 15:39:59,812] {dagbag.py:500} INFO - Filling up the DagBag from /Users/aleckienzle/Developer/nba-etl/env/lib/python3.8/site-packages/airflow/example_dags/example_short_circuit_operator.py
[2022-02-22 15:39:59,834] {processor.py:654} INFO - DAG(s) dict_keys(['example_short_circuit_operator']) retrieved from /Users/aleckienzle/Developer/nba-etl/env/lib/python3.8/site-packages/airflow/example_dags/example_short_circuit_operator.py
[2022-02-22 15:39:59,843] {logging_mixin.py:109} INFO - [2022-02-22 15:39:59,843] {dag.py:2396} INFO - Sync 1 DAGs
[2022-02-22 15:39:59,847] {logging_mixin.py:109} INFO - [2022-02-22 15:39:59,847] {dag.py:2935} INFO - Setting next_dagrun for example_short_circuit_operator to 2022-02-21T23:39:59.847384+00:00
[2022-02-22 15:39:59,850] {processor.py:171} INFO - Processing /Users/aleckienzle/Developer/nba-etl/env/lib/python3.8/site-packages/airflow/example_dags/example_short_circuit_operator.py took 0.040 seconds
[2022-02-22 15:41:03,767] {processor.py:163} INFO - Started process (PID=41455) to work on /Users/aleckienzle/Developer/nba-etl/env/lib/python3.8/site-packages/airflow/example_dags/example_short_circuit_operator.py
[2022-02-22 15:41:03,768] {processor.py:642} INFO - Processing file /Users/aleckienzle/Developer/nba-etl/env/lib/python3.8/site-packages/airflow/example_dags/example_short_circuit_operator.py for tasks to queue
[2022-02-22 15:41:03,768] {logging_mixin.py:109} INFO - [2022-02-22 15:41:03,768] {dagbag.py:500} INFO - Filling up the DagBag from /Users/aleckienzle/Developer/nba-etl/env/lib/python3.8/site-packages/airflow/example_dags/example_short_circuit_operator.py
[2022-02-22 15:41:03,790] {processor.py:654} INFO - DAG(s) dict_keys(['example_short_circuit_operator']) retrieved from /Users/aleckienzle/Developer/nba-etl/env/lib/python3.8/site-packages/airflow/example_dags/example_short_circuit_operator.py
[2022-02-22 15:41:03,799] {logging_mixin.py:109} INFO - [2022-02-22 15:41:03,799] {dag.py:2396} INFO - Sync 1 DAGs
[2022-02-22 15:41:03,803] {logging_mixin.py:109} INFO - [2022-02-22 15:41:03,803] {dag.py:2935} INFO - Setting next_dagrun for example_short_circuit_operator to 2022-02-21T23:41:03.803031+00:00
[2022-02-22 15:41:03,806] {processor.py:171} INFO - Processing /Users/aleckienzle/Developer/nba-etl/env/lib/python3.8/site-packages/airflow/example_dags/example_short_circuit_operator.py took 0.040 seconds
[2022-02-22 15:42:07,720] {processor.py:163} INFO - Started process (PID=41605) to work on /Users/aleckienzle/Developer/nba-etl/env/lib/python3.8/site-packages/airflow/example_dags/example_short_circuit_operator.py
[2022-02-22 15:42:07,721] {processor.py:642} INFO - Processing file /Users/aleckienzle/Developer/nba-etl/env/lib/python3.8/site-packages/airflow/example_dags/example_short_circuit_operator.py for tasks to queue
[2022-02-22 15:42:07,721] {logging_mixin.py:109} INFO - [2022-02-22 15:42:07,721] {dagbag.py:500} INFO - Filling up the DagBag from /Users/aleckienzle/Developer/nba-etl/env/lib/python3.8/site-packages/airflow/example_dags/example_short_circuit_operator.py
[2022-02-22 15:42:07,743] {processor.py:654} INFO - DAG(s) dict_keys(['example_short_circuit_operator']) retrieved from /Users/aleckienzle/Developer/nba-etl/env/lib/python3.8/site-packages/airflow/example_dags/example_short_circuit_operator.py
[2022-02-22 15:42:07,752] {logging_mixin.py:109} INFO - [2022-02-22 15:42:07,752] {dag.py:2396} INFO - Sync 1 DAGs
[2022-02-22 15:42:07,756] {logging_mixin.py:109} INFO - [2022-02-22 15:42:07,756] {dag.py:2935} INFO - Setting next_dagrun for example_short_circuit_operator to 2022-02-21T23:42:07.756846+00:00
[2022-02-22 15:42:07,760] {processor.py:171} INFO - Processing /Users/aleckienzle/Developer/nba-etl/env/lib/python3.8/site-packages/airflow/example_dags/example_short_circuit_operator.py took 0.041 seconds
[2022-02-22 15:43:10,161] {processor.py:163} INFO - Started process (PID=41793) to work on /Users/aleckienzle/Developer/nba-etl/env/lib/python3.8/site-packages/airflow/example_dags/example_short_circuit_operator.py
[2022-02-22 15:43:10,161] {processor.py:642} INFO - Processing file /Users/aleckienzle/Developer/nba-etl/env/lib/python3.8/site-packages/airflow/example_dags/example_short_circuit_operator.py for tasks to queue
[2022-02-22 15:43:10,161] {logging_mixin.py:109} INFO - [2022-02-22 15:43:10,161] {dagbag.py:500} INFO - Filling up the DagBag from /Users/aleckienzle/Developer/nba-etl/env/lib/python3.8/site-packages/airflow/example_dags/example_short_circuit_operator.py
[2022-02-22 15:43:10,185] {processor.py:654} INFO - DAG(s) dict_keys(['example_short_circuit_operator']) retrieved from /Users/aleckienzle/Developer/nba-etl/env/lib/python3.8/site-packages/airflow/example_dags/example_short_circuit_operator.py
[2022-02-22 15:43:10,194] {logging_mixin.py:109} INFO - [2022-02-22 15:43:10,194] {dag.py:2396} INFO - Sync 1 DAGs
[2022-02-22 15:43:10,198] {logging_mixin.py:109} INFO - [2022-02-22 15:43:10,198] {dag.py:2935} INFO - Setting next_dagrun for example_short_circuit_operator to 2022-02-21T23:43:10.198602+00:00
[2022-02-22 15:43:10,202] {processor.py:171} INFO - Processing /Users/aleckienzle/Developer/nba-etl/env/lib/python3.8/site-packages/airflow/example_dags/example_short_circuit_operator.py took 0.042 seconds
[2022-02-22 15:44:15,946] {processor.py:163} INFO - Started process (PID=41941) to work on /Users/aleckienzle/Developer/nba-etl/env/lib/python3.8/site-packages/airflow/example_dags/example_short_circuit_operator.py
[2022-02-22 15:44:15,947] {processor.py:642} INFO - Processing file /Users/aleckienzle/Developer/nba-etl/env/lib/python3.8/site-packages/airflow/example_dags/example_short_circuit_operator.py for tasks to queue
[2022-02-22 15:44:15,948] {logging_mixin.py:109} INFO - [2022-02-22 15:44:15,947] {dagbag.py:500} INFO - Filling up the DagBag from /Users/aleckienzle/Developer/nba-etl/env/lib/python3.8/site-packages/airflow/example_dags/example_short_circuit_operator.py
[2022-02-22 15:44:15,970] {processor.py:654} INFO - DAG(s) dict_keys(['example_short_circuit_operator']) retrieved from /Users/aleckienzle/Developer/nba-etl/env/lib/python3.8/site-packages/airflow/example_dags/example_short_circuit_operator.py
[2022-02-22 15:44:15,979] {logging_mixin.py:109} INFO - [2022-02-22 15:44:15,979] {dag.py:2396} INFO - Sync 1 DAGs
[2022-02-22 15:44:15,984] {logging_mixin.py:109} INFO - [2022-02-22 15:44:15,984] {dag.py:2935} INFO - Setting next_dagrun for example_short_circuit_operator to 2022-02-21T23:44:15.983911+00:00
[2022-02-22 15:44:15,987] {processor.py:171} INFO - Processing /Users/aleckienzle/Developer/nba-etl/env/lib/python3.8/site-packages/airflow/example_dags/example_short_circuit_operator.py took 0.041 seconds
[2022-02-22 15:45:21,776] {processor.py:163} INFO - Started process (PID=42089) to work on /Users/aleckienzle/Developer/nba-etl/env/lib/python3.8/site-packages/airflow/example_dags/example_short_circuit_operator.py
[2022-02-22 15:45:21,777] {processor.py:642} INFO - Processing file /Users/aleckienzle/Developer/nba-etl/env/lib/python3.8/site-packages/airflow/example_dags/example_short_circuit_operator.py for tasks to queue
[2022-02-22 15:45:21,777] {logging_mixin.py:109} INFO - [2022-02-22 15:45:21,777] {dagbag.py:500} INFO - Filling up the DagBag from /Users/aleckienzle/Developer/nba-etl/env/lib/python3.8/site-packages/airflow/example_dags/example_short_circuit_operator.py
[2022-02-22 15:45:21,799] {processor.py:654} INFO - DAG(s) dict_keys(['example_short_circuit_operator']) retrieved from /Users/aleckienzle/Developer/nba-etl/env/lib/python3.8/site-packages/airflow/example_dags/example_short_circuit_operator.py
[2022-02-22 15:45:21,808] {logging_mixin.py:109} INFO - [2022-02-22 15:45:21,808] {dag.py:2396} INFO - Sync 1 DAGs
[2022-02-22 15:45:21,812] {logging_mixin.py:109} INFO - [2022-02-22 15:45:21,812] {dag.py:2935} INFO - Setting next_dagrun for example_short_circuit_operator to 2022-02-21T23:45:21.812555+00:00
[2022-02-22 15:45:21,816] {processor.py:171} INFO - Processing /Users/aleckienzle/Developer/nba-etl/env/lib/python3.8/site-packages/airflow/example_dags/example_short_circuit_operator.py took 0.040 seconds
[2022-02-22 15:46:27,642] {processor.py:163} INFO - Started process (PID=42284) to work on /Users/aleckienzle/Developer/nba-etl/env/lib/python3.8/site-packages/airflow/example_dags/example_short_circuit_operator.py
[2022-02-22 15:46:27,643] {processor.py:642} INFO - Processing file /Users/aleckienzle/Developer/nba-etl/env/lib/python3.8/site-packages/airflow/example_dags/example_short_circuit_operator.py for tasks to queue
[2022-02-22 15:46:27,644] {logging_mixin.py:109} INFO - [2022-02-22 15:46:27,643] {dagbag.py:500} INFO - Filling up the DagBag from /Users/aleckienzle/Developer/nba-etl/env/lib/python3.8/site-packages/airflow/example_dags/example_short_circuit_operator.py
[2022-02-22 15:46:27,667] {processor.py:654} INFO - DAG(s) dict_keys(['example_short_circuit_operator']) retrieved from /Users/aleckienzle/Developer/nba-etl/env/lib/python3.8/site-packages/airflow/example_dags/example_short_circuit_operator.py
[2022-02-22 15:46:27,676] {logging_mixin.py:109} INFO - [2022-02-22 15:46:27,676] {dag.py:2396} INFO - Sync 1 DAGs
[2022-02-22 15:46:27,680] {logging_mixin.py:109} INFO - [2022-02-22 15:46:27,680] {dag.py:2935} INFO - Setting next_dagrun for example_short_circuit_operator to 2022-02-21T23:46:27.680080+00:00
[2022-02-22 15:46:27,683] {processor.py:171} INFO - Processing /Users/aleckienzle/Developer/nba-etl/env/lib/python3.8/site-packages/airflow/example_dags/example_short_circuit_operator.py took 0.041 seconds
[2022-02-22 15:47:33,671] {processor.py:163} INFO - Started process (PID=42486) to work on /Users/aleckienzle/Developer/nba-etl/env/lib/python3.8/site-packages/airflow/example_dags/example_short_circuit_operator.py
[2022-02-22 15:47:33,671] {processor.py:642} INFO - Processing file /Users/aleckienzle/Developer/nba-etl/env/lib/python3.8/site-packages/airflow/example_dags/example_short_circuit_operator.py for tasks to queue
[2022-02-22 15:47:33,671] {logging_mixin.py:109} INFO - [2022-02-22 15:47:33,671] {dagbag.py:500} INFO - Filling up the DagBag from /Users/aleckienzle/Developer/nba-etl/env/lib/python3.8/site-packages/airflow/example_dags/example_short_circuit_operator.py
[2022-02-22 15:47:33,694] {processor.py:654} INFO - DAG(s) dict_keys(['example_short_circuit_operator']) retrieved from /Users/aleckienzle/Developer/nba-etl/env/lib/python3.8/site-packages/airflow/example_dags/example_short_circuit_operator.py
[2022-02-22 15:47:33,703] {logging_mixin.py:109} INFO - [2022-02-22 15:47:33,703] {dag.py:2396} INFO - Sync 1 DAGs
[2022-02-22 15:47:33,707] {logging_mixin.py:109} INFO - [2022-02-22 15:47:33,707] {dag.py:2935} INFO - Setting next_dagrun for example_short_circuit_operator to 2022-02-21T23:47:33.707282+00:00
[2022-02-22 15:47:33,710] {processor.py:171} INFO - Processing /Users/aleckienzle/Developer/nba-etl/env/lib/python3.8/site-packages/airflow/example_dags/example_short_circuit_operator.py took 0.040 seconds
[2022-02-22 15:48:45,491] {processor.py:163} INFO - Started process (PID=42729) to work on /Users/aleckienzle/Developer/nba-etl/env/lib/python3.8/site-packages/airflow/example_dags/example_short_circuit_operator.py
[2022-02-22 15:48:45,493] {processor.py:642} INFO - Processing file /Users/aleckienzle/Developer/nba-etl/env/lib/python3.8/site-packages/airflow/example_dags/example_short_circuit_operator.py for tasks to queue
[2022-02-22 15:48:45,493] {logging_mixin.py:109} INFO - [2022-02-22 15:48:45,493] {dagbag.py:500} INFO - Filling up the DagBag from /Users/aleckienzle/Developer/nba-etl/env/lib/python3.8/site-packages/airflow/example_dags/example_short_circuit_operator.py
[2022-02-22 15:48:45,515] {processor.py:654} INFO - DAG(s) dict_keys(['example_short_circuit_operator']) retrieved from /Users/aleckienzle/Developer/nba-etl/env/lib/python3.8/site-packages/airflow/example_dags/example_short_circuit_operator.py
[2022-02-22 15:48:45,525] {logging_mixin.py:109} INFO - [2022-02-22 15:48:45,525] {dag.py:2396} INFO - Sync 1 DAGs
[2022-02-22 15:48:45,529] {logging_mixin.py:109} INFO - [2022-02-22 15:48:45,529] {dag.py:2935} INFO - Setting next_dagrun for example_short_circuit_operator to 2022-02-21T23:48:45.529171+00:00
[2022-02-22 15:48:45,532] {processor.py:171} INFO - Processing /Users/aleckienzle/Developer/nba-etl/env/lib/python3.8/site-packages/airflow/example_dags/example_short_circuit_operator.py took 0.041 seconds
[2022-02-22 15:49:53,519] {processor.py:163} INFO - Started process (PID=42909) to work on /Users/aleckienzle/Developer/nba-etl/env/lib/python3.8/site-packages/airflow/example_dags/example_short_circuit_operator.py
[2022-02-22 15:49:53,520] {processor.py:642} INFO - Processing file /Users/aleckienzle/Developer/nba-etl/env/lib/python3.8/site-packages/airflow/example_dags/example_short_circuit_operator.py for tasks to queue
[2022-02-22 15:49:53,520] {logging_mixin.py:109} INFO - [2022-02-22 15:49:53,520] {dagbag.py:500} INFO - Filling up the DagBag from /Users/aleckienzle/Developer/nba-etl/env/lib/python3.8/site-packages/airflow/example_dags/example_short_circuit_operator.py
[2022-02-22 15:49:53,542] {processor.py:654} INFO - DAG(s) dict_keys(['example_short_circuit_operator']) retrieved from /Users/aleckienzle/Developer/nba-etl/env/lib/python3.8/site-packages/airflow/example_dags/example_short_circuit_operator.py
[2022-02-22 15:49:53,552] {logging_mixin.py:109} INFO - [2022-02-22 15:49:53,552] {dag.py:2396} INFO - Sync 1 DAGs
[2022-02-22 15:49:53,556] {logging_mixin.py:109} INFO - [2022-02-22 15:49:53,556] {dag.py:2935} INFO - Setting next_dagrun for example_short_circuit_operator to 2022-02-21T23:49:53.556613+00:00
[2022-02-22 15:49:53,560] {processor.py:171} INFO - Processing /Users/aleckienzle/Developer/nba-etl/env/lib/python3.8/site-packages/airflow/example_dags/example_short_circuit_operator.py took 0.041 seconds
[2022-02-22 15:51:03,296] {processor.py:163} INFO - Started process (PID=43092) to work on /Users/aleckienzle/Developer/nba-etl/env/lib/python3.8/site-packages/airflow/example_dags/example_short_circuit_operator.py
[2022-02-22 15:51:03,297] {processor.py:642} INFO - Processing file /Users/aleckienzle/Developer/nba-etl/env/lib/python3.8/site-packages/airflow/example_dags/example_short_circuit_operator.py for tasks to queue
[2022-02-22 15:51:03,298] {logging_mixin.py:109} INFO - [2022-02-22 15:51:03,298] {dagbag.py:500} INFO - Filling up the DagBag from /Users/aleckienzle/Developer/nba-etl/env/lib/python3.8/site-packages/airflow/example_dags/example_short_circuit_operator.py
[2022-02-22 15:51:03,321] {processor.py:654} INFO - DAG(s) dict_keys(['example_short_circuit_operator']) retrieved from /Users/aleckienzle/Developer/nba-etl/env/lib/python3.8/site-packages/airflow/example_dags/example_short_circuit_operator.py
[2022-02-22 15:51:03,330] {logging_mixin.py:109} INFO - [2022-02-22 15:51:03,330] {dag.py:2396} INFO - Sync 1 DAGs
[2022-02-22 15:51:03,335] {logging_mixin.py:109} INFO - [2022-02-22 15:51:03,335] {dag.py:2935} INFO - Setting next_dagrun for example_short_circuit_operator to 2022-02-21T23:51:03.335187+00:00
[2022-02-22 15:51:03,339] {processor.py:171} INFO - Processing /Users/aleckienzle/Developer/nba-etl/env/lib/python3.8/site-packages/airflow/example_dags/example_short_circuit_operator.py took 0.043 seconds
[2022-02-22 15:52:13,741] {processor.py:163} INFO - Started process (PID=43268) to work on /Users/aleckienzle/Developer/nba-etl/env/lib/python3.8/site-packages/airflow/example_dags/example_short_circuit_operator.py
[2022-02-22 15:52:13,741] {processor.py:642} INFO - Processing file /Users/aleckienzle/Developer/nba-etl/env/lib/python3.8/site-packages/airflow/example_dags/example_short_circuit_operator.py for tasks to queue
[2022-02-22 15:52:13,742] {logging_mixin.py:109} INFO - [2022-02-22 15:52:13,742] {dagbag.py:500} INFO - Filling up the DagBag from /Users/aleckienzle/Developer/nba-etl/env/lib/python3.8/site-packages/airflow/example_dags/example_short_circuit_operator.py
[2022-02-22 15:52:13,766] {processor.py:654} INFO - DAG(s) dict_keys(['example_short_circuit_operator']) retrieved from /Users/aleckienzle/Developer/nba-etl/env/lib/python3.8/site-packages/airflow/example_dags/example_short_circuit_operator.py
[2022-02-22 15:52:13,777] {logging_mixin.py:109} INFO - [2022-02-22 15:52:13,777] {dag.py:2396} INFO - Sync 1 DAGs
[2022-02-22 15:52:13,782] {logging_mixin.py:109} INFO - [2022-02-22 15:52:13,782] {dag.py:2935} INFO - Setting next_dagrun for example_short_circuit_operator to 2022-02-21T23:52:13.782346+00:00
[2022-02-22 15:52:13,786] {processor.py:171} INFO - Processing /Users/aleckienzle/Developer/nba-etl/env/lib/python3.8/site-packages/airflow/example_dags/example_short_circuit_operator.py took 0.045 seconds
[2022-02-22 15:53:20,759] {processor.py:163} INFO - Started process (PID=43425) to work on /Users/aleckienzle/Developer/nba-etl/env/lib/python3.8/site-packages/airflow/example_dags/example_short_circuit_operator.py
[2022-02-22 15:53:20,760] {processor.py:642} INFO - Processing file /Users/aleckienzle/Developer/nba-etl/env/lib/python3.8/site-packages/airflow/example_dags/example_short_circuit_operator.py for tasks to queue
[2022-02-22 15:53:20,760] {logging_mixin.py:109} INFO - [2022-02-22 15:53:20,760] {dagbag.py:500} INFO - Filling up the DagBag from /Users/aleckienzle/Developer/nba-etl/env/lib/python3.8/site-packages/airflow/example_dags/example_short_circuit_operator.py
[2022-02-22 15:53:20,782] {processor.py:654} INFO - DAG(s) dict_keys(['example_short_circuit_operator']) retrieved from /Users/aleckienzle/Developer/nba-etl/env/lib/python3.8/site-packages/airflow/example_dags/example_short_circuit_operator.py
[2022-02-22 15:53:20,791] {logging_mixin.py:109} INFO - [2022-02-22 15:53:20,791] {dag.py:2396} INFO - Sync 1 DAGs
[2022-02-22 15:53:20,795] {logging_mixin.py:109} INFO - [2022-02-22 15:53:20,795] {dag.py:2935} INFO - Setting next_dagrun for example_short_circuit_operator to 2022-02-21T23:53:20.795483+00:00
[2022-02-22 15:53:20,799] {processor.py:171} INFO - Processing /Users/aleckienzle/Developer/nba-etl/env/lib/python3.8/site-packages/airflow/example_dags/example_short_circuit_operator.py took 0.040 seconds
[2022-02-22 15:54:29,486] {processor.py:163} INFO - Started process (PID=43608) to work on /Users/aleckienzle/Developer/nba-etl/env/lib/python3.8/site-packages/airflow/example_dags/example_short_circuit_operator.py
[2022-02-22 15:54:29,487] {processor.py:642} INFO - Processing file /Users/aleckienzle/Developer/nba-etl/env/lib/python3.8/site-packages/airflow/example_dags/example_short_circuit_operator.py for tasks to queue
[2022-02-22 15:54:29,487] {logging_mixin.py:109} INFO - [2022-02-22 15:54:29,487] {dagbag.py:500} INFO - Filling up the DagBag from /Users/aleckienzle/Developer/nba-etl/env/lib/python3.8/site-packages/airflow/example_dags/example_short_circuit_operator.py
[2022-02-22 15:54:29,509] {processor.py:654} INFO - DAG(s) dict_keys(['example_short_circuit_operator']) retrieved from /Users/aleckienzle/Developer/nba-etl/env/lib/python3.8/site-packages/airflow/example_dags/example_short_circuit_operator.py
[2022-02-22 15:54:29,518] {logging_mixin.py:109} INFO - [2022-02-22 15:54:29,518] {dag.py:2396} INFO - Sync 1 DAGs
[2022-02-22 15:54:29,522] {logging_mixin.py:109} INFO - [2022-02-22 15:54:29,522] {dag.py:2935} INFO - Setting next_dagrun for example_short_circuit_operator to 2022-02-21T23:54:29.522847+00:00
[2022-02-22 15:54:29,526] {processor.py:171} INFO - Processing /Users/aleckienzle/Developer/nba-etl/env/lib/python3.8/site-packages/airflow/example_dags/example_short_circuit_operator.py took 0.040 seconds
[2022-02-22 15:55:39,559] {processor.py:163} INFO - Started process (PID=43810) to work on /Users/aleckienzle/Developer/nba-etl/env/lib/python3.8/site-packages/airflow/example_dags/example_short_circuit_operator.py
[2022-02-22 15:55:39,560] {processor.py:642} INFO - Processing file /Users/aleckienzle/Developer/nba-etl/env/lib/python3.8/site-packages/airflow/example_dags/example_short_circuit_operator.py for tasks to queue
[2022-02-22 15:55:39,560] {logging_mixin.py:109} INFO - [2022-02-22 15:55:39,560] {dagbag.py:500} INFO - Filling up the DagBag from /Users/aleckienzle/Developer/nba-etl/env/lib/python3.8/site-packages/airflow/example_dags/example_short_circuit_operator.py
[2022-02-22 15:55:39,584] {processor.py:654} INFO - DAG(s) dict_keys(['example_short_circuit_operator']) retrieved from /Users/aleckienzle/Developer/nba-etl/env/lib/python3.8/site-packages/airflow/example_dags/example_short_circuit_operator.py
[2022-02-22 15:55:39,593] {logging_mixin.py:109} INFO - [2022-02-22 15:55:39,593] {dag.py:2396} INFO - Sync 1 DAGs
[2022-02-22 15:55:39,598] {logging_mixin.py:109} INFO - [2022-02-22 15:55:39,598] {dag.py:2935} INFO - Setting next_dagrun for example_short_circuit_operator to 2022-02-21T23:55:39.598071+00:00
[2022-02-22 15:55:39,601] {processor.py:171} INFO - Processing /Users/aleckienzle/Developer/nba-etl/env/lib/python3.8/site-packages/airflow/example_dags/example_short_circuit_operator.py took 0.042 seconds
[2022-02-22 15:56:47,022] {processor.py:163} INFO - Started process (PID=43956) to work on /Users/aleckienzle/Developer/nba-etl/env/lib/python3.8/site-packages/airflow/example_dags/example_short_circuit_operator.py
[2022-02-22 15:56:47,024] {processor.py:642} INFO - Processing file /Users/aleckienzle/Developer/nba-etl/env/lib/python3.8/site-packages/airflow/example_dags/example_short_circuit_operator.py for tasks to queue
[2022-02-22 15:56:47,024] {logging_mixin.py:109} INFO - [2022-02-22 15:56:47,024] {dagbag.py:500} INFO - Filling up the DagBag from /Users/aleckienzle/Developer/nba-etl/env/lib/python3.8/site-packages/airflow/example_dags/example_short_circuit_operator.py
[2022-02-22 15:56:47,047] {processor.py:654} INFO - DAG(s) dict_keys(['example_short_circuit_operator']) retrieved from /Users/aleckienzle/Developer/nba-etl/env/lib/python3.8/site-packages/airflow/example_dags/example_short_circuit_operator.py
[2022-02-22 15:56:47,056] {logging_mixin.py:109} INFO - [2022-02-22 15:56:47,056] {dag.py:2396} INFO - Sync 1 DAGs
[2022-02-22 15:56:47,061] {logging_mixin.py:109} INFO - [2022-02-22 15:56:47,061] {dag.py:2935} INFO - Setting next_dagrun for example_short_circuit_operator to 2022-02-21T23:56:47.060972+00:00
[2022-02-22 15:56:47,064] {processor.py:171} INFO - Processing /Users/aleckienzle/Developer/nba-etl/env/lib/python3.8/site-packages/airflow/example_dags/example_short_circuit_operator.py took 0.042 seconds
[2022-02-22 15:57:57,668] {processor.py:163} INFO - Started process (PID=44214) to work on /Users/aleckienzle/Developer/nba-etl/env/lib/python3.8/site-packages/airflow/example_dags/example_short_circuit_operator.py
[2022-02-22 15:57:57,668] {processor.py:642} INFO - Processing file /Users/aleckienzle/Developer/nba-etl/env/lib/python3.8/site-packages/airflow/example_dags/example_short_circuit_operator.py for tasks to queue
[2022-02-22 15:57:57,668] {logging_mixin.py:109} INFO - [2022-02-22 15:57:57,668] {dagbag.py:500} INFO - Filling up the DagBag from /Users/aleckienzle/Developer/nba-etl/env/lib/python3.8/site-packages/airflow/example_dags/example_short_circuit_operator.py
[2022-02-22 15:57:57,692] {processor.py:654} INFO - DAG(s) dict_keys(['example_short_circuit_operator']) retrieved from /Users/aleckienzle/Developer/nba-etl/env/lib/python3.8/site-packages/airflow/example_dags/example_short_circuit_operator.py
[2022-02-22 15:57:57,701] {logging_mixin.py:109} INFO - [2022-02-22 15:57:57,701] {dag.py:2396} INFO - Sync 1 DAGs
[2022-02-22 15:57:57,707] {logging_mixin.py:109} INFO - [2022-02-22 15:57:57,707] {dag.py:2935} INFO - Setting next_dagrun for example_short_circuit_operator to 2022-02-21T23:57:57.707626+00:00
[2022-02-22 15:57:57,711] {processor.py:171} INFO - Processing /Users/aleckienzle/Developer/nba-etl/env/lib/python3.8/site-packages/airflow/example_dags/example_short_circuit_operator.py took 0.044 seconds
[2022-02-22 15:59:04,775] {processor.py:163} INFO - Started process (PID=44453) to work on /Users/aleckienzle/Developer/nba-etl/env/lib/python3.8/site-packages/airflow/example_dags/example_short_circuit_operator.py
[2022-02-22 15:59:04,776] {processor.py:642} INFO - Processing file /Users/aleckienzle/Developer/nba-etl/env/lib/python3.8/site-packages/airflow/example_dags/example_short_circuit_operator.py for tasks to queue
[2022-02-22 15:59:04,776] {logging_mixin.py:109} INFO - [2022-02-22 15:59:04,776] {dagbag.py:500} INFO - Filling up the DagBag from /Users/aleckienzle/Developer/nba-etl/env/lib/python3.8/site-packages/airflow/example_dags/example_short_circuit_operator.py
[2022-02-22 15:59:04,801] {processor.py:654} INFO - DAG(s) dict_keys(['example_short_circuit_operator']) retrieved from /Users/aleckienzle/Developer/nba-etl/env/lib/python3.8/site-packages/airflow/example_dags/example_short_circuit_operator.py
[2022-02-22 15:59:04,810] {logging_mixin.py:109} INFO - [2022-02-22 15:59:04,810] {dag.py:2396} INFO - Sync 1 DAGs
[2022-02-22 15:59:04,814] {logging_mixin.py:109} INFO - [2022-02-22 15:59:04,814] {dag.py:2935} INFO - Setting next_dagrun for example_short_circuit_operator to 2022-02-21T23:59:04.814779+00:00
[2022-02-22 15:59:04,818] {processor.py:171} INFO - Processing /Users/aleckienzle/Developer/nba-etl/env/lib/python3.8/site-packages/airflow/example_dags/example_short_circuit_operator.py took 0.044 seconds
