[2022-02-22 15:38:21,306] {processor.py:163} INFO - Started process (PID=41059) to work on /Users/aleckienzle/Developer/nba-etl/env/lib/python3.8/site-packages/airflow/example_dags/example_bash_operator.py
[2022-02-22 15:38:21,307] {processor.py:642} INFO - Processing file /Users/aleckienzle/Developer/nba-etl/env/lib/python3.8/site-packages/airflow/example_dags/example_bash_operator.py for tasks to queue
[2022-02-22 15:38:21,307] {logging_mixin.py:109} INFO - [2022-02-22 15:38:21,307] {dagbag.py:500} INFO - Filling up the DagBag from /Users/aleckienzle/Developer/nba-etl/env/lib/python3.8/site-packages/airflow/example_dags/example_bash_operator.py
[2022-02-22 15:38:21,324] {processor.py:654} INFO - DAG(s) dict_keys(['example_bash_operator']) retrieved from /Users/aleckienzle/Developer/nba-etl/env/lib/python3.8/site-packages/airflow/example_dags/example_bash_operator.py
[2022-02-22 15:38:21,337] {logging_mixin.py:109} INFO - [2022-02-22 15:38:21,337] {dag.py:2396} INFO - Sync 1 DAGs
[2022-02-22 15:38:21,342] {logging_mixin.py:109} INFO - [2022-02-22 15:38:21,342] {dag.py:2935} INFO - Setting next_dagrun for example_bash_operator to 2022-02-21 00:00:00+00:00
[2022-02-22 15:38:21,345] {processor.py:171} INFO - Processing /Users/aleckienzle/Developer/nba-etl/env/lib/python3.8/site-packages/airflow/example_dags/example_bash_operator.py took 0.039 seconds
[2022-02-22 15:39:25,015] {processor.py:163} INFO - Started process (PID=41220) to work on /Users/aleckienzle/Developer/nba-etl/env/lib/python3.8/site-packages/airflow/example_dags/example_bash_operator.py
[2022-02-22 15:39:25,016] {processor.py:642} INFO - Processing file /Users/aleckienzle/Developer/nba-etl/env/lib/python3.8/site-packages/airflow/example_dags/example_bash_operator.py for tasks to queue
[2022-02-22 15:39:25,017] {logging_mixin.py:109} INFO - [2022-02-22 15:39:25,017] {dagbag.py:500} INFO - Filling up the DagBag from /Users/aleckienzle/Developer/nba-etl/env/lib/python3.8/site-packages/airflow/example_dags/example_bash_operator.py
[2022-02-22 15:39:25,033] {processor.py:654} INFO - DAG(s) dict_keys(['example_bash_operator']) retrieved from /Users/aleckienzle/Developer/nba-etl/env/lib/python3.8/site-packages/airflow/example_dags/example_bash_operator.py
[2022-02-22 15:39:25,043] {logging_mixin.py:109} INFO - [2022-02-22 15:39:25,043] {dag.py:2396} INFO - Sync 1 DAGs
[2022-02-22 15:39:25,048] {logging_mixin.py:109} INFO - [2022-02-22 15:39:25,048] {dag.py:2935} INFO - Setting next_dagrun for example_bash_operator to 2022-02-21 00:00:00+00:00
[2022-02-22 15:39:25,051] {processor.py:171} INFO - Processing /Users/aleckienzle/Developer/nba-etl/env/lib/python3.8/site-packages/airflow/example_dags/example_bash_operator.py took 0.036 seconds
[2022-02-22 15:40:28,726] {processor.py:163} INFO - Started process (PID=41381) to work on /Users/aleckienzle/Developer/nba-etl/env/lib/python3.8/site-packages/airflow/example_dags/example_bash_operator.py
[2022-02-22 15:40:28,726] {processor.py:642} INFO - Processing file /Users/aleckienzle/Developer/nba-etl/env/lib/python3.8/site-packages/airflow/example_dags/example_bash_operator.py for tasks to queue
[2022-02-22 15:40:28,726] {logging_mixin.py:109} INFO - [2022-02-22 15:40:28,726] {dagbag.py:500} INFO - Filling up the DagBag from /Users/aleckienzle/Developer/nba-etl/env/lib/python3.8/site-packages/airflow/example_dags/example_bash_operator.py
[2022-02-22 15:40:28,743] {processor.py:654} INFO - DAG(s) dict_keys(['example_bash_operator']) retrieved from /Users/aleckienzle/Developer/nba-etl/env/lib/python3.8/site-packages/airflow/example_dags/example_bash_operator.py
[2022-02-22 15:40:28,753] {logging_mixin.py:109} INFO - [2022-02-22 15:40:28,753] {dag.py:2396} INFO - Sync 1 DAGs
[2022-02-22 15:40:28,757] {logging_mixin.py:109} INFO - [2022-02-22 15:40:28,757] {dag.py:2935} INFO - Setting next_dagrun for example_bash_operator to 2022-02-21 00:00:00+00:00
[2022-02-22 15:40:28,761] {processor.py:171} INFO - Processing /Users/aleckienzle/Developer/nba-etl/env/lib/python3.8/site-packages/airflow/example_dags/example_bash_operator.py took 0.035 seconds
[2022-02-22 15:41:32,687] {processor.py:163} INFO - Started process (PID=41519) to work on /Users/aleckienzle/Developer/nba-etl/env/lib/python3.8/site-packages/airflow/example_dags/example_bash_operator.py
[2022-02-22 15:41:32,688] {processor.py:642} INFO - Processing file /Users/aleckienzle/Developer/nba-etl/env/lib/python3.8/site-packages/airflow/example_dags/example_bash_operator.py for tasks to queue
[2022-02-22 15:41:32,688] {logging_mixin.py:109} INFO - [2022-02-22 15:41:32,688] {dagbag.py:500} INFO - Filling up the DagBag from /Users/aleckienzle/Developer/nba-etl/env/lib/python3.8/site-packages/airflow/example_dags/example_bash_operator.py
[2022-02-22 15:41:32,707] {processor.py:654} INFO - DAG(s) dict_keys(['example_bash_operator']) retrieved from /Users/aleckienzle/Developer/nba-etl/env/lib/python3.8/site-packages/airflow/example_dags/example_bash_operator.py
[2022-02-22 15:41:32,721] {logging_mixin.py:109} INFO - [2022-02-22 15:41:32,721] {dag.py:2396} INFO - Sync 1 DAGs
[2022-02-22 15:41:32,727] {logging_mixin.py:109} INFO - [2022-02-22 15:41:32,727] {dag.py:2935} INFO - Setting next_dagrun for example_bash_operator to 2022-02-21 00:00:00+00:00
[2022-02-22 15:41:32,730] {processor.py:171} INFO - Processing /Users/aleckienzle/Developer/nba-etl/env/lib/python3.8/site-packages/airflow/example_dags/example_bash_operator.py took 0.044 seconds
[2022-02-22 15:42:36,795] {processor.py:163} INFO - Started process (PID=41685) to work on /Users/aleckienzle/Developer/nba-etl/env/lib/python3.8/site-packages/airflow/example_dags/example_bash_operator.py
[2022-02-22 15:42:36,796] {processor.py:642} INFO - Processing file /Users/aleckienzle/Developer/nba-etl/env/lib/python3.8/site-packages/airflow/example_dags/example_bash_operator.py for tasks to queue
[2022-02-22 15:42:36,796] {logging_mixin.py:109} INFO - [2022-02-22 15:42:36,796] {dagbag.py:500} INFO - Filling up the DagBag from /Users/aleckienzle/Developer/nba-etl/env/lib/python3.8/site-packages/airflow/example_dags/example_bash_operator.py
[2022-02-22 15:42:36,813] {processor.py:654} INFO - DAG(s) dict_keys(['example_bash_operator']) retrieved from /Users/aleckienzle/Developer/nba-etl/env/lib/python3.8/site-packages/airflow/example_dags/example_bash_operator.py
[2022-02-22 15:42:36,823] {logging_mixin.py:109} INFO - [2022-02-22 15:42:36,823] {dag.py:2396} INFO - Sync 1 DAGs
[2022-02-22 15:42:36,827] {logging_mixin.py:109} INFO - [2022-02-22 15:42:36,827] {dag.py:2935} INFO - Setting next_dagrun for example_bash_operator to 2022-02-21 00:00:00+00:00
[2022-02-22 15:42:36,831] {processor.py:171} INFO - Processing /Users/aleckienzle/Developer/nba-etl/env/lib/python3.8/site-packages/airflow/example_dags/example_bash_operator.py took 0.036 seconds
[2022-02-22 15:43:43,167] {processor.py:163} INFO - Started process (PID=41872) to work on /Users/aleckienzle/Developer/nba-etl/env/lib/python3.8/site-packages/airflow/example_dags/example_bash_operator.py
[2022-02-22 15:43:43,168] {processor.py:642} INFO - Processing file /Users/aleckienzle/Developer/nba-etl/env/lib/python3.8/site-packages/airflow/example_dags/example_bash_operator.py for tasks to queue
[2022-02-22 15:43:43,169] {logging_mixin.py:109} INFO - [2022-02-22 15:43:43,169] {dagbag.py:500} INFO - Filling up the DagBag from /Users/aleckienzle/Developer/nba-etl/env/lib/python3.8/site-packages/airflow/example_dags/example_bash_operator.py
[2022-02-22 15:43:43,186] {processor.py:654} INFO - DAG(s) dict_keys(['example_bash_operator']) retrieved from /Users/aleckienzle/Developer/nba-etl/env/lib/python3.8/site-packages/airflow/example_dags/example_bash_operator.py
[2022-02-22 15:43:43,205] {logging_mixin.py:109} INFO - [2022-02-22 15:43:43,205] {dag.py:2396} INFO - Sync 1 DAGs
[2022-02-22 15:43:43,209] {logging_mixin.py:109} INFO - [2022-02-22 15:43:43,209] {dag.py:2935} INFO - Setting next_dagrun for example_bash_operator to 2022-02-21 00:00:00+00:00
[2022-02-22 15:43:43,213] {processor.py:171} INFO - Processing /Users/aleckienzle/Developer/nba-etl/env/lib/python3.8/site-packages/airflow/example_dags/example_bash_operator.py took 0.045 seconds
[2022-02-22 15:44:48,674] {processor.py:163} INFO - Started process (PID=42023) to work on /Users/aleckienzle/Developer/nba-etl/env/lib/python3.8/site-packages/airflow/example_dags/example_bash_operator.py
[2022-02-22 15:44:48,675] {processor.py:642} INFO - Processing file /Users/aleckienzle/Developer/nba-etl/env/lib/python3.8/site-packages/airflow/example_dags/example_bash_operator.py for tasks to queue
[2022-02-22 15:44:48,675] {logging_mixin.py:109} INFO - [2022-02-22 15:44:48,675] {dagbag.py:500} INFO - Filling up the DagBag from /Users/aleckienzle/Developer/nba-etl/env/lib/python3.8/site-packages/airflow/example_dags/example_bash_operator.py
[2022-02-22 15:44:48,692] {processor.py:654} INFO - DAG(s) dict_keys(['example_bash_operator']) retrieved from /Users/aleckienzle/Developer/nba-etl/env/lib/python3.8/site-packages/airflow/example_dags/example_bash_operator.py
[2022-02-22 15:44:48,704] {logging_mixin.py:109} INFO - [2022-02-22 15:44:48,704] {dag.py:2396} INFO - Sync 1 DAGs
[2022-02-22 15:44:48,709] {logging_mixin.py:109} INFO - [2022-02-22 15:44:48,709] {dag.py:2935} INFO - Setting next_dagrun for example_bash_operator to 2022-02-21 00:00:00+00:00
[2022-02-22 15:44:48,712] {processor.py:171} INFO - Processing /Users/aleckienzle/Developer/nba-etl/env/lib/python3.8/site-packages/airflow/example_dags/example_bash_operator.py took 0.038 seconds
[2022-02-22 15:45:54,531] {processor.py:163} INFO - Started process (PID=42172) to work on /Users/aleckienzle/Developer/nba-etl/env/lib/python3.8/site-packages/airflow/example_dags/example_bash_operator.py
[2022-02-22 15:45:54,532] {processor.py:642} INFO - Processing file /Users/aleckienzle/Developer/nba-etl/env/lib/python3.8/site-packages/airflow/example_dags/example_bash_operator.py for tasks to queue
[2022-02-22 15:45:54,532] {logging_mixin.py:109} INFO - [2022-02-22 15:45:54,532] {dagbag.py:500} INFO - Filling up the DagBag from /Users/aleckienzle/Developer/nba-etl/env/lib/python3.8/site-packages/airflow/example_dags/example_bash_operator.py
[2022-02-22 15:45:54,549] {processor.py:654} INFO - DAG(s) dict_keys(['example_bash_operator']) retrieved from /Users/aleckienzle/Developer/nba-etl/env/lib/python3.8/site-packages/airflow/example_dags/example_bash_operator.py
[2022-02-22 15:45:54,560] {logging_mixin.py:109} INFO - [2022-02-22 15:45:54,560] {dag.py:2396} INFO - Sync 1 DAGs
[2022-02-22 15:45:54,565] {logging_mixin.py:109} INFO - [2022-02-22 15:45:54,565] {dag.py:2935} INFO - Setting next_dagrun for example_bash_operator to 2022-02-21 00:00:00+00:00
[2022-02-22 15:45:54,570] {processor.py:171} INFO - Processing /Users/aleckienzle/Developer/nba-etl/env/lib/python3.8/site-packages/airflow/example_dags/example_bash_operator.py took 0.040 seconds
[2022-02-22 15:47:00,406] {processor.py:163} INFO - Started process (PID=42393) to work on /Users/aleckienzle/Developer/nba-etl/env/lib/python3.8/site-packages/airflow/example_dags/example_bash_operator.py
[2022-02-22 15:47:00,407] {processor.py:642} INFO - Processing file /Users/aleckienzle/Developer/nba-etl/env/lib/python3.8/site-packages/airflow/example_dags/example_bash_operator.py for tasks to queue
[2022-02-22 15:47:00,407] {logging_mixin.py:109} INFO - [2022-02-22 15:47:00,407] {dagbag.py:500} INFO - Filling up the DagBag from /Users/aleckienzle/Developer/nba-etl/env/lib/python3.8/site-packages/airflow/example_dags/example_bash_operator.py
[2022-02-22 15:47:00,424] {processor.py:654} INFO - DAG(s) dict_keys(['example_bash_operator']) retrieved from /Users/aleckienzle/Developer/nba-etl/env/lib/python3.8/site-packages/airflow/example_dags/example_bash_operator.py
[2022-02-22 15:47:00,434] {logging_mixin.py:109} INFO - [2022-02-22 15:47:00,434] {dag.py:2396} INFO - Sync 1 DAGs
[2022-02-22 15:47:00,439] {logging_mixin.py:109} INFO - [2022-02-22 15:47:00,439] {dag.py:2935} INFO - Setting next_dagrun for example_bash_operator to 2022-02-21 00:00:00+00:00
[2022-02-22 15:47:00,442] {processor.py:171} INFO - Processing /Users/aleckienzle/Developer/nba-etl/env/lib/python3.8/site-packages/airflow/example_dags/example_bash_operator.py took 0.037 seconds
[2022-02-22 15:48:12,067] {processor.py:163} INFO - Started process (PID=42649) to work on /Users/aleckienzle/Developer/nba-etl/env/lib/python3.8/site-packages/airflow/example_dags/example_bash_operator.py
[2022-02-22 15:48:12,068] {processor.py:642} INFO - Processing file /Users/aleckienzle/Developer/nba-etl/env/lib/python3.8/site-packages/airflow/example_dags/example_bash_operator.py for tasks to queue
[2022-02-22 15:48:12,068] {logging_mixin.py:109} INFO - [2022-02-22 15:48:12,068] {dagbag.py:500} INFO - Filling up the DagBag from /Users/aleckienzle/Developer/nba-etl/env/lib/python3.8/site-packages/airflow/example_dags/example_bash_operator.py
[2022-02-22 15:48:12,086] {processor.py:654} INFO - DAG(s) dict_keys(['example_bash_operator']) retrieved from /Users/aleckienzle/Developer/nba-etl/env/lib/python3.8/site-packages/airflow/example_dags/example_bash_operator.py
[2022-02-22 15:48:12,097] {logging_mixin.py:109} INFO - [2022-02-22 15:48:12,096] {dag.py:2396} INFO - Sync 1 DAGs
[2022-02-22 15:48:12,102] {logging_mixin.py:109} INFO - [2022-02-22 15:48:12,102] {dag.py:2935} INFO - Setting next_dagrun for example_bash_operator to 2022-02-21 00:00:00+00:00
[2022-02-22 15:48:12,106] {processor.py:171} INFO - Processing /Users/aleckienzle/Developer/nba-etl/env/lib/python3.8/site-packages/airflow/example_dags/example_bash_operator.py took 0.040 seconds
[2022-02-22 15:49:20,260] {processor.py:163} INFO - Started process (PID=42821) to work on /Users/aleckienzle/Developer/nba-etl/env/lib/python3.8/site-packages/airflow/example_dags/example_bash_operator.py
[2022-02-22 15:49:20,260] {processor.py:642} INFO - Processing file /Users/aleckienzle/Developer/nba-etl/env/lib/python3.8/site-packages/airflow/example_dags/example_bash_operator.py for tasks to queue
[2022-02-22 15:49:20,261] {logging_mixin.py:109} INFO - [2022-02-22 15:49:20,260] {dagbag.py:500} INFO - Filling up the DagBag from /Users/aleckienzle/Developer/nba-etl/env/lib/python3.8/site-packages/airflow/example_dags/example_bash_operator.py
[2022-02-22 15:49:20,277] {processor.py:654} INFO - DAG(s) dict_keys(['example_bash_operator']) retrieved from /Users/aleckienzle/Developer/nba-etl/env/lib/python3.8/site-packages/airflow/example_dags/example_bash_operator.py
[2022-02-22 15:49:20,288] {logging_mixin.py:109} INFO - [2022-02-22 15:49:20,288] {dag.py:2396} INFO - Sync 1 DAGs
[2022-02-22 15:49:20,293] {logging_mixin.py:109} INFO - [2022-02-22 15:49:20,293] {dag.py:2935} INFO - Setting next_dagrun for example_bash_operator to 2022-02-21 00:00:00+00:00
[2022-02-22 15:49:20,296] {processor.py:171} INFO - Processing /Users/aleckienzle/Developer/nba-etl/env/lib/python3.8/site-packages/airflow/example_dags/example_bash_operator.py took 0.037 seconds
[2022-02-22 15:50:28,417] {processor.py:163} INFO - Started process (PID=42997) to work on /Users/aleckienzle/Developer/nba-etl/env/lib/python3.8/site-packages/airflow/example_dags/example_bash_operator.py
[2022-02-22 15:50:28,418] {processor.py:642} INFO - Processing file /Users/aleckienzle/Developer/nba-etl/env/lib/python3.8/site-packages/airflow/example_dags/example_bash_operator.py for tasks to queue
[2022-02-22 15:50:28,419] {logging_mixin.py:109} INFO - [2022-02-22 15:50:28,419] {dagbag.py:500} INFO - Filling up the DagBag from /Users/aleckienzle/Developer/nba-etl/env/lib/python3.8/site-packages/airflow/example_dags/example_bash_operator.py
[2022-02-22 15:50:28,436] {processor.py:654} INFO - DAG(s) dict_keys(['example_bash_operator']) retrieved from /Users/aleckienzle/Developer/nba-etl/env/lib/python3.8/site-packages/airflow/example_dags/example_bash_operator.py
[2022-02-22 15:50:28,445] {logging_mixin.py:109} INFO - [2022-02-22 15:50:28,445] {dag.py:2396} INFO - Sync 1 DAGs
[2022-02-22 15:50:28,450] {logging_mixin.py:109} INFO - [2022-02-22 15:50:28,450] {dag.py:2935} INFO - Setting next_dagrun for example_bash_operator to 2022-02-21 00:00:00+00:00
[2022-02-22 15:50:28,453] {processor.py:171} INFO - Processing /Users/aleckienzle/Developer/nba-etl/env/lib/python3.8/site-packages/airflow/example_dags/example_bash_operator.py took 0.037 seconds
[2022-02-22 15:51:38,580] {processor.py:163} INFO - Started process (PID=43187) to work on /Users/aleckienzle/Developer/nba-etl/env/lib/python3.8/site-packages/airflow/example_dags/example_bash_operator.py
[2022-02-22 15:51:38,581] {processor.py:642} INFO - Processing file /Users/aleckienzle/Developer/nba-etl/env/lib/python3.8/site-packages/airflow/example_dags/example_bash_operator.py for tasks to queue
[2022-02-22 15:51:38,582] {logging_mixin.py:109} INFO - [2022-02-22 15:51:38,582] {dagbag.py:500} INFO - Filling up the DagBag from /Users/aleckienzle/Developer/nba-etl/env/lib/python3.8/site-packages/airflow/example_dags/example_bash_operator.py
[2022-02-22 15:51:38,602] {processor.py:654} INFO - DAG(s) dict_keys(['example_bash_operator']) retrieved from /Users/aleckienzle/Developer/nba-etl/env/lib/python3.8/site-packages/airflow/example_dags/example_bash_operator.py
[2022-02-22 15:51:38,615] {logging_mixin.py:109} INFO - [2022-02-22 15:51:38,615] {dag.py:2396} INFO - Sync 1 DAGs
[2022-02-22 15:51:38,621] {logging_mixin.py:109} INFO - [2022-02-22 15:51:38,621] {dag.py:2935} INFO - Setting next_dagrun for example_bash_operator to 2022-02-21 00:00:00+00:00
[2022-02-22 15:51:38,626] {processor.py:171} INFO - Processing /Users/aleckienzle/Developer/nba-etl/env/lib/python3.8/site-packages/airflow/example_dags/example_bash_operator.py took 0.046 seconds
[2022-02-22 15:52:47,145] {processor.py:163} INFO - Started process (PID=43341) to work on /Users/aleckienzle/Developer/nba-etl/env/lib/python3.8/site-packages/airflow/example_dags/example_bash_operator.py
[2022-02-22 15:52:47,146] {processor.py:642} INFO - Processing file /Users/aleckienzle/Developer/nba-etl/env/lib/python3.8/site-packages/airflow/example_dags/example_bash_operator.py for tasks to queue
[2022-02-22 15:52:47,146] {logging_mixin.py:109} INFO - [2022-02-22 15:52:47,146] {dagbag.py:500} INFO - Filling up the DagBag from /Users/aleckienzle/Developer/nba-etl/env/lib/python3.8/site-packages/airflow/example_dags/example_bash_operator.py
[2022-02-22 15:52:47,163] {processor.py:654} INFO - DAG(s) dict_keys(['example_bash_operator']) retrieved from /Users/aleckienzle/Developer/nba-etl/env/lib/python3.8/site-packages/airflow/example_dags/example_bash_operator.py
[2022-02-22 15:52:47,172] {logging_mixin.py:109} INFO - [2022-02-22 15:52:47,172] {dag.py:2396} INFO - Sync 1 DAGs
[2022-02-22 15:52:47,177] {logging_mixin.py:109} INFO - [2022-02-22 15:52:47,177] {dag.py:2935} INFO - Setting next_dagrun for example_bash_operator to 2022-02-21 00:00:00+00:00
[2022-02-22 15:52:47,181] {processor.py:171} INFO - Processing /Users/aleckienzle/Developer/nba-etl/env/lib/python3.8/site-packages/airflow/example_dags/example_bash_operator.py took 0.036 seconds
[2022-02-22 15:53:55,853] {processor.py:163} INFO - Started process (PID=43509) to work on /Users/aleckienzle/Developer/nba-etl/env/lib/python3.8/site-packages/airflow/example_dags/example_bash_operator.py
[2022-02-22 15:53:55,854] {processor.py:642} INFO - Processing file /Users/aleckienzle/Developer/nba-etl/env/lib/python3.8/site-packages/airflow/example_dags/example_bash_operator.py for tasks to queue
[2022-02-22 15:53:55,854] {logging_mixin.py:109} INFO - [2022-02-22 15:53:55,854] {dagbag.py:500} INFO - Filling up the DagBag from /Users/aleckienzle/Developer/nba-etl/env/lib/python3.8/site-packages/airflow/example_dags/example_bash_operator.py
[2022-02-22 15:53:55,871] {processor.py:654} INFO - DAG(s) dict_keys(['example_bash_operator']) retrieved from /Users/aleckienzle/Developer/nba-etl/env/lib/python3.8/site-packages/airflow/example_dags/example_bash_operator.py
[2022-02-22 15:53:55,881] {logging_mixin.py:109} INFO - [2022-02-22 15:53:55,881] {dag.py:2396} INFO - Sync 1 DAGs
[2022-02-22 15:53:55,886] {logging_mixin.py:109} INFO - [2022-02-22 15:53:55,886] {dag.py:2935} INFO - Setting next_dagrun for example_bash_operator to 2022-02-21 00:00:00+00:00
[2022-02-22 15:53:55,889] {processor.py:171} INFO - Processing /Users/aleckienzle/Developer/nba-etl/env/lib/python3.8/site-packages/airflow/example_dags/example_bash_operator.py took 0.036 seconds
[2022-02-22 15:55:04,431] {processor.py:163} INFO - Started process (PID=43687) to work on /Users/aleckienzle/Developer/nba-etl/env/lib/python3.8/site-packages/airflow/example_dags/example_bash_operator.py
[2022-02-22 15:55:04,431] {processor.py:642} INFO - Processing file /Users/aleckienzle/Developer/nba-etl/env/lib/python3.8/site-packages/airflow/example_dags/example_bash_operator.py for tasks to queue
[2022-02-22 15:55:04,431] {logging_mixin.py:109} INFO - [2022-02-22 15:55:04,431] {dagbag.py:500} INFO - Filling up the DagBag from /Users/aleckienzle/Developer/nba-etl/env/lib/python3.8/site-packages/airflow/example_dags/example_bash_operator.py
[2022-02-22 15:55:04,452] {processor.py:654} INFO - DAG(s) dict_keys(['example_bash_operator']) retrieved from /Users/aleckienzle/Developer/nba-etl/env/lib/python3.8/site-packages/airflow/example_dags/example_bash_operator.py
[2022-02-22 15:55:04,463] {logging_mixin.py:109} INFO - [2022-02-22 15:55:04,463] {dag.py:2396} INFO - Sync 1 DAGs
[2022-02-22 15:55:04,469] {logging_mixin.py:109} INFO - [2022-02-22 15:55:04,469] {dag.py:2935} INFO - Setting next_dagrun for example_bash_operator to 2022-02-21 00:00:00+00:00
[2022-02-22 15:55:04,474] {processor.py:171} INFO - Processing /Users/aleckienzle/Developer/nba-etl/env/lib/python3.8/site-packages/airflow/example_dags/example_bash_operator.py took 0.043 seconds
[2022-02-22 15:56:14,072] {processor.py:163} INFO - Started process (PID=43888) to work on /Users/aleckienzle/Developer/nba-etl/env/lib/python3.8/site-packages/airflow/example_dags/example_bash_operator.py
[2022-02-22 15:56:14,073] {processor.py:642} INFO - Processing file /Users/aleckienzle/Developer/nba-etl/env/lib/python3.8/site-packages/airflow/example_dags/example_bash_operator.py for tasks to queue
[2022-02-22 15:56:14,073] {logging_mixin.py:109} INFO - [2022-02-22 15:56:14,073] {dagbag.py:500} INFO - Filling up the DagBag from /Users/aleckienzle/Developer/nba-etl/env/lib/python3.8/site-packages/airflow/example_dags/example_bash_operator.py
[2022-02-22 15:56:14,090] {processor.py:654} INFO - DAG(s) dict_keys(['example_bash_operator']) retrieved from /Users/aleckienzle/Developer/nba-etl/env/lib/python3.8/site-packages/airflow/example_dags/example_bash_operator.py
[2022-02-22 15:56:14,102] {logging_mixin.py:109} INFO - [2022-02-22 15:56:14,102] {dag.py:2396} INFO - Sync 1 DAGs
[2022-02-22 15:56:14,107] {logging_mixin.py:109} INFO - [2022-02-22 15:56:14,107] {dag.py:2935} INFO - Setting next_dagrun for example_bash_operator to 2022-02-21 00:00:00+00:00
[2022-02-22 15:56:14,110] {processor.py:171} INFO - Processing /Users/aleckienzle/Developer/nba-etl/env/lib/python3.8/site-packages/airflow/example_dags/example_bash_operator.py took 0.038 seconds
[2022-02-22 15:57:21,866] {processor.py:163} INFO - Started process (PID=44064) to work on /Users/aleckienzle/Developer/nba-etl/env/lib/python3.8/site-packages/airflow/example_dags/example_bash_operator.py
[2022-02-22 15:57:21,867] {processor.py:642} INFO - Processing file /Users/aleckienzle/Developer/nba-etl/env/lib/python3.8/site-packages/airflow/example_dags/example_bash_operator.py for tasks to queue
[2022-02-22 15:57:21,867] {logging_mixin.py:109} INFO - [2022-02-22 15:57:21,867] {dagbag.py:500} INFO - Filling up the DagBag from /Users/aleckienzle/Developer/nba-etl/env/lib/python3.8/site-packages/airflow/example_dags/example_bash_operator.py
[2022-02-22 15:57:21,889] {processor.py:654} INFO - DAG(s) dict_keys(['example_bash_operator']) retrieved from /Users/aleckienzle/Developer/nba-etl/env/lib/python3.8/site-packages/airflow/example_dags/example_bash_operator.py
[2022-02-22 15:57:21,899] {logging_mixin.py:109} INFO - [2022-02-22 15:57:21,899] {dag.py:2396} INFO - Sync 1 DAGs
[2022-02-22 15:57:21,904] {logging_mixin.py:109} INFO - [2022-02-22 15:57:21,904] {dag.py:2935} INFO - Setting next_dagrun for example_bash_operator to 2022-02-21 00:00:00+00:00
[2022-02-22 15:57:21,908] {processor.py:171} INFO - Processing /Users/aleckienzle/Developer/nba-etl/env/lib/python3.8/site-packages/airflow/example_dags/example_bash_operator.py took 0.042 seconds
[2022-02-22 15:58:32,471] {processor.py:163} INFO - Started process (PID=44340) to work on /Users/aleckienzle/Developer/nba-etl/env/lib/python3.8/site-packages/airflow/example_dags/example_bash_operator.py
[2022-02-22 15:58:32,472] {processor.py:642} INFO - Processing file /Users/aleckienzle/Developer/nba-etl/env/lib/python3.8/site-packages/airflow/example_dags/example_bash_operator.py for tasks to queue
[2022-02-22 15:58:32,473] {logging_mixin.py:109} INFO - [2022-02-22 15:58:32,473] {dagbag.py:500} INFO - Filling up the DagBag from /Users/aleckienzle/Developer/nba-etl/env/lib/python3.8/site-packages/airflow/example_dags/example_bash_operator.py
[2022-02-22 15:58:32,489] {processor.py:654} INFO - DAG(s) dict_keys(['example_bash_operator']) retrieved from /Users/aleckienzle/Developer/nba-etl/env/lib/python3.8/site-packages/airflow/example_dags/example_bash_operator.py
[2022-02-22 15:58:32,499] {logging_mixin.py:109} INFO - [2022-02-22 15:58:32,499] {dag.py:2396} INFO - Sync 1 DAGs
[2022-02-22 15:58:32,504] {logging_mixin.py:109} INFO - [2022-02-22 15:58:32,504] {dag.py:2935} INFO - Setting next_dagrun for example_bash_operator to 2022-02-21 00:00:00+00:00
[2022-02-22 15:58:32,508] {processor.py:171} INFO - Processing /Users/aleckienzle/Developer/nba-etl/env/lib/python3.8/site-packages/airflow/example_dags/example_bash_operator.py took 0.037 seconds
[2022-02-22 15:59:38,555] {processor.py:163} INFO - Started process (PID=44602) to work on /Users/aleckienzle/Developer/nba-etl/env/lib/python3.8/site-packages/airflow/example_dags/example_bash_operator.py
[2022-02-22 15:59:38,556] {processor.py:642} INFO - Processing file /Users/aleckienzle/Developer/nba-etl/env/lib/python3.8/site-packages/airflow/example_dags/example_bash_operator.py for tasks to queue
[2022-02-22 15:59:38,556] {logging_mixin.py:109} INFO - [2022-02-22 15:59:38,556] {dagbag.py:500} INFO - Filling up the DagBag from /Users/aleckienzle/Developer/nba-etl/env/lib/python3.8/site-packages/airflow/example_dags/example_bash_operator.py
[2022-02-22 15:59:38,576] {processor.py:654} INFO - DAG(s) dict_keys(['example_bash_operator']) retrieved from /Users/aleckienzle/Developer/nba-etl/env/lib/python3.8/site-packages/airflow/example_dags/example_bash_operator.py
[2022-02-22 15:59:38,587] {logging_mixin.py:109} INFO - [2022-02-22 15:59:38,587] {dag.py:2396} INFO - Sync 1 DAGs
[2022-02-22 15:59:38,592] {logging_mixin.py:109} INFO - [2022-02-22 15:59:38,592] {dag.py:2935} INFO - Setting next_dagrun for example_bash_operator to 2022-02-21 00:00:00+00:00
[2022-02-22 15:59:38,595] {processor.py:171} INFO - Processing /Users/aleckienzle/Developer/nba-etl/env/lib/python3.8/site-packages/airflow/example_dags/example_bash_operator.py took 0.041 seconds
