[2022-02-22 15:37:40,836] {processor.py:163} INFO - Started process (PID=40963) to work on /Users/aleckienzle/Developer/nba-etl/env/lib/python3.8/site-packages/airflow/example_dags/example_time_delta_sensor_async.py
[2022-02-22 15:37:40,838] {processor.py:642} INFO - Processing file /Users/aleckienzle/Developer/nba-etl/env/lib/python3.8/site-packages/airflow/example_dags/example_time_delta_sensor_async.py for tasks to queue
[2022-02-22 15:37:40,838] {logging_mixin.py:109} INFO - [2022-02-22 15:37:40,838] {dagbag.py:500} INFO - Filling up the DagBag from /Users/aleckienzle/Developer/nba-etl/env/lib/python3.8/site-packages/airflow/example_dags/example_time_delta_sensor_async.py
[2022-02-22 15:37:40,857] {processor.py:654} INFO - DAG(s) dict_keys(['example_time_delta_sensor_async']) retrieved from /Users/aleckienzle/Developer/nba-etl/env/lib/python3.8/site-packages/airflow/example_dags/example_time_delta_sensor_async.py
[2022-02-22 15:37:40,867] {logging_mixin.py:109} INFO - [2022-02-22 15:37:40,867] {dag.py:2396} INFO - Sync 1 DAGs
[2022-02-22 15:37:40,874] {logging_mixin.py:109} INFO - [2022-02-22 15:37:40,874] {dag.py:2935} INFO - Setting next_dagrun for example_time_delta_sensor_async to None
[2022-02-22 15:37:40,878] {processor.py:171} INFO - Processing /Users/aleckienzle/Developer/nba-etl/env/lib/python3.8/site-packages/airflow/example_dags/example_time_delta_sensor_async.py took 0.043 seconds
[2022-02-22 15:38:42,615] {processor.py:163} INFO - Started process (PID=41113) to work on /Users/aleckienzle/Developer/nba-etl/env/lib/python3.8/site-packages/airflow/example_dags/example_time_delta_sensor_async.py
[2022-02-22 15:38:42,615] {processor.py:642} INFO - Processing file /Users/aleckienzle/Developer/nba-etl/env/lib/python3.8/site-packages/airflow/example_dags/example_time_delta_sensor_async.py for tasks to queue
[2022-02-22 15:38:42,615] {logging_mixin.py:109} INFO - [2022-02-22 15:38:42,615] {dagbag.py:500} INFO - Filling up the DagBag from /Users/aleckienzle/Developer/nba-etl/env/lib/python3.8/site-packages/airflow/example_dags/example_time_delta_sensor_async.py
[2022-02-22 15:38:42,651] {processor.py:654} INFO - DAG(s) dict_keys(['example_time_delta_sensor_async']) retrieved from /Users/aleckienzle/Developer/nba-etl/env/lib/python3.8/site-packages/airflow/example_dags/example_time_delta_sensor_async.py
[2022-02-22 15:38:42,662] {logging_mixin.py:109} INFO - [2022-02-22 15:38:42,661] {dag.py:2396} INFO - Sync 1 DAGs
[2022-02-22 15:38:42,666] {logging_mixin.py:109} INFO - [2022-02-22 15:38:42,666] {dag.py:2935} INFO - Setting next_dagrun for example_time_delta_sensor_async to None
[2022-02-22 15:38:42,670] {processor.py:171} INFO - Processing /Users/aleckienzle/Developer/nba-etl/env/lib/python3.8/site-packages/airflow/example_dags/example_time_delta_sensor_async.py took 0.055 seconds
[2022-02-22 15:39:46,402] {processor.py:163} INFO - Started process (PID=41285) to work on /Users/aleckienzle/Developer/nba-etl/env/lib/python3.8/site-packages/airflow/example_dags/example_time_delta_sensor_async.py
[2022-02-22 15:39:46,403] {processor.py:642} INFO - Processing file /Users/aleckienzle/Developer/nba-etl/env/lib/python3.8/site-packages/airflow/example_dags/example_time_delta_sensor_async.py for tasks to queue
[2022-02-22 15:39:46,403] {logging_mixin.py:109} INFO - [2022-02-22 15:39:46,403] {dagbag.py:500} INFO - Filling up the DagBag from /Users/aleckienzle/Developer/nba-etl/env/lib/python3.8/site-packages/airflow/example_dags/example_time_delta_sensor_async.py
[2022-02-22 15:39:46,419] {processor.py:654} INFO - DAG(s) dict_keys(['example_time_delta_sensor_async']) retrieved from /Users/aleckienzle/Developer/nba-etl/env/lib/python3.8/site-packages/airflow/example_dags/example_time_delta_sensor_async.py
[2022-02-22 15:39:46,428] {logging_mixin.py:109} INFO - [2022-02-22 15:39:46,428] {dag.py:2396} INFO - Sync 1 DAGs
[2022-02-22 15:39:46,432] {logging_mixin.py:109} INFO - [2022-02-22 15:39:46,432] {dag.py:2935} INFO - Setting next_dagrun for example_time_delta_sensor_async to None
[2022-02-22 15:39:46,435] {processor.py:171} INFO - Processing /Users/aleckienzle/Developer/nba-etl/env/lib/python3.8/site-packages/airflow/example_dags/example_time_delta_sensor_async.py took 0.034 seconds
[2022-02-22 15:40:50,214] {processor.py:163} INFO - Started process (PID=41429) to work on /Users/aleckienzle/Developer/nba-etl/env/lib/python3.8/site-packages/airflow/example_dags/example_time_delta_sensor_async.py
[2022-02-22 15:40:50,215] {processor.py:642} INFO - Processing file /Users/aleckienzle/Developer/nba-etl/env/lib/python3.8/site-packages/airflow/example_dags/example_time_delta_sensor_async.py for tasks to queue
[2022-02-22 15:40:50,215] {logging_mixin.py:109} INFO - [2022-02-22 15:40:50,215] {dagbag.py:500} INFO - Filling up the DagBag from /Users/aleckienzle/Developer/nba-etl/env/lib/python3.8/site-packages/airflow/example_dags/example_time_delta_sensor_async.py
[2022-02-22 15:40:50,230] {processor.py:654} INFO - DAG(s) dict_keys(['example_time_delta_sensor_async']) retrieved from /Users/aleckienzle/Developer/nba-etl/env/lib/python3.8/site-packages/airflow/example_dags/example_time_delta_sensor_async.py
[2022-02-22 15:40:50,239] {logging_mixin.py:109} INFO - [2022-02-22 15:40:50,239] {dag.py:2396} INFO - Sync 1 DAGs
[2022-02-22 15:40:50,244] {logging_mixin.py:109} INFO - [2022-02-22 15:40:50,244] {dag.py:2935} INFO - Setting next_dagrun for example_time_delta_sensor_async to None
[2022-02-22 15:40:50,247] {processor.py:171} INFO - Processing /Users/aleckienzle/Developer/nba-etl/env/lib/python3.8/site-packages/airflow/example_dags/example_time_delta_sensor_async.py took 0.034 seconds
[2022-02-22 15:41:54,107] {processor.py:163} INFO - Started process (PID=41563) to work on /Users/aleckienzle/Developer/nba-etl/env/lib/python3.8/site-packages/airflow/example_dags/example_time_delta_sensor_async.py
[2022-02-22 15:41:54,109] {processor.py:642} INFO - Processing file /Users/aleckienzle/Developer/nba-etl/env/lib/python3.8/site-packages/airflow/example_dags/example_time_delta_sensor_async.py for tasks to queue
[2022-02-22 15:41:54,109] {logging_mixin.py:109} INFO - [2022-02-22 15:41:54,109] {dagbag.py:500} INFO - Filling up the DagBag from /Users/aleckienzle/Developer/nba-etl/env/lib/python3.8/site-packages/airflow/example_dags/example_time_delta_sensor_async.py
[2022-02-22 15:41:54,125] {processor.py:654} INFO - DAG(s) dict_keys(['example_time_delta_sensor_async']) retrieved from /Users/aleckienzle/Developer/nba-etl/env/lib/python3.8/site-packages/airflow/example_dags/example_time_delta_sensor_async.py
[2022-02-22 15:41:54,136] {logging_mixin.py:109} INFO - [2022-02-22 15:41:54,136] {dag.py:2396} INFO - Sync 1 DAGs
[2022-02-22 15:41:54,141] {logging_mixin.py:109} INFO - [2022-02-22 15:41:54,141] {dag.py:2935} INFO - Setting next_dagrun for example_time_delta_sensor_async to None
[2022-02-22 15:41:54,145] {processor.py:171} INFO - Processing /Users/aleckienzle/Developer/nba-etl/env/lib/python3.8/site-packages/airflow/example_dags/example_time_delta_sensor_async.py took 0.038 seconds
[2022-02-22 15:42:58,570] {processor.py:163} INFO - Started process (PID=41754) to work on /Users/aleckienzle/Developer/nba-etl/env/lib/python3.8/site-packages/airflow/example_dags/example_time_delta_sensor_async.py
[2022-02-22 15:42:58,570] {processor.py:642} INFO - Processing file /Users/aleckienzle/Developer/nba-etl/env/lib/python3.8/site-packages/airflow/example_dags/example_time_delta_sensor_async.py for tasks to queue
[2022-02-22 15:42:58,571] {logging_mixin.py:109} INFO - [2022-02-22 15:42:58,571] {dagbag.py:500} INFO - Filling up the DagBag from /Users/aleckienzle/Developer/nba-etl/env/lib/python3.8/site-packages/airflow/example_dags/example_time_delta_sensor_async.py
[2022-02-22 15:42:58,587] {processor.py:654} INFO - DAG(s) dict_keys(['example_time_delta_sensor_async']) retrieved from /Users/aleckienzle/Developer/nba-etl/env/lib/python3.8/site-packages/airflow/example_dags/example_time_delta_sensor_async.py
[2022-02-22 15:42:58,596] {logging_mixin.py:109} INFO - [2022-02-22 15:42:58,596] {dag.py:2396} INFO - Sync 1 DAGs
[2022-02-22 15:42:58,600] {logging_mixin.py:109} INFO - [2022-02-22 15:42:58,600] {dag.py:2935} INFO - Setting next_dagrun for example_time_delta_sensor_async to None
[2022-02-22 15:42:58,603] {processor.py:171} INFO - Processing /Users/aleckienzle/Developer/nba-etl/env/lib/python3.8/site-packages/airflow/example_dags/example_time_delta_sensor_async.py took 0.034 seconds
[2022-02-22 15:44:04,466] {processor.py:163} INFO - Started process (PID=41918) to work on /Users/aleckienzle/Developer/nba-etl/env/lib/python3.8/site-packages/airflow/example_dags/example_time_delta_sensor_async.py
[2022-02-22 15:44:04,467] {processor.py:642} INFO - Processing file /Users/aleckienzle/Developer/nba-etl/env/lib/python3.8/site-packages/airflow/example_dags/example_time_delta_sensor_async.py for tasks to queue
[2022-02-22 15:44:04,467] {logging_mixin.py:109} INFO - [2022-02-22 15:44:04,467] {dagbag.py:500} INFO - Filling up the DagBag from /Users/aleckienzle/Developer/nba-etl/env/lib/python3.8/site-packages/airflow/example_dags/example_time_delta_sensor_async.py
[2022-02-22 15:44:04,482] {processor.py:654} INFO - DAG(s) dict_keys(['example_time_delta_sensor_async']) retrieved from /Users/aleckienzle/Developer/nba-etl/env/lib/python3.8/site-packages/airflow/example_dags/example_time_delta_sensor_async.py
[2022-02-22 15:44:04,492] {logging_mixin.py:109} INFO - [2022-02-22 15:44:04,492] {dag.py:2396} INFO - Sync 1 DAGs
[2022-02-22 15:44:04,496] {logging_mixin.py:109} INFO - [2022-02-22 15:44:04,496] {dag.py:2935} INFO - Setting next_dagrun for example_time_delta_sensor_async to None
[2022-02-22 15:44:04,500] {processor.py:171} INFO - Processing /Users/aleckienzle/Developer/nba-etl/env/lib/python3.8/site-packages/airflow/example_dags/example_time_delta_sensor_async.py took 0.034 seconds
[2022-02-22 15:45:10,158] {processor.py:163} INFO - Started process (PID=42066) to work on /Users/aleckienzle/Developer/nba-etl/env/lib/python3.8/site-packages/airflow/example_dags/example_time_delta_sensor_async.py
[2022-02-22 15:45:10,159] {processor.py:642} INFO - Processing file /Users/aleckienzle/Developer/nba-etl/env/lib/python3.8/site-packages/airflow/example_dags/example_time_delta_sensor_async.py for tasks to queue
[2022-02-22 15:45:10,159] {logging_mixin.py:109} INFO - [2022-02-22 15:45:10,159] {dagbag.py:500} INFO - Filling up the DagBag from /Users/aleckienzle/Developer/nba-etl/env/lib/python3.8/site-packages/airflow/example_dags/example_time_delta_sensor_async.py
[2022-02-22 15:45:10,175] {processor.py:654} INFO - DAG(s) dict_keys(['example_time_delta_sensor_async']) retrieved from /Users/aleckienzle/Developer/nba-etl/env/lib/python3.8/site-packages/airflow/example_dags/example_time_delta_sensor_async.py
[2022-02-22 15:45:10,184] {logging_mixin.py:109} INFO - [2022-02-22 15:45:10,184] {dag.py:2396} INFO - Sync 1 DAGs
[2022-02-22 15:45:10,189] {logging_mixin.py:109} INFO - [2022-02-22 15:45:10,189] {dag.py:2935} INFO - Setting next_dagrun for example_time_delta_sensor_async to None
[2022-02-22 15:45:10,193] {processor.py:171} INFO - Processing /Users/aleckienzle/Developer/nba-etl/env/lib/python3.8/site-packages/airflow/example_dags/example_time_delta_sensor_async.py took 0.035 seconds
[2022-02-22 15:46:16,016] {processor.py:163} INFO - Started process (PID=42236) to work on /Users/aleckienzle/Developer/nba-etl/env/lib/python3.8/site-packages/airflow/example_dags/example_time_delta_sensor_async.py
[2022-02-22 15:46:16,017] {processor.py:642} INFO - Processing file /Users/aleckienzle/Developer/nba-etl/env/lib/python3.8/site-packages/airflow/example_dags/example_time_delta_sensor_async.py for tasks to queue
[2022-02-22 15:46:16,017] {logging_mixin.py:109} INFO - [2022-02-22 15:46:16,017] {dagbag.py:500} INFO - Filling up the DagBag from /Users/aleckienzle/Developer/nba-etl/env/lib/python3.8/site-packages/airflow/example_dags/example_time_delta_sensor_async.py
[2022-02-22 15:46:16,032] {processor.py:654} INFO - DAG(s) dict_keys(['example_time_delta_sensor_async']) retrieved from /Users/aleckienzle/Developer/nba-etl/env/lib/python3.8/site-packages/airflow/example_dags/example_time_delta_sensor_async.py
[2022-02-22 15:46:16,044] {logging_mixin.py:109} INFO - [2022-02-22 15:46:16,044] {dag.py:2396} INFO - Sync 1 DAGs
[2022-02-22 15:46:16,048] {logging_mixin.py:109} INFO - [2022-02-22 15:46:16,048] {dag.py:2935} INFO - Setting next_dagrun for example_time_delta_sensor_async to None
[2022-02-22 15:46:16,051] {processor.py:171} INFO - Processing /Users/aleckienzle/Developer/nba-etl/env/lib/python3.8/site-packages/airflow/example_dags/example_time_delta_sensor_async.py took 0.035 seconds
[2022-02-22 15:47:21,906] {processor.py:163} INFO - Started process (PID=42461) to work on /Users/aleckienzle/Developer/nba-etl/env/lib/python3.8/site-packages/airflow/example_dags/example_time_delta_sensor_async.py
[2022-02-22 15:47:21,907] {processor.py:642} INFO - Processing file /Users/aleckienzle/Developer/nba-etl/env/lib/python3.8/site-packages/airflow/example_dags/example_time_delta_sensor_async.py for tasks to queue
[2022-02-22 15:47:21,907] {logging_mixin.py:109} INFO - [2022-02-22 15:47:21,907] {dagbag.py:500} INFO - Filling up the DagBag from /Users/aleckienzle/Developer/nba-etl/env/lib/python3.8/site-packages/airflow/example_dags/example_time_delta_sensor_async.py
[2022-02-22 15:47:21,921] {processor.py:654} INFO - DAG(s) dict_keys(['example_time_delta_sensor_async']) retrieved from /Users/aleckienzle/Developer/nba-etl/env/lib/python3.8/site-packages/airflow/example_dags/example_time_delta_sensor_async.py
[2022-02-22 15:47:21,931] {logging_mixin.py:109} INFO - [2022-02-22 15:47:21,930] {dag.py:2396} INFO - Sync 1 DAGs
[2022-02-22 15:47:21,935] {logging_mixin.py:109} INFO - [2022-02-22 15:47:21,934] {dag.py:2935} INFO - Setting next_dagrun for example_time_delta_sensor_async to None
[2022-02-22 15:47:21,938] {processor.py:171} INFO - Processing /Users/aleckienzle/Developer/nba-etl/env/lib/python3.8/site-packages/airflow/example_dags/example_time_delta_sensor_async.py took 0.032 seconds
[2022-02-22 15:48:33,742] {processor.py:163} INFO - Started process (PID=42699) to work on /Users/aleckienzle/Developer/nba-etl/env/lib/python3.8/site-packages/airflow/example_dags/example_time_delta_sensor_async.py
[2022-02-22 15:48:33,743] {processor.py:642} INFO - Processing file /Users/aleckienzle/Developer/nba-etl/env/lib/python3.8/site-packages/airflow/example_dags/example_time_delta_sensor_async.py for tasks to queue
[2022-02-22 15:48:33,743] {logging_mixin.py:109} INFO - [2022-02-22 15:48:33,743] {dagbag.py:500} INFO - Filling up the DagBag from /Users/aleckienzle/Developer/nba-etl/env/lib/python3.8/site-packages/airflow/example_dags/example_time_delta_sensor_async.py
[2022-02-22 15:48:33,758] {processor.py:654} INFO - DAG(s) dict_keys(['example_time_delta_sensor_async']) retrieved from /Users/aleckienzle/Developer/nba-etl/env/lib/python3.8/site-packages/airflow/example_dags/example_time_delta_sensor_async.py
[2022-02-22 15:48:33,767] {logging_mixin.py:109} INFO - [2022-02-22 15:48:33,767] {dag.py:2396} INFO - Sync 1 DAGs
[2022-02-22 15:48:33,771] {logging_mixin.py:109} INFO - [2022-02-22 15:48:33,771] {dag.py:2935} INFO - Setting next_dagrun for example_time_delta_sensor_async to None
[2022-02-22 15:48:33,774] {processor.py:171} INFO - Processing /Users/aleckienzle/Developer/nba-etl/env/lib/python3.8/site-packages/airflow/example_dags/example_time_delta_sensor_async.py took 0.033 seconds
[2022-02-22 15:49:41,850] {processor.py:163} INFO - Started process (PID=42884) to work on /Users/aleckienzle/Developer/nba-etl/env/lib/python3.8/site-packages/airflow/example_dags/example_time_delta_sensor_async.py
[2022-02-22 15:49:41,852] {processor.py:642} INFO - Processing file /Users/aleckienzle/Developer/nba-etl/env/lib/python3.8/site-packages/airflow/example_dags/example_time_delta_sensor_async.py for tasks to queue
[2022-02-22 15:49:41,852] {logging_mixin.py:109} INFO - [2022-02-22 15:49:41,852] {dagbag.py:500} INFO - Filling up the DagBag from /Users/aleckienzle/Developer/nba-etl/env/lib/python3.8/site-packages/airflow/example_dags/example_time_delta_sensor_async.py
[2022-02-22 15:49:41,868] {processor.py:654} INFO - DAG(s) dict_keys(['example_time_delta_sensor_async']) retrieved from /Users/aleckienzle/Developer/nba-etl/env/lib/python3.8/site-packages/airflow/example_dags/example_time_delta_sensor_async.py
[2022-02-22 15:49:41,878] {logging_mixin.py:109} INFO - [2022-02-22 15:49:41,878] {dag.py:2396} INFO - Sync 1 DAGs
[2022-02-22 15:49:41,882] {logging_mixin.py:109} INFO - [2022-02-22 15:49:41,882] {dag.py:2935} INFO - Setting next_dagrun for example_time_delta_sensor_async to None
[2022-02-22 15:49:41,885] {processor.py:171} INFO - Processing /Users/aleckienzle/Developer/nba-etl/env/lib/python3.8/site-packages/airflow/example_dags/example_time_delta_sensor_async.py took 0.035 seconds
[2022-02-22 15:50:51,684] {processor.py:163} INFO - Started process (PID=43056) to work on /Users/aleckienzle/Developer/nba-etl/env/lib/python3.8/site-packages/airflow/example_dags/example_time_delta_sensor_async.py
[2022-02-22 15:50:51,685] {processor.py:642} INFO - Processing file /Users/aleckienzle/Developer/nba-etl/env/lib/python3.8/site-packages/airflow/example_dags/example_time_delta_sensor_async.py for tasks to queue
[2022-02-22 15:50:51,685] {logging_mixin.py:109} INFO - [2022-02-22 15:50:51,685] {dagbag.py:500} INFO - Filling up the DagBag from /Users/aleckienzle/Developer/nba-etl/env/lib/python3.8/site-packages/airflow/example_dags/example_time_delta_sensor_async.py
[2022-02-22 15:50:51,701] {processor.py:654} INFO - DAG(s) dict_keys(['example_time_delta_sensor_async']) retrieved from /Users/aleckienzle/Developer/nba-etl/env/lib/python3.8/site-packages/airflow/example_dags/example_time_delta_sensor_async.py
[2022-02-22 15:50:51,710] {logging_mixin.py:109} INFO - [2022-02-22 15:50:51,710] {dag.py:2396} INFO - Sync 1 DAGs
[2022-02-22 15:50:51,714] {logging_mixin.py:109} INFO - [2022-02-22 15:50:51,714] {dag.py:2935} INFO - Setting next_dagrun for example_time_delta_sensor_async to None
[2022-02-22 15:50:51,719] {processor.py:171} INFO - Processing /Users/aleckienzle/Developer/nba-etl/env/lib/python3.8/site-packages/airflow/example_dags/example_time_delta_sensor_async.py took 0.036 seconds
[2022-02-22 15:52:02,088] {processor.py:163} INFO - Started process (PID=43240) to work on /Users/aleckienzle/Developer/nba-etl/env/lib/python3.8/site-packages/airflow/example_dags/example_time_delta_sensor_async.py
[2022-02-22 15:52:02,089] {processor.py:642} INFO - Processing file /Users/aleckienzle/Developer/nba-etl/env/lib/python3.8/site-packages/airflow/example_dags/example_time_delta_sensor_async.py for tasks to queue
[2022-02-22 15:52:02,089] {logging_mixin.py:109} INFO - [2022-02-22 15:52:02,089] {dagbag.py:500} INFO - Filling up the DagBag from /Users/aleckienzle/Developer/nba-etl/env/lib/python3.8/site-packages/airflow/example_dags/example_time_delta_sensor_async.py
[2022-02-22 15:52:02,105] {processor.py:654} INFO - DAG(s) dict_keys(['example_time_delta_sensor_async']) retrieved from /Users/aleckienzle/Developer/nba-etl/env/lib/python3.8/site-packages/airflow/example_dags/example_time_delta_sensor_async.py
[2022-02-22 15:52:02,114] {logging_mixin.py:109} INFO - [2022-02-22 15:52:02,114] {dag.py:2396} INFO - Sync 1 DAGs
[2022-02-22 15:52:02,118] {logging_mixin.py:109} INFO - [2022-02-22 15:52:02,118] {dag.py:2935} INFO - Setting next_dagrun for example_time_delta_sensor_async to None
[2022-02-22 15:52:02,121] {processor.py:171} INFO - Processing /Users/aleckienzle/Developer/nba-etl/env/lib/python3.8/site-packages/airflow/example_dags/example_time_delta_sensor_async.py took 0.034 seconds
[2022-02-22 15:53:09,217] {processor.py:163} INFO - Started process (PID=43397) to work on /Users/aleckienzle/Developer/nba-etl/env/lib/python3.8/site-packages/airflow/example_dags/example_time_delta_sensor_async.py
[2022-02-22 15:53:09,218] {processor.py:642} INFO - Processing file /Users/aleckienzle/Developer/nba-etl/env/lib/python3.8/site-packages/airflow/example_dags/example_time_delta_sensor_async.py for tasks to queue
[2022-02-22 15:53:09,218] {logging_mixin.py:109} INFO - [2022-02-22 15:53:09,218] {dagbag.py:500} INFO - Filling up the DagBag from /Users/aleckienzle/Developer/nba-etl/env/lib/python3.8/site-packages/airflow/example_dags/example_time_delta_sensor_async.py
[2022-02-22 15:53:09,233] {processor.py:654} INFO - DAG(s) dict_keys(['example_time_delta_sensor_async']) retrieved from /Users/aleckienzle/Developer/nba-etl/env/lib/python3.8/site-packages/airflow/example_dags/example_time_delta_sensor_async.py
[2022-02-22 15:53:09,243] {logging_mixin.py:109} INFO - [2022-02-22 15:53:09,243] {dag.py:2396} INFO - Sync 1 DAGs
[2022-02-22 15:53:09,247] {logging_mixin.py:109} INFO - [2022-02-22 15:53:09,247] {dag.py:2935} INFO - Setting next_dagrun for example_time_delta_sensor_async to None
[2022-02-22 15:53:09,250] {processor.py:171} INFO - Processing /Users/aleckienzle/Developer/nba-etl/env/lib/python3.8/site-packages/airflow/example_dags/example_time_delta_sensor_async.py took 0.034 seconds
[2022-02-22 15:54:17,832] {processor.py:163} INFO - Started process (PID=43572) to work on /Users/aleckienzle/Developer/nba-etl/env/lib/python3.8/site-packages/airflow/example_dags/example_time_delta_sensor_async.py
[2022-02-22 15:54:17,832] {processor.py:642} INFO - Processing file /Users/aleckienzle/Developer/nba-etl/env/lib/python3.8/site-packages/airflow/example_dags/example_time_delta_sensor_async.py for tasks to queue
[2022-02-22 15:54:17,833] {logging_mixin.py:109} INFO - [2022-02-22 15:54:17,833] {dagbag.py:500} INFO - Filling up the DagBag from /Users/aleckienzle/Developer/nba-etl/env/lib/python3.8/site-packages/airflow/example_dags/example_time_delta_sensor_async.py
[2022-02-22 15:54:17,849] {processor.py:654} INFO - DAG(s) dict_keys(['example_time_delta_sensor_async']) retrieved from /Users/aleckienzle/Developer/nba-etl/env/lib/python3.8/site-packages/airflow/example_dags/example_time_delta_sensor_async.py
[2022-02-22 15:54:17,859] {logging_mixin.py:109} INFO - [2022-02-22 15:54:17,859] {dag.py:2396} INFO - Sync 1 DAGs
[2022-02-22 15:54:17,863] {logging_mixin.py:109} INFO - [2022-02-22 15:54:17,863] {dag.py:2935} INFO - Setting next_dagrun for example_time_delta_sensor_async to None
[2022-02-22 15:54:17,867] {processor.py:171} INFO - Processing /Users/aleckienzle/Developer/nba-etl/env/lib/python3.8/site-packages/airflow/example_dags/example_time_delta_sensor_async.py took 0.035 seconds
[2022-02-22 15:55:27,870] {processor.py:163} INFO - Started process (PID=43760) to work on /Users/aleckienzle/Developer/nba-etl/env/lib/python3.8/site-packages/airflow/example_dags/example_time_delta_sensor_async.py
[2022-02-22 15:55:27,870] {processor.py:642} INFO - Processing file /Users/aleckienzle/Developer/nba-etl/env/lib/python3.8/site-packages/airflow/example_dags/example_time_delta_sensor_async.py for tasks to queue
[2022-02-22 15:55:27,870] {logging_mixin.py:109} INFO - [2022-02-22 15:55:27,870] {dagbag.py:500} INFO - Filling up the DagBag from /Users/aleckienzle/Developer/nba-etl/env/lib/python3.8/site-packages/airflow/example_dags/example_time_delta_sensor_async.py
[2022-02-22 15:55:27,886] {processor.py:654} INFO - DAG(s) dict_keys(['example_time_delta_sensor_async']) retrieved from /Users/aleckienzle/Developer/nba-etl/env/lib/python3.8/site-packages/airflow/example_dags/example_time_delta_sensor_async.py
[2022-02-22 15:55:27,895] {logging_mixin.py:109} INFO - [2022-02-22 15:55:27,895] {dag.py:2396} INFO - Sync 1 DAGs
[2022-02-22 15:55:27,899] {logging_mixin.py:109} INFO - [2022-02-22 15:55:27,899] {dag.py:2935} INFO - Setting next_dagrun for example_time_delta_sensor_async to None
[2022-02-22 15:55:27,902] {processor.py:171} INFO - Processing /Users/aleckienzle/Developer/nba-etl/env/lib/python3.8/site-packages/airflow/example_dags/example_time_delta_sensor_async.py took 0.033 seconds
[2022-02-22 15:56:35,438] {processor.py:163} INFO - Started process (PID=43934) to work on /Users/aleckienzle/Developer/nba-etl/env/lib/python3.8/site-packages/airflow/example_dags/example_time_delta_sensor_async.py
[2022-02-22 15:56:35,438] {processor.py:642} INFO - Processing file /Users/aleckienzle/Developer/nba-etl/env/lib/python3.8/site-packages/airflow/example_dags/example_time_delta_sensor_async.py for tasks to queue
[2022-02-22 15:56:35,439] {logging_mixin.py:109} INFO - [2022-02-22 15:56:35,439] {dagbag.py:500} INFO - Filling up the DagBag from /Users/aleckienzle/Developer/nba-etl/env/lib/python3.8/site-packages/airflow/example_dags/example_time_delta_sensor_async.py
[2022-02-22 15:56:35,454] {processor.py:654} INFO - DAG(s) dict_keys(['example_time_delta_sensor_async']) retrieved from /Users/aleckienzle/Developer/nba-etl/env/lib/python3.8/site-packages/airflow/example_dags/example_time_delta_sensor_async.py
[2022-02-22 15:56:35,464] {logging_mixin.py:109} INFO - [2022-02-22 15:56:35,464] {dag.py:2396} INFO - Sync 1 DAGs
[2022-02-22 15:56:35,468] {logging_mixin.py:109} INFO - [2022-02-22 15:56:35,468] {dag.py:2935} INFO - Setting next_dagrun for example_time_delta_sensor_async to None
[2022-02-22 15:56:35,472] {processor.py:171} INFO - Processing /Users/aleckienzle/Developer/nba-etl/env/lib/python3.8/site-packages/airflow/example_dags/example_time_delta_sensor_async.py took 0.034 seconds
[2022-02-22 15:57:45,864] {processor.py:163} INFO - Started process (PID=44166) to work on /Users/aleckienzle/Developer/nba-etl/env/lib/python3.8/site-packages/airflow/example_dags/example_time_delta_sensor_async.py
[2022-02-22 15:57:45,865] {processor.py:642} INFO - Processing file /Users/aleckienzle/Developer/nba-etl/env/lib/python3.8/site-packages/airflow/example_dags/example_time_delta_sensor_async.py for tasks to queue
[2022-02-22 15:57:45,865] {logging_mixin.py:109} INFO - [2022-02-22 15:57:45,865] {dagbag.py:500} INFO - Filling up the DagBag from /Users/aleckienzle/Developer/nba-etl/env/lib/python3.8/site-packages/airflow/example_dags/example_time_delta_sensor_async.py
[2022-02-22 15:57:45,884] {processor.py:654} INFO - DAG(s) dict_keys(['example_time_delta_sensor_async']) retrieved from /Users/aleckienzle/Developer/nba-etl/env/lib/python3.8/site-packages/airflow/example_dags/example_time_delta_sensor_async.py
[2022-02-22 15:57:45,894] {logging_mixin.py:109} INFO - [2022-02-22 15:57:45,894] {dag.py:2396} INFO - Sync 1 DAGs
[2022-02-22 15:57:45,899] {logging_mixin.py:109} INFO - [2022-02-22 15:57:45,899] {dag.py:2935} INFO - Setting next_dagrun for example_time_delta_sensor_async to None
[2022-02-22 15:57:45,903] {processor.py:171} INFO - Processing /Users/aleckienzle/Developer/nba-etl/env/lib/python3.8/site-packages/airflow/example_dags/example_time_delta_sensor_async.py took 0.039 seconds
[2022-02-22 15:58:52,951] {processor.py:163} INFO - Started process (PID=44413) to work on /Users/aleckienzle/Developer/nba-etl/env/lib/python3.8/site-packages/airflow/example_dags/example_time_delta_sensor_async.py
[2022-02-22 15:58:52,952] {processor.py:642} INFO - Processing file /Users/aleckienzle/Developer/nba-etl/env/lib/python3.8/site-packages/airflow/example_dags/example_time_delta_sensor_async.py for tasks to queue
[2022-02-22 15:58:52,952] {logging_mixin.py:109} INFO - [2022-02-22 15:58:52,952] {dagbag.py:500} INFO - Filling up the DagBag from /Users/aleckienzle/Developer/nba-etl/env/lib/python3.8/site-packages/airflow/example_dags/example_time_delta_sensor_async.py
[2022-02-22 15:58:52,968] {processor.py:654} INFO - DAG(s) dict_keys(['example_time_delta_sensor_async']) retrieved from /Users/aleckienzle/Developer/nba-etl/env/lib/python3.8/site-packages/airflow/example_dags/example_time_delta_sensor_async.py
[2022-02-22 15:58:52,977] {logging_mixin.py:109} INFO - [2022-02-22 15:58:52,977] {dag.py:2396} INFO - Sync 1 DAGs
[2022-02-22 15:58:52,982] {logging_mixin.py:109} INFO - [2022-02-22 15:58:52,982] {dag.py:2935} INFO - Setting next_dagrun for example_time_delta_sensor_async to None
[2022-02-22 15:58:52,985] {processor.py:171} INFO - Processing /Users/aleckienzle/Developer/nba-etl/env/lib/python3.8/site-packages/airflow/example_dags/example_time_delta_sensor_async.py took 0.034 seconds
