[2022-02-22 15:37:50,494] {processor.py:163} INFO - Started process (PID=40988) to work on /Users/aleckienzle/Developer/nba-etl/env/lib/python3.8/site-packages/airflow/example_dags/example_skip_dag.py
[2022-02-22 15:37:50,494] {processor.py:642} INFO - Processing file /Users/aleckienzle/Developer/nba-etl/env/lib/python3.8/site-packages/airflow/example_dags/example_skip_dag.py for tasks to queue
[2022-02-22 15:37:50,495] {logging_mixin.py:109} INFO - [2022-02-22 15:37:50,494] {dagbag.py:500} INFO - Filling up the DagBag from /Users/aleckienzle/Developer/nba-etl/env/lib/python3.8/site-packages/airflow/example_dags/example_skip_dag.py
[2022-02-22 15:37:50,513] {processor.py:654} INFO - DAG(s) dict_keys(['example_skip_dag']) retrieved from /Users/aleckienzle/Developer/nba-etl/env/lib/python3.8/site-packages/airflow/example_dags/example_skip_dag.py
[2022-02-22 15:37:50,525] {logging_mixin.py:109} INFO - [2022-02-22 15:37:50,525] {dag.py:2396} INFO - Sync 1 DAGs
[2022-02-22 15:37:50,530] {logging_mixin.py:109} INFO - [2022-02-22 15:37:50,530] {dag.py:2935} INFO - Setting next_dagrun for example_skip_dag to 2022-02-21T23:37:50.530087+00:00
[2022-02-22 15:37:50,533] {processor.py:171} INFO - Processing /Users/aleckienzle/Developer/nba-etl/env/lib/python3.8/site-packages/airflow/example_dags/example_skip_dag.py took 0.040 seconds
[2022-02-22 15:38:52,348] {processor.py:163} INFO - Started process (PID=41147) to work on /Users/aleckienzle/Developer/nba-etl/env/lib/python3.8/site-packages/airflow/example_dags/example_skip_dag.py
[2022-02-22 15:38:52,349] {processor.py:642} INFO - Processing file /Users/aleckienzle/Developer/nba-etl/env/lib/python3.8/site-packages/airflow/example_dags/example_skip_dag.py for tasks to queue
[2022-02-22 15:38:52,349] {logging_mixin.py:109} INFO - [2022-02-22 15:38:52,349] {dagbag.py:500} INFO - Filling up the DagBag from /Users/aleckienzle/Developer/nba-etl/env/lib/python3.8/site-packages/airflow/example_dags/example_skip_dag.py
[2022-02-22 15:38:52,364] {processor.py:654} INFO - DAG(s) dict_keys(['example_skip_dag']) retrieved from /Users/aleckienzle/Developer/nba-etl/env/lib/python3.8/site-packages/airflow/example_dags/example_skip_dag.py
[2022-02-22 15:38:52,374] {logging_mixin.py:109} INFO - [2022-02-22 15:38:52,374] {dag.py:2396} INFO - Sync 1 DAGs
[2022-02-22 15:38:52,378] {logging_mixin.py:109} INFO - [2022-02-22 15:38:52,378] {dag.py:2935} INFO - Setting next_dagrun for example_skip_dag to 2022-02-21T23:38:52.378475+00:00
[2022-02-22 15:38:52,382] {processor.py:171} INFO - Processing /Users/aleckienzle/Developer/nba-etl/env/lib/python3.8/site-packages/airflow/example_dags/example_skip_dag.py took 0.034 seconds
[2022-02-22 15:39:56,083] {processor.py:163} INFO - Started process (PID=41306) to work on /Users/aleckienzle/Developer/nba-etl/env/lib/python3.8/site-packages/airflow/example_dags/example_skip_dag.py
[2022-02-22 15:39:56,084] {processor.py:642} INFO - Processing file /Users/aleckienzle/Developer/nba-etl/env/lib/python3.8/site-packages/airflow/example_dags/example_skip_dag.py for tasks to queue
[2022-02-22 15:39:56,085] {logging_mixin.py:109} INFO - [2022-02-22 15:39:56,084] {dagbag.py:500} INFO - Filling up the DagBag from /Users/aleckienzle/Developer/nba-etl/env/lib/python3.8/site-packages/airflow/example_dags/example_skip_dag.py
[2022-02-22 15:39:56,099] {processor.py:654} INFO - DAG(s) dict_keys(['example_skip_dag']) retrieved from /Users/aleckienzle/Developer/nba-etl/env/lib/python3.8/site-packages/airflow/example_dags/example_skip_dag.py
[2022-02-22 15:39:56,109] {logging_mixin.py:109} INFO - [2022-02-22 15:39:56,109] {dag.py:2396} INFO - Sync 1 DAGs
[2022-02-22 15:39:56,113] {logging_mixin.py:109} INFO - [2022-02-22 15:39:56,113] {dag.py:2935} INFO - Setting next_dagrun for example_skip_dag to 2022-02-21T23:39:56.113184+00:00
[2022-02-22 15:39:56,116] {processor.py:171} INFO - Processing /Users/aleckienzle/Developer/nba-etl/env/lib/python3.8/site-packages/airflow/example_dags/example_skip_dag.py took 0.033 seconds
[2022-02-22 15:40:59,913] {processor.py:163} INFO - Started process (PID=41451) to work on /Users/aleckienzle/Developer/nba-etl/env/lib/python3.8/site-packages/airflow/example_dags/example_skip_dag.py
[2022-02-22 15:40:59,914] {processor.py:642} INFO - Processing file /Users/aleckienzle/Developer/nba-etl/env/lib/python3.8/site-packages/airflow/example_dags/example_skip_dag.py for tasks to queue
[2022-02-22 15:40:59,914] {logging_mixin.py:109} INFO - [2022-02-22 15:40:59,914] {dagbag.py:500} INFO - Filling up the DagBag from /Users/aleckienzle/Developer/nba-etl/env/lib/python3.8/site-packages/airflow/example_dags/example_skip_dag.py
[2022-02-22 15:40:59,929] {processor.py:654} INFO - DAG(s) dict_keys(['example_skip_dag']) retrieved from /Users/aleckienzle/Developer/nba-etl/env/lib/python3.8/site-packages/airflow/example_dags/example_skip_dag.py
[2022-02-22 15:40:59,938] {logging_mixin.py:109} INFO - [2022-02-22 15:40:59,938] {dag.py:2396} INFO - Sync 1 DAGs
[2022-02-22 15:40:59,942] {logging_mixin.py:109} INFO - [2022-02-22 15:40:59,942] {dag.py:2935} INFO - Setting next_dagrun for example_skip_dag to 2022-02-21T23:40:59.942836+00:00
[2022-02-22 15:40:59,946] {processor.py:171} INFO - Processing /Users/aleckienzle/Developer/nba-etl/env/lib/python3.8/site-packages/airflow/example_dags/example_skip_dag.py took 0.033 seconds
[2022-02-22 15:42:03,923] {processor.py:163} INFO - Started process (PID=41585) to work on /Users/aleckienzle/Developer/nba-etl/env/lib/python3.8/site-packages/airflow/example_dags/example_skip_dag.py
[2022-02-22 15:42:03,923] {processor.py:642} INFO - Processing file /Users/aleckienzle/Developer/nba-etl/env/lib/python3.8/site-packages/airflow/example_dags/example_skip_dag.py for tasks to queue
[2022-02-22 15:42:03,924] {logging_mixin.py:109} INFO - [2022-02-22 15:42:03,924] {dagbag.py:500} INFO - Filling up the DagBag from /Users/aleckienzle/Developer/nba-etl/env/lib/python3.8/site-packages/airflow/example_dags/example_skip_dag.py
[2022-02-22 15:42:03,938] {processor.py:654} INFO - DAG(s) dict_keys(['example_skip_dag']) retrieved from /Users/aleckienzle/Developer/nba-etl/env/lib/python3.8/site-packages/airflow/example_dags/example_skip_dag.py
[2022-02-22 15:42:03,949] {logging_mixin.py:109} INFO - [2022-02-22 15:42:03,948] {dag.py:2396} INFO - Sync 1 DAGs
[2022-02-22 15:42:03,953] {logging_mixin.py:109} INFO - [2022-02-22 15:42:03,953] {dag.py:2935} INFO - Setting next_dagrun for example_skip_dag to 2022-02-21T23:42:03.953098+00:00
[2022-02-22 15:42:03,956] {processor.py:171} INFO - Processing /Users/aleckienzle/Developer/nba-etl/env/lib/python3.8/site-packages/airflow/example_dags/example_skip_dag.py took 0.033 seconds
[2022-02-22 15:43:08,262] {processor.py:163} INFO - Started process (PID=41788) to work on /Users/aleckienzle/Developer/nba-etl/env/lib/python3.8/site-packages/airflow/example_dags/example_skip_dag.py
[2022-02-22 15:43:08,263] {processor.py:642} INFO - Processing file /Users/aleckienzle/Developer/nba-etl/env/lib/python3.8/site-packages/airflow/example_dags/example_skip_dag.py for tasks to queue
[2022-02-22 15:43:08,264] {logging_mixin.py:109} INFO - [2022-02-22 15:43:08,264] {dagbag.py:500} INFO - Filling up the DagBag from /Users/aleckienzle/Developer/nba-etl/env/lib/python3.8/site-packages/airflow/example_dags/example_skip_dag.py
[2022-02-22 15:43:08,283] {processor.py:654} INFO - DAG(s) dict_keys(['example_skip_dag']) retrieved from /Users/aleckienzle/Developer/nba-etl/env/lib/python3.8/site-packages/airflow/example_dags/example_skip_dag.py
[2022-02-22 15:43:08,293] {logging_mixin.py:109} INFO - [2022-02-22 15:43:08,293] {dag.py:2396} INFO - Sync 1 DAGs
[2022-02-22 15:43:08,297] {logging_mixin.py:109} INFO - [2022-02-22 15:43:08,297] {dag.py:2935} INFO - Setting next_dagrun for example_skip_dag to 2022-02-21T23:43:08.297329+00:00
[2022-02-22 15:43:08,300] {processor.py:171} INFO - Processing /Users/aleckienzle/Developer/nba-etl/env/lib/python3.8/site-packages/airflow/example_dags/example_skip_dag.py took 0.038 seconds
[2022-02-22 15:44:14,056] {processor.py:163} INFO - Started process (PID=41939) to work on /Users/aleckienzle/Developer/nba-etl/env/lib/python3.8/site-packages/airflow/example_dags/example_skip_dag.py
[2022-02-22 15:44:14,057] {processor.py:642} INFO - Processing file /Users/aleckienzle/Developer/nba-etl/env/lib/python3.8/site-packages/airflow/example_dags/example_skip_dag.py for tasks to queue
[2022-02-22 15:44:14,057] {logging_mixin.py:109} INFO - [2022-02-22 15:44:14,057] {dagbag.py:500} INFO - Filling up the DagBag from /Users/aleckienzle/Developer/nba-etl/env/lib/python3.8/site-packages/airflow/example_dags/example_skip_dag.py
[2022-02-22 15:44:14,072] {processor.py:654} INFO - DAG(s) dict_keys(['example_skip_dag']) retrieved from /Users/aleckienzle/Developer/nba-etl/env/lib/python3.8/site-packages/airflow/example_dags/example_skip_dag.py
[2022-02-22 15:44:14,082] {logging_mixin.py:109} INFO - [2022-02-22 15:44:14,082] {dag.py:2396} INFO - Sync 1 DAGs
[2022-02-22 15:44:14,086] {logging_mixin.py:109} INFO - [2022-02-22 15:44:14,086] {dag.py:2935} INFO - Setting next_dagrun for example_skip_dag to 2022-02-21T23:44:14.086564+00:00
[2022-02-22 15:44:14,090] {processor.py:171} INFO - Processing /Users/aleckienzle/Developer/nba-etl/env/lib/python3.8/site-packages/airflow/example_dags/example_skip_dag.py took 0.034 seconds
[2022-02-22 15:45:19,846] {processor.py:163} INFO - Started process (PID=42087) to work on /Users/aleckienzle/Developer/nba-etl/env/lib/python3.8/site-packages/airflow/example_dags/example_skip_dag.py
[2022-02-22 15:45:19,847] {processor.py:642} INFO - Processing file /Users/aleckienzle/Developer/nba-etl/env/lib/python3.8/site-packages/airflow/example_dags/example_skip_dag.py for tasks to queue
[2022-02-22 15:45:19,847] {logging_mixin.py:109} INFO - [2022-02-22 15:45:19,847] {dagbag.py:500} INFO - Filling up the DagBag from /Users/aleckienzle/Developer/nba-etl/env/lib/python3.8/site-packages/airflow/example_dags/example_skip_dag.py
[2022-02-22 15:45:19,862] {processor.py:654} INFO - DAG(s) dict_keys(['example_skip_dag']) retrieved from /Users/aleckienzle/Developer/nba-etl/env/lib/python3.8/site-packages/airflow/example_dags/example_skip_dag.py
[2022-02-22 15:45:19,872] {logging_mixin.py:109} INFO - [2022-02-22 15:45:19,872] {dag.py:2396} INFO - Sync 1 DAGs
[2022-02-22 15:45:19,876] {logging_mixin.py:109} INFO - [2022-02-22 15:45:19,876] {dag.py:2935} INFO - Setting next_dagrun for example_skip_dag to 2022-02-21T23:45:19.876237+00:00
[2022-02-22 15:45:19,880] {processor.py:171} INFO - Processing /Users/aleckienzle/Developer/nba-etl/env/lib/python3.8/site-packages/airflow/example_dags/example_skip_dag.py took 0.034 seconds
[2022-02-22 15:46:25,761] {processor.py:163} INFO - Started process (PID=42272) to work on /Users/aleckienzle/Developer/nba-etl/env/lib/python3.8/site-packages/airflow/example_dags/example_skip_dag.py
[2022-02-22 15:46:25,762] {processor.py:642} INFO - Processing file /Users/aleckienzle/Developer/nba-etl/env/lib/python3.8/site-packages/airflow/example_dags/example_skip_dag.py for tasks to queue
[2022-02-22 15:46:25,763] {logging_mixin.py:109} INFO - [2022-02-22 15:46:25,763] {dagbag.py:500} INFO - Filling up the DagBag from /Users/aleckienzle/Developer/nba-etl/env/lib/python3.8/site-packages/airflow/example_dags/example_skip_dag.py
[2022-02-22 15:46:25,777] {processor.py:654} INFO - DAG(s) dict_keys(['example_skip_dag']) retrieved from /Users/aleckienzle/Developer/nba-etl/env/lib/python3.8/site-packages/airflow/example_dags/example_skip_dag.py
[2022-02-22 15:46:25,787] {logging_mixin.py:109} INFO - [2022-02-22 15:46:25,787] {dag.py:2396} INFO - Sync 1 DAGs
[2022-02-22 15:46:25,791] {logging_mixin.py:109} INFO - [2022-02-22 15:46:25,791] {dag.py:2935} INFO - Setting next_dagrun for example_skip_dag to 2022-02-21T23:46:25.791285+00:00
[2022-02-22 15:46:25,794] {processor.py:171} INFO - Processing /Users/aleckienzle/Developer/nba-etl/env/lib/python3.8/site-packages/airflow/example_dags/example_skip_dag.py took 0.033 seconds
[2022-02-22 15:47:31,655] {processor.py:163} INFO - Started process (PID=42484) to work on /Users/aleckienzle/Developer/nba-etl/env/lib/python3.8/site-packages/airflow/example_dags/example_skip_dag.py
[2022-02-22 15:47:31,656] {processor.py:642} INFO - Processing file /Users/aleckienzle/Developer/nba-etl/env/lib/python3.8/site-packages/airflow/example_dags/example_skip_dag.py for tasks to queue
[2022-02-22 15:47:31,656] {logging_mixin.py:109} INFO - [2022-02-22 15:47:31,656] {dagbag.py:500} INFO - Filling up the DagBag from /Users/aleckienzle/Developer/nba-etl/env/lib/python3.8/site-packages/airflow/example_dags/example_skip_dag.py
[2022-02-22 15:47:31,671] {processor.py:654} INFO - DAG(s) dict_keys(['example_skip_dag']) retrieved from /Users/aleckienzle/Developer/nba-etl/env/lib/python3.8/site-packages/airflow/example_dags/example_skip_dag.py
[2022-02-22 15:47:31,681] {logging_mixin.py:109} INFO - [2022-02-22 15:47:31,681] {dag.py:2396} INFO - Sync 1 DAGs
[2022-02-22 15:47:31,685] {logging_mixin.py:109} INFO - [2022-02-22 15:47:31,685] {dag.py:2935} INFO - Setting next_dagrun for example_skip_dag to 2022-02-21T23:47:31.685455+00:00
[2022-02-22 15:47:31,689] {processor.py:171} INFO - Processing /Users/aleckienzle/Developer/nba-etl/env/lib/python3.8/site-packages/airflow/example_dags/example_skip_dag.py took 0.034 seconds
[2022-02-22 15:48:43,577] {processor.py:163} INFO - Started process (PID=42726) to work on /Users/aleckienzle/Developer/nba-etl/env/lib/python3.8/site-packages/airflow/example_dags/example_skip_dag.py
[2022-02-22 15:48:43,577] {processor.py:642} INFO - Processing file /Users/aleckienzle/Developer/nba-etl/env/lib/python3.8/site-packages/airflow/example_dags/example_skip_dag.py for tasks to queue
[2022-02-22 15:48:43,577] {logging_mixin.py:109} INFO - [2022-02-22 15:48:43,577] {dagbag.py:500} INFO - Filling up the DagBag from /Users/aleckienzle/Developer/nba-etl/env/lib/python3.8/site-packages/airflow/example_dags/example_skip_dag.py
[2022-02-22 15:48:43,594] {processor.py:654} INFO - DAG(s) dict_keys(['example_skip_dag']) retrieved from /Users/aleckienzle/Developer/nba-etl/env/lib/python3.8/site-packages/airflow/example_dags/example_skip_dag.py
[2022-02-22 15:48:43,606] {logging_mixin.py:109} INFO - [2022-02-22 15:48:43,606] {dag.py:2396} INFO - Sync 1 DAGs
[2022-02-22 15:48:43,611] {logging_mixin.py:109} INFO - [2022-02-22 15:48:43,611] {dag.py:2935} INFO - Setting next_dagrun for example_skip_dag to 2022-02-21T23:48:43.611041+00:00
[2022-02-22 15:48:43,615] {processor.py:171} INFO - Processing /Users/aleckienzle/Developer/nba-etl/env/lib/python3.8/site-packages/airflow/example_dags/example_skip_dag.py took 0.039 seconds
[2022-02-22 15:49:51,599] {processor.py:163} INFO - Started process (PID=42907) to work on /Users/aleckienzle/Developer/nba-etl/env/lib/python3.8/site-packages/airflow/example_dags/example_skip_dag.py
[2022-02-22 15:49:51,600] {processor.py:642} INFO - Processing file /Users/aleckienzle/Developer/nba-etl/env/lib/python3.8/site-packages/airflow/example_dags/example_skip_dag.py for tasks to queue
[2022-02-22 15:49:51,600] {logging_mixin.py:109} INFO - [2022-02-22 15:49:51,600] {dagbag.py:500} INFO - Filling up the DagBag from /Users/aleckienzle/Developer/nba-etl/env/lib/python3.8/site-packages/airflow/example_dags/example_skip_dag.py
[2022-02-22 15:49:51,616] {processor.py:654} INFO - DAG(s) dict_keys(['example_skip_dag']) retrieved from /Users/aleckienzle/Developer/nba-etl/env/lib/python3.8/site-packages/airflow/example_dags/example_skip_dag.py
[2022-02-22 15:49:51,629] {logging_mixin.py:109} INFO - [2022-02-22 15:49:51,629] {dag.py:2396} INFO - Sync 1 DAGs
[2022-02-22 15:49:51,633] {logging_mixin.py:109} INFO - [2022-02-22 15:49:51,633] {dag.py:2935} INFO - Setting next_dagrun for example_skip_dag to 2022-02-21T23:49:51.633739+00:00
[2022-02-22 15:49:51,637] {processor.py:171} INFO - Processing /Users/aleckienzle/Developer/nba-etl/env/lib/python3.8/site-packages/airflow/example_dags/example_skip_dag.py took 0.038 seconds
[2022-02-22 15:51:01,325] {processor.py:163} INFO - Started process (PID=43088) to work on /Users/aleckienzle/Developer/nba-etl/env/lib/python3.8/site-packages/airflow/example_dags/example_skip_dag.py
[2022-02-22 15:51:01,326] {processor.py:642} INFO - Processing file /Users/aleckienzle/Developer/nba-etl/env/lib/python3.8/site-packages/airflow/example_dags/example_skip_dag.py for tasks to queue
[2022-02-22 15:51:01,326] {logging_mixin.py:109} INFO - [2022-02-22 15:51:01,326] {dagbag.py:500} INFO - Filling up the DagBag from /Users/aleckienzle/Developer/nba-etl/env/lib/python3.8/site-packages/airflow/example_dags/example_skip_dag.py
[2022-02-22 15:51:01,341] {processor.py:654} INFO - DAG(s) dict_keys(['example_skip_dag']) retrieved from /Users/aleckienzle/Developer/nba-etl/env/lib/python3.8/site-packages/airflow/example_dags/example_skip_dag.py
[2022-02-22 15:51:01,351] {logging_mixin.py:109} INFO - [2022-02-22 15:51:01,351] {dag.py:2396} INFO - Sync 1 DAGs
[2022-02-22 15:51:01,355] {logging_mixin.py:109} INFO - [2022-02-22 15:51:01,355] {dag.py:2935} INFO - Setting next_dagrun for example_skip_dag to 2022-02-21T23:51:01.355413+00:00
[2022-02-22 15:51:01,358] {processor.py:171} INFO - Processing /Users/aleckienzle/Developer/nba-etl/env/lib/python3.8/site-packages/airflow/example_dags/example_skip_dag.py took 0.034 seconds
[2022-02-22 15:52:11,812] {processor.py:163} INFO - Started process (PID=43264) to work on /Users/aleckienzle/Developer/nba-etl/env/lib/python3.8/site-packages/airflow/example_dags/example_skip_dag.py
[2022-02-22 15:52:11,813] {processor.py:642} INFO - Processing file /Users/aleckienzle/Developer/nba-etl/env/lib/python3.8/site-packages/airflow/example_dags/example_skip_dag.py for tasks to queue
[2022-02-22 15:52:11,814] {logging_mixin.py:109} INFO - [2022-02-22 15:52:11,814] {dagbag.py:500} INFO - Filling up the DagBag from /Users/aleckienzle/Developer/nba-etl/env/lib/python3.8/site-packages/airflow/example_dags/example_skip_dag.py
[2022-02-22 15:52:11,830] {processor.py:654} INFO - DAG(s) dict_keys(['example_skip_dag']) retrieved from /Users/aleckienzle/Developer/nba-etl/env/lib/python3.8/site-packages/airflow/example_dags/example_skip_dag.py
[2022-02-22 15:52:11,840] {logging_mixin.py:109} INFO - [2022-02-22 15:52:11,840] {dag.py:2396} INFO - Sync 1 DAGs
[2022-02-22 15:52:11,844] {logging_mixin.py:109} INFO - [2022-02-22 15:52:11,844] {dag.py:2935} INFO - Setting next_dagrun for example_skip_dag to 2022-02-21T23:52:11.844699+00:00
[2022-02-22 15:52:11,848] {processor.py:171} INFO - Processing /Users/aleckienzle/Developer/nba-etl/env/lib/python3.8/site-packages/airflow/example_dags/example_skip_dag.py took 0.036 seconds
[2022-02-22 15:53:18,866] {processor.py:163} INFO - Started process (PID=43423) to work on /Users/aleckienzle/Developer/nba-etl/env/lib/python3.8/site-packages/airflow/example_dags/example_skip_dag.py
[2022-02-22 15:53:18,867] {processor.py:642} INFO - Processing file /Users/aleckienzle/Developer/nba-etl/env/lib/python3.8/site-packages/airflow/example_dags/example_skip_dag.py for tasks to queue
[2022-02-22 15:53:18,867] {logging_mixin.py:109} INFO - [2022-02-22 15:53:18,867] {dagbag.py:500} INFO - Filling up the DagBag from /Users/aleckienzle/Developer/nba-etl/env/lib/python3.8/site-packages/airflow/example_dags/example_skip_dag.py
[2022-02-22 15:53:18,882] {processor.py:654} INFO - DAG(s) dict_keys(['example_skip_dag']) retrieved from /Users/aleckienzle/Developer/nba-etl/env/lib/python3.8/site-packages/airflow/example_dags/example_skip_dag.py
[2022-02-22 15:53:18,892] {logging_mixin.py:109} INFO - [2022-02-22 15:53:18,892] {dag.py:2396} INFO - Sync 1 DAGs
[2022-02-22 15:53:18,897] {logging_mixin.py:109} INFO - [2022-02-22 15:53:18,897] {dag.py:2935} INFO - Setting next_dagrun for example_skip_dag to 2022-02-21T23:53:18.897430+00:00
[2022-02-22 15:53:18,901] {processor.py:171} INFO - Processing /Users/aleckienzle/Developer/nba-etl/env/lib/python3.8/site-packages/airflow/example_dags/example_skip_dag.py took 0.035 seconds
[2022-02-22 15:54:27,585] {processor.py:163} INFO - Started process (PID=43596) to work on /Users/aleckienzle/Developer/nba-etl/env/lib/python3.8/site-packages/airflow/example_dags/example_skip_dag.py
[2022-02-22 15:54:27,585] {processor.py:642} INFO - Processing file /Users/aleckienzle/Developer/nba-etl/env/lib/python3.8/site-packages/airflow/example_dags/example_skip_dag.py for tasks to queue
[2022-02-22 15:54:27,586] {logging_mixin.py:109} INFO - [2022-02-22 15:54:27,586] {dagbag.py:500} INFO - Filling up the DagBag from /Users/aleckienzle/Developer/nba-etl/env/lib/python3.8/site-packages/airflow/example_dags/example_skip_dag.py
[2022-02-22 15:54:27,601] {processor.py:654} INFO - DAG(s) dict_keys(['example_skip_dag']) retrieved from /Users/aleckienzle/Developer/nba-etl/env/lib/python3.8/site-packages/airflow/example_dags/example_skip_dag.py
[2022-02-22 15:54:27,612] {logging_mixin.py:109} INFO - [2022-02-22 15:54:27,612] {dag.py:2396} INFO - Sync 1 DAGs
[2022-02-22 15:54:27,616] {logging_mixin.py:109} INFO - [2022-02-22 15:54:27,616] {dag.py:2935} INFO - Setting next_dagrun for example_skip_dag to 2022-02-21T23:54:27.616324+00:00
[2022-02-22 15:54:27,619] {processor.py:171} INFO - Processing /Users/aleckienzle/Developer/nba-etl/env/lib/python3.8/site-packages/airflow/example_dags/example_skip_dag.py took 0.035 seconds
[2022-02-22 15:55:37,683] {processor.py:163} INFO - Started process (PID=43798) to work on /Users/aleckienzle/Developer/nba-etl/env/lib/python3.8/site-packages/airflow/example_dags/example_skip_dag.py
[2022-02-22 15:55:37,684] {processor.py:642} INFO - Processing file /Users/aleckienzle/Developer/nba-etl/env/lib/python3.8/site-packages/airflow/example_dags/example_skip_dag.py for tasks to queue
[2022-02-22 15:55:37,684] {logging_mixin.py:109} INFO - [2022-02-22 15:55:37,684] {dagbag.py:500} INFO - Filling up the DagBag from /Users/aleckienzle/Developer/nba-etl/env/lib/python3.8/site-packages/airflow/example_dags/example_skip_dag.py
[2022-02-22 15:55:37,698] {processor.py:654} INFO - DAG(s) dict_keys(['example_skip_dag']) retrieved from /Users/aleckienzle/Developer/nba-etl/env/lib/python3.8/site-packages/airflow/example_dags/example_skip_dag.py
[2022-02-22 15:55:37,708] {logging_mixin.py:109} INFO - [2022-02-22 15:55:37,708] {dag.py:2396} INFO - Sync 1 DAGs
[2022-02-22 15:55:37,712] {logging_mixin.py:109} INFO - [2022-02-22 15:55:37,712] {dag.py:2935} INFO - Setting next_dagrun for example_skip_dag to 2022-02-21T23:55:37.712823+00:00
[2022-02-22 15:55:37,716] {processor.py:171} INFO - Processing /Users/aleckienzle/Developer/nba-etl/env/lib/python3.8/site-packages/airflow/example_dags/example_skip_dag.py took 0.033 seconds
[2022-02-22 15:56:45,082] {processor.py:163} INFO - Started process (PID=43954) to work on /Users/aleckienzle/Developer/nba-etl/env/lib/python3.8/site-packages/airflow/example_dags/example_skip_dag.py
[2022-02-22 15:56:45,083] {processor.py:642} INFO - Processing file /Users/aleckienzle/Developer/nba-etl/env/lib/python3.8/site-packages/airflow/example_dags/example_skip_dag.py for tasks to queue
[2022-02-22 15:56:45,083] {logging_mixin.py:109} INFO - [2022-02-22 15:56:45,083] {dagbag.py:500} INFO - Filling up the DagBag from /Users/aleckienzle/Developer/nba-etl/env/lib/python3.8/site-packages/airflow/example_dags/example_skip_dag.py
[2022-02-22 15:56:45,098] {processor.py:654} INFO - DAG(s) dict_keys(['example_skip_dag']) retrieved from /Users/aleckienzle/Developer/nba-etl/env/lib/python3.8/site-packages/airflow/example_dags/example_skip_dag.py
[2022-02-22 15:56:45,108] {logging_mixin.py:109} INFO - [2022-02-22 15:56:45,108] {dag.py:2396} INFO - Sync 1 DAGs
[2022-02-22 15:56:45,112] {logging_mixin.py:109} INFO - [2022-02-22 15:56:45,112] {dag.py:2935} INFO - Setting next_dagrun for example_skip_dag to 2022-02-21T23:56:45.112095+00:00
[2022-02-22 15:56:45,115] {processor.py:171} INFO - Processing /Users/aleckienzle/Developer/nba-etl/env/lib/python3.8/site-packages/airflow/example_dags/example_skip_dag.py took 0.034 seconds
[2022-02-22 15:57:55,660] {processor.py:163} INFO - Started process (PID=44206) to work on /Users/aleckienzle/Developer/nba-etl/env/lib/python3.8/site-packages/airflow/example_dags/example_skip_dag.py
[2022-02-22 15:57:55,661] {processor.py:642} INFO - Processing file /Users/aleckienzle/Developer/nba-etl/env/lib/python3.8/site-packages/airflow/example_dags/example_skip_dag.py for tasks to queue
[2022-02-22 15:57:55,661] {logging_mixin.py:109} INFO - [2022-02-22 15:57:55,661] {dagbag.py:500} INFO - Filling up the DagBag from /Users/aleckienzle/Developer/nba-etl/env/lib/python3.8/site-packages/airflow/example_dags/example_skip_dag.py
[2022-02-22 15:57:55,677] {processor.py:654} INFO - DAG(s) dict_keys(['example_skip_dag']) retrieved from /Users/aleckienzle/Developer/nba-etl/env/lib/python3.8/site-packages/airflow/example_dags/example_skip_dag.py
[2022-02-22 15:57:55,688] {logging_mixin.py:109} INFO - [2022-02-22 15:57:55,687] {dag.py:2396} INFO - Sync 1 DAGs
[2022-02-22 15:57:55,692] {logging_mixin.py:109} INFO - [2022-02-22 15:57:55,692] {dag.py:2935} INFO - Setting next_dagrun for example_skip_dag to 2022-02-21T23:57:55.692504+00:00
[2022-02-22 15:57:55,696] {processor.py:171} INFO - Processing /Users/aleckienzle/Developer/nba-etl/env/lib/python3.8/site-packages/airflow/example_dags/example_skip_dag.py took 0.036 seconds
[2022-02-22 15:59:02,818] {processor.py:163} INFO - Started process (PID=44449) to work on /Users/aleckienzle/Developer/nba-etl/env/lib/python3.8/site-packages/airflow/example_dags/example_skip_dag.py
[2022-02-22 15:59:02,819] {processor.py:642} INFO - Processing file /Users/aleckienzle/Developer/nba-etl/env/lib/python3.8/site-packages/airflow/example_dags/example_skip_dag.py for tasks to queue
[2022-02-22 15:59:02,819] {logging_mixin.py:109} INFO - [2022-02-22 15:59:02,819] {dagbag.py:500} INFO - Filling up the DagBag from /Users/aleckienzle/Developer/nba-etl/env/lib/python3.8/site-packages/airflow/example_dags/example_skip_dag.py
[2022-02-22 15:59:02,834] {processor.py:654} INFO - DAG(s) dict_keys(['example_skip_dag']) retrieved from /Users/aleckienzle/Developer/nba-etl/env/lib/python3.8/site-packages/airflow/example_dags/example_skip_dag.py
[2022-02-22 15:59:02,844] {logging_mixin.py:109} INFO - [2022-02-22 15:59:02,844] {dag.py:2396} INFO - Sync 1 DAGs
[2022-02-22 15:59:02,849] {logging_mixin.py:109} INFO - [2022-02-22 15:59:02,849] {dag.py:2935} INFO - Setting next_dagrun for example_skip_dag to 2022-02-21T23:59:02.848982+00:00
[2022-02-22 15:59:02,852] {processor.py:171} INFO - Processing /Users/aleckienzle/Developer/nba-etl/env/lib/python3.8/site-packages/airflow/example_dags/example_skip_dag.py took 0.034 seconds
