[2022-02-22 15:38:17,488] {processor.py:163} INFO - Started process (PID=41053) to work on /Users/aleckienzle/Developer/nba-etl/env/lib/python3.8/site-packages/airflow/example_dags/example_branch_day_of_week_operator.py
[2022-02-22 15:38:17,488] {processor.py:642} INFO - Processing file /Users/aleckienzle/Developer/nba-etl/env/lib/python3.8/site-packages/airflow/example_dags/example_branch_day_of_week_operator.py for tasks to queue
[2022-02-22 15:38:17,488] {logging_mixin.py:109} INFO - [2022-02-22 15:38:17,488] {dagbag.py:500} INFO - Filling up the DagBag from /Users/aleckienzle/Developer/nba-etl/env/lib/python3.8/site-packages/airflow/example_dags/example_branch_day_of_week_operator.py
[2022-02-22 15:38:17,508] {processor.py:654} INFO - DAG(s) dict_keys(['example_weekday_branch_operator']) retrieved from /Users/aleckienzle/Developer/nba-etl/env/lib/python3.8/site-packages/airflow/example_dags/example_branch_day_of_week_operator.py
[2022-02-22 15:38:17,518] {logging_mixin.py:109} INFO - [2022-02-22 15:38:17,517] {dag.py:2396} INFO - Sync 1 DAGs
[2022-02-22 15:38:17,522] {logging_mixin.py:109} INFO - [2022-02-22 15:38:17,522] {dag.py:2935} INFO - Setting next_dagrun for example_weekday_branch_operator to 2022-02-21 00:00:00+00:00
[2022-02-22 15:38:17,526] {processor.py:171} INFO - Processing /Users/aleckienzle/Developer/nba-etl/env/lib/python3.8/site-packages/airflow/example_dags/example_branch_day_of_week_operator.py took 0.038 seconds
[2022-02-22 15:39:21,201] {processor.py:163} INFO - Started process (PID=41213) to work on /Users/aleckienzle/Developer/nba-etl/env/lib/python3.8/site-packages/airflow/example_dags/example_branch_day_of_week_operator.py
[2022-02-22 15:39:21,202] {processor.py:642} INFO - Processing file /Users/aleckienzle/Developer/nba-etl/env/lib/python3.8/site-packages/airflow/example_dags/example_branch_day_of_week_operator.py for tasks to queue
[2022-02-22 15:39:21,202] {logging_mixin.py:109} INFO - [2022-02-22 15:39:21,202] {dagbag.py:500} INFO - Filling up the DagBag from /Users/aleckienzle/Developer/nba-etl/env/lib/python3.8/site-packages/airflow/example_dags/example_branch_day_of_week_operator.py
[2022-02-22 15:39:21,220] {processor.py:654} INFO - DAG(s) dict_keys(['example_weekday_branch_operator']) retrieved from /Users/aleckienzle/Developer/nba-etl/env/lib/python3.8/site-packages/airflow/example_dags/example_branch_day_of_week_operator.py
[2022-02-22 15:39:21,230] {logging_mixin.py:109} INFO - [2022-02-22 15:39:21,230] {dag.py:2396} INFO - Sync 1 DAGs
[2022-02-22 15:39:21,235] {logging_mixin.py:109} INFO - [2022-02-22 15:39:21,235] {dag.py:2935} INFO - Setting next_dagrun for example_weekday_branch_operator to 2022-02-21 00:00:00+00:00
[2022-02-22 15:39:21,239] {processor.py:171} INFO - Processing /Users/aleckienzle/Developer/nba-etl/env/lib/python3.8/site-packages/airflow/example_dags/example_branch_day_of_week_operator.py took 0.038 seconds
[2022-02-22 15:40:24,901] {processor.py:163} INFO - Started process (PID=41367) to work on /Users/aleckienzle/Developer/nba-etl/env/lib/python3.8/site-packages/airflow/example_dags/example_branch_day_of_week_operator.py
[2022-02-22 15:40:24,902] {processor.py:642} INFO - Processing file /Users/aleckienzle/Developer/nba-etl/env/lib/python3.8/site-packages/airflow/example_dags/example_branch_day_of_week_operator.py for tasks to queue
[2022-02-22 15:40:24,902] {logging_mixin.py:109} INFO - [2022-02-22 15:40:24,902] {dagbag.py:500} INFO - Filling up the DagBag from /Users/aleckienzle/Developer/nba-etl/env/lib/python3.8/site-packages/airflow/example_dags/example_branch_day_of_week_operator.py
[2022-02-22 15:40:24,919] {processor.py:654} INFO - DAG(s) dict_keys(['example_weekday_branch_operator']) retrieved from /Users/aleckienzle/Developer/nba-etl/env/lib/python3.8/site-packages/airflow/example_dags/example_branch_day_of_week_operator.py
[2022-02-22 15:40:24,929] {logging_mixin.py:109} INFO - [2022-02-22 15:40:24,929] {dag.py:2396} INFO - Sync 1 DAGs
[2022-02-22 15:40:24,934] {logging_mixin.py:109} INFO - [2022-02-22 15:40:24,934] {dag.py:2935} INFO - Setting next_dagrun for example_weekday_branch_operator to 2022-02-21 00:00:00+00:00
[2022-02-22 15:40:24,938] {processor.py:171} INFO - Processing /Users/aleckienzle/Developer/nba-etl/env/lib/python3.8/site-packages/airflow/example_dags/example_branch_day_of_week_operator.py took 0.037 seconds
[2022-02-22 15:41:28,877] {processor.py:163} INFO - Started process (PID=41515) to work on /Users/aleckienzle/Developer/nba-etl/env/lib/python3.8/site-packages/airflow/example_dags/example_branch_day_of_week_operator.py
[2022-02-22 15:41:28,878] {processor.py:642} INFO - Processing file /Users/aleckienzle/Developer/nba-etl/env/lib/python3.8/site-packages/airflow/example_dags/example_branch_day_of_week_operator.py for tasks to queue
[2022-02-22 15:41:28,878] {logging_mixin.py:109} INFO - [2022-02-22 15:41:28,878] {dagbag.py:500} INFO - Filling up the DagBag from /Users/aleckienzle/Developer/nba-etl/env/lib/python3.8/site-packages/airflow/example_dags/example_branch_day_of_week_operator.py
[2022-02-22 15:41:28,893] {processor.py:654} INFO - DAG(s) dict_keys(['example_weekday_branch_operator']) retrieved from /Users/aleckienzle/Developer/nba-etl/env/lib/python3.8/site-packages/airflow/example_dags/example_branch_day_of_week_operator.py
[2022-02-22 15:41:28,903] {logging_mixin.py:109} INFO - [2022-02-22 15:41:28,902] {dag.py:2396} INFO - Sync 1 DAGs
[2022-02-22 15:41:28,907] {logging_mixin.py:109} INFO - [2022-02-22 15:41:28,907] {dag.py:2935} INFO - Setting next_dagrun for example_weekday_branch_operator to 2022-02-21 00:00:00+00:00
[2022-02-22 15:41:28,910] {processor.py:171} INFO - Processing /Users/aleckienzle/Developer/nba-etl/env/lib/python3.8/site-packages/airflow/example_dags/example_branch_day_of_week_operator.py took 0.034 seconds
[2022-02-22 15:42:32,965] {processor.py:163} INFO - Started process (PID=41667) to work on /Users/aleckienzle/Developer/nba-etl/env/lib/python3.8/site-packages/airflow/example_dags/example_branch_day_of_week_operator.py
[2022-02-22 15:42:32,966] {processor.py:642} INFO - Processing file /Users/aleckienzle/Developer/nba-etl/env/lib/python3.8/site-packages/airflow/example_dags/example_branch_day_of_week_operator.py for tasks to queue
[2022-02-22 15:42:32,966] {logging_mixin.py:109} INFO - [2022-02-22 15:42:32,966] {dagbag.py:500} INFO - Filling up the DagBag from /Users/aleckienzle/Developer/nba-etl/env/lib/python3.8/site-packages/airflow/example_dags/example_branch_day_of_week_operator.py
[2022-02-22 15:42:32,982] {processor.py:654} INFO - DAG(s) dict_keys(['example_weekday_branch_operator']) retrieved from /Users/aleckienzle/Developer/nba-etl/env/lib/python3.8/site-packages/airflow/example_dags/example_branch_day_of_week_operator.py
[2022-02-22 15:42:32,991] {logging_mixin.py:109} INFO - [2022-02-22 15:42:32,991] {dag.py:2396} INFO - Sync 1 DAGs
[2022-02-22 15:42:32,996] {logging_mixin.py:109} INFO - [2022-02-22 15:42:32,996] {dag.py:2935} INFO - Setting next_dagrun for example_weekday_branch_operator to 2022-02-21 00:00:00+00:00
[2022-02-22 15:42:33,000] {processor.py:171} INFO - Processing /Users/aleckienzle/Developer/nba-etl/env/lib/python3.8/site-packages/airflow/example_dags/example_branch_day_of_week_operator.py took 0.036 seconds
[2022-02-22 15:43:39,154] {processor.py:163} INFO - Started process (PID=41868) to work on /Users/aleckienzle/Developer/nba-etl/env/lib/python3.8/site-packages/airflow/example_dags/example_branch_day_of_week_operator.py
[2022-02-22 15:43:39,155] {processor.py:642} INFO - Processing file /Users/aleckienzle/Developer/nba-etl/env/lib/python3.8/site-packages/airflow/example_dags/example_branch_day_of_week_operator.py for tasks to queue
[2022-02-22 15:43:39,155] {logging_mixin.py:109} INFO - [2022-02-22 15:43:39,155] {dagbag.py:500} INFO - Filling up the DagBag from /Users/aleckienzle/Developer/nba-etl/env/lib/python3.8/site-packages/airflow/example_dags/example_branch_day_of_week_operator.py
[2022-02-22 15:43:39,172] {processor.py:654} INFO - DAG(s) dict_keys(['example_weekday_branch_operator']) retrieved from /Users/aleckienzle/Developer/nba-etl/env/lib/python3.8/site-packages/airflow/example_dags/example_branch_day_of_week_operator.py
[2022-02-22 15:43:39,181] {logging_mixin.py:109} INFO - [2022-02-22 15:43:39,181] {dag.py:2396} INFO - Sync 1 DAGs
[2022-02-22 15:43:39,186] {logging_mixin.py:109} INFO - [2022-02-22 15:43:39,186] {dag.py:2935} INFO - Setting next_dagrun for example_weekday_branch_operator to 2022-02-21 00:00:00+00:00
[2022-02-22 15:43:39,189] {processor.py:171} INFO - Processing /Users/aleckienzle/Developer/nba-etl/env/lib/python3.8/site-packages/airflow/example_dags/example_branch_day_of_week_operator.py took 0.035 seconds
[2022-02-22 15:44:44,829] {processor.py:163} INFO - Started process (PID=42008) to work on /Users/aleckienzle/Developer/nba-etl/env/lib/python3.8/site-packages/airflow/example_dags/example_branch_day_of_week_operator.py
[2022-02-22 15:44:44,830] {processor.py:642} INFO - Processing file /Users/aleckienzle/Developer/nba-etl/env/lib/python3.8/site-packages/airflow/example_dags/example_branch_day_of_week_operator.py for tasks to queue
[2022-02-22 15:44:44,831] {logging_mixin.py:109} INFO - [2022-02-22 15:44:44,831] {dagbag.py:500} INFO - Filling up the DagBag from /Users/aleckienzle/Developer/nba-etl/env/lib/python3.8/site-packages/airflow/example_dags/example_branch_day_of_week_operator.py
[2022-02-22 15:44:44,846] {processor.py:654} INFO - DAG(s) dict_keys(['example_weekday_branch_operator']) retrieved from /Users/aleckienzle/Developer/nba-etl/env/lib/python3.8/site-packages/airflow/example_dags/example_branch_day_of_week_operator.py
[2022-02-22 15:44:44,856] {logging_mixin.py:109} INFO - [2022-02-22 15:44:44,856] {dag.py:2396} INFO - Sync 1 DAGs
[2022-02-22 15:44:44,860] {logging_mixin.py:109} INFO - [2022-02-22 15:44:44,860] {dag.py:2935} INFO - Setting next_dagrun for example_weekday_branch_operator to 2022-02-21 00:00:00+00:00
[2022-02-22 15:44:44,864] {processor.py:171} INFO - Processing /Users/aleckienzle/Developer/nba-etl/env/lib/python3.8/site-packages/airflow/example_dags/example_branch_day_of_week_operator.py took 0.035 seconds
[2022-02-22 15:45:50,679] {processor.py:163} INFO - Started process (PID=42166) to work on /Users/aleckienzle/Developer/nba-etl/env/lib/python3.8/site-packages/airflow/example_dags/example_branch_day_of_week_operator.py
[2022-02-22 15:45:50,680] {processor.py:642} INFO - Processing file /Users/aleckienzle/Developer/nba-etl/env/lib/python3.8/site-packages/airflow/example_dags/example_branch_day_of_week_operator.py for tasks to queue
[2022-02-22 15:45:50,680] {logging_mixin.py:109} INFO - [2022-02-22 15:45:50,680] {dagbag.py:500} INFO - Filling up the DagBag from /Users/aleckienzle/Developer/nba-etl/env/lib/python3.8/site-packages/airflow/example_dags/example_branch_day_of_week_operator.py
[2022-02-22 15:45:50,696] {processor.py:654} INFO - DAG(s) dict_keys(['example_weekday_branch_operator']) retrieved from /Users/aleckienzle/Developer/nba-etl/env/lib/python3.8/site-packages/airflow/example_dags/example_branch_day_of_week_operator.py
[2022-02-22 15:45:50,706] {logging_mixin.py:109} INFO - [2022-02-22 15:45:50,706] {dag.py:2396} INFO - Sync 1 DAGs
[2022-02-22 15:45:50,710] {logging_mixin.py:109} INFO - [2022-02-22 15:45:50,710] {dag.py:2935} INFO - Setting next_dagrun for example_weekday_branch_operator to 2022-02-21 00:00:00+00:00
[2022-02-22 15:45:50,714] {processor.py:171} INFO - Processing /Users/aleckienzle/Developer/nba-etl/env/lib/python3.8/site-packages/airflow/example_dags/example_branch_day_of_week_operator.py took 0.035 seconds
[2022-02-22 15:46:56,554] {processor.py:163} INFO - Started process (PID=42378) to work on /Users/aleckienzle/Developer/nba-etl/env/lib/python3.8/site-packages/airflow/example_dags/example_branch_day_of_week_operator.py
[2022-02-22 15:46:56,555] {processor.py:642} INFO - Processing file /Users/aleckienzle/Developer/nba-etl/env/lib/python3.8/site-packages/airflow/example_dags/example_branch_day_of_week_operator.py for tasks to queue
[2022-02-22 15:46:56,555] {logging_mixin.py:109} INFO - [2022-02-22 15:46:56,555] {dagbag.py:500} INFO - Filling up the DagBag from /Users/aleckienzle/Developer/nba-etl/env/lib/python3.8/site-packages/airflow/example_dags/example_branch_day_of_week_operator.py
[2022-02-22 15:46:56,573] {processor.py:654} INFO - DAG(s) dict_keys(['example_weekday_branch_operator']) retrieved from /Users/aleckienzle/Developer/nba-etl/env/lib/python3.8/site-packages/airflow/example_dags/example_branch_day_of_week_operator.py
[2022-02-22 15:46:56,583] {logging_mixin.py:109} INFO - [2022-02-22 15:46:56,583] {dag.py:2396} INFO - Sync 1 DAGs
[2022-02-22 15:46:56,588] {logging_mixin.py:109} INFO - [2022-02-22 15:46:56,588] {dag.py:2935} INFO - Setting next_dagrun for example_weekday_branch_operator to 2022-02-21 00:00:00+00:00
[2022-02-22 15:46:56,592] {processor.py:171} INFO - Processing /Users/aleckienzle/Developer/nba-etl/env/lib/python3.8/site-packages/airflow/example_dags/example_branch_day_of_week_operator.py took 0.038 seconds
[2022-02-22 15:48:08,217] {processor.py:163} INFO - Started process (PID=42644) to work on /Users/aleckienzle/Developer/nba-etl/env/lib/python3.8/site-packages/airflow/example_dags/example_branch_day_of_week_operator.py
[2022-02-22 15:48:08,218] {processor.py:642} INFO - Processing file /Users/aleckienzle/Developer/nba-etl/env/lib/python3.8/site-packages/airflow/example_dags/example_branch_day_of_week_operator.py for tasks to queue
[2022-02-22 15:48:08,218] {logging_mixin.py:109} INFO - [2022-02-22 15:48:08,218] {dagbag.py:500} INFO - Filling up the DagBag from /Users/aleckienzle/Developer/nba-etl/env/lib/python3.8/site-packages/airflow/example_dags/example_branch_day_of_week_operator.py
[2022-02-22 15:48:08,234] {processor.py:654} INFO - DAG(s) dict_keys(['example_weekday_branch_operator']) retrieved from /Users/aleckienzle/Developer/nba-etl/env/lib/python3.8/site-packages/airflow/example_dags/example_branch_day_of_week_operator.py
[2022-02-22 15:48:08,243] {logging_mixin.py:109} INFO - [2022-02-22 15:48:08,243] {dag.py:2396} INFO - Sync 1 DAGs
[2022-02-22 15:48:08,248] {logging_mixin.py:109} INFO - [2022-02-22 15:48:08,248] {dag.py:2935} INFO - Setting next_dagrun for example_weekday_branch_operator to 2022-02-21 00:00:00+00:00
[2022-02-22 15:48:08,251] {processor.py:171} INFO - Processing /Users/aleckienzle/Developer/nba-etl/env/lib/python3.8/site-packages/airflow/example_dags/example_branch_day_of_week_operator.py took 0.034 seconds
[2022-02-22 15:49:16,393] {processor.py:163} INFO - Started process (PID=42805) to work on /Users/aleckienzle/Developer/nba-etl/env/lib/python3.8/site-packages/airflow/example_dags/example_branch_day_of_week_operator.py
[2022-02-22 15:49:16,395] {processor.py:642} INFO - Processing file /Users/aleckienzle/Developer/nba-etl/env/lib/python3.8/site-packages/airflow/example_dags/example_branch_day_of_week_operator.py for tasks to queue
[2022-02-22 15:49:16,395] {logging_mixin.py:109} INFO - [2022-02-22 15:49:16,395] {dagbag.py:500} INFO - Filling up the DagBag from /Users/aleckienzle/Developer/nba-etl/env/lib/python3.8/site-packages/airflow/example_dags/example_branch_day_of_week_operator.py
[2022-02-22 15:49:16,413] {processor.py:654} INFO - DAG(s) dict_keys(['example_weekday_branch_operator']) retrieved from /Users/aleckienzle/Developer/nba-etl/env/lib/python3.8/site-packages/airflow/example_dags/example_branch_day_of_week_operator.py
[2022-02-22 15:49:16,422] {logging_mixin.py:109} INFO - [2022-02-22 15:49:16,422] {dag.py:2396} INFO - Sync 1 DAGs
[2022-02-22 15:49:16,427] {logging_mixin.py:109} INFO - [2022-02-22 15:49:16,427] {dag.py:2935} INFO - Setting next_dagrun for example_weekday_branch_operator to 2022-02-21 00:00:00+00:00
[2022-02-22 15:49:16,430] {processor.py:171} INFO - Processing /Users/aleckienzle/Developer/nba-etl/env/lib/python3.8/site-packages/airflow/example_dags/example_branch_day_of_week_operator.py took 0.037 seconds
[2022-02-22 15:50:24,610] {processor.py:163} INFO - Started process (PID=42983) to work on /Users/aleckienzle/Developer/nba-etl/env/lib/python3.8/site-packages/airflow/example_dags/example_branch_day_of_week_operator.py
[2022-02-22 15:50:24,610] {processor.py:642} INFO - Processing file /Users/aleckienzle/Developer/nba-etl/env/lib/python3.8/site-packages/airflow/example_dags/example_branch_day_of_week_operator.py for tasks to queue
[2022-02-22 15:50:24,611] {logging_mixin.py:109} INFO - [2022-02-22 15:50:24,611] {dagbag.py:500} INFO - Filling up the DagBag from /Users/aleckienzle/Developer/nba-etl/env/lib/python3.8/site-packages/airflow/example_dags/example_branch_day_of_week_operator.py
[2022-02-22 15:50:24,627] {processor.py:654} INFO - DAG(s) dict_keys(['example_weekday_branch_operator']) retrieved from /Users/aleckienzle/Developer/nba-etl/env/lib/python3.8/site-packages/airflow/example_dags/example_branch_day_of_week_operator.py
[2022-02-22 15:50:24,636] {logging_mixin.py:109} INFO - [2022-02-22 15:50:24,636] {dag.py:2396} INFO - Sync 1 DAGs
[2022-02-22 15:50:24,641] {logging_mixin.py:109} INFO - [2022-02-22 15:50:24,641] {dag.py:2935} INFO - Setting next_dagrun for example_weekday_branch_operator to 2022-02-21 00:00:00+00:00
[2022-02-22 15:50:24,644] {processor.py:171} INFO - Processing /Users/aleckienzle/Developer/nba-etl/env/lib/python3.8/site-packages/airflow/example_dags/example_branch_day_of_week_operator.py took 0.035 seconds
[2022-02-22 15:51:34,565] {processor.py:163} INFO - Started process (PID=43170) to work on /Users/aleckienzle/Developer/nba-etl/env/lib/python3.8/site-packages/airflow/example_dags/example_branch_day_of_week_operator.py
[2022-02-22 15:51:34,566] {processor.py:642} INFO - Processing file /Users/aleckienzle/Developer/nba-etl/env/lib/python3.8/site-packages/airflow/example_dags/example_branch_day_of_week_operator.py for tasks to queue
[2022-02-22 15:51:34,567] {logging_mixin.py:109} INFO - [2022-02-22 15:51:34,567] {dagbag.py:500} INFO - Filling up the DagBag from /Users/aleckienzle/Developer/nba-etl/env/lib/python3.8/site-packages/airflow/example_dags/example_branch_day_of_week_operator.py
[2022-02-22 15:51:34,582] {processor.py:654} INFO - DAG(s) dict_keys(['example_weekday_branch_operator']) retrieved from /Users/aleckienzle/Developer/nba-etl/env/lib/python3.8/site-packages/airflow/example_dags/example_branch_day_of_week_operator.py
[2022-02-22 15:51:34,592] {logging_mixin.py:109} INFO - [2022-02-22 15:51:34,592] {dag.py:2396} INFO - Sync 1 DAGs
[2022-02-22 15:51:34,596] {logging_mixin.py:109} INFO - [2022-02-22 15:51:34,596] {dag.py:2935} INFO - Setting next_dagrun for example_weekday_branch_operator to 2022-02-21 00:00:00+00:00
[2022-02-22 15:51:34,600] {processor.py:171} INFO - Processing /Users/aleckienzle/Developer/nba-etl/env/lib/python3.8/site-packages/airflow/example_dags/example_branch_day_of_week_operator.py took 0.035 seconds
[2022-02-22 15:52:43,360] {processor.py:163} INFO - Started process (PID=43336) to work on /Users/aleckienzle/Developer/nba-etl/env/lib/python3.8/site-packages/airflow/example_dags/example_branch_day_of_week_operator.py
[2022-02-22 15:52:43,361] {processor.py:642} INFO - Processing file /Users/aleckienzle/Developer/nba-etl/env/lib/python3.8/site-packages/airflow/example_dags/example_branch_day_of_week_operator.py for tasks to queue
[2022-02-22 15:52:43,361] {logging_mixin.py:109} INFO - [2022-02-22 15:52:43,361] {dagbag.py:500} INFO - Filling up the DagBag from /Users/aleckienzle/Developer/nba-etl/env/lib/python3.8/site-packages/airflow/example_dags/example_branch_day_of_week_operator.py
[2022-02-22 15:52:43,377] {processor.py:654} INFO - DAG(s) dict_keys(['example_weekday_branch_operator']) retrieved from /Users/aleckienzle/Developer/nba-etl/env/lib/python3.8/site-packages/airflow/example_dags/example_branch_day_of_week_operator.py
[2022-02-22 15:52:43,387] {logging_mixin.py:109} INFO - [2022-02-22 15:52:43,387] {dag.py:2396} INFO - Sync 1 DAGs
[2022-02-22 15:52:43,391] {logging_mixin.py:109} INFO - [2022-02-22 15:52:43,391] {dag.py:2935} INFO - Setting next_dagrun for example_weekday_branch_operator to 2022-02-21 00:00:00+00:00
[2022-02-22 15:52:43,395] {processor.py:171} INFO - Processing /Users/aleckienzle/Developer/nba-etl/env/lib/python3.8/site-packages/airflow/example_dags/example_branch_day_of_week_operator.py took 0.035 seconds
[2022-02-22 15:53:52,022] {processor.py:163} INFO - Started process (PID=43505) to work on /Users/aleckienzle/Developer/nba-etl/env/lib/python3.8/site-packages/airflow/example_dags/example_branch_day_of_week_operator.py
[2022-02-22 15:53:52,022] {processor.py:642} INFO - Processing file /Users/aleckienzle/Developer/nba-etl/env/lib/python3.8/site-packages/airflow/example_dags/example_branch_day_of_week_operator.py for tasks to queue
[2022-02-22 15:53:52,022] {logging_mixin.py:109} INFO - [2022-02-22 15:53:52,022] {dagbag.py:500} INFO - Filling up the DagBag from /Users/aleckienzle/Developer/nba-etl/env/lib/python3.8/site-packages/airflow/example_dags/example_branch_day_of_week_operator.py
[2022-02-22 15:53:52,040] {processor.py:654} INFO - DAG(s) dict_keys(['example_weekday_branch_operator']) retrieved from /Users/aleckienzle/Developer/nba-etl/env/lib/python3.8/site-packages/airflow/example_dags/example_branch_day_of_week_operator.py
[2022-02-22 15:53:52,049] {logging_mixin.py:109} INFO - [2022-02-22 15:53:52,049] {dag.py:2396} INFO - Sync 1 DAGs
[2022-02-22 15:53:52,054] {logging_mixin.py:109} INFO - [2022-02-22 15:53:52,054] {dag.py:2935} INFO - Setting next_dagrun for example_weekday_branch_operator to 2022-02-21 00:00:00+00:00
[2022-02-22 15:53:52,057] {processor.py:171} INFO - Processing /Users/aleckienzle/Developer/nba-etl/env/lib/python3.8/site-packages/airflow/example_dags/example_branch_day_of_week_operator.py took 0.036 seconds
[2022-02-22 15:55:00,389] {processor.py:163} INFO - Started process (PID=43683) to work on /Users/aleckienzle/Developer/nba-etl/env/lib/python3.8/site-packages/airflow/example_dags/example_branch_day_of_week_operator.py
[2022-02-22 15:55:00,409] {processor.py:642} INFO - Processing file /Users/aleckienzle/Developer/nba-etl/env/lib/python3.8/site-packages/airflow/example_dags/example_branch_day_of_week_operator.py for tasks to queue
[2022-02-22 15:55:00,410] {logging_mixin.py:109} INFO - [2022-02-22 15:55:00,410] {dagbag.py:500} INFO - Filling up the DagBag from /Users/aleckienzle/Developer/nba-etl/env/lib/python3.8/site-packages/airflow/example_dags/example_branch_day_of_week_operator.py
[2022-02-22 15:55:00,427] {processor.py:654} INFO - DAG(s) dict_keys(['example_weekday_branch_operator']) retrieved from /Users/aleckienzle/Developer/nba-etl/env/lib/python3.8/site-packages/airflow/example_dags/example_branch_day_of_week_operator.py
[2022-02-22 15:55:00,436] {logging_mixin.py:109} INFO - [2022-02-22 15:55:00,436] {dag.py:2396} INFO - Sync 1 DAGs
[2022-02-22 15:55:00,441] {logging_mixin.py:109} INFO - [2022-02-22 15:55:00,441] {dag.py:2935} INFO - Setting next_dagrun for example_weekday_branch_operator to 2022-02-21 00:00:00+00:00
[2022-02-22 15:55:00,444] {processor.py:171} INFO - Processing /Users/aleckienzle/Developer/nba-etl/env/lib/python3.8/site-packages/airflow/example_dags/example_branch_day_of_week_operator.py took 0.056 seconds
[2022-02-22 15:56:10,245] {processor.py:163} INFO - Started process (PID=43883) to work on /Users/aleckienzle/Developer/nba-etl/env/lib/python3.8/site-packages/airflow/example_dags/example_branch_day_of_week_operator.py
[2022-02-22 15:56:10,246] {processor.py:642} INFO - Processing file /Users/aleckienzle/Developer/nba-etl/env/lib/python3.8/site-packages/airflow/example_dags/example_branch_day_of_week_operator.py for tasks to queue
[2022-02-22 15:56:10,246] {logging_mixin.py:109} INFO - [2022-02-22 15:56:10,246] {dagbag.py:500} INFO - Filling up the DagBag from /Users/aleckienzle/Developer/nba-etl/env/lib/python3.8/site-packages/airflow/example_dags/example_branch_day_of_week_operator.py
[2022-02-22 15:56:10,262] {processor.py:654} INFO - DAG(s) dict_keys(['example_weekday_branch_operator']) retrieved from /Users/aleckienzle/Developer/nba-etl/env/lib/python3.8/site-packages/airflow/example_dags/example_branch_day_of_week_operator.py
[2022-02-22 15:56:10,271] {logging_mixin.py:109} INFO - [2022-02-22 15:56:10,271] {dag.py:2396} INFO - Sync 1 DAGs
[2022-02-22 15:56:10,276] {logging_mixin.py:109} INFO - [2022-02-22 15:56:10,276] {dag.py:2935} INFO - Setting next_dagrun for example_weekday_branch_operator to 2022-02-21 00:00:00+00:00
[2022-02-22 15:56:10,279] {processor.py:171} INFO - Processing /Users/aleckienzle/Developer/nba-etl/env/lib/python3.8/site-packages/airflow/example_dags/example_branch_day_of_week_operator.py took 0.034 seconds
[2022-02-22 15:57:17,937] {processor.py:163} INFO - Started process (PID=44041) to work on /Users/aleckienzle/Developer/nba-etl/env/lib/python3.8/site-packages/airflow/example_dags/example_branch_day_of_week_operator.py
[2022-02-22 15:57:17,938] {processor.py:642} INFO - Processing file /Users/aleckienzle/Developer/nba-etl/env/lib/python3.8/site-packages/airflow/example_dags/example_branch_day_of_week_operator.py for tasks to queue
[2022-02-22 15:57:17,938] {logging_mixin.py:109} INFO - [2022-02-22 15:57:17,938] {dagbag.py:500} INFO - Filling up the DagBag from /Users/aleckienzle/Developer/nba-etl/env/lib/python3.8/site-packages/airflow/example_dags/example_branch_day_of_week_operator.py
[2022-02-22 15:57:17,954] {processor.py:654} INFO - DAG(s) dict_keys(['example_weekday_branch_operator']) retrieved from /Users/aleckienzle/Developer/nba-etl/env/lib/python3.8/site-packages/airflow/example_dags/example_branch_day_of_week_operator.py
[2022-02-22 15:57:17,963] {logging_mixin.py:109} INFO - [2022-02-22 15:57:17,963] {dag.py:2396} INFO - Sync 1 DAGs
[2022-02-22 15:57:17,970] {logging_mixin.py:109} INFO - [2022-02-22 15:57:17,970] {dag.py:2935} INFO - Setting next_dagrun for example_weekday_branch_operator to 2022-02-21 00:00:00+00:00
[2022-02-22 15:57:17,975] {processor.py:171} INFO - Processing /Users/aleckienzle/Developer/nba-etl/env/lib/python3.8/site-packages/airflow/example_dags/example_branch_day_of_week_operator.py took 0.038 seconds
[2022-02-22 15:58:28,609] {processor.py:163} INFO - Started process (PID=44322) to work on /Users/aleckienzle/Developer/nba-etl/env/lib/python3.8/site-packages/airflow/example_dags/example_branch_day_of_week_operator.py
[2022-02-22 15:58:28,610] {processor.py:642} INFO - Processing file /Users/aleckienzle/Developer/nba-etl/env/lib/python3.8/site-packages/airflow/example_dags/example_branch_day_of_week_operator.py for tasks to queue
[2022-02-22 15:58:28,611] {logging_mixin.py:109} INFO - [2022-02-22 15:58:28,611] {dagbag.py:500} INFO - Filling up the DagBag from /Users/aleckienzle/Developer/nba-etl/env/lib/python3.8/site-packages/airflow/example_dags/example_branch_day_of_week_operator.py
[2022-02-22 15:58:28,627] {processor.py:654} INFO - DAG(s) dict_keys(['example_weekday_branch_operator']) retrieved from /Users/aleckienzle/Developer/nba-etl/env/lib/python3.8/site-packages/airflow/example_dags/example_branch_day_of_week_operator.py
[2022-02-22 15:58:28,636] {logging_mixin.py:109} INFO - [2022-02-22 15:58:28,636] {dag.py:2396} INFO - Sync 1 DAGs
[2022-02-22 15:58:28,641] {logging_mixin.py:109} INFO - [2022-02-22 15:58:28,641] {dag.py:2935} INFO - Setting next_dagrun for example_weekday_branch_operator to 2022-02-21 00:00:00+00:00
[2022-02-22 15:58:28,644] {processor.py:171} INFO - Processing /Users/aleckienzle/Developer/nba-etl/env/lib/python3.8/site-packages/airflow/example_dags/example_branch_day_of_week_operator.py took 0.035 seconds
[2022-02-22 15:59:34,586] {processor.py:163} INFO - Started process (PID=44588) to work on /Users/aleckienzle/Developer/nba-etl/env/lib/python3.8/site-packages/airflow/example_dags/example_branch_day_of_week_operator.py
[2022-02-22 15:59:34,586] {processor.py:642} INFO - Processing file /Users/aleckienzle/Developer/nba-etl/env/lib/python3.8/site-packages/airflow/example_dags/example_branch_day_of_week_operator.py for tasks to queue
[2022-02-22 15:59:34,586] {logging_mixin.py:109} INFO - [2022-02-22 15:59:34,586] {dagbag.py:500} INFO - Filling up the DagBag from /Users/aleckienzle/Developer/nba-etl/env/lib/python3.8/site-packages/airflow/example_dags/example_branch_day_of_week_operator.py
[2022-02-22 15:59:34,606] {processor.py:654} INFO - DAG(s) dict_keys(['example_weekday_branch_operator']) retrieved from /Users/aleckienzle/Developer/nba-etl/env/lib/python3.8/site-packages/airflow/example_dags/example_branch_day_of_week_operator.py
[2022-02-22 15:59:34,618] {logging_mixin.py:109} INFO - [2022-02-22 15:59:34,617] {dag.py:2396} INFO - Sync 1 DAGs
[2022-02-22 15:59:34,623] {logging_mixin.py:109} INFO - [2022-02-22 15:59:34,623] {dag.py:2935} INFO - Setting next_dagrun for example_weekday_branch_operator to 2022-02-21 00:00:00+00:00
[2022-02-22 15:59:34,627] {processor.py:171} INFO - Processing /Users/aleckienzle/Developer/nba-etl/env/lib/python3.8/site-packages/airflow/example_dags/example_branch_day_of_week_operator.py took 0.041 seconds
