[2022-02-22 15:37:38,910] {processor.py:163} INFO - Started process (PID=40961) to work on /Users/aleckienzle/Developer/nba-etl/env/lib/python3.8/site-packages/airflow/example_dags/example_trigger_controller_dag.py
[2022-02-22 15:37:38,910] {processor.py:642} INFO - Processing file /Users/aleckienzle/Developer/nba-etl/env/lib/python3.8/site-packages/airflow/example_dags/example_trigger_controller_dag.py for tasks to queue
[2022-02-22 15:37:38,910] {logging_mixin.py:109} INFO - [2022-02-22 15:37:38,910] {dagbag.py:500} INFO - Filling up the DagBag from /Users/aleckienzle/Developer/nba-etl/env/lib/python3.8/site-packages/airflow/example_dags/example_trigger_controller_dag.py
[2022-02-22 15:37:38,929] {processor.py:654} INFO - DAG(s) dict_keys(['example_trigger_controller_dag']) retrieved from /Users/aleckienzle/Developer/nba-etl/env/lib/python3.8/site-packages/airflow/example_dags/example_trigger_controller_dag.py
[2022-02-22 15:37:38,937] {logging_mixin.py:109} INFO - [2022-02-22 15:37:38,937] {dag.py:2396} INFO - Sync 1 DAGs
[2022-02-22 15:37:38,945] {logging_mixin.py:109} INFO - [2022-02-22 15:37:38,945] {dag.py:2935} INFO - Setting next_dagrun for example_trigger_controller_dag to 2021-01-01T00:00:00+00:00
[2022-02-22 15:37:38,949] {processor.py:171} INFO - Processing /Users/aleckienzle/Developer/nba-etl/env/lib/python3.8/site-packages/airflow/example_dags/example_trigger_controller_dag.py took 0.040 seconds
[2022-02-22 15:38:40,677] {processor.py:163} INFO - Started process (PID=41105) to work on /Users/aleckienzle/Developer/nba-etl/env/lib/python3.8/site-packages/airflow/example_dags/example_trigger_controller_dag.py
[2022-02-22 15:38:40,678] {processor.py:642} INFO - Processing file /Users/aleckienzle/Developer/nba-etl/env/lib/python3.8/site-packages/airflow/example_dags/example_trigger_controller_dag.py for tasks to queue
[2022-02-22 15:38:40,678] {logging_mixin.py:109} INFO - [2022-02-22 15:38:40,678] {dagbag.py:500} INFO - Filling up the DagBag from /Users/aleckienzle/Developer/nba-etl/env/lib/python3.8/site-packages/airflow/example_dags/example_trigger_controller_dag.py
[2022-02-22 15:38:40,694] {processor.py:654} INFO - DAG(s) dict_keys(['example_trigger_controller_dag']) retrieved from /Users/aleckienzle/Developer/nba-etl/env/lib/python3.8/site-packages/airflow/example_dags/example_trigger_controller_dag.py
[2022-02-22 15:38:40,705] {logging_mixin.py:109} INFO - [2022-02-22 15:38:40,705] {dag.py:2396} INFO - Sync 1 DAGs
[2022-02-22 15:38:40,710] {logging_mixin.py:109} INFO - [2022-02-22 15:38:40,710] {dag.py:2935} INFO - Setting next_dagrun for example_trigger_controller_dag to 2021-01-01T00:00:00+00:00
[2022-02-22 15:38:40,714] {processor.py:171} INFO - Processing /Users/aleckienzle/Developer/nba-etl/env/lib/python3.8/site-packages/airflow/example_dags/example_trigger_controller_dag.py took 0.036 seconds
[2022-02-22 15:39:44,477] {processor.py:163} INFO - Started process (PID=41273) to work on /Users/aleckienzle/Developer/nba-etl/env/lib/python3.8/site-packages/airflow/example_dags/example_trigger_controller_dag.py
[2022-02-22 15:39:44,478] {processor.py:642} INFO - Processing file /Users/aleckienzle/Developer/nba-etl/env/lib/python3.8/site-packages/airflow/example_dags/example_trigger_controller_dag.py for tasks to queue
[2022-02-22 15:39:44,478] {logging_mixin.py:109} INFO - [2022-02-22 15:39:44,478] {dagbag.py:500} INFO - Filling up the DagBag from /Users/aleckienzle/Developer/nba-etl/env/lib/python3.8/site-packages/airflow/example_dags/example_trigger_controller_dag.py
[2022-02-22 15:39:44,493] {processor.py:654} INFO - DAG(s) dict_keys(['example_trigger_controller_dag']) retrieved from /Users/aleckienzle/Developer/nba-etl/env/lib/python3.8/site-packages/airflow/example_dags/example_trigger_controller_dag.py
[2022-02-22 15:39:44,502] {logging_mixin.py:109} INFO - [2022-02-22 15:39:44,502] {dag.py:2396} INFO - Sync 1 DAGs
[2022-02-22 15:39:44,507] {logging_mixin.py:109} INFO - [2022-02-22 15:39:44,506] {dag.py:2935} INFO - Setting next_dagrun for example_trigger_controller_dag to 2021-01-01T00:00:00+00:00
[2022-02-22 15:39:44,510] {processor.py:171} INFO - Processing /Users/aleckienzle/Developer/nba-etl/env/lib/python3.8/site-packages/airflow/example_dags/example_trigger_controller_dag.py took 0.033 seconds
[2022-02-22 15:40:48,266] {processor.py:163} INFO - Started process (PID=41427) to work on /Users/aleckienzle/Developer/nba-etl/env/lib/python3.8/site-packages/airflow/example_dags/example_trigger_controller_dag.py
[2022-02-22 15:40:48,267] {processor.py:642} INFO - Processing file /Users/aleckienzle/Developer/nba-etl/env/lib/python3.8/site-packages/airflow/example_dags/example_trigger_controller_dag.py for tasks to queue
[2022-02-22 15:40:48,267] {logging_mixin.py:109} INFO - [2022-02-22 15:40:48,267] {dagbag.py:500} INFO - Filling up the DagBag from /Users/aleckienzle/Developer/nba-etl/env/lib/python3.8/site-packages/airflow/example_dags/example_trigger_controller_dag.py
[2022-02-22 15:40:48,284] {processor.py:654} INFO - DAG(s) dict_keys(['example_trigger_controller_dag']) retrieved from /Users/aleckienzle/Developer/nba-etl/env/lib/python3.8/site-packages/airflow/example_dags/example_trigger_controller_dag.py
[2022-02-22 15:40:48,295] {logging_mixin.py:109} INFO - [2022-02-22 15:40:48,294] {dag.py:2396} INFO - Sync 1 DAGs
[2022-02-22 15:40:48,299] {logging_mixin.py:109} INFO - [2022-02-22 15:40:48,299] {dag.py:2935} INFO - Setting next_dagrun for example_trigger_controller_dag to 2021-01-01T00:00:00+00:00
[2022-02-22 15:40:48,304] {processor.py:171} INFO - Processing /Users/aleckienzle/Developer/nba-etl/env/lib/python3.8/site-packages/airflow/example_dags/example_trigger_controller_dag.py took 0.038 seconds
[2022-02-22 15:41:52,185] {processor.py:163} INFO - Started process (PID=41561) to work on /Users/aleckienzle/Developer/nba-etl/env/lib/python3.8/site-packages/airflow/example_dags/example_trigger_controller_dag.py
[2022-02-22 15:41:52,185] {processor.py:642} INFO - Processing file /Users/aleckienzle/Developer/nba-etl/env/lib/python3.8/site-packages/airflow/example_dags/example_trigger_controller_dag.py for tasks to queue
[2022-02-22 15:41:52,186] {logging_mixin.py:109} INFO - [2022-02-22 15:41:52,186] {dagbag.py:500} INFO - Filling up the DagBag from /Users/aleckienzle/Developer/nba-etl/env/lib/python3.8/site-packages/airflow/example_dags/example_trigger_controller_dag.py
[2022-02-22 15:41:52,201] {processor.py:654} INFO - DAG(s) dict_keys(['example_trigger_controller_dag']) retrieved from /Users/aleckienzle/Developer/nba-etl/env/lib/python3.8/site-packages/airflow/example_dags/example_trigger_controller_dag.py
[2022-02-22 15:41:52,211] {logging_mixin.py:109} INFO - [2022-02-22 15:41:52,211] {dag.py:2396} INFO - Sync 1 DAGs
[2022-02-22 15:41:52,215] {logging_mixin.py:109} INFO - [2022-02-22 15:41:52,215] {dag.py:2935} INFO - Setting next_dagrun for example_trigger_controller_dag to 2021-01-01T00:00:00+00:00
[2022-02-22 15:41:52,218] {processor.py:171} INFO - Processing /Users/aleckienzle/Developer/nba-etl/env/lib/python3.8/site-packages/airflow/example_dags/example_trigger_controller_dag.py took 0.034 seconds
[2022-02-22 15:42:56,690] {processor.py:163} INFO - Started process (PID=41747) to work on /Users/aleckienzle/Developer/nba-etl/env/lib/python3.8/site-packages/airflow/example_dags/example_trigger_controller_dag.py
[2022-02-22 15:42:56,690] {processor.py:642} INFO - Processing file /Users/aleckienzle/Developer/nba-etl/env/lib/python3.8/site-packages/airflow/example_dags/example_trigger_controller_dag.py for tasks to queue
[2022-02-22 15:42:56,691] {logging_mixin.py:109} INFO - [2022-02-22 15:42:56,691] {dagbag.py:500} INFO - Filling up the DagBag from /Users/aleckienzle/Developer/nba-etl/env/lib/python3.8/site-packages/airflow/example_dags/example_trigger_controller_dag.py
[2022-02-22 15:42:56,706] {processor.py:654} INFO - DAG(s) dict_keys(['example_trigger_controller_dag']) retrieved from /Users/aleckienzle/Developer/nba-etl/env/lib/python3.8/site-packages/airflow/example_dags/example_trigger_controller_dag.py
[2022-02-22 15:42:56,715] {logging_mixin.py:109} INFO - [2022-02-22 15:42:56,715] {dag.py:2396} INFO - Sync 1 DAGs
[2022-02-22 15:42:56,719] {logging_mixin.py:109} INFO - [2022-02-22 15:42:56,719] {dag.py:2935} INFO - Setting next_dagrun for example_trigger_controller_dag to 2021-01-01T00:00:00+00:00
[2022-02-22 15:42:56,722] {processor.py:171} INFO - Processing /Users/aleckienzle/Developer/nba-etl/env/lib/python3.8/site-packages/airflow/example_dags/example_trigger_controller_dag.py took 0.033 seconds
[2022-02-22 15:44:02,540] {processor.py:163} INFO - Started process (PID=41916) to work on /Users/aleckienzle/Developer/nba-etl/env/lib/python3.8/site-packages/airflow/example_dags/example_trigger_controller_dag.py
[2022-02-22 15:44:02,541] {processor.py:642} INFO - Processing file /Users/aleckienzle/Developer/nba-etl/env/lib/python3.8/site-packages/airflow/example_dags/example_trigger_controller_dag.py for tasks to queue
[2022-02-22 15:44:02,541] {logging_mixin.py:109} INFO - [2022-02-22 15:44:02,541] {dagbag.py:500} INFO - Filling up the DagBag from /Users/aleckienzle/Developer/nba-etl/env/lib/python3.8/site-packages/airflow/example_dags/example_trigger_controller_dag.py
[2022-02-22 15:44:02,557] {processor.py:654} INFO - DAG(s) dict_keys(['example_trigger_controller_dag']) retrieved from /Users/aleckienzle/Developer/nba-etl/env/lib/python3.8/site-packages/airflow/example_dags/example_trigger_controller_dag.py
[2022-02-22 15:44:02,566] {logging_mixin.py:109} INFO - [2022-02-22 15:44:02,566] {dag.py:2396} INFO - Sync 1 DAGs
[2022-02-22 15:44:02,570] {logging_mixin.py:109} INFO - [2022-02-22 15:44:02,570] {dag.py:2935} INFO - Setting next_dagrun for example_trigger_controller_dag to 2021-01-01T00:00:00+00:00
[2022-02-22 15:44:02,573] {processor.py:171} INFO - Processing /Users/aleckienzle/Developer/nba-etl/env/lib/python3.8/site-packages/airflow/example_dags/example_trigger_controller_dag.py took 0.034 seconds
[2022-02-22 15:45:08,233] {processor.py:163} INFO - Started process (PID=42064) to work on /Users/aleckienzle/Developer/nba-etl/env/lib/python3.8/site-packages/airflow/example_dags/example_trigger_controller_dag.py
[2022-02-22 15:45:08,233] {processor.py:642} INFO - Processing file /Users/aleckienzle/Developer/nba-etl/env/lib/python3.8/site-packages/airflow/example_dags/example_trigger_controller_dag.py for tasks to queue
[2022-02-22 15:45:08,234] {logging_mixin.py:109} INFO - [2022-02-22 15:45:08,234] {dagbag.py:500} INFO - Filling up the DagBag from /Users/aleckienzle/Developer/nba-etl/env/lib/python3.8/site-packages/airflow/example_dags/example_trigger_controller_dag.py
[2022-02-22 15:45:08,249] {processor.py:654} INFO - DAG(s) dict_keys(['example_trigger_controller_dag']) retrieved from /Users/aleckienzle/Developer/nba-etl/env/lib/python3.8/site-packages/airflow/example_dags/example_trigger_controller_dag.py
[2022-02-22 15:45:08,258] {logging_mixin.py:109} INFO - [2022-02-22 15:45:08,258] {dag.py:2396} INFO - Sync 1 DAGs
[2022-02-22 15:45:08,262] {logging_mixin.py:109} INFO - [2022-02-22 15:45:08,262] {dag.py:2935} INFO - Setting next_dagrun for example_trigger_controller_dag to 2021-01-01T00:00:00+00:00
[2022-02-22 15:45:08,266] {processor.py:171} INFO - Processing /Users/aleckienzle/Developer/nba-etl/env/lib/python3.8/site-packages/airflow/example_dags/example_trigger_controller_dag.py took 0.033 seconds
[2022-02-22 15:46:14,095] {processor.py:163} INFO - Started process (PID=42232) to work on /Users/aleckienzle/Developer/nba-etl/env/lib/python3.8/site-packages/airflow/example_dags/example_trigger_controller_dag.py
[2022-02-22 15:46:14,096] {processor.py:642} INFO - Processing file /Users/aleckienzle/Developer/nba-etl/env/lib/python3.8/site-packages/airflow/example_dags/example_trigger_controller_dag.py for tasks to queue
[2022-02-22 15:46:14,096] {logging_mixin.py:109} INFO - [2022-02-22 15:46:14,096] {dagbag.py:500} INFO - Filling up the DagBag from /Users/aleckienzle/Developer/nba-etl/env/lib/python3.8/site-packages/airflow/example_dags/example_trigger_controller_dag.py
[2022-02-22 15:46:14,111] {processor.py:654} INFO - DAG(s) dict_keys(['example_trigger_controller_dag']) retrieved from /Users/aleckienzle/Developer/nba-etl/env/lib/python3.8/site-packages/airflow/example_dags/example_trigger_controller_dag.py
[2022-02-22 15:46:14,120] {logging_mixin.py:109} INFO - [2022-02-22 15:46:14,120] {dag.py:2396} INFO - Sync 1 DAGs
[2022-02-22 15:46:14,124] {logging_mixin.py:109} INFO - [2022-02-22 15:46:14,124] {dag.py:2935} INFO - Setting next_dagrun for example_trigger_controller_dag to 2021-01-01T00:00:00+00:00
[2022-02-22 15:46:14,127] {processor.py:171} INFO - Processing /Users/aleckienzle/Developer/nba-etl/env/lib/python3.8/site-packages/airflow/example_dags/example_trigger_controller_dag.py took 0.033 seconds
[2022-02-22 15:47:19,934] {processor.py:163} INFO - Started process (PID=42454) to work on /Users/aleckienzle/Developer/nba-etl/env/lib/python3.8/site-packages/airflow/example_dags/example_trigger_controller_dag.py
[2022-02-22 15:47:19,936] {processor.py:642} INFO - Processing file /Users/aleckienzle/Developer/nba-etl/env/lib/python3.8/site-packages/airflow/example_dags/example_trigger_controller_dag.py for tasks to queue
[2022-02-22 15:47:19,936] {logging_mixin.py:109} INFO - [2022-02-22 15:47:19,936] {dagbag.py:500} INFO - Filling up the DagBag from /Users/aleckienzle/Developer/nba-etl/env/lib/python3.8/site-packages/airflow/example_dags/example_trigger_controller_dag.py
[2022-02-22 15:47:19,953] {processor.py:654} INFO - DAG(s) dict_keys(['example_trigger_controller_dag']) retrieved from /Users/aleckienzle/Developer/nba-etl/env/lib/python3.8/site-packages/airflow/example_dags/example_trigger_controller_dag.py
[2022-02-22 15:47:19,962] {logging_mixin.py:109} INFO - [2022-02-22 15:47:19,962] {dag.py:2396} INFO - Sync 1 DAGs
[2022-02-22 15:47:19,967] {logging_mixin.py:109} INFO - [2022-02-22 15:47:19,967] {dag.py:2935} INFO - Setting next_dagrun for example_trigger_controller_dag to 2021-01-01T00:00:00+00:00
[2022-02-22 15:47:19,971] {processor.py:171} INFO - Processing /Users/aleckienzle/Developer/nba-etl/env/lib/python3.8/site-packages/airflow/example_dags/example_trigger_controller_dag.py took 0.037 seconds
[2022-02-22 15:48:31,849] {processor.py:163} INFO - Started process (PID=42696) to work on /Users/aleckienzle/Developer/nba-etl/env/lib/python3.8/site-packages/airflow/example_dags/example_trigger_controller_dag.py
[2022-02-22 15:48:31,850] {processor.py:642} INFO - Processing file /Users/aleckienzle/Developer/nba-etl/env/lib/python3.8/site-packages/airflow/example_dags/example_trigger_controller_dag.py for tasks to queue
[2022-02-22 15:48:31,850] {logging_mixin.py:109} INFO - [2022-02-22 15:48:31,850] {dagbag.py:500} INFO - Filling up the DagBag from /Users/aleckienzle/Developer/nba-etl/env/lib/python3.8/site-packages/airflow/example_dags/example_trigger_controller_dag.py
[2022-02-22 15:48:31,865] {processor.py:654} INFO - DAG(s) dict_keys(['example_trigger_controller_dag']) retrieved from /Users/aleckienzle/Developer/nba-etl/env/lib/python3.8/site-packages/airflow/example_dags/example_trigger_controller_dag.py
[2022-02-22 15:48:31,874] {logging_mixin.py:109} INFO - [2022-02-22 15:48:31,874] {dag.py:2396} INFO - Sync 1 DAGs
[2022-02-22 15:48:31,879] {logging_mixin.py:109} INFO - [2022-02-22 15:48:31,878] {dag.py:2935} INFO - Setting next_dagrun for example_trigger_controller_dag to 2021-01-01T00:00:00+00:00
[2022-02-22 15:48:31,882] {processor.py:171} INFO - Processing /Users/aleckienzle/Developer/nba-etl/env/lib/python3.8/site-packages/airflow/example_dags/example_trigger_controller_dag.py took 0.033 seconds
[2022-02-22 15:49:39,965] {processor.py:163} INFO - Started process (PID=42882) to work on /Users/aleckienzle/Developer/nba-etl/env/lib/python3.8/site-packages/airflow/example_dags/example_trigger_controller_dag.py
[2022-02-22 15:49:39,966] {processor.py:642} INFO - Processing file /Users/aleckienzle/Developer/nba-etl/env/lib/python3.8/site-packages/airflow/example_dags/example_trigger_controller_dag.py for tasks to queue
[2022-02-22 15:49:39,966] {logging_mixin.py:109} INFO - [2022-02-22 15:49:39,966] {dagbag.py:500} INFO - Filling up the DagBag from /Users/aleckienzle/Developer/nba-etl/env/lib/python3.8/site-packages/airflow/example_dags/example_trigger_controller_dag.py
[2022-02-22 15:49:39,982] {processor.py:654} INFO - DAG(s) dict_keys(['example_trigger_controller_dag']) retrieved from /Users/aleckienzle/Developer/nba-etl/env/lib/python3.8/site-packages/airflow/example_dags/example_trigger_controller_dag.py
[2022-02-22 15:49:39,990] {logging_mixin.py:109} INFO - [2022-02-22 15:49:39,990] {dag.py:2396} INFO - Sync 1 DAGs
[2022-02-22 15:49:39,995] {logging_mixin.py:109} INFO - [2022-02-22 15:49:39,995] {dag.py:2935} INFO - Setting next_dagrun for example_trigger_controller_dag to 2021-01-01T00:00:00+00:00
[2022-02-22 15:49:39,998] {processor.py:171} INFO - Processing /Users/aleckienzle/Developer/nba-etl/env/lib/python3.8/site-packages/airflow/example_dags/example_trigger_controller_dag.py took 0.033 seconds
[2022-02-22 15:50:49,759] {processor.py:163} INFO - Started process (PID=43052) to work on /Users/aleckienzle/Developer/nba-etl/env/lib/python3.8/site-packages/airflow/example_dags/example_trigger_controller_dag.py
[2022-02-22 15:50:49,760] {processor.py:642} INFO - Processing file /Users/aleckienzle/Developer/nba-etl/env/lib/python3.8/site-packages/airflow/example_dags/example_trigger_controller_dag.py for tasks to queue
[2022-02-22 15:50:49,761] {logging_mixin.py:109} INFO - [2022-02-22 15:50:49,761] {dagbag.py:500} INFO - Filling up the DagBag from /Users/aleckienzle/Developer/nba-etl/env/lib/python3.8/site-packages/airflow/example_dags/example_trigger_controller_dag.py
[2022-02-22 15:50:49,778] {processor.py:654} INFO - DAG(s) dict_keys(['example_trigger_controller_dag']) retrieved from /Users/aleckienzle/Developer/nba-etl/env/lib/python3.8/site-packages/airflow/example_dags/example_trigger_controller_dag.py
[2022-02-22 15:50:49,788] {logging_mixin.py:109} INFO - [2022-02-22 15:50:49,788] {dag.py:2396} INFO - Sync 1 DAGs
[2022-02-22 15:50:49,792] {logging_mixin.py:109} INFO - [2022-02-22 15:50:49,792] {dag.py:2935} INFO - Setting next_dagrun for example_trigger_controller_dag to 2021-01-01T00:00:00+00:00
[2022-02-22 15:50:49,795] {processor.py:171} INFO - Processing /Users/aleckienzle/Developer/nba-etl/env/lib/python3.8/site-packages/airflow/example_dags/example_trigger_controller_dag.py took 0.037 seconds
[2022-02-22 15:52:00,163] {processor.py:163} INFO - Started process (PID=43238) to work on /Users/aleckienzle/Developer/nba-etl/env/lib/python3.8/site-packages/airflow/example_dags/example_trigger_controller_dag.py
[2022-02-22 15:52:00,164] {processor.py:642} INFO - Processing file /Users/aleckienzle/Developer/nba-etl/env/lib/python3.8/site-packages/airflow/example_dags/example_trigger_controller_dag.py for tasks to queue
[2022-02-22 15:52:00,164] {logging_mixin.py:109} INFO - [2022-02-22 15:52:00,164] {dagbag.py:500} INFO - Filling up the DagBag from /Users/aleckienzle/Developer/nba-etl/env/lib/python3.8/site-packages/airflow/example_dags/example_trigger_controller_dag.py
[2022-02-22 15:52:00,179] {processor.py:654} INFO - DAG(s) dict_keys(['example_trigger_controller_dag']) retrieved from /Users/aleckienzle/Developer/nba-etl/env/lib/python3.8/site-packages/airflow/example_dags/example_trigger_controller_dag.py
[2022-02-22 15:52:00,189] {logging_mixin.py:109} INFO - [2022-02-22 15:52:00,188] {dag.py:2396} INFO - Sync 1 DAGs
[2022-02-22 15:52:00,193] {logging_mixin.py:109} INFO - [2022-02-22 15:52:00,193] {dag.py:2935} INFO - Setting next_dagrun for example_trigger_controller_dag to 2021-01-01T00:00:00+00:00
[2022-02-22 15:52:00,197] {processor.py:171} INFO - Processing /Users/aleckienzle/Developer/nba-etl/env/lib/python3.8/site-packages/airflow/example_dags/example_trigger_controller_dag.py took 0.034 seconds
[2022-02-22 15:53:07,278] {processor.py:163} INFO - Started process (PID=43383) to work on /Users/aleckienzle/Developer/nba-etl/env/lib/python3.8/site-packages/airflow/example_dags/example_trigger_controller_dag.py
[2022-02-22 15:53:07,278] {processor.py:642} INFO - Processing file /Users/aleckienzle/Developer/nba-etl/env/lib/python3.8/site-packages/airflow/example_dags/example_trigger_controller_dag.py for tasks to queue
[2022-02-22 15:53:07,278] {logging_mixin.py:109} INFO - [2022-02-22 15:53:07,278] {dagbag.py:500} INFO - Filling up the DagBag from /Users/aleckienzle/Developer/nba-etl/env/lib/python3.8/site-packages/airflow/example_dags/example_trigger_controller_dag.py
[2022-02-22 15:53:07,297] {processor.py:654} INFO - DAG(s) dict_keys(['example_trigger_controller_dag']) retrieved from /Users/aleckienzle/Developer/nba-etl/env/lib/python3.8/site-packages/airflow/example_dags/example_trigger_controller_dag.py
[2022-02-22 15:53:07,308] {logging_mixin.py:109} INFO - [2022-02-22 15:53:07,308] {dag.py:2396} INFO - Sync 1 DAGs
[2022-02-22 15:53:07,313] {logging_mixin.py:109} INFO - [2022-02-22 15:53:07,312] {dag.py:2935} INFO - Setting next_dagrun for example_trigger_controller_dag to 2021-01-01T00:00:00+00:00
[2022-02-22 15:53:07,317] {processor.py:171} INFO - Processing /Users/aleckienzle/Developer/nba-etl/env/lib/python3.8/site-packages/airflow/example_dags/example_trigger_controller_dag.py took 0.039 seconds
[2022-02-22 15:54:15,933] {processor.py:163} INFO - Started process (PID=43569) to work on /Users/aleckienzle/Developer/nba-etl/env/lib/python3.8/site-packages/airflow/example_dags/example_trigger_controller_dag.py
[2022-02-22 15:54:15,934] {processor.py:642} INFO - Processing file /Users/aleckienzle/Developer/nba-etl/env/lib/python3.8/site-packages/airflow/example_dags/example_trigger_controller_dag.py for tasks to queue
[2022-02-22 15:54:15,934] {logging_mixin.py:109} INFO - [2022-02-22 15:54:15,934] {dagbag.py:500} INFO - Filling up the DagBag from /Users/aleckienzle/Developer/nba-etl/env/lib/python3.8/site-packages/airflow/example_dags/example_trigger_controller_dag.py
[2022-02-22 15:54:15,950] {processor.py:654} INFO - DAG(s) dict_keys(['example_trigger_controller_dag']) retrieved from /Users/aleckienzle/Developer/nba-etl/env/lib/python3.8/site-packages/airflow/example_dags/example_trigger_controller_dag.py
[2022-02-22 15:54:15,959] {logging_mixin.py:109} INFO - [2022-02-22 15:54:15,959] {dag.py:2396} INFO - Sync 1 DAGs
[2022-02-22 15:54:15,964] {logging_mixin.py:109} INFO - [2022-02-22 15:54:15,963] {dag.py:2935} INFO - Setting next_dagrun for example_trigger_controller_dag to 2021-01-01T00:00:00+00:00
[2022-02-22 15:54:15,967] {processor.py:171} INFO - Processing /Users/aleckienzle/Developer/nba-etl/env/lib/python3.8/site-packages/airflow/example_dags/example_trigger_controller_dag.py took 0.034 seconds
[2022-02-22 15:55:25,985] {processor.py:163} INFO - Started process (PID=43753) to work on /Users/aleckienzle/Developer/nba-etl/env/lib/python3.8/site-packages/airflow/example_dags/example_trigger_controller_dag.py
[2022-02-22 15:55:25,986] {processor.py:642} INFO - Processing file /Users/aleckienzle/Developer/nba-etl/env/lib/python3.8/site-packages/airflow/example_dags/example_trigger_controller_dag.py for tasks to queue
[2022-02-22 15:55:25,986] {logging_mixin.py:109} INFO - [2022-02-22 15:55:25,986] {dagbag.py:500} INFO - Filling up the DagBag from /Users/aleckienzle/Developer/nba-etl/env/lib/python3.8/site-packages/airflow/example_dags/example_trigger_controller_dag.py
[2022-02-22 15:55:26,002] {processor.py:654} INFO - DAG(s) dict_keys(['example_trigger_controller_dag']) retrieved from /Users/aleckienzle/Developer/nba-etl/env/lib/python3.8/site-packages/airflow/example_dags/example_trigger_controller_dag.py
[2022-02-22 15:55:26,011] {logging_mixin.py:109} INFO - [2022-02-22 15:55:26,011] {dag.py:2396} INFO - Sync 1 DAGs
[2022-02-22 15:55:26,016] {logging_mixin.py:109} INFO - [2022-02-22 15:55:26,015] {dag.py:2935} INFO - Setting next_dagrun for example_trigger_controller_dag to 2021-01-01T00:00:00+00:00
[2022-02-22 15:55:26,019] {processor.py:171} INFO - Processing /Users/aleckienzle/Developer/nba-etl/env/lib/python3.8/site-packages/airflow/example_dags/example_trigger_controller_dag.py took 0.034 seconds
[2022-02-22 15:56:33,529] {processor.py:163} INFO - Started process (PID=43931) to work on /Users/aleckienzle/Developer/nba-etl/env/lib/python3.8/site-packages/airflow/example_dags/example_trigger_controller_dag.py
[2022-02-22 15:56:33,530] {processor.py:642} INFO - Processing file /Users/aleckienzle/Developer/nba-etl/env/lib/python3.8/site-packages/airflow/example_dags/example_trigger_controller_dag.py for tasks to queue
[2022-02-22 15:56:33,530] {logging_mixin.py:109} INFO - [2022-02-22 15:56:33,530] {dagbag.py:500} INFO - Filling up the DagBag from /Users/aleckienzle/Developer/nba-etl/env/lib/python3.8/site-packages/airflow/example_dags/example_trigger_controller_dag.py
[2022-02-22 15:56:33,546] {processor.py:654} INFO - DAG(s) dict_keys(['example_trigger_controller_dag']) retrieved from /Users/aleckienzle/Developer/nba-etl/env/lib/python3.8/site-packages/airflow/example_dags/example_trigger_controller_dag.py
[2022-02-22 15:56:33,556] {logging_mixin.py:109} INFO - [2022-02-22 15:56:33,556] {dag.py:2396} INFO - Sync 1 DAGs
[2022-02-22 15:56:33,560] {logging_mixin.py:109} INFO - [2022-02-22 15:56:33,560] {dag.py:2935} INFO - Setting next_dagrun for example_trigger_controller_dag to 2021-01-01T00:00:00+00:00
[2022-02-22 15:56:33,564] {processor.py:171} INFO - Processing /Users/aleckienzle/Developer/nba-etl/env/lib/python3.8/site-packages/airflow/example_dags/example_trigger_controller_dag.py took 0.035 seconds
[2022-02-22 15:57:43,834] {processor.py:163} INFO - Started process (PID=44157) to work on /Users/aleckienzle/Developer/nba-etl/env/lib/python3.8/site-packages/airflow/example_dags/example_trigger_controller_dag.py
[2022-02-22 15:57:43,835] {processor.py:642} INFO - Processing file /Users/aleckienzle/Developer/nba-etl/env/lib/python3.8/site-packages/airflow/example_dags/example_trigger_controller_dag.py for tasks to queue
[2022-02-22 15:57:43,835] {logging_mixin.py:109} INFO - [2022-02-22 15:57:43,835] {dagbag.py:500} INFO - Filling up the DagBag from /Users/aleckienzle/Developer/nba-etl/env/lib/python3.8/site-packages/airflow/example_dags/example_trigger_controller_dag.py
[2022-02-22 15:57:43,851] {processor.py:654} INFO - DAG(s) dict_keys(['example_trigger_controller_dag']) retrieved from /Users/aleckienzle/Developer/nba-etl/env/lib/python3.8/site-packages/airflow/example_dags/example_trigger_controller_dag.py
[2022-02-22 15:57:43,861] {logging_mixin.py:109} INFO - [2022-02-22 15:57:43,860] {dag.py:2396} INFO - Sync 1 DAGs
[2022-02-22 15:57:43,865] {logging_mixin.py:109} INFO - [2022-02-22 15:57:43,865] {dag.py:2935} INFO - Setting next_dagrun for example_trigger_controller_dag to 2021-01-01T00:00:00+00:00
[2022-02-22 15:57:43,869] {processor.py:171} INFO - Processing /Users/aleckienzle/Developer/nba-etl/env/lib/python3.8/site-packages/airflow/example_dags/example_trigger_controller_dag.py took 0.035 seconds
[2022-02-22 15:58:51,013] {processor.py:163} INFO - Started process (PID=44409) to work on /Users/aleckienzle/Developer/nba-etl/env/lib/python3.8/site-packages/airflow/example_dags/example_trigger_controller_dag.py
[2022-02-22 15:58:51,014] {processor.py:642} INFO - Processing file /Users/aleckienzle/Developer/nba-etl/env/lib/python3.8/site-packages/airflow/example_dags/example_trigger_controller_dag.py for tasks to queue
[2022-02-22 15:58:51,015] {logging_mixin.py:109} INFO - [2022-02-22 15:58:51,015] {dagbag.py:500} INFO - Filling up the DagBag from /Users/aleckienzle/Developer/nba-etl/env/lib/python3.8/site-packages/airflow/example_dags/example_trigger_controller_dag.py
[2022-02-22 15:58:51,030] {processor.py:654} INFO - DAG(s) dict_keys(['example_trigger_controller_dag']) retrieved from /Users/aleckienzle/Developer/nba-etl/env/lib/python3.8/site-packages/airflow/example_dags/example_trigger_controller_dag.py
[2022-02-22 15:58:51,040] {logging_mixin.py:109} INFO - [2022-02-22 15:58:51,040] {dag.py:2396} INFO - Sync 1 DAGs
[2022-02-22 15:58:51,045] {logging_mixin.py:109} INFO - [2022-02-22 15:58:51,045] {dag.py:2935} INFO - Setting next_dagrun for example_trigger_controller_dag to 2021-01-01T00:00:00+00:00
[2022-02-22 15:58:51,049] {processor.py:171} INFO - Processing /Users/aleckienzle/Developer/nba-etl/env/lib/python3.8/site-packages/airflow/example_dags/example_trigger_controller_dag.py took 0.037 seconds
