[2022-02-22 15:37:24,882] {processor.py:163} INFO - Started process (PID=40909) to work on /Users/aleckienzle/Developer/nba-etl/env/lib/python3.8/site-packages/airflow/example_dags/tutorial_taskflow_api_etl_virtualenv.py
[2022-02-22 15:37:24,883] {processor.py:642} INFO - Processing file /Users/aleckienzle/Developer/nba-etl/env/lib/python3.8/site-packages/airflow/example_dags/tutorial_taskflow_api_etl_virtualenv.py for tasks to queue
[2022-02-22 15:37:24,883] {logging_mixin.py:109} INFO - [2022-02-22 15:37:24,883] {dagbag.py:500} INFO - Filling up the DagBag from /Users/aleckienzle/Developer/nba-etl/env/lib/python3.8/site-packages/airflow/example_dags/tutorial_taskflow_api_etl_virtualenv.py
[2022-02-22 15:37:24,897] {logging_mixin.py:109} INFO - [2022-02-22 15:37:24,897] {tutorial_taskflow_api_etl_virtualenv.py:29} WARNING - The tutorial_taskflow_api_etl_virtualenv example DAG requires virtualenv, please install it.
[2022-02-22 15:37:24,911] {processor.py:656} WARNING - No viable dags retrieved from /Users/aleckienzle/Developer/nba-etl/env/lib/python3.8/site-packages/airflow/example_dags/tutorial_taskflow_api_etl_virtualenv.py
[2022-02-22 15:37:24,913] {processor.py:171} INFO - Processing /Users/aleckienzle/Developer/nba-etl/env/lib/python3.8/site-packages/airflow/example_dags/tutorial_taskflow_api_etl_virtualenv.py took 0.031 seconds
[2022-02-22 15:38:27,010] {processor.py:163} INFO - Started process (PID=41076) to work on /Users/aleckienzle/Developer/nba-etl/env/lib/python3.8/site-packages/airflow/example_dags/tutorial_taskflow_api_etl_virtualenv.py
[2022-02-22 15:38:27,011] {processor.py:642} INFO - Processing file /Users/aleckienzle/Developer/nba-etl/env/lib/python3.8/site-packages/airflow/example_dags/tutorial_taskflow_api_etl_virtualenv.py for tasks to queue
[2022-02-22 15:38:27,011] {logging_mixin.py:109} INFO - [2022-02-22 15:38:27,011] {dagbag.py:500} INFO - Filling up the DagBag from /Users/aleckienzle/Developer/nba-etl/env/lib/python3.8/site-packages/airflow/example_dags/tutorial_taskflow_api_etl_virtualenv.py
[2022-02-22 15:38:27,024] {logging_mixin.py:109} INFO - [2022-02-22 15:38:27,024] {tutorial_taskflow_api_etl_virtualenv.py:29} WARNING - The tutorial_taskflow_api_etl_virtualenv example DAG requires virtualenv, please install it.
[2022-02-22 15:38:27,036] {processor.py:656} WARNING - No viable dags retrieved from /Users/aleckienzle/Developer/nba-etl/env/lib/python3.8/site-packages/airflow/example_dags/tutorial_taskflow_api_etl_virtualenv.py
[2022-02-22 15:38:27,037] {processor.py:171} INFO - Processing /Users/aleckienzle/Developer/nba-etl/env/lib/python3.8/site-packages/airflow/example_dags/tutorial_taskflow_api_etl_virtualenv.py took 0.027 seconds
[2022-02-22 15:39:30,700] {processor.py:163} INFO - Started process (PID=41236) to work on /Users/aleckienzle/Developer/nba-etl/env/lib/python3.8/site-packages/airflow/example_dags/tutorial_taskflow_api_etl_virtualenv.py
[2022-02-22 15:39:30,701] {processor.py:642} INFO - Processing file /Users/aleckienzle/Developer/nba-etl/env/lib/python3.8/site-packages/airflow/example_dags/tutorial_taskflow_api_etl_virtualenv.py for tasks to queue
[2022-02-22 15:39:30,701] {logging_mixin.py:109} INFO - [2022-02-22 15:39:30,701] {dagbag.py:500} INFO - Filling up the DagBag from /Users/aleckienzle/Developer/nba-etl/env/lib/python3.8/site-packages/airflow/example_dags/tutorial_taskflow_api_etl_virtualenv.py
[2022-02-22 15:39:30,713] {logging_mixin.py:109} INFO - [2022-02-22 15:39:30,713] {tutorial_taskflow_api_etl_virtualenv.py:29} WARNING - The tutorial_taskflow_api_etl_virtualenv example DAG requires virtualenv, please install it.
[2022-02-22 15:39:30,724] {processor.py:656} WARNING - No viable dags retrieved from /Users/aleckienzle/Developer/nba-etl/env/lib/python3.8/site-packages/airflow/example_dags/tutorial_taskflow_api_etl_virtualenv.py
[2022-02-22 15:39:30,725] {processor.py:171} INFO - Processing /Users/aleckienzle/Developer/nba-etl/env/lib/python3.8/site-packages/airflow/example_dags/tutorial_taskflow_api_etl_virtualenv.py took 0.026 seconds
[2022-02-22 15:40:34,396] {processor.py:163} INFO - Started process (PID=41388) to work on /Users/aleckienzle/Developer/nba-etl/env/lib/python3.8/site-packages/airflow/example_dags/tutorial_taskflow_api_etl_virtualenv.py
[2022-02-22 15:40:34,397] {processor.py:642} INFO - Processing file /Users/aleckienzle/Developer/nba-etl/env/lib/python3.8/site-packages/airflow/example_dags/tutorial_taskflow_api_etl_virtualenv.py for tasks to queue
[2022-02-22 15:40:34,397] {logging_mixin.py:109} INFO - [2022-02-22 15:40:34,397] {dagbag.py:500} INFO - Filling up the DagBag from /Users/aleckienzle/Developer/nba-etl/env/lib/python3.8/site-packages/airflow/example_dags/tutorial_taskflow_api_etl_virtualenv.py
[2022-02-22 15:40:34,409] {logging_mixin.py:109} INFO - [2022-02-22 15:40:34,409] {tutorial_taskflow_api_etl_virtualenv.py:29} WARNING - The tutorial_taskflow_api_etl_virtualenv example DAG requires virtualenv, please install it.
[2022-02-22 15:40:34,420] {processor.py:656} WARNING - No viable dags retrieved from /Users/aleckienzle/Developer/nba-etl/env/lib/python3.8/site-packages/airflow/example_dags/tutorial_taskflow_api_etl_virtualenv.py
[2022-02-22 15:40:34,421] {processor.py:171} INFO - Processing /Users/aleckienzle/Developer/nba-etl/env/lib/python3.8/site-packages/airflow/example_dags/tutorial_taskflow_api_etl_virtualenv.py took 0.026 seconds
[2022-02-22 15:41:38,409] {processor.py:163} INFO - Started process (PID=41536) to work on /Users/aleckienzle/Developer/nba-etl/env/lib/python3.8/site-packages/airflow/example_dags/tutorial_taskflow_api_etl_virtualenv.py
[2022-02-22 15:41:38,409] {processor.py:642} INFO - Processing file /Users/aleckienzle/Developer/nba-etl/env/lib/python3.8/site-packages/airflow/example_dags/tutorial_taskflow_api_etl_virtualenv.py for tasks to queue
[2022-02-22 15:41:38,410] {logging_mixin.py:109} INFO - [2022-02-22 15:41:38,410] {dagbag.py:500} INFO - Filling up the DagBag from /Users/aleckienzle/Developer/nba-etl/env/lib/python3.8/site-packages/airflow/example_dags/tutorial_taskflow_api_etl_virtualenv.py
[2022-02-22 15:41:38,422] {logging_mixin.py:109} INFO - [2022-02-22 15:41:38,422] {tutorial_taskflow_api_etl_virtualenv.py:29} WARNING - The tutorial_taskflow_api_etl_virtualenv example DAG requires virtualenv, please install it.
[2022-02-22 15:41:38,435] {processor.py:656} WARNING - No viable dags retrieved from /Users/aleckienzle/Developer/nba-etl/env/lib/python3.8/site-packages/airflow/example_dags/tutorial_taskflow_api_etl_virtualenv.py
[2022-02-22 15:41:38,436] {processor.py:171} INFO - Processing /Users/aleckienzle/Developer/nba-etl/env/lib/python3.8/site-packages/airflow/example_dags/tutorial_taskflow_api_etl_virtualenv.py took 0.027 seconds
[2022-02-22 15:42:42,439] {processor.py:163} INFO - Started process (PID=41694) to work on /Users/aleckienzle/Developer/nba-etl/env/lib/python3.8/site-packages/airflow/example_dags/tutorial_taskflow_api_etl_virtualenv.py
[2022-02-22 15:42:42,440] {processor.py:642} INFO - Processing file /Users/aleckienzle/Developer/nba-etl/env/lib/python3.8/site-packages/airflow/example_dags/tutorial_taskflow_api_etl_virtualenv.py for tasks to queue
[2022-02-22 15:42:42,440] {logging_mixin.py:109} INFO - [2022-02-22 15:42:42,440] {dagbag.py:500} INFO - Filling up the DagBag from /Users/aleckienzle/Developer/nba-etl/env/lib/python3.8/site-packages/airflow/example_dags/tutorial_taskflow_api_etl_virtualenv.py
[2022-02-22 15:42:42,452] {logging_mixin.py:109} INFO - [2022-02-22 15:42:42,452] {tutorial_taskflow_api_etl_virtualenv.py:29} WARNING - The tutorial_taskflow_api_etl_virtualenv example DAG requires virtualenv, please install it.
[2022-02-22 15:42:42,464] {processor.py:656} WARNING - No viable dags retrieved from /Users/aleckienzle/Developer/nba-etl/env/lib/python3.8/site-packages/airflow/example_dags/tutorial_taskflow_api_etl_virtualenv.py
[2022-02-22 15:42:42,465] {processor.py:171} INFO - Processing /Users/aleckienzle/Developer/nba-etl/env/lib/python3.8/site-packages/airflow/example_dags/tutorial_taskflow_api_etl_virtualenv.py took 0.026 seconds
[2022-02-22 15:43:48,881] {processor.py:163} INFO - Started process (PID=41890) to work on /Users/aleckienzle/Developer/nba-etl/env/lib/python3.8/site-packages/airflow/example_dags/tutorial_taskflow_api_etl_virtualenv.py
[2022-02-22 15:43:48,882] {processor.py:642} INFO - Processing file /Users/aleckienzle/Developer/nba-etl/env/lib/python3.8/site-packages/airflow/example_dags/tutorial_taskflow_api_etl_virtualenv.py for tasks to queue
[2022-02-22 15:43:48,883] {logging_mixin.py:109} INFO - [2022-02-22 15:43:48,883] {dagbag.py:500} INFO - Filling up the DagBag from /Users/aleckienzle/Developer/nba-etl/env/lib/python3.8/site-packages/airflow/example_dags/tutorial_taskflow_api_etl_virtualenv.py
[2022-02-22 15:43:48,896] {logging_mixin.py:109} INFO - [2022-02-22 15:43:48,896] {tutorial_taskflow_api_etl_virtualenv.py:29} WARNING - The tutorial_taskflow_api_etl_virtualenv example DAG requires virtualenv, please install it.
[2022-02-22 15:43:48,907] {processor.py:656} WARNING - No viable dags retrieved from /Users/aleckienzle/Developer/nba-etl/env/lib/python3.8/site-packages/airflow/example_dags/tutorial_taskflow_api_etl_virtualenv.py
[2022-02-22 15:43:48,908] {processor.py:171} INFO - Processing /Users/aleckienzle/Developer/nba-etl/env/lib/python3.8/site-packages/airflow/example_dags/tutorial_taskflow_api_etl_virtualenv.py took 0.028 seconds
[2022-02-22 15:44:54,393] {processor.py:163} INFO - Started process (PID=42029) to work on /Users/aleckienzle/Developer/nba-etl/env/lib/python3.8/site-packages/airflow/example_dags/tutorial_taskflow_api_etl_virtualenv.py
[2022-02-22 15:44:54,394] {processor.py:642} INFO - Processing file /Users/aleckienzle/Developer/nba-etl/env/lib/python3.8/site-packages/airflow/example_dags/tutorial_taskflow_api_etl_virtualenv.py for tasks to queue
[2022-02-22 15:44:54,394] {logging_mixin.py:109} INFO - [2022-02-22 15:44:54,394] {dagbag.py:500} INFO - Filling up the DagBag from /Users/aleckienzle/Developer/nba-etl/env/lib/python3.8/site-packages/airflow/example_dags/tutorial_taskflow_api_etl_virtualenv.py
[2022-02-22 15:44:54,406] {logging_mixin.py:109} INFO - [2022-02-22 15:44:54,406] {tutorial_taskflow_api_etl_virtualenv.py:29} WARNING - The tutorial_taskflow_api_etl_virtualenv example DAG requires virtualenv, please install it.
[2022-02-22 15:44:54,418] {processor.py:656} WARNING - No viable dags retrieved from /Users/aleckienzle/Developer/nba-etl/env/lib/python3.8/site-packages/airflow/example_dags/tutorial_taskflow_api_etl_virtualenv.py
[2022-02-22 15:44:54,420] {processor.py:171} INFO - Processing /Users/aleckienzle/Developer/nba-etl/env/lib/python3.8/site-packages/airflow/example_dags/tutorial_taskflow_api_etl_virtualenv.py took 0.027 seconds
[2022-02-22 15:46:00,304] {processor.py:163} INFO - Started process (PID=42196) to work on /Users/aleckienzle/Developer/nba-etl/env/lib/python3.8/site-packages/airflow/example_dags/tutorial_taskflow_api_etl_virtualenv.py
[2022-02-22 15:46:00,304] {processor.py:642} INFO - Processing file /Users/aleckienzle/Developer/nba-etl/env/lib/python3.8/site-packages/airflow/example_dags/tutorial_taskflow_api_etl_virtualenv.py for tasks to queue
[2022-02-22 15:46:00,305] {logging_mixin.py:109} INFO - [2022-02-22 15:46:00,305] {dagbag.py:500} INFO - Filling up the DagBag from /Users/aleckienzle/Developer/nba-etl/env/lib/python3.8/site-packages/airflow/example_dags/tutorial_taskflow_api_etl_virtualenv.py
[2022-02-22 15:46:00,316] {logging_mixin.py:109} INFO - [2022-02-22 15:46:00,316] {tutorial_taskflow_api_etl_virtualenv.py:29} WARNING - The tutorial_taskflow_api_etl_virtualenv example DAG requires virtualenv, please install it.
[2022-02-22 15:46:00,328] {processor.py:656} WARNING - No viable dags retrieved from /Users/aleckienzle/Developer/nba-etl/env/lib/python3.8/site-packages/airflow/example_dags/tutorial_taskflow_api_etl_virtualenv.py
[2022-02-22 15:46:00,329] {processor.py:171} INFO - Processing /Users/aleckienzle/Developer/nba-etl/env/lib/python3.8/site-packages/airflow/example_dags/tutorial_taskflow_api_etl_virtualenv.py took 0.025 seconds
[2022-02-22 15:47:06,114] {processor.py:163} INFO - Started process (PID=42406) to work on /Users/aleckienzle/Developer/nba-etl/env/lib/python3.8/site-packages/airflow/example_dags/tutorial_taskflow_api_etl_virtualenv.py
[2022-02-22 15:47:06,114] {processor.py:642} INFO - Processing file /Users/aleckienzle/Developer/nba-etl/env/lib/python3.8/site-packages/airflow/example_dags/tutorial_taskflow_api_etl_virtualenv.py for tasks to queue
[2022-02-22 15:47:06,114] {logging_mixin.py:109} INFO - [2022-02-22 15:47:06,114] {dagbag.py:500} INFO - Filling up the DagBag from /Users/aleckienzle/Developer/nba-etl/env/lib/python3.8/site-packages/airflow/example_dags/tutorial_taskflow_api_etl_virtualenv.py
[2022-02-22 15:47:06,126] {logging_mixin.py:109} INFO - [2022-02-22 15:47:06,126] {tutorial_taskflow_api_etl_virtualenv.py:29} WARNING - The tutorial_taskflow_api_etl_virtualenv example DAG requires virtualenv, please install it.
[2022-02-22 15:47:06,142] {processor.py:656} WARNING - No viable dags retrieved from /Users/aleckienzle/Developer/nba-etl/env/lib/python3.8/site-packages/airflow/example_dags/tutorial_taskflow_api_etl_virtualenv.py
[2022-02-22 15:47:06,143] {processor.py:171} INFO - Processing /Users/aleckienzle/Developer/nba-etl/env/lib/python3.8/site-packages/airflow/example_dags/tutorial_taskflow_api_etl_virtualenv.py took 0.029 seconds
[2022-02-22 15:48:18,157] {processor.py:163} INFO - Started process (PID=42665) to work on /Users/aleckienzle/Developer/nba-etl/env/lib/python3.8/site-packages/airflow/example_dags/tutorial_taskflow_api_etl_virtualenv.py
[2022-02-22 15:48:18,157] {processor.py:642} INFO - Processing file /Users/aleckienzle/Developer/nba-etl/env/lib/python3.8/site-packages/airflow/example_dags/tutorial_taskflow_api_etl_virtualenv.py for tasks to queue
[2022-02-22 15:48:18,157] {logging_mixin.py:109} INFO - [2022-02-22 15:48:18,157] {dagbag.py:500} INFO - Filling up the DagBag from /Users/aleckienzle/Developer/nba-etl/env/lib/python3.8/site-packages/airflow/example_dags/tutorial_taskflow_api_etl_virtualenv.py
[2022-02-22 15:48:18,167] {logging_mixin.py:109} INFO - [2022-02-22 15:48:18,167] {tutorial_taskflow_api_etl_virtualenv.py:29} WARNING - The tutorial_taskflow_api_etl_virtualenv example DAG requires virtualenv, please install it.
[2022-02-22 15:48:18,179] {processor.py:656} WARNING - No viable dags retrieved from /Users/aleckienzle/Developer/nba-etl/env/lib/python3.8/site-packages/airflow/example_dags/tutorial_taskflow_api_etl_virtualenv.py
[2022-02-22 15:48:18,180] {processor.py:171} INFO - Processing /Users/aleckienzle/Developer/nba-etl/env/lib/python3.8/site-packages/airflow/example_dags/tutorial_taskflow_api_etl_virtualenv.py took 0.024 seconds
[2022-02-22 15:49:26,100] {processor.py:163} INFO - Started process (PID=42836) to work on /Users/aleckienzle/Developer/nba-etl/env/lib/python3.8/site-packages/airflow/example_dags/tutorial_taskflow_api_etl_virtualenv.py
[2022-02-22 15:49:26,101] {processor.py:642} INFO - Processing file /Users/aleckienzle/Developer/nba-etl/env/lib/python3.8/site-packages/airflow/example_dags/tutorial_taskflow_api_etl_virtualenv.py for tasks to queue
[2022-02-22 15:49:26,101] {logging_mixin.py:109} INFO - [2022-02-22 15:49:26,101] {dagbag.py:500} INFO - Filling up the DagBag from /Users/aleckienzle/Developer/nba-etl/env/lib/python3.8/site-packages/airflow/example_dags/tutorial_taskflow_api_etl_virtualenv.py
[2022-02-22 15:49:26,110] {logging_mixin.py:109} INFO - [2022-02-22 15:49:26,110] {tutorial_taskflow_api_etl_virtualenv.py:29} WARNING - The tutorial_taskflow_api_etl_virtualenv example DAG requires virtualenv, please install it.
[2022-02-22 15:49:26,122] {processor.py:656} WARNING - No viable dags retrieved from /Users/aleckienzle/Developer/nba-etl/env/lib/python3.8/site-packages/airflow/example_dags/tutorial_taskflow_api_etl_virtualenv.py
[2022-02-22 15:49:26,123] {processor.py:171} INFO - Processing /Users/aleckienzle/Developer/nba-etl/env/lib/python3.8/site-packages/airflow/example_dags/tutorial_taskflow_api_etl_virtualenv.py took 0.024 seconds
[2022-02-22 15:50:36,155] {processor.py:163} INFO - Started process (PID=43006) to work on /Users/aleckienzle/Developer/nba-etl/env/lib/python3.8/site-packages/airflow/example_dags/tutorial_taskflow_api_etl_virtualenv.py
[2022-02-22 15:50:36,156] {processor.py:642} INFO - Processing file /Users/aleckienzle/Developer/nba-etl/env/lib/python3.8/site-packages/airflow/example_dags/tutorial_taskflow_api_etl_virtualenv.py for tasks to queue
[2022-02-22 15:50:36,156] {logging_mixin.py:109} INFO - [2022-02-22 15:50:36,156] {dagbag.py:500} INFO - Filling up the DagBag from /Users/aleckienzle/Developer/nba-etl/env/lib/python3.8/site-packages/airflow/example_dags/tutorial_taskflow_api_etl_virtualenv.py
[2022-02-22 15:50:36,167] {logging_mixin.py:109} INFO - [2022-02-22 15:50:36,167] {tutorial_taskflow_api_etl_virtualenv.py:29} WARNING - The tutorial_taskflow_api_etl_virtualenv example DAG requires virtualenv, please install it.
[2022-02-22 15:50:36,178] {processor.py:656} WARNING - No viable dags retrieved from /Users/aleckienzle/Developer/nba-etl/env/lib/python3.8/site-packages/airflow/example_dags/tutorial_taskflow_api_etl_virtualenv.py
[2022-02-22 15:50:36,179] {processor.py:171} INFO - Processing /Users/aleckienzle/Developer/nba-etl/env/lib/python3.8/site-packages/airflow/example_dags/tutorial_taskflow_api_etl_virtualenv.py took 0.024 seconds
[2022-02-22 15:51:46,562] {processor.py:163} INFO - Started process (PID=43198) to work on /Users/aleckienzle/Developer/nba-etl/env/lib/python3.8/site-packages/airflow/example_dags/tutorial_taskflow_api_etl_virtualenv.py
[2022-02-22 15:51:46,563] {processor.py:642} INFO - Processing file /Users/aleckienzle/Developer/nba-etl/env/lib/python3.8/site-packages/airflow/example_dags/tutorial_taskflow_api_etl_virtualenv.py for tasks to queue
[2022-02-22 15:51:46,563] {logging_mixin.py:109} INFO - [2022-02-22 15:51:46,563] {dagbag.py:500} INFO - Filling up the DagBag from /Users/aleckienzle/Developer/nba-etl/env/lib/python3.8/site-packages/airflow/example_dags/tutorial_taskflow_api_etl_virtualenv.py
[2022-02-22 15:51:46,574] {logging_mixin.py:109} INFO - [2022-02-22 15:51:46,574] {tutorial_taskflow_api_etl_virtualenv.py:29} WARNING - The tutorial_taskflow_api_etl_virtualenv example DAG requires virtualenv, please install it.
[2022-02-22 15:51:46,585] {processor.py:656} WARNING - No viable dags retrieved from /Users/aleckienzle/Developer/nba-etl/env/lib/python3.8/site-packages/airflow/example_dags/tutorial_taskflow_api_etl_virtualenv.py
[2022-02-22 15:51:46,586] {processor.py:171} INFO - Processing /Users/aleckienzle/Developer/nba-etl/env/lib/python3.8/site-packages/airflow/example_dags/tutorial_taskflow_api_etl_virtualenv.py took 0.025 seconds
[2022-02-22 15:52:53,068] {processor.py:163} INFO - Started process (PID=43357) to work on /Users/aleckienzle/Developer/nba-etl/env/lib/python3.8/site-packages/airflow/example_dags/tutorial_taskflow_api_etl_virtualenv.py
[2022-02-22 15:52:53,069] {processor.py:642} INFO - Processing file /Users/aleckienzle/Developer/nba-etl/env/lib/python3.8/site-packages/airflow/example_dags/tutorial_taskflow_api_etl_virtualenv.py for tasks to queue
[2022-02-22 15:52:53,069] {logging_mixin.py:109} INFO - [2022-02-22 15:52:53,069] {dagbag.py:500} INFO - Filling up the DagBag from /Users/aleckienzle/Developer/nba-etl/env/lib/python3.8/site-packages/airflow/example_dags/tutorial_taskflow_api_etl_virtualenv.py
[2022-02-22 15:52:53,079] {logging_mixin.py:109} INFO - [2022-02-22 15:52:53,079] {tutorial_taskflow_api_etl_virtualenv.py:29} WARNING - The tutorial_taskflow_api_etl_virtualenv example DAG requires virtualenv, please install it.
[2022-02-22 15:52:53,092] {processor.py:656} WARNING - No viable dags retrieved from /Users/aleckienzle/Developer/nba-etl/env/lib/python3.8/site-packages/airflow/example_dags/tutorial_taskflow_api_etl_virtualenv.py
[2022-02-22 15:52:53,093] {processor.py:171} INFO - Processing /Users/aleckienzle/Developer/nba-etl/env/lib/python3.8/site-packages/airflow/example_dags/tutorial_taskflow_api_etl_virtualenv.py took 0.025 seconds
[2022-02-22 15:54:02,384] {processor.py:163} INFO - Started process (PID=43538) to work on /Users/aleckienzle/Developer/nba-etl/env/lib/python3.8/site-packages/airflow/example_dags/tutorial_taskflow_api_etl_virtualenv.py
[2022-02-22 15:54:02,384] {processor.py:642} INFO - Processing file /Users/aleckienzle/Developer/nba-etl/env/lib/python3.8/site-packages/airflow/example_dags/tutorial_taskflow_api_etl_virtualenv.py for tasks to queue
[2022-02-22 15:54:02,384] {logging_mixin.py:109} INFO - [2022-02-22 15:54:02,384] {dagbag.py:500} INFO - Filling up the DagBag from /Users/aleckienzle/Developer/nba-etl/env/lib/python3.8/site-packages/airflow/example_dags/tutorial_taskflow_api_etl_virtualenv.py
[2022-02-22 15:54:02,396] {logging_mixin.py:109} INFO - [2022-02-22 15:54:02,396] {tutorial_taskflow_api_etl_virtualenv.py:29} WARNING - The tutorial_taskflow_api_etl_virtualenv example DAG requires virtualenv, please install it.
[2022-02-22 15:54:02,408] {processor.py:656} WARNING - No viable dags retrieved from /Users/aleckienzle/Developer/nba-etl/env/lib/python3.8/site-packages/airflow/example_dags/tutorial_taskflow_api_etl_virtualenv.py
[2022-02-22 15:54:02,409] {processor.py:171} INFO - Processing /Users/aleckienzle/Developer/nba-etl/env/lib/python3.8/site-packages/airflow/example_dags/tutorial_taskflow_api_etl_virtualenv.py took 0.025 seconds
[2022-02-22 15:55:12,019] {processor.py:163} INFO - Started process (PID=43709) to work on /Users/aleckienzle/Developer/nba-etl/env/lib/python3.8/site-packages/airflow/example_dags/tutorial_taskflow_api_etl_virtualenv.py
[2022-02-22 15:55:12,019] {processor.py:642} INFO - Processing file /Users/aleckienzle/Developer/nba-etl/env/lib/python3.8/site-packages/airflow/example_dags/tutorial_taskflow_api_etl_virtualenv.py for tasks to queue
[2022-02-22 15:55:12,020] {logging_mixin.py:109} INFO - [2022-02-22 15:55:12,020] {dagbag.py:500} INFO - Filling up the DagBag from /Users/aleckienzle/Developer/nba-etl/env/lib/python3.8/site-packages/airflow/example_dags/tutorial_taskflow_api_etl_virtualenv.py
[2022-02-22 15:55:12,031] {logging_mixin.py:109} INFO - [2022-02-22 15:55:12,031] {tutorial_taskflow_api_etl_virtualenv.py:29} WARNING - The tutorial_taskflow_api_etl_virtualenv example DAG requires virtualenv, please install it.
[2022-02-22 15:55:12,043] {processor.py:656} WARNING - No viable dags retrieved from /Users/aleckienzle/Developer/nba-etl/env/lib/python3.8/site-packages/airflow/example_dags/tutorial_taskflow_api_etl_virtualenv.py
[2022-02-22 15:55:12,044] {processor.py:171} INFO - Processing /Users/aleckienzle/Developer/nba-etl/env/lib/python3.8/site-packages/airflow/example_dags/tutorial_taskflow_api_etl_virtualenv.py took 0.025 seconds
[2022-02-22 15:56:19,915] {processor.py:163} INFO - Started process (PID=43904) to work on /Users/aleckienzle/Developer/nba-etl/env/lib/python3.8/site-packages/airflow/example_dags/tutorial_taskflow_api_etl_virtualenv.py
[2022-02-22 15:56:19,916] {processor.py:642} INFO - Processing file /Users/aleckienzle/Developer/nba-etl/env/lib/python3.8/site-packages/airflow/example_dags/tutorial_taskflow_api_etl_virtualenv.py for tasks to queue
[2022-02-22 15:56:19,916] {logging_mixin.py:109} INFO - [2022-02-22 15:56:19,916] {dagbag.py:500} INFO - Filling up the DagBag from /Users/aleckienzle/Developer/nba-etl/env/lib/python3.8/site-packages/airflow/example_dags/tutorial_taskflow_api_etl_virtualenv.py
[2022-02-22 15:56:19,926] {logging_mixin.py:109} INFO - [2022-02-22 15:56:19,926] {tutorial_taskflow_api_etl_virtualenv.py:29} WARNING - The tutorial_taskflow_api_etl_virtualenv example DAG requires virtualenv, please install it.
[2022-02-22 15:56:19,937] {processor.py:656} WARNING - No viable dags retrieved from /Users/aleckienzle/Developer/nba-etl/env/lib/python3.8/site-packages/airflow/example_dags/tutorial_taskflow_api_etl_virtualenv.py
[2022-02-22 15:56:19,938] {processor.py:171} INFO - Processing /Users/aleckienzle/Developer/nba-etl/env/lib/python3.8/site-packages/airflow/example_dags/tutorial_taskflow_api_etl_virtualenv.py took 0.023 seconds
[2022-02-22 15:57:30,286] {processor.py:163} INFO - Started process (PID=44104) to work on /Users/aleckienzle/Developer/nba-etl/env/lib/python3.8/site-packages/airflow/example_dags/tutorial_taskflow_api_etl_virtualenv.py
[2022-02-22 15:57:30,287] {processor.py:642} INFO - Processing file /Users/aleckienzle/Developer/nba-etl/env/lib/python3.8/site-packages/airflow/example_dags/tutorial_taskflow_api_etl_virtualenv.py for tasks to queue
[2022-02-22 15:57:30,287] {logging_mixin.py:109} INFO - [2022-02-22 15:57:30,287] {dagbag.py:500} INFO - Filling up the DagBag from /Users/aleckienzle/Developer/nba-etl/env/lib/python3.8/site-packages/airflow/example_dags/tutorial_taskflow_api_etl_virtualenv.py
[2022-02-22 15:57:30,297] {logging_mixin.py:109} INFO - [2022-02-22 15:57:30,297] {tutorial_taskflow_api_etl_virtualenv.py:29} WARNING - The tutorial_taskflow_api_etl_virtualenv example DAG requires virtualenv, please install it.
[2022-02-22 15:57:30,311] {processor.py:656} WARNING - No viable dags retrieved from /Users/aleckienzle/Developer/nba-etl/env/lib/python3.8/site-packages/airflow/example_dags/tutorial_taskflow_api_etl_virtualenv.py
[2022-02-22 15:57:30,312] {processor.py:171} INFO - Processing /Users/aleckienzle/Developer/nba-etl/env/lib/python3.8/site-packages/airflow/example_dags/tutorial_taskflow_api_etl_virtualenv.py took 0.026 seconds
[2022-02-22 15:58:38,375] {processor.py:163} INFO - Started process (PID=44353) to work on /Users/aleckienzle/Developer/nba-etl/env/lib/python3.8/site-packages/airflow/example_dags/tutorial_taskflow_api_etl_virtualenv.py
[2022-02-22 15:58:38,377] {processor.py:642} INFO - Processing file /Users/aleckienzle/Developer/nba-etl/env/lib/python3.8/site-packages/airflow/example_dags/tutorial_taskflow_api_etl_virtualenv.py for tasks to queue
[2022-02-22 15:58:38,377] {logging_mixin.py:109} INFO - [2022-02-22 15:58:38,377] {dagbag.py:500} INFO - Filling up the DagBag from /Users/aleckienzle/Developer/nba-etl/env/lib/python3.8/site-packages/airflow/example_dags/tutorial_taskflow_api_etl_virtualenv.py
[2022-02-22 15:58:38,386] {logging_mixin.py:109} INFO - [2022-02-22 15:58:38,386] {tutorial_taskflow_api_etl_virtualenv.py:29} WARNING - The tutorial_taskflow_api_etl_virtualenv example DAG requires virtualenv, please install it.
[2022-02-22 15:58:38,398] {processor.py:656} WARNING - No viable dags retrieved from /Users/aleckienzle/Developer/nba-etl/env/lib/python3.8/site-packages/airflow/example_dags/tutorial_taskflow_api_etl_virtualenv.py
[2022-02-22 15:58:38,399] {processor.py:171} INFO - Processing /Users/aleckienzle/Developer/nba-etl/env/lib/python3.8/site-packages/airflow/example_dags/tutorial_taskflow_api_etl_virtualenv.py took 0.024 seconds
[2022-02-22 15:59:46,623] {processor.py:163} INFO - Started process (PID=44638) to work on /Users/aleckienzle/Developer/nba-etl/env/lib/python3.8/site-packages/airflow/example_dags/tutorial_taskflow_api_etl_virtualenv.py
[2022-02-22 15:59:46,624] {processor.py:642} INFO - Processing file /Users/aleckienzle/Developer/nba-etl/env/lib/python3.8/site-packages/airflow/example_dags/tutorial_taskflow_api_etl_virtualenv.py for tasks to queue
[2022-02-22 15:59:46,624] {logging_mixin.py:109} INFO - [2022-02-22 15:59:46,624] {dagbag.py:500} INFO - Filling up the DagBag from /Users/aleckienzle/Developer/nba-etl/env/lib/python3.8/site-packages/airflow/example_dags/tutorial_taskflow_api_etl_virtualenv.py
[2022-02-22 15:59:46,636] {logging_mixin.py:109} INFO - [2022-02-22 15:59:46,636] {tutorial_taskflow_api_etl_virtualenv.py:29} WARNING - The tutorial_taskflow_api_etl_virtualenv example DAG requires virtualenv, please install it.
[2022-02-22 15:59:46,652] {processor.py:656} WARNING - No viable dags retrieved from /Users/aleckienzle/Developer/nba-etl/env/lib/python3.8/site-packages/airflow/example_dags/tutorial_taskflow_api_etl_virtualenv.py
[2022-02-22 15:59:46,653] {processor.py:171} INFO - Processing /Users/aleckienzle/Developer/nba-etl/env/lib/python3.8/site-packages/airflow/example_dags/tutorial_taskflow_api_etl_virtualenv.py took 0.030 seconds
