[2022-02-22 15:37:30,730] {processor.py:163} INFO - Started process (PID=40925) to work on /Users/aleckienzle/Developer/nba-etl/env/lib/python3.8/site-packages/airflow/example_dags/tutorial.py
[2022-02-22 15:37:30,730] {processor.py:642} INFO - Processing file /Users/aleckienzle/Developer/nba-etl/env/lib/python3.8/site-packages/airflow/example_dags/tutorial.py for tasks to queue
[2022-02-22 15:37:30,730] {logging_mixin.py:109} INFO - [2022-02-22 15:37:30,730] {dagbag.py:500} INFO - Filling up the DagBag from /Users/aleckienzle/Developer/nba-etl/env/lib/python3.8/site-packages/airflow/example_dags/tutorial.py
[2022-02-22 15:37:30,748] {processor.py:654} INFO - DAG(s) dict_keys(['tutorial']) retrieved from /Users/aleckienzle/Developer/nba-etl/env/lib/python3.8/site-packages/airflow/example_dags/tutorial.py
[2022-02-22 15:37:30,755] {logging_mixin.py:109} INFO - [2022-02-22 15:37:30,755] {dag.py:2396} INFO - Sync 1 DAGs
[2022-02-22 15:37:30,763] {logging_mixin.py:109} INFO - [2022-02-22 15:37:30,763] {dag.py:2935} INFO - Setting next_dagrun for tutorial to 2022-02-21T23:37:30.763113+00:00
[2022-02-22 15:37:30,766] {processor.py:171} INFO - Processing /Users/aleckienzle/Developer/nba-etl/env/lib/python3.8/site-packages/airflow/example_dags/tutorial.py took 0.037 seconds
[2022-02-22 15:38:32,863] {processor.py:163} INFO - Started process (PID=41083) to work on /Users/aleckienzle/Developer/nba-etl/env/lib/python3.8/site-packages/airflow/example_dags/tutorial.py
[2022-02-22 15:38:32,864] {processor.py:642} INFO - Processing file /Users/aleckienzle/Developer/nba-etl/env/lib/python3.8/site-packages/airflow/example_dags/tutorial.py for tasks to queue
[2022-02-22 15:38:32,864] {logging_mixin.py:109} INFO - [2022-02-22 15:38:32,864] {dagbag.py:500} INFO - Filling up the DagBag from /Users/aleckienzle/Developer/nba-etl/env/lib/python3.8/site-packages/airflow/example_dags/tutorial.py
[2022-02-22 15:38:32,881] {processor.py:654} INFO - DAG(s) dict_keys(['tutorial']) retrieved from /Users/aleckienzle/Developer/nba-etl/env/lib/python3.8/site-packages/airflow/example_dags/tutorial.py
[2022-02-22 15:38:32,890] {logging_mixin.py:109} INFO - [2022-02-22 15:38:32,890] {dag.py:2396} INFO - Sync 1 DAGs
[2022-02-22 15:38:32,894] {logging_mixin.py:109} INFO - [2022-02-22 15:38:32,894] {dag.py:2935} INFO - Setting next_dagrun for tutorial to 2022-02-21T23:38:32.894551+00:00
[2022-02-22 15:38:32,898] {processor.py:171} INFO - Processing /Users/aleckienzle/Developer/nba-etl/env/lib/python3.8/site-packages/airflow/example_dags/tutorial.py took 0.035 seconds
[2022-02-22 15:39:36,483] {processor.py:163} INFO - Started process (PID=41253) to work on /Users/aleckienzle/Developer/nba-etl/env/lib/python3.8/site-packages/airflow/example_dags/tutorial.py
[2022-02-22 15:39:36,484] {processor.py:642} INFO - Processing file /Users/aleckienzle/Developer/nba-etl/env/lib/python3.8/site-packages/airflow/example_dags/tutorial.py for tasks to queue
[2022-02-22 15:39:36,484] {logging_mixin.py:109} INFO - [2022-02-22 15:39:36,484] {dagbag.py:500} INFO - Filling up the DagBag from /Users/aleckienzle/Developer/nba-etl/env/lib/python3.8/site-packages/airflow/example_dags/tutorial.py
[2022-02-22 15:39:36,503] {processor.py:654} INFO - DAG(s) dict_keys(['tutorial']) retrieved from /Users/aleckienzle/Developer/nba-etl/env/lib/python3.8/site-packages/airflow/example_dags/tutorial.py
[2022-02-22 15:39:36,513] {logging_mixin.py:109} INFO - [2022-02-22 15:39:36,513] {dag.py:2396} INFO - Sync 1 DAGs
[2022-02-22 15:39:36,517] {logging_mixin.py:109} INFO - [2022-02-22 15:39:36,517] {dag.py:2935} INFO - Setting next_dagrun for tutorial to 2022-02-21T23:39:36.517057+00:00
[2022-02-22 15:39:36,520] {processor.py:171} INFO - Processing /Users/aleckienzle/Developer/nba-etl/env/lib/python3.8/site-packages/airflow/example_dags/tutorial.py took 0.038 seconds
[2022-02-22 15:40:40,316] {processor.py:163} INFO - Started process (PID=41404) to work on /Users/aleckienzle/Developer/nba-etl/env/lib/python3.8/site-packages/airflow/example_dags/tutorial.py
[2022-02-22 15:40:40,317] {processor.py:642} INFO - Processing file /Users/aleckienzle/Developer/nba-etl/env/lib/python3.8/site-packages/airflow/example_dags/tutorial.py for tasks to queue
[2022-02-22 15:40:40,318] {logging_mixin.py:109} INFO - [2022-02-22 15:40:40,318] {dagbag.py:500} INFO - Filling up the DagBag from /Users/aleckienzle/Developer/nba-etl/env/lib/python3.8/site-packages/airflow/example_dags/tutorial.py
[2022-02-22 15:40:40,333] {processor.py:654} INFO - DAG(s) dict_keys(['tutorial']) retrieved from /Users/aleckienzle/Developer/nba-etl/env/lib/python3.8/site-packages/airflow/example_dags/tutorial.py
[2022-02-22 15:40:40,345] {logging_mixin.py:109} INFO - [2022-02-22 15:40:40,345] {dag.py:2396} INFO - Sync 1 DAGs
[2022-02-22 15:40:40,350] {logging_mixin.py:109} INFO - [2022-02-22 15:40:40,350] {dag.py:2935} INFO - Setting next_dagrun for tutorial to 2022-02-21T23:40:40.349997+00:00
[2022-02-22 15:40:40,353] {processor.py:171} INFO - Processing /Users/aleckienzle/Developer/nba-etl/env/lib/python3.8/site-packages/airflow/example_dags/tutorial.py took 0.037 seconds
[2022-02-22 15:41:44,296] {processor.py:163} INFO - Started process (PID=41542) to work on /Users/aleckienzle/Developer/nba-etl/env/lib/python3.8/site-packages/airflow/example_dags/tutorial.py
[2022-02-22 15:41:44,297] {processor.py:642} INFO - Processing file /Users/aleckienzle/Developer/nba-etl/env/lib/python3.8/site-packages/airflow/example_dags/tutorial.py for tasks to queue
[2022-02-22 15:41:44,297] {logging_mixin.py:109} INFO - [2022-02-22 15:41:44,297] {dagbag.py:500} INFO - Filling up the DagBag from /Users/aleckienzle/Developer/nba-etl/env/lib/python3.8/site-packages/airflow/example_dags/tutorial.py
[2022-02-22 15:41:44,314] {processor.py:654} INFO - DAG(s) dict_keys(['tutorial']) retrieved from /Users/aleckienzle/Developer/nba-etl/env/lib/python3.8/site-packages/airflow/example_dags/tutorial.py
[2022-02-22 15:41:44,324] {logging_mixin.py:109} INFO - [2022-02-22 15:41:44,324] {dag.py:2396} INFO - Sync 1 DAGs
[2022-02-22 15:41:44,328] {logging_mixin.py:109} INFO - [2022-02-22 15:41:44,328] {dag.py:2935} INFO - Setting next_dagrun for tutorial to 2022-02-21T23:41:44.328367+00:00
[2022-02-22 15:41:44,331] {processor.py:171} INFO - Processing /Users/aleckienzle/Developer/nba-etl/env/lib/python3.8/site-packages/airflow/example_dags/tutorial.py took 0.035 seconds
[2022-02-22 15:42:48,339] {processor.py:163} INFO - Started process (PID=41721) to work on /Users/aleckienzle/Developer/nba-etl/env/lib/python3.8/site-packages/airflow/example_dags/tutorial.py
[2022-02-22 15:42:48,340] {processor.py:642} INFO - Processing file /Users/aleckienzle/Developer/nba-etl/env/lib/python3.8/site-packages/airflow/example_dags/tutorial.py for tasks to queue
[2022-02-22 15:42:48,340] {logging_mixin.py:109} INFO - [2022-02-22 15:42:48,340] {dagbag.py:500} INFO - Filling up the DagBag from /Users/aleckienzle/Developer/nba-etl/env/lib/python3.8/site-packages/airflow/example_dags/tutorial.py
[2022-02-22 15:42:48,366] {processor.py:654} INFO - DAG(s) dict_keys(['tutorial']) retrieved from /Users/aleckienzle/Developer/nba-etl/env/lib/python3.8/site-packages/airflow/example_dags/tutorial.py
[2022-02-22 15:42:48,400] {logging_mixin.py:109} INFO - [2022-02-22 15:42:48,400] {dag.py:2396} INFO - Sync 1 DAGs
[2022-02-22 15:42:48,410] {logging_mixin.py:109} INFO - [2022-02-22 15:42:48,409] {dag.py:2935} INFO - Setting next_dagrun for tutorial to 2022-02-21T23:42:48.409772+00:00
[2022-02-22 15:42:48,416] {processor.py:171} INFO - Processing /Users/aleckienzle/Developer/nba-etl/env/lib/python3.8/site-packages/airflow/example_dags/tutorial.py took 0.077 seconds
[2022-02-22 15:43:54,725] {processor.py:163} INFO - Started process (PID=41896) to work on /Users/aleckienzle/Developer/nba-etl/env/lib/python3.8/site-packages/airflow/example_dags/tutorial.py
[2022-02-22 15:43:54,726] {processor.py:642} INFO - Processing file /Users/aleckienzle/Developer/nba-etl/env/lib/python3.8/site-packages/airflow/example_dags/tutorial.py for tasks to queue
[2022-02-22 15:43:54,726] {logging_mixin.py:109} INFO - [2022-02-22 15:43:54,726] {dagbag.py:500} INFO - Filling up the DagBag from /Users/aleckienzle/Developer/nba-etl/env/lib/python3.8/site-packages/airflow/example_dags/tutorial.py
[2022-02-22 15:43:54,742] {processor.py:654} INFO - DAG(s) dict_keys(['tutorial']) retrieved from /Users/aleckienzle/Developer/nba-etl/env/lib/python3.8/site-packages/airflow/example_dags/tutorial.py
[2022-02-22 15:43:54,752] {logging_mixin.py:109} INFO - [2022-02-22 15:43:54,752] {dag.py:2396} INFO - Sync 1 DAGs
[2022-02-22 15:43:54,757] {logging_mixin.py:109} INFO - [2022-02-22 15:43:54,757] {dag.py:2935} INFO - Setting next_dagrun for tutorial to 2022-02-21T23:43:54.756895+00:00
[2022-02-22 15:43:54,760] {processor.py:171} INFO - Processing /Users/aleckienzle/Developer/nba-etl/env/lib/python3.8/site-packages/airflow/example_dags/tutorial.py took 0.035 seconds
[2022-02-22 15:45:00,267] {processor.py:163} INFO - Started process (PID=42046) to work on /Users/aleckienzle/Developer/nba-etl/env/lib/python3.8/site-packages/airflow/example_dags/tutorial.py
[2022-02-22 15:45:00,267] {processor.py:642} INFO - Processing file /Users/aleckienzle/Developer/nba-etl/env/lib/python3.8/site-packages/airflow/example_dags/tutorial.py for tasks to queue
[2022-02-22 15:45:00,267] {logging_mixin.py:109} INFO - [2022-02-22 15:45:00,267] {dagbag.py:500} INFO - Filling up the DagBag from /Users/aleckienzle/Developer/nba-etl/env/lib/python3.8/site-packages/airflow/example_dags/tutorial.py
[2022-02-22 15:45:00,283] {processor.py:654} INFO - DAG(s) dict_keys(['tutorial']) retrieved from /Users/aleckienzle/Developer/nba-etl/env/lib/python3.8/site-packages/airflow/example_dags/tutorial.py
[2022-02-22 15:45:00,293] {logging_mixin.py:109} INFO - [2022-02-22 15:45:00,293] {dag.py:2396} INFO - Sync 1 DAGs
[2022-02-22 15:45:00,297] {logging_mixin.py:109} INFO - [2022-02-22 15:45:00,297] {dag.py:2935} INFO - Setting next_dagrun for tutorial to 2022-02-21T23:45:00.297097+00:00
[2022-02-22 15:45:00,301] {processor.py:171} INFO - Processing /Users/aleckienzle/Developer/nba-etl/env/lib/python3.8/site-packages/airflow/example_dags/tutorial.py took 0.034 seconds
[2022-02-22 15:46:06,205] {processor.py:163} INFO - Started process (PID=42211) to work on /Users/aleckienzle/Developer/nba-etl/env/lib/python3.8/site-packages/airflow/example_dags/tutorial.py
[2022-02-22 15:46:06,205] {processor.py:642} INFO - Processing file /Users/aleckienzle/Developer/nba-etl/env/lib/python3.8/site-packages/airflow/example_dags/tutorial.py for tasks to queue
[2022-02-22 15:46:06,205] {logging_mixin.py:109} INFO - [2022-02-22 15:46:06,205] {dagbag.py:500} INFO - Filling up the DagBag from /Users/aleckienzle/Developer/nba-etl/env/lib/python3.8/site-packages/airflow/example_dags/tutorial.py
[2022-02-22 15:46:06,221] {processor.py:654} INFO - DAG(s) dict_keys(['tutorial']) retrieved from /Users/aleckienzle/Developer/nba-etl/env/lib/python3.8/site-packages/airflow/example_dags/tutorial.py
[2022-02-22 15:46:06,231] {logging_mixin.py:109} INFO - [2022-02-22 15:46:06,231] {dag.py:2396} INFO - Sync 1 DAGs
[2022-02-22 15:46:06,235] {logging_mixin.py:109} INFO - [2022-02-22 15:46:06,235] {dag.py:2935} INFO - Setting next_dagrun for tutorial to 2022-02-21T23:46:06.235278+00:00
[2022-02-22 15:46:06,239] {processor.py:171} INFO - Processing /Users/aleckienzle/Developer/nba-etl/env/lib/python3.8/site-packages/airflow/example_dags/tutorial.py took 0.034 seconds
[2022-02-22 15:47:11,985] {processor.py:163} INFO - Started process (PID=42430) to work on /Users/aleckienzle/Developer/nba-etl/env/lib/python3.8/site-packages/airflow/example_dags/tutorial.py
[2022-02-22 15:47:11,986] {processor.py:642} INFO - Processing file /Users/aleckienzle/Developer/nba-etl/env/lib/python3.8/site-packages/airflow/example_dags/tutorial.py for tasks to queue
[2022-02-22 15:47:11,986] {logging_mixin.py:109} INFO - [2022-02-22 15:47:11,986] {dagbag.py:500} INFO - Filling up the DagBag from /Users/aleckienzle/Developer/nba-etl/env/lib/python3.8/site-packages/airflow/example_dags/tutorial.py
[2022-02-22 15:47:12,002] {processor.py:654} INFO - DAG(s) dict_keys(['tutorial']) retrieved from /Users/aleckienzle/Developer/nba-etl/env/lib/python3.8/site-packages/airflow/example_dags/tutorial.py
[2022-02-22 15:47:12,012] {logging_mixin.py:109} INFO - [2022-02-22 15:47:12,012] {dag.py:2396} INFO - Sync 1 DAGs
[2022-02-22 15:47:12,016] {logging_mixin.py:109} INFO - [2022-02-22 15:47:12,016] {dag.py:2935} INFO - Setting next_dagrun for tutorial to 2022-02-21T23:47:12.016222+00:00
[2022-02-22 15:47:12,019] {processor.py:171} INFO - Processing /Users/aleckienzle/Developer/nba-etl/env/lib/python3.8/site-packages/airflow/example_dags/tutorial.py took 0.035 seconds
[2022-02-22 15:48:24,032] {processor.py:163} INFO - Started process (PID=42676) to work on /Users/aleckienzle/Developer/nba-etl/env/lib/python3.8/site-packages/airflow/example_dags/tutorial.py
[2022-02-22 15:48:24,033] {processor.py:642} INFO - Processing file /Users/aleckienzle/Developer/nba-etl/env/lib/python3.8/site-packages/airflow/example_dags/tutorial.py for tasks to queue
[2022-02-22 15:48:24,033] {logging_mixin.py:109} INFO - [2022-02-22 15:48:24,033] {dagbag.py:500} INFO - Filling up the DagBag from /Users/aleckienzle/Developer/nba-etl/env/lib/python3.8/site-packages/airflow/example_dags/tutorial.py
[2022-02-22 15:48:24,050] {processor.py:654} INFO - DAG(s) dict_keys(['tutorial']) retrieved from /Users/aleckienzle/Developer/nba-etl/env/lib/python3.8/site-packages/airflow/example_dags/tutorial.py
[2022-02-22 15:48:24,059] {logging_mixin.py:109} INFO - [2022-02-22 15:48:24,059] {dag.py:2396} INFO - Sync 1 DAGs
[2022-02-22 15:48:24,064] {logging_mixin.py:109} INFO - [2022-02-22 15:48:24,064] {dag.py:2935} INFO - Setting next_dagrun for tutorial to 2022-02-21T23:48:24.064171+00:00
[2022-02-22 15:48:24,067] {processor.py:171} INFO - Processing /Users/aleckienzle/Developer/nba-etl/env/lib/python3.8/site-packages/airflow/example_dags/tutorial.py took 0.036 seconds
[2022-02-22 15:49:32,097] {processor.py:163} INFO - Started process (PID=42858) to work on /Users/aleckienzle/Developer/nba-etl/env/lib/python3.8/site-packages/airflow/example_dags/tutorial.py
[2022-02-22 15:49:32,098] {processor.py:642} INFO - Processing file /Users/aleckienzle/Developer/nba-etl/env/lib/python3.8/site-packages/airflow/example_dags/tutorial.py for tasks to queue
[2022-02-22 15:49:32,098] {logging_mixin.py:109} INFO - [2022-02-22 15:49:32,098] {dagbag.py:500} INFO - Filling up the DagBag from /Users/aleckienzle/Developer/nba-etl/env/lib/python3.8/site-packages/airflow/example_dags/tutorial.py
[2022-02-22 15:49:32,114] {processor.py:654} INFO - DAG(s) dict_keys(['tutorial']) retrieved from /Users/aleckienzle/Developer/nba-etl/env/lib/python3.8/site-packages/airflow/example_dags/tutorial.py
[2022-02-22 15:49:32,124] {logging_mixin.py:109} INFO - [2022-02-22 15:49:32,123] {dag.py:2396} INFO - Sync 1 DAGs
[2022-02-22 15:49:32,128] {logging_mixin.py:109} INFO - [2022-02-22 15:49:32,128] {dag.py:2935} INFO - Setting next_dagrun for tutorial to 2022-02-21T23:49:32.128064+00:00
[2022-02-22 15:49:32,131] {processor.py:171} INFO - Processing /Users/aleckienzle/Developer/nba-etl/env/lib/python3.8/site-packages/airflow/example_dags/tutorial.py took 0.034 seconds
[2022-02-22 15:50:41,927] {processor.py:163} INFO - Started process (PID=43026) to work on /Users/aleckienzle/Developer/nba-etl/env/lib/python3.8/site-packages/airflow/example_dags/tutorial.py
[2022-02-22 15:50:41,928] {processor.py:642} INFO - Processing file /Users/aleckienzle/Developer/nba-etl/env/lib/python3.8/site-packages/airflow/example_dags/tutorial.py for tasks to queue
[2022-02-22 15:50:41,928] {logging_mixin.py:109} INFO - [2022-02-22 15:50:41,928] {dagbag.py:500} INFO - Filling up the DagBag from /Users/aleckienzle/Developer/nba-etl/env/lib/python3.8/site-packages/airflow/example_dags/tutorial.py
[2022-02-22 15:50:41,945] {processor.py:654} INFO - DAG(s) dict_keys(['tutorial']) retrieved from /Users/aleckienzle/Developer/nba-etl/env/lib/python3.8/site-packages/airflow/example_dags/tutorial.py
[2022-02-22 15:50:41,954] {logging_mixin.py:109} INFO - [2022-02-22 15:50:41,954] {dag.py:2396} INFO - Sync 1 DAGs
[2022-02-22 15:50:41,959] {logging_mixin.py:109} INFO - [2022-02-22 15:50:41,958] {dag.py:2935} INFO - Setting next_dagrun for tutorial to 2022-02-21T23:50:41.958858+00:00
[2022-02-22 15:50:41,962] {processor.py:171} INFO - Processing /Users/aleckienzle/Developer/nba-etl/env/lib/python3.8/site-packages/airflow/example_dags/tutorial.py took 0.035 seconds
[2022-02-22 15:51:52,330] {processor.py:163} INFO - Started process (PID=43219) to work on /Users/aleckienzle/Developer/nba-etl/env/lib/python3.8/site-packages/airflow/example_dags/tutorial.py
[2022-02-22 15:51:52,331] {processor.py:642} INFO - Processing file /Users/aleckienzle/Developer/nba-etl/env/lib/python3.8/site-packages/airflow/example_dags/tutorial.py for tasks to queue
[2022-02-22 15:51:52,331] {logging_mixin.py:109} INFO - [2022-02-22 15:51:52,331] {dagbag.py:500} INFO - Filling up the DagBag from /Users/aleckienzle/Developer/nba-etl/env/lib/python3.8/site-packages/airflow/example_dags/tutorial.py
[2022-02-22 15:51:52,348] {processor.py:654} INFO - DAG(s) dict_keys(['tutorial']) retrieved from /Users/aleckienzle/Developer/nba-etl/env/lib/python3.8/site-packages/airflow/example_dags/tutorial.py
[2022-02-22 15:51:52,357] {logging_mixin.py:109} INFO - [2022-02-22 15:51:52,357] {dag.py:2396} INFO - Sync 1 DAGs
[2022-02-22 15:51:52,361] {logging_mixin.py:109} INFO - [2022-02-22 15:51:52,361] {dag.py:2935} INFO - Setting next_dagrun for tutorial to 2022-02-21T23:51:52.361628+00:00
[2022-02-22 15:51:52,365] {processor.py:171} INFO - Processing /Users/aleckienzle/Developer/nba-etl/env/lib/python3.8/site-packages/airflow/example_dags/tutorial.py took 0.035 seconds
[2022-02-22 15:52:59,096] {processor.py:163} INFO - Started process (PID=43373) to work on /Users/aleckienzle/Developer/nba-etl/env/lib/python3.8/site-packages/airflow/example_dags/tutorial.py
[2022-02-22 15:52:59,097] {processor.py:642} INFO - Processing file /Users/aleckienzle/Developer/nba-etl/env/lib/python3.8/site-packages/airflow/example_dags/tutorial.py for tasks to queue
[2022-02-22 15:52:59,097] {logging_mixin.py:109} INFO - [2022-02-22 15:52:59,097] {dagbag.py:500} INFO - Filling up the DagBag from /Users/aleckienzle/Developer/nba-etl/env/lib/python3.8/site-packages/airflow/example_dags/tutorial.py
[2022-02-22 15:52:59,121] {processor.py:654} INFO - DAG(s) dict_keys(['tutorial']) retrieved from /Users/aleckienzle/Developer/nba-etl/env/lib/python3.8/site-packages/airflow/example_dags/tutorial.py
[2022-02-22 15:52:59,135] {logging_mixin.py:109} INFO - [2022-02-22 15:52:59,135] {dag.py:2396} INFO - Sync 1 DAGs
[2022-02-22 15:52:59,141] {logging_mixin.py:109} INFO - [2022-02-22 15:52:59,141] {dag.py:2935} INFO - Setting next_dagrun for tutorial to 2022-02-21T23:52:59.141119+00:00
[2022-02-22 15:52:59,146] {processor.py:171} INFO - Processing /Users/aleckienzle/Developer/nba-etl/env/lib/python3.8/site-packages/airflow/example_dags/tutorial.py took 0.050 seconds
[2022-02-22 15:54:08,421] {processor.py:163} INFO - Started process (PID=43548) to work on /Users/aleckienzle/Developer/nba-etl/env/lib/python3.8/site-packages/airflow/example_dags/tutorial.py
[2022-02-22 15:54:08,421] {processor.py:642} INFO - Processing file /Users/aleckienzle/Developer/nba-etl/env/lib/python3.8/site-packages/airflow/example_dags/tutorial.py for tasks to queue
[2022-02-22 15:54:08,421] {logging_mixin.py:109} INFO - [2022-02-22 15:54:08,421] {dagbag.py:500} INFO - Filling up the DagBag from /Users/aleckienzle/Developer/nba-etl/env/lib/python3.8/site-packages/airflow/example_dags/tutorial.py
[2022-02-22 15:54:08,438] {processor.py:654} INFO - DAG(s) dict_keys(['tutorial']) retrieved from /Users/aleckienzle/Developer/nba-etl/env/lib/python3.8/site-packages/airflow/example_dags/tutorial.py
[2022-02-22 15:54:08,447] {logging_mixin.py:109} INFO - [2022-02-22 15:54:08,447] {dag.py:2396} INFO - Sync 1 DAGs
[2022-02-22 15:54:08,452] {logging_mixin.py:109} INFO - [2022-02-22 15:54:08,452] {dag.py:2935} INFO - Setting next_dagrun for tutorial to 2022-02-21T23:54:08.451906+00:00
[2022-02-22 15:54:08,455] {processor.py:171} INFO - Processing /Users/aleckienzle/Developer/nba-etl/env/lib/python3.8/site-packages/airflow/example_dags/tutorial.py took 0.035 seconds
[2022-02-22 15:55:17,975] {processor.py:163} INFO - Started process (PID=43717) to work on /Users/aleckienzle/Developer/nba-etl/env/lib/python3.8/site-packages/airflow/example_dags/tutorial.py
[2022-02-22 15:55:17,977] {processor.py:642} INFO - Processing file /Users/aleckienzle/Developer/nba-etl/env/lib/python3.8/site-packages/airflow/example_dags/tutorial.py for tasks to queue
[2022-02-22 15:55:17,977] {logging_mixin.py:109} INFO - [2022-02-22 15:55:17,977] {dagbag.py:500} INFO - Filling up the DagBag from /Users/aleckienzle/Developer/nba-etl/env/lib/python3.8/site-packages/airflow/example_dags/tutorial.py
[2022-02-22 15:55:17,994] {processor.py:654} INFO - DAG(s) dict_keys(['tutorial']) retrieved from /Users/aleckienzle/Developer/nba-etl/env/lib/python3.8/site-packages/airflow/example_dags/tutorial.py
[2022-02-22 15:55:18,003] {logging_mixin.py:109} INFO - [2022-02-22 15:55:18,003] {dag.py:2396} INFO - Sync 1 DAGs
[2022-02-22 15:55:18,007] {logging_mixin.py:109} INFO - [2022-02-22 15:55:18,007] {dag.py:2935} INFO - Setting next_dagrun for tutorial to 2022-02-21T23:55:18.007852+00:00
[2022-02-22 15:55:18,011] {processor.py:171} INFO - Processing /Users/aleckienzle/Developer/nba-etl/env/lib/python3.8/site-packages/airflow/example_dags/tutorial.py took 0.036 seconds
[2022-02-22 15:56:25,648] {processor.py:163} INFO - Started process (PID=43913) to work on /Users/aleckienzle/Developer/nba-etl/env/lib/python3.8/site-packages/airflow/example_dags/tutorial.py
[2022-02-22 15:56:25,649] {processor.py:642} INFO - Processing file /Users/aleckienzle/Developer/nba-etl/env/lib/python3.8/site-packages/airflow/example_dags/tutorial.py for tasks to queue
[2022-02-22 15:56:25,649] {logging_mixin.py:109} INFO - [2022-02-22 15:56:25,649] {dagbag.py:500} INFO - Filling up the DagBag from /Users/aleckienzle/Developer/nba-etl/env/lib/python3.8/site-packages/airflow/example_dags/tutorial.py
[2022-02-22 15:56:25,666] {processor.py:654} INFO - DAG(s) dict_keys(['tutorial']) retrieved from /Users/aleckienzle/Developer/nba-etl/env/lib/python3.8/site-packages/airflow/example_dags/tutorial.py
[2022-02-22 15:56:25,675] {logging_mixin.py:109} INFO - [2022-02-22 15:56:25,675] {dag.py:2396} INFO - Sync 1 DAGs
[2022-02-22 15:56:25,679] {logging_mixin.py:109} INFO - [2022-02-22 15:56:25,679] {dag.py:2935} INFO - Setting next_dagrun for tutorial to 2022-02-21T23:56:25.679471+00:00
[2022-02-22 15:56:25,683] {processor.py:171} INFO - Processing /Users/aleckienzle/Developer/nba-etl/env/lib/python3.8/site-packages/airflow/example_dags/tutorial.py took 0.035 seconds
[2022-02-22 15:57:35,790] {processor.py:163} INFO - Started process (PID=44119) to work on /Users/aleckienzle/Developer/nba-etl/env/lib/python3.8/site-packages/airflow/example_dags/tutorial.py
[2022-02-22 15:57:35,791] {processor.py:642} INFO - Processing file /Users/aleckienzle/Developer/nba-etl/env/lib/python3.8/site-packages/airflow/example_dags/tutorial.py for tasks to queue
[2022-02-22 15:57:35,791] {logging_mixin.py:109} INFO - [2022-02-22 15:57:35,791] {dagbag.py:500} INFO - Filling up the DagBag from /Users/aleckienzle/Developer/nba-etl/env/lib/python3.8/site-packages/airflow/example_dags/tutorial.py
[2022-02-22 15:57:35,807] {processor.py:654} INFO - DAG(s) dict_keys(['tutorial']) retrieved from /Users/aleckienzle/Developer/nba-etl/env/lib/python3.8/site-packages/airflow/example_dags/tutorial.py
[2022-02-22 15:57:35,818] {logging_mixin.py:109} INFO - [2022-02-22 15:57:35,817] {dag.py:2396} INFO - Sync 1 DAGs
[2022-02-22 15:57:35,822] {logging_mixin.py:109} INFO - [2022-02-22 15:57:35,822] {dag.py:2935} INFO - Setting next_dagrun for tutorial to 2022-02-21T23:57:35.822273+00:00
[2022-02-22 15:57:35,826] {processor.py:171} INFO - Processing /Users/aleckienzle/Developer/nba-etl/env/lib/python3.8/site-packages/airflow/example_dags/tutorial.py took 0.036 seconds
[2022-02-22 15:58:44,140] {processor.py:163} INFO - Started process (PID=44375) to work on /Users/aleckienzle/Developer/nba-etl/env/lib/python3.8/site-packages/airflow/example_dags/tutorial.py
[2022-02-22 15:58:44,142] {processor.py:642} INFO - Processing file /Users/aleckienzle/Developer/nba-etl/env/lib/python3.8/site-packages/airflow/example_dags/tutorial.py for tasks to queue
[2022-02-22 15:58:44,142] {logging_mixin.py:109} INFO - [2022-02-22 15:58:44,142] {dagbag.py:500} INFO - Filling up the DagBag from /Users/aleckienzle/Developer/nba-etl/env/lib/python3.8/site-packages/airflow/example_dags/tutorial.py
[2022-02-22 15:58:44,157] {processor.py:654} INFO - DAG(s) dict_keys(['tutorial']) retrieved from /Users/aleckienzle/Developer/nba-etl/env/lib/python3.8/site-packages/airflow/example_dags/tutorial.py
[2022-02-22 15:58:44,167] {logging_mixin.py:109} INFO - [2022-02-22 15:58:44,167] {dag.py:2396} INFO - Sync 1 DAGs
[2022-02-22 15:58:44,171] {logging_mixin.py:109} INFO - [2022-02-22 15:58:44,171] {dag.py:2935} INFO - Setting next_dagrun for tutorial to 2022-02-21T23:58:44.171311+00:00
[2022-02-22 15:58:44,175] {processor.py:171} INFO - Processing /Users/aleckienzle/Developer/nba-etl/env/lib/python3.8/site-packages/airflow/example_dags/tutorial.py took 0.035 seconds
[2022-02-22 15:59:52,780] {processor.py:163} INFO - Started process (PID=44674) to work on /Users/aleckienzle/Developer/nba-etl/env/lib/python3.8/site-packages/airflow/example_dags/tutorial.py
[2022-02-22 15:59:52,781] {processor.py:642} INFO - Processing file /Users/aleckienzle/Developer/nba-etl/env/lib/python3.8/site-packages/airflow/example_dags/tutorial.py for tasks to queue
[2022-02-22 15:59:52,781] {logging_mixin.py:109} INFO - [2022-02-22 15:59:52,781] {dagbag.py:500} INFO - Filling up the DagBag from /Users/aleckienzle/Developer/nba-etl/env/lib/python3.8/site-packages/airflow/example_dags/tutorial.py
[2022-02-22 15:59:52,803] {processor.py:654} INFO - DAG(s) dict_keys(['tutorial']) retrieved from /Users/aleckienzle/Developer/nba-etl/env/lib/python3.8/site-packages/airflow/example_dags/tutorial.py
[2022-02-22 15:59:52,814] {logging_mixin.py:109} INFO - [2022-02-22 15:59:52,814] {dag.py:2396} INFO - Sync 1 DAGs
[2022-02-22 15:59:52,819] {logging_mixin.py:109} INFO - [2022-02-22 15:59:52,819] {dag.py:2935} INFO - Setting next_dagrun for tutorial to 2022-02-21T23:59:52.819438+00:00
[2022-02-22 15:59:52,823] {processor.py:171} INFO - Processing /Users/aleckienzle/Developer/nba-etl/env/lib/python3.8/site-packages/airflow/example_dags/tutorial.py took 0.043 seconds
