[2022-02-22 15:37:28,706] {processor.py:163} INFO - Started process (PID=40919) to work on /Users/aleckienzle/Developer/nba-etl/env/lib/python3.8/site-packages/airflow/example_dags/tutorial_etl_dag.py
[2022-02-22 15:37:28,706] {processor.py:642} INFO - Processing file /Users/aleckienzle/Developer/nba-etl/env/lib/python3.8/site-packages/airflow/example_dags/tutorial_etl_dag.py for tasks to queue
[2022-02-22 15:37:28,707] {logging_mixin.py:109} INFO - [2022-02-22 15:37:28,707] {dagbag.py:500} INFO - Filling up the DagBag from /Users/aleckienzle/Developer/nba-etl/env/lib/python3.8/site-packages/airflow/example_dags/tutorial_etl_dag.py
[2022-02-22 15:37:28,730] {processor.py:654} INFO - DAG(s) dict_keys(['tutorial_etl_dag']) retrieved from /Users/aleckienzle/Developer/nba-etl/env/lib/python3.8/site-packages/airflow/example_dags/tutorial_etl_dag.py
[2022-02-22 15:37:28,735] {logging_mixin.py:109} INFO - [2022-02-22 15:37:28,735] {dag.py:2396} INFO - Sync 1 DAGs
[2022-02-22 15:37:28,741] {logging_mixin.py:109} INFO - [2022-02-22 15:37:28,741] {dag.py:2935} INFO - Setting next_dagrun for tutorial_etl_dag to None
[2022-02-22 15:37:28,745] {processor.py:171} INFO - Processing /Users/aleckienzle/Developer/nba-etl/env/lib/python3.8/site-packages/airflow/example_dags/tutorial_etl_dag.py took 0.039 seconds
[2022-02-22 15:38:30,954] {processor.py:163} INFO - Started process (PID=41080) to work on /Users/aleckienzle/Developer/nba-etl/env/lib/python3.8/site-packages/airflow/example_dags/tutorial_etl_dag.py
[2022-02-22 15:38:30,955] {processor.py:642} INFO - Processing file /Users/aleckienzle/Developer/nba-etl/env/lib/python3.8/site-packages/airflow/example_dags/tutorial_etl_dag.py for tasks to queue
[2022-02-22 15:38:30,955] {logging_mixin.py:109} INFO - [2022-02-22 15:38:30,955] {dagbag.py:500} INFO - Filling up the DagBag from /Users/aleckienzle/Developer/nba-etl/env/lib/python3.8/site-packages/airflow/example_dags/tutorial_etl_dag.py
[2022-02-22 15:38:30,977] {processor.py:654} INFO - DAG(s) dict_keys(['tutorial_etl_dag']) retrieved from /Users/aleckienzle/Developer/nba-etl/env/lib/python3.8/site-packages/airflow/example_dags/tutorial_etl_dag.py
[2022-02-22 15:38:30,986] {logging_mixin.py:109} INFO - [2022-02-22 15:38:30,986] {dag.py:2396} INFO - Sync 1 DAGs
[2022-02-22 15:38:30,990] {logging_mixin.py:109} INFO - [2022-02-22 15:38:30,990] {dag.py:2935} INFO - Setting next_dagrun for tutorial_etl_dag to None
[2022-02-22 15:38:30,993] {processor.py:171} INFO - Processing /Users/aleckienzle/Developer/nba-etl/env/lib/python3.8/site-packages/airflow/example_dags/tutorial_etl_dag.py took 0.040 seconds
[2022-02-22 15:39:34,565] {processor.py:163} INFO - Started process (PID=41241) to work on /Users/aleckienzle/Developer/nba-etl/env/lib/python3.8/site-packages/airflow/example_dags/tutorial_etl_dag.py
[2022-02-22 15:39:34,566] {processor.py:642} INFO - Processing file /Users/aleckienzle/Developer/nba-etl/env/lib/python3.8/site-packages/airflow/example_dags/tutorial_etl_dag.py for tasks to queue
[2022-02-22 15:39:34,566] {logging_mixin.py:109} INFO - [2022-02-22 15:39:34,566] {dagbag.py:500} INFO - Filling up the DagBag from /Users/aleckienzle/Developer/nba-etl/env/lib/python3.8/site-packages/airflow/example_dags/tutorial_etl_dag.py
[2022-02-22 15:39:34,588] {processor.py:654} INFO - DAG(s) dict_keys(['tutorial_etl_dag']) retrieved from /Users/aleckienzle/Developer/nba-etl/env/lib/python3.8/site-packages/airflow/example_dags/tutorial_etl_dag.py
[2022-02-22 15:39:34,596] {logging_mixin.py:109} INFO - [2022-02-22 15:39:34,596] {dag.py:2396} INFO - Sync 1 DAGs
[2022-02-22 15:39:34,600] {logging_mixin.py:109} INFO - [2022-02-22 15:39:34,600] {dag.py:2935} INFO - Setting next_dagrun for tutorial_etl_dag to None
[2022-02-22 15:39:34,604] {processor.py:171} INFO - Processing /Users/aleckienzle/Developer/nba-etl/env/lib/python3.8/site-packages/airflow/example_dags/tutorial_etl_dag.py took 0.038 seconds
[2022-02-22 15:40:38,410] {processor.py:163} INFO - Started process (PID=41402) to work on /Users/aleckienzle/Developer/nba-etl/env/lib/python3.8/site-packages/airflow/example_dags/tutorial_etl_dag.py
[2022-02-22 15:40:38,411] {processor.py:642} INFO - Processing file /Users/aleckienzle/Developer/nba-etl/env/lib/python3.8/site-packages/airflow/example_dags/tutorial_etl_dag.py for tasks to queue
[2022-02-22 15:40:38,411] {logging_mixin.py:109} INFO - [2022-02-22 15:40:38,411] {dagbag.py:500} INFO - Filling up the DagBag from /Users/aleckienzle/Developer/nba-etl/env/lib/python3.8/site-packages/airflow/example_dags/tutorial_etl_dag.py
[2022-02-22 15:40:38,434] {processor.py:654} INFO - DAG(s) dict_keys(['tutorial_etl_dag']) retrieved from /Users/aleckienzle/Developer/nba-etl/env/lib/python3.8/site-packages/airflow/example_dags/tutorial_etl_dag.py
[2022-02-22 15:40:38,442] {logging_mixin.py:109} INFO - [2022-02-22 15:40:38,442] {dag.py:2396} INFO - Sync 1 DAGs
[2022-02-22 15:40:38,446] {logging_mixin.py:109} INFO - [2022-02-22 15:40:38,446] {dag.py:2935} INFO - Setting next_dagrun for tutorial_etl_dag to None
[2022-02-22 15:40:38,450] {processor.py:171} INFO - Processing /Users/aleckienzle/Developer/nba-etl/env/lib/python3.8/site-packages/airflow/example_dags/tutorial_etl_dag.py took 0.040 seconds
[2022-02-22 15:41:42,366] {processor.py:163} INFO - Started process (PID=41540) to work on /Users/aleckienzle/Developer/nba-etl/env/lib/python3.8/site-packages/airflow/example_dags/tutorial_etl_dag.py
[2022-02-22 15:41:42,367] {processor.py:642} INFO - Processing file /Users/aleckienzle/Developer/nba-etl/env/lib/python3.8/site-packages/airflow/example_dags/tutorial_etl_dag.py for tasks to queue
[2022-02-22 15:41:42,367] {logging_mixin.py:109} INFO - [2022-02-22 15:41:42,367] {dagbag.py:500} INFO - Filling up the DagBag from /Users/aleckienzle/Developer/nba-etl/env/lib/python3.8/site-packages/airflow/example_dags/tutorial_etl_dag.py
[2022-02-22 15:41:42,390] {processor.py:654} INFO - DAG(s) dict_keys(['tutorial_etl_dag']) retrieved from /Users/aleckienzle/Developer/nba-etl/env/lib/python3.8/site-packages/airflow/example_dags/tutorial_etl_dag.py
[2022-02-22 15:41:42,398] {logging_mixin.py:109} INFO - [2022-02-22 15:41:42,398] {dag.py:2396} INFO - Sync 1 DAGs
[2022-02-22 15:41:42,402] {logging_mixin.py:109} INFO - [2022-02-22 15:41:42,402] {dag.py:2935} INFO - Setting next_dagrun for tutorial_etl_dag to None
[2022-02-22 15:41:42,406] {processor.py:171} INFO - Processing /Users/aleckienzle/Developer/nba-etl/env/lib/python3.8/site-packages/airflow/example_dags/tutorial_etl_dag.py took 0.041 seconds
[2022-02-22 15:42:46,438] {processor.py:163} INFO - Started process (PID=41712) to work on /Users/aleckienzle/Developer/nba-etl/env/lib/python3.8/site-packages/airflow/example_dags/tutorial_etl_dag.py
[2022-02-22 15:42:46,439] {processor.py:642} INFO - Processing file /Users/aleckienzle/Developer/nba-etl/env/lib/python3.8/site-packages/airflow/example_dags/tutorial_etl_dag.py for tasks to queue
[2022-02-22 15:42:46,439] {logging_mixin.py:109} INFO - [2022-02-22 15:42:46,439] {dagbag.py:500} INFO - Filling up the DagBag from /Users/aleckienzle/Developer/nba-etl/env/lib/python3.8/site-packages/airflow/example_dags/tutorial_etl_dag.py
[2022-02-22 15:42:46,462] {processor.py:654} INFO - DAG(s) dict_keys(['tutorial_etl_dag']) retrieved from /Users/aleckienzle/Developer/nba-etl/env/lib/python3.8/site-packages/airflow/example_dags/tutorial_etl_dag.py
[2022-02-22 15:42:46,471] {logging_mixin.py:109} INFO - [2022-02-22 15:42:46,471] {dag.py:2396} INFO - Sync 1 DAGs
[2022-02-22 15:42:46,475] {logging_mixin.py:109} INFO - [2022-02-22 15:42:46,475] {dag.py:2935} INFO - Setting next_dagrun for tutorial_etl_dag to None
[2022-02-22 15:42:46,479] {processor.py:171} INFO - Processing /Users/aleckienzle/Developer/nba-etl/env/lib/python3.8/site-packages/airflow/example_dags/tutorial_etl_dag.py took 0.041 seconds
[2022-02-22 15:43:52,809] {processor.py:163} INFO - Started process (PID=41894) to work on /Users/aleckienzle/Developer/nba-etl/env/lib/python3.8/site-packages/airflow/example_dags/tutorial_etl_dag.py
[2022-02-22 15:43:52,810] {processor.py:642} INFO - Processing file /Users/aleckienzle/Developer/nba-etl/env/lib/python3.8/site-packages/airflow/example_dags/tutorial_etl_dag.py for tasks to queue
[2022-02-22 15:43:52,810] {logging_mixin.py:109} INFO - [2022-02-22 15:43:52,810] {dagbag.py:500} INFO - Filling up the DagBag from /Users/aleckienzle/Developer/nba-etl/env/lib/python3.8/site-packages/airflow/example_dags/tutorial_etl_dag.py
[2022-02-22 15:43:52,832] {processor.py:654} INFO - DAG(s) dict_keys(['tutorial_etl_dag']) retrieved from /Users/aleckienzle/Developer/nba-etl/env/lib/python3.8/site-packages/airflow/example_dags/tutorial_etl_dag.py
[2022-02-22 15:43:52,841] {logging_mixin.py:109} INFO - [2022-02-22 15:43:52,841] {dag.py:2396} INFO - Sync 1 DAGs
[2022-02-22 15:43:52,845] {logging_mixin.py:109} INFO - [2022-02-22 15:43:52,845] {dag.py:2935} INFO - Setting next_dagrun for tutorial_etl_dag to None
[2022-02-22 15:43:52,848] {processor.py:171} INFO - Processing /Users/aleckienzle/Developer/nba-etl/env/lib/python3.8/site-packages/airflow/example_dags/tutorial_etl_dag.py took 0.040 seconds
[2022-02-22 15:44:58,367] {processor.py:163} INFO - Started process (PID=42043) to work on /Users/aleckienzle/Developer/nba-etl/env/lib/python3.8/site-packages/airflow/example_dags/tutorial_etl_dag.py
[2022-02-22 15:44:58,368] {processor.py:642} INFO - Processing file /Users/aleckienzle/Developer/nba-etl/env/lib/python3.8/site-packages/airflow/example_dags/tutorial_etl_dag.py for tasks to queue
[2022-02-22 15:44:58,368] {logging_mixin.py:109} INFO - [2022-02-22 15:44:58,368] {dagbag.py:500} INFO - Filling up the DagBag from /Users/aleckienzle/Developer/nba-etl/env/lib/python3.8/site-packages/airflow/example_dags/tutorial_etl_dag.py
[2022-02-22 15:44:58,391] {processor.py:654} INFO - DAG(s) dict_keys(['tutorial_etl_dag']) retrieved from /Users/aleckienzle/Developer/nba-etl/env/lib/python3.8/site-packages/airflow/example_dags/tutorial_etl_dag.py
[2022-02-22 15:44:58,400] {logging_mixin.py:109} INFO - [2022-02-22 15:44:58,400] {dag.py:2396} INFO - Sync 1 DAGs
[2022-02-22 15:44:58,404] {logging_mixin.py:109} INFO - [2022-02-22 15:44:58,404] {dag.py:2935} INFO - Setting next_dagrun for tutorial_etl_dag to None
[2022-02-22 15:44:58,408] {processor.py:171} INFO - Processing /Users/aleckienzle/Developer/nba-etl/env/lib/python3.8/site-packages/airflow/example_dags/tutorial_etl_dag.py took 0.041 seconds
[2022-02-22 15:46:04,303] {processor.py:163} INFO - Started process (PID=42209) to work on /Users/aleckienzle/Developer/nba-etl/env/lib/python3.8/site-packages/airflow/example_dags/tutorial_etl_dag.py
[2022-02-22 15:46:04,303] {processor.py:642} INFO - Processing file /Users/aleckienzle/Developer/nba-etl/env/lib/python3.8/site-packages/airflow/example_dags/tutorial_etl_dag.py for tasks to queue
[2022-02-22 15:46:04,303] {logging_mixin.py:109} INFO - [2022-02-22 15:46:04,303] {dagbag.py:500} INFO - Filling up the DagBag from /Users/aleckienzle/Developer/nba-etl/env/lib/python3.8/site-packages/airflow/example_dags/tutorial_etl_dag.py
[2022-02-22 15:46:04,326] {processor.py:654} INFO - DAG(s) dict_keys(['tutorial_etl_dag']) retrieved from /Users/aleckienzle/Developer/nba-etl/env/lib/python3.8/site-packages/airflow/example_dags/tutorial_etl_dag.py
[2022-02-22 15:46:04,335] {logging_mixin.py:109} INFO - [2022-02-22 15:46:04,335] {dag.py:2396} INFO - Sync 1 DAGs
[2022-02-22 15:46:04,339] {logging_mixin.py:109} INFO - [2022-02-22 15:46:04,339] {dag.py:2935} INFO - Setting next_dagrun for tutorial_etl_dag to None
[2022-02-22 15:46:04,342] {processor.py:171} INFO - Processing /Users/aleckienzle/Developer/nba-etl/env/lib/python3.8/site-packages/airflow/example_dags/tutorial_etl_dag.py took 0.040 seconds
[2022-02-22 15:47:10,076] {processor.py:163} INFO - Started process (PID=42424) to work on /Users/aleckienzle/Developer/nba-etl/env/lib/python3.8/site-packages/airflow/example_dags/tutorial_etl_dag.py
[2022-02-22 15:47:10,077] {processor.py:642} INFO - Processing file /Users/aleckienzle/Developer/nba-etl/env/lib/python3.8/site-packages/airflow/example_dags/tutorial_etl_dag.py for tasks to queue
[2022-02-22 15:47:10,078] {logging_mixin.py:109} INFO - [2022-02-22 15:47:10,078] {dagbag.py:500} INFO - Filling up the DagBag from /Users/aleckienzle/Developer/nba-etl/env/lib/python3.8/site-packages/airflow/example_dags/tutorial_etl_dag.py
[2022-02-22 15:47:10,102] {processor.py:654} INFO - DAG(s) dict_keys(['tutorial_etl_dag']) retrieved from /Users/aleckienzle/Developer/nba-etl/env/lib/python3.8/site-packages/airflow/example_dags/tutorial_etl_dag.py
[2022-02-22 15:47:10,113] {logging_mixin.py:109} INFO - [2022-02-22 15:47:10,112] {dag.py:2396} INFO - Sync 1 DAGs
[2022-02-22 15:47:10,117] {logging_mixin.py:109} INFO - [2022-02-22 15:47:10,117] {dag.py:2935} INFO - Setting next_dagrun for tutorial_etl_dag to None
[2022-02-22 15:47:10,122] {processor.py:171} INFO - Processing /Users/aleckienzle/Developer/nba-etl/env/lib/python3.8/site-packages/airflow/example_dags/tutorial_etl_dag.py took 0.046 seconds
[2022-02-22 15:48:22,106] {processor.py:163} INFO - Started process (PID=42669) to work on /Users/aleckienzle/Developer/nba-etl/env/lib/python3.8/site-packages/airflow/example_dags/tutorial_etl_dag.py
[2022-02-22 15:48:22,106] {processor.py:642} INFO - Processing file /Users/aleckienzle/Developer/nba-etl/env/lib/python3.8/site-packages/airflow/example_dags/tutorial_etl_dag.py for tasks to queue
[2022-02-22 15:48:22,106] {logging_mixin.py:109} INFO - [2022-02-22 15:48:22,106] {dagbag.py:500} INFO - Filling up the DagBag from /Users/aleckienzle/Developer/nba-etl/env/lib/python3.8/site-packages/airflow/example_dags/tutorial_etl_dag.py
[2022-02-22 15:48:22,130] {processor.py:654} INFO - DAG(s) dict_keys(['tutorial_etl_dag']) retrieved from /Users/aleckienzle/Developer/nba-etl/env/lib/python3.8/site-packages/airflow/example_dags/tutorial_etl_dag.py
[2022-02-22 15:48:22,138] {logging_mixin.py:109} INFO - [2022-02-22 15:48:22,138] {dag.py:2396} INFO - Sync 1 DAGs
[2022-02-22 15:48:22,142] {logging_mixin.py:109} INFO - [2022-02-22 15:48:22,142] {dag.py:2935} INFO - Setting next_dagrun for tutorial_etl_dag to None
[2022-02-22 15:48:22,146] {processor.py:171} INFO - Processing /Users/aleckienzle/Developer/nba-etl/env/lib/python3.8/site-packages/airflow/example_dags/tutorial_etl_dag.py took 0.040 seconds
[2022-02-22 15:49:30,145] {processor.py:163} INFO - Started process (PID=42854) to work on /Users/aleckienzle/Developer/nba-etl/env/lib/python3.8/site-packages/airflow/example_dags/tutorial_etl_dag.py
[2022-02-22 15:49:30,146] {processor.py:642} INFO - Processing file /Users/aleckienzle/Developer/nba-etl/env/lib/python3.8/site-packages/airflow/example_dags/tutorial_etl_dag.py for tasks to queue
[2022-02-22 15:49:30,146] {logging_mixin.py:109} INFO - [2022-02-22 15:49:30,146] {dagbag.py:500} INFO - Filling up the DagBag from /Users/aleckienzle/Developer/nba-etl/env/lib/python3.8/site-packages/airflow/example_dags/tutorial_etl_dag.py
[2022-02-22 15:49:30,168] {processor.py:654} INFO - DAG(s) dict_keys(['tutorial_etl_dag']) retrieved from /Users/aleckienzle/Developer/nba-etl/env/lib/python3.8/site-packages/airflow/example_dags/tutorial_etl_dag.py
[2022-02-22 15:49:30,177] {logging_mixin.py:109} INFO - [2022-02-22 15:49:30,177] {dag.py:2396} INFO - Sync 1 DAGs
[2022-02-22 15:49:30,181] {logging_mixin.py:109} INFO - [2022-02-22 15:49:30,181] {dag.py:2935} INFO - Setting next_dagrun for tutorial_etl_dag to None
[2022-02-22 15:49:30,185] {processor.py:171} INFO - Processing /Users/aleckienzle/Developer/nba-etl/env/lib/python3.8/site-packages/airflow/example_dags/tutorial_etl_dag.py took 0.040 seconds
[2022-02-22 15:50:40,049] {processor.py:163} INFO - Started process (PID=43024) to work on /Users/aleckienzle/Developer/nba-etl/env/lib/python3.8/site-packages/airflow/example_dags/tutorial_etl_dag.py
[2022-02-22 15:50:40,049] {processor.py:642} INFO - Processing file /Users/aleckienzle/Developer/nba-etl/env/lib/python3.8/site-packages/airflow/example_dags/tutorial_etl_dag.py for tasks to queue
[2022-02-22 15:50:40,049] {logging_mixin.py:109} INFO - [2022-02-22 15:50:40,049] {dagbag.py:500} INFO - Filling up the DagBag from /Users/aleckienzle/Developer/nba-etl/env/lib/python3.8/site-packages/airflow/example_dags/tutorial_etl_dag.py
[2022-02-22 15:50:40,071] {processor.py:654} INFO - DAG(s) dict_keys(['tutorial_etl_dag']) retrieved from /Users/aleckienzle/Developer/nba-etl/env/lib/python3.8/site-packages/airflow/example_dags/tutorial_etl_dag.py
[2022-02-22 15:50:40,079] {logging_mixin.py:109} INFO - [2022-02-22 15:50:40,079] {dag.py:2396} INFO - Sync 1 DAGs
[2022-02-22 15:50:40,083] {logging_mixin.py:109} INFO - [2022-02-22 15:50:40,083] {dag.py:2935} INFO - Setting next_dagrun for tutorial_etl_dag to None
[2022-02-22 15:50:40,087] {processor.py:171} INFO - Processing /Users/aleckienzle/Developer/nba-etl/env/lib/python3.8/site-packages/airflow/example_dags/tutorial_etl_dag.py took 0.038 seconds
[2022-02-22 15:51:50,431] {processor.py:163} INFO - Started process (PID=43215) to work on /Users/aleckienzle/Developer/nba-etl/env/lib/python3.8/site-packages/airflow/example_dags/tutorial_etl_dag.py
[2022-02-22 15:51:50,433] {processor.py:642} INFO - Processing file /Users/aleckienzle/Developer/nba-etl/env/lib/python3.8/site-packages/airflow/example_dags/tutorial_etl_dag.py for tasks to queue
[2022-02-22 15:51:50,433] {logging_mixin.py:109} INFO - [2022-02-22 15:51:50,433] {dagbag.py:500} INFO - Filling up the DagBag from /Users/aleckienzle/Developer/nba-etl/env/lib/python3.8/site-packages/airflow/example_dags/tutorial_etl_dag.py
[2022-02-22 15:51:50,455] {processor.py:654} INFO - DAG(s) dict_keys(['tutorial_etl_dag']) retrieved from /Users/aleckienzle/Developer/nba-etl/env/lib/python3.8/site-packages/airflow/example_dags/tutorial_etl_dag.py
[2022-02-22 15:51:50,464] {logging_mixin.py:109} INFO - [2022-02-22 15:51:50,464] {dag.py:2396} INFO - Sync 1 DAGs
[2022-02-22 15:51:50,468] {logging_mixin.py:109} INFO - [2022-02-22 15:51:50,468] {dag.py:2935} INFO - Setting next_dagrun for tutorial_etl_dag to None
[2022-02-22 15:51:50,471] {processor.py:171} INFO - Processing /Users/aleckienzle/Developer/nba-etl/env/lib/python3.8/site-packages/airflow/example_dags/tutorial_etl_dag.py took 0.040 seconds
[2022-02-22 15:52:57,011] {processor.py:163} INFO - Started process (PID=43361) to work on /Users/aleckienzle/Developer/nba-etl/env/lib/python3.8/site-packages/airflow/example_dags/tutorial_etl_dag.py
[2022-02-22 15:52:57,011] {processor.py:642} INFO - Processing file /Users/aleckienzle/Developer/nba-etl/env/lib/python3.8/site-packages/airflow/example_dags/tutorial_etl_dag.py for tasks to queue
[2022-02-22 15:52:57,012] {logging_mixin.py:109} INFO - [2022-02-22 15:52:57,012] {dagbag.py:500} INFO - Filling up the DagBag from /Users/aleckienzle/Developer/nba-etl/env/lib/python3.8/site-packages/airflow/example_dags/tutorial_etl_dag.py
[2022-02-22 15:52:57,033] {processor.py:654} INFO - DAG(s) dict_keys(['tutorial_etl_dag']) retrieved from /Users/aleckienzle/Developer/nba-etl/env/lib/python3.8/site-packages/airflow/example_dags/tutorial_etl_dag.py
[2022-02-22 15:52:57,042] {logging_mixin.py:109} INFO - [2022-02-22 15:52:57,042] {dag.py:2396} INFO - Sync 1 DAGs
[2022-02-22 15:52:57,046] {logging_mixin.py:109} INFO - [2022-02-22 15:52:57,046] {dag.py:2935} INFO - Setting next_dagrun for tutorial_etl_dag to None
[2022-02-22 15:52:57,051] {processor.py:171} INFO - Processing /Users/aleckienzle/Developer/nba-etl/env/lib/python3.8/site-packages/airflow/example_dags/tutorial_etl_dag.py took 0.041 seconds
[2022-02-22 15:54:06,389] {processor.py:163} INFO - Started process (PID=43544) to work on /Users/aleckienzle/Developer/nba-etl/env/lib/python3.8/site-packages/airflow/example_dags/tutorial_etl_dag.py
[2022-02-22 15:54:06,390] {processor.py:642} INFO - Processing file /Users/aleckienzle/Developer/nba-etl/env/lib/python3.8/site-packages/airflow/example_dags/tutorial_etl_dag.py for tasks to queue
[2022-02-22 15:54:06,390] {logging_mixin.py:109} INFO - [2022-02-22 15:54:06,390] {dagbag.py:500} INFO - Filling up the DagBag from /Users/aleckienzle/Developer/nba-etl/env/lib/python3.8/site-packages/airflow/example_dags/tutorial_etl_dag.py
[2022-02-22 15:54:06,413] {processor.py:654} INFO - DAG(s) dict_keys(['tutorial_etl_dag']) retrieved from /Users/aleckienzle/Developer/nba-etl/env/lib/python3.8/site-packages/airflow/example_dags/tutorial_etl_dag.py
[2022-02-22 15:54:06,421] {logging_mixin.py:109} INFO - [2022-02-22 15:54:06,421] {dag.py:2396} INFO - Sync 1 DAGs
[2022-02-22 15:54:06,425] {logging_mixin.py:109} INFO - [2022-02-22 15:54:06,425] {dag.py:2935} INFO - Setting next_dagrun for tutorial_etl_dag to None
[2022-02-22 15:54:06,429] {processor.py:171} INFO - Processing /Users/aleckienzle/Developer/nba-etl/env/lib/python3.8/site-packages/airflow/example_dags/tutorial_etl_dag.py took 0.040 seconds
[2022-02-22 15:55:16,104] {processor.py:163} INFO - Started process (PID=43713) to work on /Users/aleckienzle/Developer/nba-etl/env/lib/python3.8/site-packages/airflow/example_dags/tutorial_etl_dag.py
[2022-02-22 15:55:16,105] {processor.py:642} INFO - Processing file /Users/aleckienzle/Developer/nba-etl/env/lib/python3.8/site-packages/airflow/example_dags/tutorial_etl_dag.py for tasks to queue
[2022-02-22 15:55:16,105] {logging_mixin.py:109} INFO - [2022-02-22 15:55:16,105] {dagbag.py:500} INFO - Filling up the DagBag from /Users/aleckienzle/Developer/nba-etl/env/lib/python3.8/site-packages/airflow/example_dags/tutorial_etl_dag.py
[2022-02-22 15:55:16,127] {processor.py:654} INFO - DAG(s) dict_keys(['tutorial_etl_dag']) retrieved from /Users/aleckienzle/Developer/nba-etl/env/lib/python3.8/site-packages/airflow/example_dags/tutorial_etl_dag.py
[2022-02-22 15:55:16,136] {logging_mixin.py:109} INFO - [2022-02-22 15:55:16,136] {dag.py:2396} INFO - Sync 1 DAGs
[2022-02-22 15:55:16,140] {logging_mixin.py:109} INFO - [2022-02-22 15:55:16,140] {dag.py:2935} INFO - Setting next_dagrun for tutorial_etl_dag to None
[2022-02-22 15:55:16,144] {processor.py:171} INFO - Processing /Users/aleckienzle/Developer/nba-etl/env/lib/python3.8/site-packages/airflow/example_dags/tutorial_etl_dag.py took 0.040 seconds
[2022-02-22 15:56:23,790] {processor.py:163} INFO - Started process (PID=43909) to work on /Users/aleckienzle/Developer/nba-etl/env/lib/python3.8/site-packages/airflow/example_dags/tutorial_etl_dag.py
[2022-02-22 15:56:23,790] {processor.py:642} INFO - Processing file /Users/aleckienzle/Developer/nba-etl/env/lib/python3.8/site-packages/airflow/example_dags/tutorial_etl_dag.py for tasks to queue
[2022-02-22 15:56:23,790] {logging_mixin.py:109} INFO - [2022-02-22 15:56:23,790] {dagbag.py:500} INFO - Filling up the DagBag from /Users/aleckienzle/Developer/nba-etl/env/lib/python3.8/site-packages/airflow/example_dags/tutorial_etl_dag.py
[2022-02-22 15:56:23,812] {processor.py:654} INFO - DAG(s) dict_keys(['tutorial_etl_dag']) retrieved from /Users/aleckienzle/Developer/nba-etl/env/lib/python3.8/site-packages/airflow/example_dags/tutorial_etl_dag.py
[2022-02-22 15:56:23,821] {logging_mixin.py:109} INFO - [2022-02-22 15:56:23,821] {dag.py:2396} INFO - Sync 1 DAGs
[2022-02-22 15:56:23,825] {logging_mixin.py:109} INFO - [2022-02-22 15:56:23,825] {dag.py:2935} INFO - Setting next_dagrun for tutorial_etl_dag to None
[2022-02-22 15:56:23,828] {processor.py:171} INFO - Processing /Users/aleckienzle/Developer/nba-etl/env/lib/python3.8/site-packages/airflow/example_dags/tutorial_etl_dag.py took 0.039 seconds
[2022-02-22 15:57:33,828] {processor.py:163} INFO - Started process (PID=44112) to work on /Users/aleckienzle/Developer/nba-etl/env/lib/python3.8/site-packages/airflow/example_dags/tutorial_etl_dag.py
[2022-02-22 15:57:33,829] {processor.py:642} INFO - Processing file /Users/aleckienzle/Developer/nba-etl/env/lib/python3.8/site-packages/airflow/example_dags/tutorial_etl_dag.py for tasks to queue
[2022-02-22 15:57:33,830] {logging_mixin.py:109} INFO - [2022-02-22 15:57:33,830] {dagbag.py:500} INFO - Filling up the DagBag from /Users/aleckienzle/Developer/nba-etl/env/lib/python3.8/site-packages/airflow/example_dags/tutorial_etl_dag.py
[2022-02-22 15:57:33,856] {processor.py:654} INFO - DAG(s) dict_keys(['tutorial_etl_dag']) retrieved from /Users/aleckienzle/Developer/nba-etl/env/lib/python3.8/site-packages/airflow/example_dags/tutorial_etl_dag.py
[2022-02-22 15:57:33,869] {logging_mixin.py:109} INFO - [2022-02-22 15:57:33,869] {dag.py:2396} INFO - Sync 1 DAGs
[2022-02-22 15:57:33,874] {logging_mixin.py:109} INFO - [2022-02-22 15:57:33,874] {dag.py:2935} INFO - Setting next_dagrun for tutorial_etl_dag to None
[2022-02-22 15:57:33,878] {processor.py:171} INFO - Processing /Users/aleckienzle/Developer/nba-etl/env/lib/python3.8/site-packages/airflow/example_dags/tutorial_etl_dag.py took 0.050 seconds
[2022-02-22 15:58:42,260] {processor.py:163} INFO - Started process (PID=44371) to work on /Users/aleckienzle/Developer/nba-etl/env/lib/python3.8/site-packages/airflow/example_dags/tutorial_etl_dag.py
[2022-02-22 15:58:42,261] {processor.py:642} INFO - Processing file /Users/aleckienzle/Developer/nba-etl/env/lib/python3.8/site-packages/airflow/example_dags/tutorial_etl_dag.py for tasks to queue
[2022-02-22 15:58:42,261] {logging_mixin.py:109} INFO - [2022-02-22 15:58:42,261] {dagbag.py:500} INFO - Filling up the DagBag from /Users/aleckienzle/Developer/nba-etl/env/lib/python3.8/site-packages/airflow/example_dags/tutorial_etl_dag.py
[2022-02-22 15:58:42,283] {processor.py:654} INFO - DAG(s) dict_keys(['tutorial_etl_dag']) retrieved from /Users/aleckienzle/Developer/nba-etl/env/lib/python3.8/site-packages/airflow/example_dags/tutorial_etl_dag.py
[2022-02-22 15:58:42,292] {logging_mixin.py:109} INFO - [2022-02-22 15:58:42,292] {dag.py:2396} INFO - Sync 1 DAGs
[2022-02-22 15:58:42,296] {logging_mixin.py:109} INFO - [2022-02-22 15:58:42,296] {dag.py:2935} INFO - Setting next_dagrun for tutorial_etl_dag to None
[2022-02-22 15:58:42,300] {processor.py:171} INFO - Processing /Users/aleckienzle/Developer/nba-etl/env/lib/python3.8/site-packages/airflow/example_dags/tutorial_etl_dag.py took 0.040 seconds
[2022-02-22 15:59:50,833] {processor.py:163} INFO - Started process (PID=44660) to work on /Users/aleckienzle/Developer/nba-etl/env/lib/python3.8/site-packages/airflow/example_dags/tutorial_etl_dag.py
[2022-02-22 15:59:50,833] {processor.py:642} INFO - Processing file /Users/aleckienzle/Developer/nba-etl/env/lib/python3.8/site-packages/airflow/example_dags/tutorial_etl_dag.py for tasks to queue
[2022-02-22 15:59:50,833] {logging_mixin.py:109} INFO - [2022-02-22 15:59:50,833] {dagbag.py:500} INFO - Filling up the DagBag from /Users/aleckienzle/Developer/nba-etl/env/lib/python3.8/site-packages/airflow/example_dags/tutorial_etl_dag.py
[2022-02-22 15:59:50,858] {processor.py:654} INFO - DAG(s) dict_keys(['tutorial_etl_dag']) retrieved from /Users/aleckienzle/Developer/nba-etl/env/lib/python3.8/site-packages/airflow/example_dags/tutorial_etl_dag.py
[2022-02-22 15:59:50,869] {logging_mixin.py:109} INFO - [2022-02-22 15:59:50,868] {dag.py:2396} INFO - Sync 1 DAGs
[2022-02-22 15:59:50,877] {logging_mixin.py:109} INFO - [2022-02-22 15:59:50,877] {dag.py:2935} INFO - Setting next_dagrun for tutorial_etl_dag to None
[2022-02-22 15:59:50,881] {processor.py:171} INFO - Processing /Users/aleckienzle/Developer/nba-etl/env/lib/python3.8/site-packages/airflow/example_dags/tutorial_etl_dag.py took 0.049 seconds
