[2022-02-22 15:37:23,080] {processor.py:163} INFO - Started process (PID=40895) to work on /Users/aleckienzle/Developer/nba-etl/env/lib/python3.8/site-packages/airflow/example_dags/plugins/workday.py
[2022-02-22 15:37:23,080] {processor.py:642} INFO - Processing file /Users/aleckienzle/Developer/nba-etl/env/lib/python3.8/site-packages/airflow/example_dags/plugins/workday.py for tasks to queue
[2022-02-22 15:37:23,080] {logging_mixin.py:109} INFO - [2022-02-22 15:37:23,080] {dagbag.py:500} INFO - Filling up the DagBag from /Users/aleckienzle/Developer/nba-etl/env/lib/python3.8/site-packages/airflow/example_dags/plugins/workday.py
[2022-02-22 15:37:23,096] {processor.py:656} WARNING - No viable dags retrieved from /Users/aleckienzle/Developer/nba-etl/env/lib/python3.8/site-packages/airflow/example_dags/plugins/workday.py
[2022-02-22 15:37:23,097] {processor.py:171} INFO - Processing /Users/aleckienzle/Developer/nba-etl/env/lib/python3.8/site-packages/airflow/example_dags/plugins/workday.py took 0.017 seconds
[2022-02-22 15:38:25,114] {processor.py:163} INFO - Started process (PID=41072) to work on /Users/aleckienzle/Developer/nba-etl/env/lib/python3.8/site-packages/airflow/example_dags/plugins/workday.py
[2022-02-22 15:38:25,115] {processor.py:642} INFO - Processing file /Users/aleckienzle/Developer/nba-etl/env/lib/python3.8/site-packages/airflow/example_dags/plugins/workday.py for tasks to queue
[2022-02-22 15:38:25,115] {logging_mixin.py:109} INFO - [2022-02-22 15:38:25,115] {dagbag.py:500} INFO - Filling up the DagBag from /Users/aleckienzle/Developer/nba-etl/env/lib/python3.8/site-packages/airflow/example_dags/plugins/workday.py
[2022-02-22 15:38:25,127] {processor.py:656} WARNING - No viable dags retrieved from /Users/aleckienzle/Developer/nba-etl/env/lib/python3.8/site-packages/airflow/example_dags/plugins/workday.py
[2022-02-22 15:38:25,128] {processor.py:171} INFO - Processing /Users/aleckienzle/Developer/nba-etl/env/lib/python3.8/site-packages/airflow/example_dags/plugins/workday.py took 0.014 seconds
[2022-02-22 15:39:28,818] {processor.py:163} INFO - Started process (PID=41234) to work on /Users/aleckienzle/Developer/nba-etl/env/lib/python3.8/site-packages/airflow/example_dags/plugins/workday.py
[2022-02-22 15:39:28,819] {processor.py:642} INFO - Processing file /Users/aleckienzle/Developer/nba-etl/env/lib/python3.8/site-packages/airflow/example_dags/plugins/workday.py for tasks to queue
[2022-02-22 15:39:28,819] {logging_mixin.py:109} INFO - [2022-02-22 15:39:28,819] {dagbag.py:500} INFO - Filling up the DagBag from /Users/aleckienzle/Developer/nba-etl/env/lib/python3.8/site-packages/airflow/example_dags/plugins/workday.py
[2022-02-22 15:39:28,830] {processor.py:656} WARNING - No viable dags retrieved from /Users/aleckienzle/Developer/nba-etl/env/lib/python3.8/site-packages/airflow/example_dags/plugins/workday.py
[2022-02-22 15:39:28,831] {processor.py:171} INFO - Processing /Users/aleckienzle/Developer/nba-etl/env/lib/python3.8/site-packages/airflow/example_dags/plugins/workday.py took 0.014 seconds
[2022-02-22 15:40:32,513] {processor.py:163} INFO - Started process (PID=41385) to work on /Users/aleckienzle/Developer/nba-etl/env/lib/python3.8/site-packages/airflow/example_dags/plugins/workday.py
[2022-02-22 15:40:32,514] {processor.py:642} INFO - Processing file /Users/aleckienzle/Developer/nba-etl/env/lib/python3.8/site-packages/airflow/example_dags/plugins/workday.py for tasks to queue
[2022-02-22 15:40:32,515] {logging_mixin.py:109} INFO - [2022-02-22 15:40:32,515] {dagbag.py:500} INFO - Filling up the DagBag from /Users/aleckienzle/Developer/nba-etl/env/lib/python3.8/site-packages/airflow/example_dags/plugins/workday.py
[2022-02-22 15:40:32,527] {processor.py:656} WARNING - No viable dags retrieved from /Users/aleckienzle/Developer/nba-etl/env/lib/python3.8/site-packages/airflow/example_dags/plugins/workday.py
[2022-02-22 15:40:32,528] {processor.py:171} INFO - Processing /Users/aleckienzle/Developer/nba-etl/env/lib/python3.8/site-packages/airflow/example_dags/plugins/workday.py took 0.015 seconds
[2022-02-22 15:41:36,529] {processor.py:163} INFO - Started process (PID=41532) to work on /Users/aleckienzle/Developer/nba-etl/env/lib/python3.8/site-packages/airflow/example_dags/plugins/workday.py
[2022-02-22 15:41:36,530] {processor.py:642} INFO - Processing file /Users/aleckienzle/Developer/nba-etl/env/lib/python3.8/site-packages/airflow/example_dags/plugins/workday.py for tasks to queue
[2022-02-22 15:41:36,530] {logging_mixin.py:109} INFO - [2022-02-22 15:41:36,530] {dagbag.py:500} INFO - Filling up the DagBag from /Users/aleckienzle/Developer/nba-etl/env/lib/python3.8/site-packages/airflow/example_dags/plugins/workday.py
[2022-02-22 15:41:36,542] {processor.py:656} WARNING - No viable dags retrieved from /Users/aleckienzle/Developer/nba-etl/env/lib/python3.8/site-packages/airflow/example_dags/plugins/workday.py
[2022-02-22 15:41:36,543] {processor.py:171} INFO - Processing /Users/aleckienzle/Developer/nba-etl/env/lib/python3.8/site-packages/airflow/example_dags/plugins/workday.py took 0.015 seconds
[2022-02-22 15:42:40,556] {processor.py:163} INFO - Started process (PID=41691) to work on /Users/aleckienzle/Developer/nba-etl/env/lib/python3.8/site-packages/airflow/example_dags/plugins/workday.py
[2022-02-22 15:42:40,557] {processor.py:642} INFO - Processing file /Users/aleckienzle/Developer/nba-etl/env/lib/python3.8/site-packages/airflow/example_dags/plugins/workday.py for tasks to queue
[2022-02-22 15:42:40,557] {logging_mixin.py:109} INFO - [2022-02-22 15:42:40,557] {dagbag.py:500} INFO - Filling up the DagBag from /Users/aleckienzle/Developer/nba-etl/env/lib/python3.8/site-packages/airflow/example_dags/plugins/workday.py
[2022-02-22 15:42:40,569] {processor.py:656} WARNING - No viable dags retrieved from /Users/aleckienzle/Developer/nba-etl/env/lib/python3.8/site-packages/airflow/example_dags/plugins/workday.py
[2022-02-22 15:42:40,570] {processor.py:171} INFO - Processing /Users/aleckienzle/Developer/nba-etl/env/lib/python3.8/site-packages/airflow/example_dags/plugins/workday.py took 0.014 seconds
[2022-02-22 15:43:13,966] {processor.py:163} INFO - Started process (PID=41800) to work on /Users/aleckienzle/Developer/nba-etl/env/lib/python3.8/site-packages/airflow/example_dags/plugins/workday.py
[2022-02-22 15:43:13,966] {processor.py:642} INFO - Processing file /Users/aleckienzle/Developer/nba-etl/env/lib/python3.8/site-packages/airflow/example_dags/plugins/workday.py for tasks to queue
[2022-02-22 15:43:13,967] {logging_mixin.py:109} INFO - [2022-02-22 15:43:13,967] {dagbag.py:500} INFO - Filling up the DagBag from /Users/aleckienzle/Developer/nba-etl/env/lib/python3.8/site-packages/airflow/example_dags/plugins/workday.py
[2022-02-22 15:43:13,979] {processor.py:656} WARNING - No viable dags retrieved from /Users/aleckienzle/Developer/nba-etl/env/lib/python3.8/site-packages/airflow/example_dags/plugins/workday.py
[2022-02-22 15:43:13,980] {processor.py:171} INFO - Processing /Users/aleckienzle/Developer/nba-etl/env/lib/python3.8/site-packages/airflow/example_dags/plugins/workday.py took 0.015 seconds
[2022-02-22 15:43:46,984] {processor.py:163} INFO - Started process (PID=41888) to work on /Users/aleckienzle/Developer/nba-etl/env/lib/python3.8/site-packages/airflow/example_dags/plugins/workday.py
[2022-02-22 15:43:46,985] {processor.py:642} INFO - Processing file /Users/aleckienzle/Developer/nba-etl/env/lib/python3.8/site-packages/airflow/example_dags/plugins/workday.py for tasks to queue
[2022-02-22 15:43:46,985] {logging_mixin.py:109} INFO - [2022-02-22 15:43:46,985] {dagbag.py:500} INFO - Filling up the DagBag from /Users/aleckienzle/Developer/nba-etl/env/lib/python3.8/site-packages/airflow/example_dags/plugins/workday.py
[2022-02-22 15:43:46,997] {processor.py:656} WARNING - No viable dags retrieved from /Users/aleckienzle/Developer/nba-etl/env/lib/python3.8/site-packages/airflow/example_dags/plugins/workday.py
[2022-02-22 15:43:46,998] {processor.py:171} INFO - Processing /Users/aleckienzle/Developer/nba-etl/env/lib/python3.8/site-packages/airflow/example_dags/plugins/workday.py took 0.014 seconds
[2022-02-22 15:44:19,678] {processor.py:163} INFO - Started process (PID=41955) to work on /Users/aleckienzle/Developer/nba-etl/env/lib/python3.8/site-packages/airflow/example_dags/plugins/workday.py
[2022-02-22 15:44:19,679] {processor.py:642} INFO - Processing file /Users/aleckienzle/Developer/nba-etl/env/lib/python3.8/site-packages/airflow/example_dags/plugins/workday.py for tasks to queue
[2022-02-22 15:44:19,679] {logging_mixin.py:109} INFO - [2022-02-22 15:44:19,679] {dagbag.py:500} INFO - Filling up the DagBag from /Users/aleckienzle/Developer/nba-etl/env/lib/python3.8/site-packages/airflow/example_dags/plugins/workday.py
[2022-02-22 15:44:19,692] {processor.py:656} WARNING - No viable dags retrieved from /Users/aleckienzle/Developer/nba-etl/env/lib/python3.8/site-packages/airflow/example_dags/plugins/workday.py
[2022-02-22 15:44:19,693] {processor.py:171} INFO - Processing /Users/aleckienzle/Developer/nba-etl/env/lib/python3.8/site-packages/airflow/example_dags/plugins/workday.py took 0.015 seconds
[2022-02-22 15:44:52,528] {processor.py:163} INFO - Started process (PID=42027) to work on /Users/aleckienzle/Developer/nba-etl/env/lib/python3.8/site-packages/airflow/example_dags/plugins/workday.py
[2022-02-22 15:44:52,528] {processor.py:642} INFO - Processing file /Users/aleckienzle/Developer/nba-etl/env/lib/python3.8/site-packages/airflow/example_dags/plugins/workday.py for tasks to queue
[2022-02-22 15:44:52,528] {logging_mixin.py:109} INFO - [2022-02-22 15:44:52,528] {dagbag.py:500} INFO - Filling up the DagBag from /Users/aleckienzle/Developer/nba-etl/env/lib/python3.8/site-packages/airflow/example_dags/plugins/workday.py
[2022-02-22 15:44:52,541] {processor.py:656} WARNING - No viable dags retrieved from /Users/aleckienzle/Developer/nba-etl/env/lib/python3.8/site-packages/airflow/example_dags/plugins/workday.py
[2022-02-22 15:44:52,542] {processor.py:171} INFO - Processing /Users/aleckienzle/Developer/nba-etl/env/lib/python3.8/site-packages/airflow/example_dags/plugins/workday.py took 0.015 seconds
[2022-02-22 15:45:25,589] {processor.py:163} INFO - Started process (PID=42096) to work on /Users/aleckienzle/Developer/nba-etl/env/lib/python3.8/site-packages/airflow/example_dags/plugins/workday.py
[2022-02-22 15:45:25,590] {processor.py:642} INFO - Processing file /Users/aleckienzle/Developer/nba-etl/env/lib/python3.8/site-packages/airflow/example_dags/plugins/workday.py for tasks to queue
[2022-02-22 15:45:25,590] {logging_mixin.py:109} INFO - [2022-02-22 15:45:25,590] {dagbag.py:500} INFO - Filling up the DagBag from /Users/aleckienzle/Developer/nba-etl/env/lib/python3.8/site-packages/airflow/example_dags/plugins/workday.py
[2022-02-22 15:45:25,602] {processor.py:656} WARNING - No viable dags retrieved from /Users/aleckienzle/Developer/nba-etl/env/lib/python3.8/site-packages/airflow/example_dags/plugins/workday.py
[2022-02-22 15:45:25,603] {processor.py:171} INFO - Processing /Users/aleckienzle/Developer/nba-etl/env/lib/python3.8/site-packages/airflow/example_dags/plugins/workday.py took 0.014 seconds
[2022-02-22 15:45:58,348] {processor.py:163} INFO - Started process (PID=42193) to work on /Users/aleckienzle/Developer/nba-etl/env/lib/python3.8/site-packages/airflow/example_dags/plugins/workday.py
[2022-02-22 15:45:58,349] {processor.py:642} INFO - Processing file /Users/aleckienzle/Developer/nba-etl/env/lib/python3.8/site-packages/airflow/example_dags/plugins/workday.py for tasks to queue
[2022-02-22 15:45:58,349] {logging_mixin.py:109} INFO - [2022-02-22 15:45:58,349] {dagbag.py:500} INFO - Filling up the DagBag from /Users/aleckienzle/Developer/nba-etl/env/lib/python3.8/site-packages/airflow/example_dags/plugins/workday.py
[2022-02-22 15:45:58,362] {processor.py:656} WARNING - No viable dags retrieved from /Users/aleckienzle/Developer/nba-etl/env/lib/python3.8/site-packages/airflow/example_dags/plugins/workday.py
[2022-02-22 15:45:58,363] {processor.py:171} INFO - Processing /Users/aleckienzle/Developer/nba-etl/env/lib/python3.8/site-packages/airflow/example_dags/plugins/workday.py took 0.015 seconds
[2022-02-22 15:46:31,399] {processor.py:163} INFO - Started process (PID=42296) to work on /Users/aleckienzle/Developer/nba-etl/env/lib/python3.8/site-packages/airflow/example_dags/plugins/workday.py
[2022-02-22 15:46:31,400] {processor.py:642} INFO - Processing file /Users/aleckienzle/Developer/nba-etl/env/lib/python3.8/site-packages/airflow/example_dags/plugins/workday.py for tasks to queue
[2022-02-22 15:46:31,401] {logging_mixin.py:109} INFO - [2022-02-22 15:46:31,401] {dagbag.py:500} INFO - Filling up the DagBag from /Users/aleckienzle/Developer/nba-etl/env/lib/python3.8/site-packages/airflow/example_dags/plugins/workday.py
[2022-02-22 15:46:31,412] {processor.py:656} WARNING - No viable dags retrieved from /Users/aleckienzle/Developer/nba-etl/env/lib/python3.8/site-packages/airflow/example_dags/plugins/workday.py
[2022-02-22 15:46:31,413] {processor.py:171} INFO - Processing /Users/aleckienzle/Developer/nba-etl/env/lib/python3.8/site-packages/airflow/example_dags/plugins/workday.py took 0.014 seconds
[2022-02-22 15:47:04,230] {processor.py:163} INFO - Started process (PID=42397) to work on /Users/aleckienzle/Developer/nba-etl/env/lib/python3.8/site-packages/airflow/example_dags/plugins/workday.py
[2022-02-22 15:47:04,231] {processor.py:642} INFO - Processing file /Users/aleckienzle/Developer/nba-etl/env/lib/python3.8/site-packages/airflow/example_dags/plugins/workday.py for tasks to queue
[2022-02-22 15:47:04,231] {logging_mixin.py:109} INFO - [2022-02-22 15:47:04,231] {dagbag.py:500} INFO - Filling up the DagBag from /Users/aleckienzle/Developer/nba-etl/env/lib/python3.8/site-packages/airflow/example_dags/plugins/workday.py
[2022-02-22 15:47:04,244] {processor.py:656} WARNING - No viable dags retrieved from /Users/aleckienzle/Developer/nba-etl/env/lib/python3.8/site-packages/airflow/example_dags/plugins/workday.py
[2022-02-22 15:47:04,245] {processor.py:171} INFO - Processing /Users/aleckienzle/Developer/nba-etl/env/lib/python3.8/site-packages/airflow/example_dags/plugins/workday.py took 0.015 seconds
[2022-02-22 15:47:43,233] {processor.py:163} INFO - Started process (PID=42562) to work on /Users/aleckienzle/Developer/nba-etl/env/lib/python3.8/site-packages/airflow/example_dags/plugins/workday.py
[2022-02-22 15:47:43,234] {processor.py:642} INFO - Processing file /Users/aleckienzle/Developer/nba-etl/env/lib/python3.8/site-packages/airflow/example_dags/plugins/workday.py for tasks to queue
[2022-02-22 15:47:43,234] {logging_mixin.py:109} INFO - [2022-02-22 15:47:43,234] {dagbag.py:500} INFO - Filling up the DagBag from /Users/aleckienzle/Developer/nba-etl/env/lib/python3.8/site-packages/airflow/example_dags/plugins/workday.py
[2022-02-22 15:47:43,246] {processor.py:656} WARNING - No viable dags retrieved from /Users/aleckienzle/Developer/nba-etl/env/lib/python3.8/site-packages/airflow/example_dags/plugins/workday.py
[2022-02-22 15:47:43,246] {processor.py:171} INFO - Processing /Users/aleckienzle/Developer/nba-etl/env/lib/python3.8/site-packages/airflow/example_dags/plugins/workday.py took 0.013 seconds
[2022-02-22 15:48:51,361] {processor.py:163} INFO - Started process (PID=42755) to work on /Users/aleckienzle/Developer/nba-etl/env/lib/python3.8/site-packages/airflow/example_dags/plugins/workday.py
[2022-02-22 15:48:51,362] {processor.py:642} INFO - Processing file /Users/aleckienzle/Developer/nba-etl/env/lib/python3.8/site-packages/airflow/example_dags/plugins/workday.py for tasks to queue
[2022-02-22 15:48:51,362] {logging_mixin.py:109} INFO - [2022-02-22 15:48:51,362] {dagbag.py:500} INFO - Filling up the DagBag from /Users/aleckienzle/Developer/nba-etl/env/lib/python3.8/site-packages/airflow/example_dags/plugins/workday.py
[2022-02-22 15:48:51,374] {processor.py:656} WARNING - No viable dags retrieved from /Users/aleckienzle/Developer/nba-etl/env/lib/python3.8/site-packages/airflow/example_dags/plugins/workday.py
[2022-02-22 15:48:51,375] {processor.py:171} INFO - Processing /Users/aleckienzle/Developer/nba-etl/env/lib/python3.8/site-packages/airflow/example_dags/plugins/workday.py took 0.014 seconds
[2022-02-22 15:49:59,419] {processor.py:163} INFO - Started process (PID=42927) to work on /Users/aleckienzle/Developer/nba-etl/env/lib/python3.8/site-packages/airflow/example_dags/plugins/workday.py
[2022-02-22 15:49:59,420] {processor.py:642} INFO - Processing file /Users/aleckienzle/Developer/nba-etl/env/lib/python3.8/site-packages/airflow/example_dags/plugins/workday.py for tasks to queue
[2022-02-22 15:49:59,421] {logging_mixin.py:109} INFO - [2022-02-22 15:49:59,421] {dagbag.py:500} INFO - Filling up the DagBag from /Users/aleckienzle/Developer/nba-etl/env/lib/python3.8/site-packages/airflow/example_dags/plugins/workday.py
[2022-02-22 15:49:59,433] {processor.py:656} WARNING - No viable dags retrieved from /Users/aleckienzle/Developer/nba-etl/env/lib/python3.8/site-packages/airflow/example_dags/plugins/workday.py
[2022-02-22 15:49:59,434] {processor.py:171} INFO - Processing /Users/aleckienzle/Developer/nba-etl/env/lib/python3.8/site-packages/airflow/example_dags/plugins/workday.py took 0.015 seconds
[2022-02-22 15:50:34,332] {processor.py:163} INFO - Started process (PID=43003) to work on /Users/aleckienzle/Developer/nba-etl/env/lib/python3.8/site-packages/airflow/example_dags/plugins/workday.py
[2022-02-22 15:50:34,333] {processor.py:642} INFO - Processing file /Users/aleckienzle/Developer/nba-etl/env/lib/python3.8/site-packages/airflow/example_dags/plugins/workday.py for tasks to queue
[2022-02-22 15:50:34,333] {logging_mixin.py:109} INFO - [2022-02-22 15:50:34,333] {dagbag.py:500} INFO - Filling up the DagBag from /Users/aleckienzle/Developer/nba-etl/env/lib/python3.8/site-packages/airflow/example_dags/plugins/workday.py
[2022-02-22 15:50:34,345] {processor.py:656} WARNING - No viable dags retrieved from /Users/aleckienzle/Developer/nba-etl/env/lib/python3.8/site-packages/airflow/example_dags/plugins/workday.py
[2022-02-22 15:50:34,346] {processor.py:171} INFO - Processing /Users/aleckienzle/Developer/nba-etl/env/lib/python3.8/site-packages/airflow/example_dags/plugins/workday.py took 0.014 seconds
[2022-02-22 15:51:09,175] {processor.py:163} INFO - Started process (PID=43115) to work on /Users/aleckienzle/Developer/nba-etl/env/lib/python3.8/site-packages/airflow/example_dags/plugins/workday.py
[2022-02-22 15:51:09,176] {processor.py:642} INFO - Processing file /Users/aleckienzle/Developer/nba-etl/env/lib/python3.8/site-packages/airflow/example_dags/plugins/workday.py for tasks to queue
[2022-02-22 15:51:09,176] {logging_mixin.py:109} INFO - [2022-02-22 15:51:09,176] {dagbag.py:500} INFO - Filling up the DagBag from /Users/aleckienzle/Developer/nba-etl/env/lib/python3.8/site-packages/airflow/example_dags/plugins/workday.py
[2022-02-22 15:51:09,187] {processor.py:656} WARNING - No viable dags retrieved from /Users/aleckienzle/Developer/nba-etl/env/lib/python3.8/site-packages/airflow/example_dags/plugins/workday.py
[2022-02-22 15:51:09,188] {processor.py:171} INFO - Processing /Users/aleckienzle/Developer/nba-etl/env/lib/python3.8/site-packages/airflow/example_dags/plugins/workday.py took 0.014 seconds
[2022-02-22 15:51:44,574] {processor.py:163} INFO - Started process (PID=43196) to work on /Users/aleckienzle/Developer/nba-etl/env/lib/python3.8/site-packages/airflow/example_dags/plugins/workday.py
[2022-02-22 15:51:44,575] {processor.py:642} INFO - Processing file /Users/aleckienzle/Developer/nba-etl/env/lib/python3.8/site-packages/airflow/example_dags/plugins/workday.py for tasks to queue
[2022-02-22 15:51:44,575] {logging_mixin.py:109} INFO - [2022-02-22 15:51:44,575] {dagbag.py:500} INFO - Filling up the DagBag from /Users/aleckienzle/Developer/nba-etl/env/lib/python3.8/site-packages/airflow/example_dags/plugins/workday.py
[2022-02-22 15:51:44,588] {processor.py:656} WARNING - No viable dags retrieved from /Users/aleckienzle/Developer/nba-etl/env/lib/python3.8/site-packages/airflow/example_dags/plugins/workday.py
[2022-02-22 15:51:44,589] {processor.py:171} INFO - Processing /Users/aleckienzle/Developer/nba-etl/env/lib/python3.8/site-packages/airflow/example_dags/plugins/workday.py took 0.015 seconds
[2022-02-22 15:52:19,668] {processor.py:163} INFO - Started process (PID=43284) to work on /Users/aleckienzle/Developer/nba-etl/env/lib/python3.8/site-packages/airflow/example_dags/plugins/workday.py
[2022-02-22 15:52:19,669] {processor.py:642} INFO - Processing file /Users/aleckienzle/Developer/nba-etl/env/lib/python3.8/site-packages/airflow/example_dags/plugins/workday.py for tasks to queue
[2022-02-22 15:52:19,669] {logging_mixin.py:109} INFO - [2022-02-22 15:52:19,669] {dagbag.py:500} INFO - Filling up the DagBag from /Users/aleckienzle/Developer/nba-etl/env/lib/python3.8/site-packages/airflow/example_dags/plugins/workday.py
[2022-02-22 15:52:19,681] {processor.py:656} WARNING - No viable dags retrieved from /Users/aleckienzle/Developer/nba-etl/env/lib/python3.8/site-packages/airflow/example_dags/plugins/workday.py
[2022-02-22 15:52:19,682] {processor.py:171} INFO - Processing /Users/aleckienzle/Developer/nba-etl/env/lib/python3.8/site-packages/airflow/example_dags/plugins/workday.py took 0.014 seconds
[2022-02-22 15:53:27,087] {processor.py:163} INFO - Started process (PID=43436) to work on /Users/aleckienzle/Developer/nba-etl/env/lib/python3.8/site-packages/airflow/example_dags/plugins/workday.py
[2022-02-22 15:53:27,088] {processor.py:642} INFO - Processing file /Users/aleckienzle/Developer/nba-etl/env/lib/python3.8/site-packages/airflow/example_dags/plugins/workday.py for tasks to queue
[2022-02-22 15:53:27,088] {logging_mixin.py:109} INFO - [2022-02-22 15:53:27,088] {dagbag.py:500} INFO - Filling up the DagBag from /Users/aleckienzle/Developer/nba-etl/env/lib/python3.8/site-packages/airflow/example_dags/plugins/workday.py
[2022-02-22 15:53:27,099] {processor.py:656} WARNING - No viable dags retrieved from /Users/aleckienzle/Developer/nba-etl/env/lib/python3.8/site-packages/airflow/example_dags/plugins/workday.py
[2022-02-22 15:53:27,100] {processor.py:171} INFO - Processing /Users/aleckienzle/Developer/nba-etl/env/lib/python3.8/site-packages/airflow/example_dags/plugins/workday.py took 0.014 seconds
[2022-02-22 15:54:35,447] {processor.py:163} INFO - Started process (PID=43615) to work on /Users/aleckienzle/Developer/nba-etl/env/lib/python3.8/site-packages/airflow/example_dags/plugins/workday.py
[2022-02-22 15:54:35,448] {processor.py:642} INFO - Processing file /Users/aleckienzle/Developer/nba-etl/env/lib/python3.8/site-packages/airflow/example_dags/plugins/workday.py for tasks to queue
[2022-02-22 15:54:35,449] {logging_mixin.py:109} INFO - [2022-02-22 15:54:35,449] {dagbag.py:500} INFO - Filling up the DagBag from /Users/aleckienzle/Developer/nba-etl/env/lib/python3.8/site-packages/airflow/example_dags/plugins/workday.py
[2022-02-22 15:54:35,462] {processor.py:656} WARNING - No viable dags retrieved from /Users/aleckienzle/Developer/nba-etl/env/lib/python3.8/site-packages/airflow/example_dags/plugins/workday.py
[2022-02-22 15:54:35,463] {processor.py:171} INFO - Processing /Users/aleckienzle/Developer/nba-etl/env/lib/python3.8/site-packages/airflow/example_dags/plugins/workday.py took 0.016 seconds
[2022-02-22 15:55:10,082] {processor.py:163} INFO - Started process (PID=43706) to work on /Users/aleckienzle/Developer/nba-etl/env/lib/python3.8/site-packages/airflow/example_dags/plugins/workday.py
[2022-02-22 15:55:10,083] {processor.py:642} INFO - Processing file /Users/aleckienzle/Developer/nba-etl/env/lib/python3.8/site-packages/airflow/example_dags/plugins/workday.py for tasks to queue
[2022-02-22 15:55:10,083] {logging_mixin.py:109} INFO - [2022-02-22 15:55:10,083] {dagbag.py:500} INFO - Filling up the DagBag from /Users/aleckienzle/Developer/nba-etl/env/lib/python3.8/site-packages/airflow/example_dags/plugins/workday.py
[2022-02-22 15:55:10,095] {processor.py:656} WARNING - No viable dags retrieved from /Users/aleckienzle/Developer/nba-etl/env/lib/python3.8/site-packages/airflow/example_dags/plugins/workday.py
[2022-02-22 15:55:10,096] {processor.py:171} INFO - Processing /Users/aleckienzle/Developer/nba-etl/env/lib/python3.8/site-packages/airflow/example_dags/plugins/workday.py took 0.014 seconds
[2022-02-22 15:55:45,439] {processor.py:163} INFO - Started process (PID=43823) to work on /Users/aleckienzle/Developer/nba-etl/env/lib/python3.8/site-packages/airflow/example_dags/plugins/workday.py
[2022-02-22 15:55:45,440] {processor.py:642} INFO - Processing file /Users/aleckienzle/Developer/nba-etl/env/lib/python3.8/site-packages/airflow/example_dags/plugins/workday.py for tasks to queue
[2022-02-22 15:55:45,440] {logging_mixin.py:109} INFO - [2022-02-22 15:55:45,440] {dagbag.py:500} INFO - Filling up the DagBag from /Users/aleckienzle/Developer/nba-etl/env/lib/python3.8/site-packages/airflow/example_dags/plugins/workday.py
[2022-02-22 15:55:45,452] {processor.py:656} WARNING - No viable dags retrieved from /Users/aleckienzle/Developer/nba-etl/env/lib/python3.8/site-packages/airflow/example_dags/plugins/workday.py
[2022-02-22 15:55:45,453] {processor.py:171} INFO - Processing /Users/aleckienzle/Developer/nba-etl/env/lib/python3.8/site-packages/airflow/example_dags/plugins/workday.py took 0.014 seconds
[2022-02-22 15:56:52,926] {processor.py:163} INFO - Started process (PID=43974) to work on /Users/aleckienzle/Developer/nba-etl/env/lib/python3.8/site-packages/airflow/example_dags/plugins/workday.py
[2022-02-22 15:56:52,927] {processor.py:642} INFO - Processing file /Users/aleckienzle/Developer/nba-etl/env/lib/python3.8/site-packages/airflow/example_dags/plugins/workday.py for tasks to queue
[2022-02-22 15:56:52,928] {logging_mixin.py:109} INFO - [2022-02-22 15:56:52,928] {dagbag.py:500} INFO - Filling up the DagBag from /Users/aleckienzle/Developer/nba-etl/env/lib/python3.8/site-packages/airflow/example_dags/plugins/workday.py
[2022-02-22 15:56:52,941] {processor.py:656} WARNING - No viable dags retrieved from /Users/aleckienzle/Developer/nba-etl/env/lib/python3.8/site-packages/airflow/example_dags/plugins/workday.py
[2022-02-22 15:56:52,942] {processor.py:171} INFO - Processing /Users/aleckienzle/Developer/nba-etl/env/lib/python3.8/site-packages/airflow/example_dags/plugins/workday.py took 0.016 seconds
[2022-02-22 15:57:27,923] {processor.py:163} INFO - Started process (PID=44087) to work on /Users/aleckienzle/Developer/nba-etl/env/lib/python3.8/site-packages/airflow/example_dags/plugins/workday.py
[2022-02-22 15:57:27,923] {processor.py:642} INFO - Processing file /Users/aleckienzle/Developer/nba-etl/env/lib/python3.8/site-packages/airflow/example_dags/plugins/workday.py for tasks to queue
[2022-02-22 15:57:27,924] {logging_mixin.py:109} INFO - [2022-02-22 15:57:27,924] {dagbag.py:500} INFO - Filling up the DagBag from /Users/aleckienzle/Developer/nba-etl/env/lib/python3.8/site-packages/airflow/example_dags/plugins/workday.py
[2022-02-22 15:57:27,936] {processor.py:656} WARNING - No viable dags retrieved from /Users/aleckienzle/Developer/nba-etl/env/lib/python3.8/site-packages/airflow/example_dags/plugins/workday.py
[2022-02-22 15:57:27,937] {processor.py:171} INFO - Processing /Users/aleckienzle/Developer/nba-etl/env/lib/python3.8/site-packages/airflow/example_dags/plugins/workday.py took 0.014 seconds
[2022-02-22 15:58:03,633] {processor.py:163} INFO - Started process (PID=44246) to work on /Users/aleckienzle/Developer/nba-etl/env/lib/python3.8/site-packages/airflow/example_dags/plugins/workday.py
[2022-02-22 15:58:03,634] {processor.py:642} INFO - Processing file /Users/aleckienzle/Developer/nba-etl/env/lib/python3.8/site-packages/airflow/example_dags/plugins/workday.py for tasks to queue
[2022-02-22 15:58:03,634] {logging_mixin.py:109} INFO - [2022-02-22 15:58:03,634] {dagbag.py:500} INFO - Filling up the DagBag from /Users/aleckienzle/Developer/nba-etl/env/lib/python3.8/site-packages/airflow/example_dags/plugins/workday.py
[2022-02-22 15:58:03,646] {processor.py:656} WARNING - No viable dags retrieved from /Users/aleckienzle/Developer/nba-etl/env/lib/python3.8/site-packages/airflow/example_dags/plugins/workday.py
[2022-02-22 15:58:03,647] {processor.py:171} INFO - Processing /Users/aleckienzle/Developer/nba-etl/env/lib/python3.8/site-packages/airflow/example_dags/plugins/workday.py took 0.014 seconds
[2022-02-22 15:59:09,209] {processor.py:163} INFO - Started process (PID=44465) to work on /Users/aleckienzle/Developer/nba-etl/env/lib/python3.8/site-packages/airflow/example_dags/plugins/workday.py
[2022-02-22 15:59:09,210] {processor.py:642} INFO - Processing file /Users/aleckienzle/Developer/nba-etl/env/lib/python3.8/site-packages/airflow/example_dags/plugins/workday.py for tasks to queue
[2022-02-22 15:59:09,210] {logging_mixin.py:109} INFO - [2022-02-22 15:59:09,210] {dagbag.py:500} INFO - Filling up the DagBag from /Users/aleckienzle/Developer/nba-etl/env/lib/python3.8/site-packages/airflow/example_dags/plugins/workday.py
[2022-02-22 15:59:09,223] {processor.py:656} WARNING - No viable dags retrieved from /Users/aleckienzle/Developer/nba-etl/env/lib/python3.8/site-packages/airflow/example_dags/plugins/workday.py
[2022-02-22 15:59:09,224] {processor.py:171} INFO - Processing /Users/aleckienzle/Developer/nba-etl/env/lib/python3.8/site-packages/airflow/example_dags/plugins/workday.py took 0.015 seconds
[2022-02-22 15:59:44,587] {processor.py:163} INFO - Started process (PID=44633) to work on /Users/aleckienzle/Developer/nba-etl/env/lib/python3.8/site-packages/airflow/example_dags/plugins/workday.py
[2022-02-22 15:59:44,588] {processor.py:642} INFO - Processing file /Users/aleckienzle/Developer/nba-etl/env/lib/python3.8/site-packages/airflow/example_dags/plugins/workday.py for tasks to queue
[2022-02-22 15:59:44,588] {logging_mixin.py:109} INFO - [2022-02-22 15:59:44,588] {dagbag.py:500} INFO - Filling up the DagBag from /Users/aleckienzle/Developer/nba-etl/env/lib/python3.8/site-packages/airflow/example_dags/plugins/workday.py
[2022-02-22 15:59:44,601] {processor.py:656} WARNING - No viable dags retrieved from /Users/aleckienzle/Developer/nba-etl/env/lib/python3.8/site-packages/airflow/example_dags/plugins/workday.py
[2022-02-22 15:59:44,602] {processor.py:171} INFO - Processing /Users/aleckienzle/Developer/nba-etl/env/lib/python3.8/site-packages/airflow/example_dags/plugins/workday.py took 0.015 seconds
