[2022-02-22 15:37:20,782] {processor.py:163} INFO - Started process (PID=40885) to work on /Users/aleckienzle/Developer/nba-etl/env/lib/python3.8/site-packages/airflow/example_dags/subdags/subdag.py
[2022-02-22 15:37:20,782] {processor.py:642} INFO - Processing file /Users/aleckienzle/Developer/nba-etl/env/lib/python3.8/site-packages/airflow/example_dags/subdags/subdag.py for tasks to queue
[2022-02-22 15:37:20,782] {logging_mixin.py:109} INFO - [2022-02-22 15:37:20,782] {dagbag.py:500} INFO - Filling up the DagBag from /Users/aleckienzle/Developer/nba-etl/env/lib/python3.8/site-packages/airflow/example_dags/subdags/subdag.py
[2022-02-22 15:37:20,796] {processor.py:656} WARNING - No viable dags retrieved from /Users/aleckienzle/Developer/nba-etl/env/lib/python3.8/site-packages/airflow/example_dags/subdags/subdag.py
[2022-02-22 15:37:20,797] {processor.py:171} INFO - Processing /Users/aleckienzle/Developer/nba-etl/env/lib/python3.8/site-packages/airflow/example_dags/subdags/subdag.py took 0.016 seconds
[2022-02-22 15:38:23,218] {processor.py:163} INFO - Started process (PID=41062) to work on /Users/aleckienzle/Developer/nba-etl/env/lib/python3.8/site-packages/airflow/example_dags/subdags/subdag.py
[2022-02-22 15:38:23,219] {processor.py:642} INFO - Processing file /Users/aleckienzle/Developer/nba-etl/env/lib/python3.8/site-packages/airflow/example_dags/subdags/subdag.py for tasks to queue
[2022-02-22 15:38:23,219] {logging_mixin.py:109} INFO - [2022-02-22 15:38:23,219] {dagbag.py:500} INFO - Filling up the DagBag from /Users/aleckienzle/Developer/nba-etl/env/lib/python3.8/site-packages/airflow/example_dags/subdags/subdag.py
[2022-02-22 15:38:23,231] {processor.py:656} WARNING - No viable dags retrieved from /Users/aleckienzle/Developer/nba-etl/env/lib/python3.8/site-packages/airflow/example_dags/subdags/subdag.py
[2022-02-22 15:38:23,232] {processor.py:171} INFO - Processing /Users/aleckienzle/Developer/nba-etl/env/lib/python3.8/site-packages/airflow/example_dags/subdags/subdag.py took 0.014 seconds
[2022-02-22 15:38:54,283] {processor.py:163} INFO - Started process (PID=41149) to work on /Users/aleckienzle/Developer/nba-etl/env/lib/python3.8/site-packages/airflow/example_dags/subdags/subdag.py
[2022-02-22 15:38:54,284] {processor.py:642} INFO - Processing file /Users/aleckienzle/Developer/nba-etl/env/lib/python3.8/site-packages/airflow/example_dags/subdags/subdag.py for tasks to queue
[2022-02-22 15:38:54,284] {logging_mixin.py:109} INFO - [2022-02-22 15:38:54,284] {dagbag.py:500} INFO - Filling up the DagBag from /Users/aleckienzle/Developer/nba-etl/env/lib/python3.8/site-packages/airflow/example_dags/subdags/subdag.py
[2022-02-22 15:38:54,296] {processor.py:656} WARNING - No viable dags retrieved from /Users/aleckienzle/Developer/nba-etl/env/lib/python3.8/site-packages/airflow/example_dags/subdags/subdag.py
[2022-02-22 15:38:54,297] {processor.py:171} INFO - Processing /Users/aleckienzle/Developer/nba-etl/env/lib/python3.8/site-packages/airflow/example_dags/subdags/subdag.py took 0.014 seconds
[2022-02-22 15:39:26,938] {processor.py:163} INFO - Started process (PID=41232) to work on /Users/aleckienzle/Developer/nba-etl/env/lib/python3.8/site-packages/airflow/example_dags/subdags/subdag.py
[2022-02-22 15:39:26,939] {processor.py:642} INFO - Processing file /Users/aleckienzle/Developer/nba-etl/env/lib/python3.8/site-packages/airflow/example_dags/subdags/subdag.py for tasks to queue
[2022-02-22 15:39:26,939] {logging_mixin.py:109} INFO - [2022-02-22 15:39:26,939] {dagbag.py:500} INFO - Filling up the DagBag from /Users/aleckienzle/Developer/nba-etl/env/lib/python3.8/site-packages/airflow/example_dags/subdags/subdag.py
[2022-02-22 15:39:26,951] {processor.py:656} WARNING - No viable dags retrieved from /Users/aleckienzle/Developer/nba-etl/env/lib/python3.8/site-packages/airflow/example_dags/subdags/subdag.py
[2022-02-22 15:39:26,952] {processor.py:171} INFO - Processing /Users/aleckienzle/Developer/nba-etl/env/lib/python3.8/site-packages/airflow/example_dags/subdags/subdag.py took 0.015 seconds
[2022-02-22 15:39:57,944] {processor.py:163} INFO - Started process (PID=41310) to work on /Users/aleckienzle/Developer/nba-etl/env/lib/python3.8/site-packages/airflow/example_dags/subdags/subdag.py
[2022-02-22 15:39:57,945] {processor.py:642} INFO - Processing file /Users/aleckienzle/Developer/nba-etl/env/lib/python3.8/site-packages/airflow/example_dags/subdags/subdag.py for tasks to queue
[2022-02-22 15:39:57,945] {logging_mixin.py:109} INFO - [2022-02-22 15:39:57,945] {dagbag.py:500} INFO - Filling up the DagBag from /Users/aleckienzle/Developer/nba-etl/env/lib/python3.8/site-packages/airflow/example_dags/subdags/subdag.py
[2022-02-22 15:39:57,957] {processor.py:656} WARNING - No viable dags retrieved from /Users/aleckienzle/Developer/nba-etl/env/lib/python3.8/site-packages/airflow/example_dags/subdags/subdag.py
[2022-02-22 15:39:57,958] {processor.py:171} INFO - Processing /Users/aleckienzle/Developer/nba-etl/env/lib/python3.8/site-packages/airflow/example_dags/subdags/subdag.py took 0.014 seconds
[2022-02-22 15:40:30,622] {processor.py:163} INFO - Started process (PID=41383) to work on /Users/aleckienzle/Developer/nba-etl/env/lib/python3.8/site-packages/airflow/example_dags/subdags/subdag.py
[2022-02-22 15:40:30,623] {processor.py:642} INFO - Processing file /Users/aleckienzle/Developer/nba-etl/env/lib/python3.8/site-packages/airflow/example_dags/subdags/subdag.py for tasks to queue
[2022-02-22 15:40:30,623] {logging_mixin.py:109} INFO - [2022-02-22 15:40:30,623] {dagbag.py:500} INFO - Filling up the DagBag from /Users/aleckienzle/Developer/nba-etl/env/lib/python3.8/site-packages/airflow/example_dags/subdags/subdag.py
[2022-02-22 15:40:30,635] {processor.py:656} WARNING - No viable dags retrieved from /Users/aleckienzle/Developer/nba-etl/env/lib/python3.8/site-packages/airflow/example_dags/subdags/subdag.py
[2022-02-22 15:40:30,636] {processor.py:171} INFO - Processing /Users/aleckienzle/Developer/nba-etl/env/lib/python3.8/site-packages/airflow/example_dags/subdags/subdag.py took 0.015 seconds
[2022-02-22 15:41:01,883] {processor.py:163} INFO - Started process (PID=41453) to work on /Users/aleckienzle/Developer/nba-etl/env/lib/python3.8/site-packages/airflow/example_dags/subdags/subdag.py
[2022-02-22 15:41:01,884] {processor.py:642} INFO - Processing file /Users/aleckienzle/Developer/nba-etl/env/lib/python3.8/site-packages/airflow/example_dags/subdags/subdag.py for tasks to queue
[2022-02-22 15:41:01,884] {logging_mixin.py:109} INFO - [2022-02-22 15:41:01,884] {dagbag.py:500} INFO - Filling up the DagBag from /Users/aleckienzle/Developer/nba-etl/env/lib/python3.8/site-packages/airflow/example_dags/subdags/subdag.py
[2022-02-22 15:41:01,896] {processor.py:656} WARNING - No viable dags retrieved from /Users/aleckienzle/Developer/nba-etl/env/lib/python3.8/site-packages/airflow/example_dags/subdags/subdag.py
[2022-02-22 15:41:01,897] {processor.py:171} INFO - Processing /Users/aleckienzle/Developer/nba-etl/env/lib/python3.8/site-packages/airflow/example_dags/subdags/subdag.py took 0.014 seconds
[2022-02-22 15:41:34,636] {processor.py:163} INFO - Started process (PID=41522) to work on /Users/aleckienzle/Developer/nba-etl/env/lib/python3.8/site-packages/airflow/example_dags/subdags/subdag.py
[2022-02-22 15:41:34,636] {processor.py:642} INFO - Processing file /Users/aleckienzle/Developer/nba-etl/env/lib/python3.8/site-packages/airflow/example_dags/subdags/subdag.py for tasks to queue
[2022-02-22 15:41:34,636] {logging_mixin.py:109} INFO - [2022-02-22 15:41:34,636] {dagbag.py:500} INFO - Filling up the DagBag from /Users/aleckienzle/Developer/nba-etl/env/lib/python3.8/site-packages/airflow/example_dags/subdags/subdag.py
[2022-02-22 15:41:34,648] {processor.py:656} WARNING - No viable dags retrieved from /Users/aleckienzle/Developer/nba-etl/env/lib/python3.8/site-packages/airflow/example_dags/subdags/subdag.py
[2022-02-22 15:41:34,649] {processor.py:171} INFO - Processing /Users/aleckienzle/Developer/nba-etl/env/lib/python3.8/site-packages/airflow/example_dags/subdags/subdag.py took 0.014 seconds
[2022-02-22 15:42:05,820] {processor.py:163} INFO - Started process (PID=41593) to work on /Users/aleckienzle/Developer/nba-etl/env/lib/python3.8/site-packages/airflow/example_dags/subdags/subdag.py
[2022-02-22 15:42:05,821] {processor.py:642} INFO - Processing file /Users/aleckienzle/Developer/nba-etl/env/lib/python3.8/site-packages/airflow/example_dags/subdags/subdag.py for tasks to queue
[2022-02-22 15:42:05,821] {logging_mixin.py:109} INFO - [2022-02-22 15:42:05,821] {dagbag.py:500} INFO - Filling up the DagBag from /Users/aleckienzle/Developer/nba-etl/env/lib/python3.8/site-packages/airflow/example_dags/subdags/subdag.py
[2022-02-22 15:42:05,834] {processor.py:656} WARNING - No viable dags retrieved from /Users/aleckienzle/Developer/nba-etl/env/lib/python3.8/site-packages/airflow/example_dags/subdags/subdag.py
[2022-02-22 15:42:05,834] {processor.py:171} INFO - Processing /Users/aleckienzle/Developer/nba-etl/env/lib/python3.8/site-packages/airflow/example_dags/subdags/subdag.py took 0.014 seconds
[2022-02-22 15:42:38,679] {processor.py:163} INFO - Started process (PID=41688) to work on /Users/aleckienzle/Developer/nba-etl/env/lib/python3.8/site-packages/airflow/example_dags/subdags/subdag.py
[2022-02-22 15:42:38,680] {processor.py:642} INFO - Processing file /Users/aleckienzle/Developer/nba-etl/env/lib/python3.8/site-packages/airflow/example_dags/subdags/subdag.py for tasks to queue
[2022-02-22 15:42:38,680] {logging_mixin.py:109} INFO - [2022-02-22 15:42:38,680] {dagbag.py:500} INFO - Filling up the DagBag from /Users/aleckienzle/Developer/nba-etl/env/lib/python3.8/site-packages/airflow/example_dags/subdags/subdag.py
[2022-02-22 15:42:38,692] {processor.py:656} WARNING - No viable dags retrieved from /Users/aleckienzle/Developer/nba-etl/env/lib/python3.8/site-packages/airflow/example_dags/subdags/subdag.py
[2022-02-22 15:42:38,693] {processor.py:171} INFO - Processing /Users/aleckienzle/Developer/nba-etl/env/lib/python3.8/site-packages/airflow/example_dags/subdags/subdag.py took 0.014 seconds
[2022-02-22 15:43:12,084] {processor.py:163} INFO - Started process (PID=41796) to work on /Users/aleckienzle/Developer/nba-etl/env/lib/python3.8/site-packages/airflow/example_dags/subdags/subdag.py
[2022-02-22 15:43:12,085] {processor.py:642} INFO - Processing file /Users/aleckienzle/Developer/nba-etl/env/lib/python3.8/site-packages/airflow/example_dags/subdags/subdag.py for tasks to queue
[2022-02-22 15:43:12,085] {logging_mixin.py:109} INFO - [2022-02-22 15:43:12,085] {dagbag.py:500} INFO - Filling up the DagBag from /Users/aleckienzle/Developer/nba-etl/env/lib/python3.8/site-packages/airflow/example_dags/subdags/subdag.py
[2022-02-22 15:43:12,097] {processor.py:656} WARNING - No viable dags retrieved from /Users/aleckienzle/Developer/nba-etl/env/lib/python3.8/site-packages/airflow/example_dags/subdags/subdag.py
[2022-02-22 15:43:12,098] {processor.py:171} INFO - Processing /Users/aleckienzle/Developer/nba-etl/env/lib/python3.8/site-packages/airflow/example_dags/subdags/subdag.py took 0.015 seconds
[2022-02-22 15:43:45,148] {processor.py:163} INFO - Started process (PID=41875) to work on /Users/aleckienzle/Developer/nba-etl/env/lib/python3.8/site-packages/airflow/example_dags/subdags/subdag.py
[2022-02-22 15:43:45,149] {processor.py:642} INFO - Processing file /Users/aleckienzle/Developer/nba-etl/env/lib/python3.8/site-packages/airflow/example_dags/subdags/subdag.py for tasks to queue
[2022-02-22 15:43:45,149] {logging_mixin.py:109} INFO - [2022-02-22 15:43:45,149] {dagbag.py:500} INFO - Filling up the DagBag from /Users/aleckienzle/Developer/nba-etl/env/lib/python3.8/site-packages/airflow/example_dags/subdags/subdag.py
[2022-02-22 15:43:45,162] {processor.py:656} WARNING - No viable dags retrieved from /Users/aleckienzle/Developer/nba-etl/env/lib/python3.8/site-packages/airflow/example_dags/subdags/subdag.py
[2022-02-22 15:43:45,163] {processor.py:171} INFO - Processing /Users/aleckienzle/Developer/nba-etl/env/lib/python3.8/site-packages/airflow/example_dags/subdags/subdag.py took 0.015 seconds
[2022-02-22 15:44:17,828] {processor.py:163} INFO - Started process (PID=41953) to work on /Users/aleckienzle/Developer/nba-etl/env/lib/python3.8/site-packages/airflow/example_dags/subdags/subdag.py
[2022-02-22 15:44:17,829] {processor.py:642} INFO - Processing file /Users/aleckienzle/Developer/nba-etl/env/lib/python3.8/site-packages/airflow/example_dags/subdags/subdag.py for tasks to queue
[2022-02-22 15:44:17,829] {logging_mixin.py:109} INFO - [2022-02-22 15:44:17,829] {dagbag.py:500} INFO - Filling up the DagBag from /Users/aleckienzle/Developer/nba-etl/env/lib/python3.8/site-packages/airflow/example_dags/subdags/subdag.py
[2022-02-22 15:44:17,841] {processor.py:656} WARNING - No viable dags retrieved from /Users/aleckienzle/Developer/nba-etl/env/lib/python3.8/site-packages/airflow/example_dags/subdags/subdag.py
[2022-02-22 15:44:17,842] {processor.py:171} INFO - Processing /Users/aleckienzle/Developer/nba-etl/env/lib/python3.8/site-packages/airflow/example_dags/subdags/subdag.py took 0.014 seconds
[2022-02-22 15:44:50,612] {processor.py:163} INFO - Started process (PID=42025) to work on /Users/aleckienzle/Developer/nba-etl/env/lib/python3.8/site-packages/airflow/example_dags/subdags/subdag.py
[2022-02-22 15:44:50,612] {processor.py:642} INFO - Processing file /Users/aleckienzle/Developer/nba-etl/env/lib/python3.8/site-packages/airflow/example_dags/subdags/subdag.py for tasks to queue
[2022-02-22 15:44:50,613] {logging_mixin.py:109} INFO - [2022-02-22 15:44:50,613] {dagbag.py:500} INFO - Filling up the DagBag from /Users/aleckienzle/Developer/nba-etl/env/lib/python3.8/site-packages/airflow/example_dags/subdags/subdag.py
[2022-02-22 15:44:50,626] {processor.py:656} WARNING - No viable dags retrieved from /Users/aleckienzle/Developer/nba-etl/env/lib/python3.8/site-packages/airflow/example_dags/subdags/subdag.py
[2022-02-22 15:44:50,627] {processor.py:171} INFO - Processing /Users/aleckienzle/Developer/nba-etl/env/lib/python3.8/site-packages/airflow/example_dags/subdags/subdag.py took 0.015 seconds
[2022-02-22 15:45:23,642] {processor.py:163} INFO - Started process (PID=42094) to work on /Users/aleckienzle/Developer/nba-etl/env/lib/python3.8/site-packages/airflow/example_dags/subdags/subdag.py
[2022-02-22 15:45:23,643] {processor.py:642} INFO - Processing file /Users/aleckienzle/Developer/nba-etl/env/lib/python3.8/site-packages/airflow/example_dags/subdags/subdag.py for tasks to queue
[2022-02-22 15:45:23,643] {logging_mixin.py:109} INFO - [2022-02-22 15:45:23,643] {dagbag.py:500} INFO - Filling up the DagBag from /Users/aleckienzle/Developer/nba-etl/env/lib/python3.8/site-packages/airflow/example_dags/subdags/subdag.py
[2022-02-22 15:45:23,656] {processor.py:656} WARNING - No viable dags retrieved from /Users/aleckienzle/Developer/nba-etl/env/lib/python3.8/site-packages/airflow/example_dags/subdags/subdag.py
[2022-02-22 15:45:23,657] {processor.py:171} INFO - Processing /Users/aleckienzle/Developer/nba-etl/env/lib/python3.8/site-packages/airflow/example_dags/subdags/subdag.py took 0.015 seconds
[2022-02-22 15:45:56,455] {processor.py:163} INFO - Started process (PID=42179) to work on /Users/aleckienzle/Developer/nba-etl/env/lib/python3.8/site-packages/airflow/example_dags/subdags/subdag.py
[2022-02-22 15:45:56,456] {processor.py:642} INFO - Processing file /Users/aleckienzle/Developer/nba-etl/env/lib/python3.8/site-packages/airflow/example_dags/subdags/subdag.py for tasks to queue
[2022-02-22 15:45:56,456] {logging_mixin.py:109} INFO - [2022-02-22 15:45:56,456] {dagbag.py:500} INFO - Filling up the DagBag from /Users/aleckienzle/Developer/nba-etl/env/lib/python3.8/site-packages/airflow/example_dags/subdags/subdag.py
[2022-02-22 15:45:56,469] {processor.py:656} WARNING - No viable dags retrieved from /Users/aleckienzle/Developer/nba-etl/env/lib/python3.8/site-packages/airflow/example_dags/subdags/subdag.py
[2022-02-22 15:45:56,470] {processor.py:171} INFO - Processing /Users/aleckienzle/Developer/nba-etl/env/lib/python3.8/site-packages/airflow/example_dags/subdags/subdag.py took 0.015 seconds
[2022-02-22 15:46:29,508] {processor.py:163} INFO - Started process (PID=42291) to work on /Users/aleckienzle/Developer/nba-etl/env/lib/python3.8/site-packages/airflow/example_dags/subdags/subdag.py
[2022-02-22 15:46:29,509] {processor.py:642} INFO - Processing file /Users/aleckienzle/Developer/nba-etl/env/lib/python3.8/site-packages/airflow/example_dags/subdags/subdag.py for tasks to queue
[2022-02-22 15:46:29,509] {logging_mixin.py:109} INFO - [2022-02-22 15:46:29,509] {dagbag.py:500} INFO - Filling up the DagBag from /Users/aleckienzle/Developer/nba-etl/env/lib/python3.8/site-packages/airflow/example_dags/subdags/subdag.py
[2022-02-22 15:46:29,521] {processor.py:656} WARNING - No viable dags retrieved from /Users/aleckienzle/Developer/nba-etl/env/lib/python3.8/site-packages/airflow/example_dags/subdags/subdag.py
[2022-02-22 15:46:29,522] {processor.py:171} INFO - Processing /Users/aleckienzle/Developer/nba-etl/env/lib/python3.8/site-packages/airflow/example_dags/subdags/subdag.py took 0.015 seconds
[2022-02-22 15:47:02,312] {processor.py:163} INFO - Started process (PID=42395) to work on /Users/aleckienzle/Developer/nba-etl/env/lib/python3.8/site-packages/airflow/example_dags/subdags/subdag.py
[2022-02-22 15:47:02,312] {processor.py:642} INFO - Processing file /Users/aleckienzle/Developer/nba-etl/env/lib/python3.8/site-packages/airflow/example_dags/subdags/subdag.py for tasks to queue
[2022-02-22 15:47:02,312] {logging_mixin.py:109} INFO - [2022-02-22 15:47:02,312] {dagbag.py:500} INFO - Filling up the DagBag from /Users/aleckienzle/Developer/nba-etl/env/lib/python3.8/site-packages/airflow/example_dags/subdags/subdag.py
[2022-02-22 15:47:02,324] {processor.py:656} WARNING - No viable dags retrieved from /Users/aleckienzle/Developer/nba-etl/env/lib/python3.8/site-packages/airflow/example_dags/subdags/subdag.py
[2022-02-22 15:47:02,325] {processor.py:171} INFO - Processing /Users/aleckienzle/Developer/nba-etl/env/lib/python3.8/site-packages/airflow/example_dags/subdags/subdag.py took 0.014 seconds
[2022-02-22 15:47:41,319] {processor.py:163} INFO - Started process (PID=42557) to work on /Users/aleckienzle/Developer/nba-etl/env/lib/python3.8/site-packages/airflow/example_dags/subdags/subdag.py
[2022-02-22 15:47:41,319] {processor.py:642} INFO - Processing file /Users/aleckienzle/Developer/nba-etl/env/lib/python3.8/site-packages/airflow/example_dags/subdags/subdag.py for tasks to queue
[2022-02-22 15:47:41,320] {logging_mixin.py:109} INFO - [2022-02-22 15:47:41,320] {dagbag.py:500} INFO - Filling up the DagBag from /Users/aleckienzle/Developer/nba-etl/env/lib/python3.8/site-packages/airflow/example_dags/subdags/subdag.py
[2022-02-22 15:47:41,335] {processor.py:656} WARNING - No viable dags retrieved from /Users/aleckienzle/Developer/nba-etl/env/lib/python3.8/site-packages/airflow/example_dags/subdags/subdag.py
[2022-02-22 15:47:41,336] {processor.py:171} INFO - Processing /Users/aleckienzle/Developer/nba-etl/env/lib/python3.8/site-packages/airflow/example_dags/subdags/subdag.py took 0.017 seconds
[2022-02-22 15:48:16,241] {processor.py:163} INFO - Started process (PID=42653) to work on /Users/aleckienzle/Developer/nba-etl/env/lib/python3.8/site-packages/airflow/example_dags/subdags/subdag.py
[2022-02-22 15:48:16,242] {processor.py:642} INFO - Processing file /Users/aleckienzle/Developer/nba-etl/env/lib/python3.8/site-packages/airflow/example_dags/subdags/subdag.py for tasks to queue
[2022-02-22 15:48:16,242] {logging_mixin.py:109} INFO - [2022-02-22 15:48:16,242] {dagbag.py:500} INFO - Filling up the DagBag from /Users/aleckienzle/Developer/nba-etl/env/lib/python3.8/site-packages/airflow/example_dags/subdags/subdag.py
[2022-02-22 15:48:16,254] {processor.py:656} WARNING - No viable dags retrieved from /Users/aleckienzle/Developer/nba-etl/env/lib/python3.8/site-packages/airflow/example_dags/subdags/subdag.py
[2022-02-22 15:48:16,255] {processor.py:171} INFO - Processing /Users/aleckienzle/Developer/nba-etl/env/lib/python3.8/site-packages/airflow/example_dags/subdags/subdag.py took 0.014 seconds
[2022-02-22 15:48:49,512] {processor.py:163} INFO - Started process (PID=42748) to work on /Users/aleckienzle/Developer/nba-etl/env/lib/python3.8/site-packages/airflow/example_dags/subdags/subdag.py
[2022-02-22 15:48:49,513] {processor.py:642} INFO - Processing file /Users/aleckienzle/Developer/nba-etl/env/lib/python3.8/site-packages/airflow/example_dags/subdags/subdag.py for tasks to queue
[2022-02-22 15:48:49,514] {logging_mixin.py:109} INFO - [2022-02-22 15:48:49,514] {dagbag.py:500} INFO - Filling up the DagBag from /Users/aleckienzle/Developer/nba-etl/env/lib/python3.8/site-packages/airflow/example_dags/subdags/subdag.py
[2022-02-22 15:48:49,526] {processor.py:656} WARNING - No viable dags retrieved from /Users/aleckienzle/Developer/nba-etl/env/lib/python3.8/site-packages/airflow/example_dags/subdags/subdag.py
[2022-02-22 15:48:49,526] {processor.py:171} INFO - Processing /Users/aleckienzle/Developer/nba-etl/env/lib/python3.8/site-packages/airflow/example_dags/subdags/subdag.py took 0.014 seconds
[2022-02-22 15:49:24,202] {processor.py:163} INFO - Started process (PID=42834) to work on /Users/aleckienzle/Developer/nba-etl/env/lib/python3.8/site-packages/airflow/example_dags/subdags/subdag.py
[2022-02-22 15:49:24,203] {processor.py:642} INFO - Processing file /Users/aleckienzle/Developer/nba-etl/env/lib/python3.8/site-packages/airflow/example_dags/subdags/subdag.py for tasks to queue
[2022-02-22 15:49:24,203] {logging_mixin.py:109} INFO - [2022-02-22 15:49:24,203] {dagbag.py:500} INFO - Filling up the DagBag from /Users/aleckienzle/Developer/nba-etl/env/lib/python3.8/site-packages/airflow/example_dags/subdags/subdag.py
[2022-02-22 15:49:24,215] {processor.py:656} WARNING - No viable dags retrieved from /Users/aleckienzle/Developer/nba-etl/env/lib/python3.8/site-packages/airflow/example_dags/subdags/subdag.py
[2022-02-22 15:49:24,216] {processor.py:171} INFO - Processing /Users/aleckienzle/Developer/nba-etl/env/lib/python3.8/site-packages/airflow/example_dags/subdags/subdag.py took 0.014 seconds
[2022-02-22 15:49:57,871] {processor.py:163} INFO - Started process (PID=42924) to work on /Users/aleckienzle/Developer/nba-etl/env/lib/python3.8/site-packages/airflow/example_dags/subdags/subdag.py
[2022-02-22 15:49:57,872] {processor.py:642} INFO - Processing file /Users/aleckienzle/Developer/nba-etl/env/lib/python3.8/site-packages/airflow/example_dags/subdags/subdag.py for tasks to queue
[2022-02-22 15:49:57,872] {logging_mixin.py:109} INFO - [2022-02-22 15:49:57,872] {dagbag.py:500} INFO - Filling up the DagBag from /Users/aleckienzle/Developer/nba-etl/env/lib/python3.8/site-packages/airflow/example_dags/subdags/subdag.py
[2022-02-22 15:49:57,889] {processor.py:656} WARNING - No viable dags retrieved from /Users/aleckienzle/Developer/nba-etl/env/lib/python3.8/site-packages/airflow/example_dags/subdags/subdag.py
[2022-02-22 15:49:57,890] {processor.py:171} INFO - Processing /Users/aleckienzle/Developer/nba-etl/env/lib/python3.8/site-packages/airflow/example_dags/subdags/subdag.py took 0.020 seconds
[2022-02-22 15:50:32,827] {processor.py:163} INFO - Started process (PID=43001) to work on /Users/aleckienzle/Developer/nba-etl/env/lib/python3.8/site-packages/airflow/example_dags/subdags/subdag.py
[2022-02-22 15:50:32,828] {processor.py:642} INFO - Processing file /Users/aleckienzle/Developer/nba-etl/env/lib/python3.8/site-packages/airflow/example_dags/subdags/subdag.py for tasks to queue
[2022-02-22 15:50:32,829] {logging_mixin.py:109} INFO - [2022-02-22 15:50:32,829] {dagbag.py:500} INFO - Filling up the DagBag from /Users/aleckienzle/Developer/nba-etl/env/lib/python3.8/site-packages/airflow/example_dags/subdags/subdag.py
[2022-02-22 15:50:32,841] {processor.py:656} WARNING - No viable dags retrieved from /Users/aleckienzle/Developer/nba-etl/env/lib/python3.8/site-packages/airflow/example_dags/subdags/subdag.py
[2022-02-22 15:50:32,842] {processor.py:171} INFO - Processing /Users/aleckienzle/Developer/nba-etl/env/lib/python3.8/site-packages/airflow/example_dags/subdags/subdag.py took 0.016 seconds
[2022-02-22 15:51:07,555] {processor.py:163} INFO - Started process (PID=43103) to work on /Users/aleckienzle/Developer/nba-etl/env/lib/python3.8/site-packages/airflow/example_dags/subdags/subdag.py
[2022-02-22 15:51:07,556] {processor.py:642} INFO - Processing file /Users/aleckienzle/Developer/nba-etl/env/lib/python3.8/site-packages/airflow/example_dags/subdags/subdag.py for tasks to queue
[2022-02-22 15:51:07,556] {logging_mixin.py:109} INFO - [2022-02-22 15:51:07,556] {dagbag.py:500} INFO - Filling up the DagBag from /Users/aleckienzle/Developer/nba-etl/env/lib/python3.8/site-packages/airflow/example_dags/subdags/subdag.py
[2022-02-22 15:51:07,569] {processor.py:656} WARNING - No viable dags retrieved from /Users/aleckienzle/Developer/nba-etl/env/lib/python3.8/site-packages/airflow/example_dags/subdags/subdag.py
[2022-02-22 15:51:07,569] {processor.py:171} INFO - Processing /Users/aleckienzle/Developer/nba-etl/env/lib/python3.8/site-packages/airflow/example_dags/subdags/subdag.py took 0.015 seconds
[2022-02-22 15:51:43,153] {processor.py:163} INFO - Started process (PID=43191) to work on /Users/aleckienzle/Developer/nba-etl/env/lib/python3.8/site-packages/airflow/example_dags/subdags/subdag.py
[2022-02-22 15:51:43,154] {processor.py:642} INFO - Processing file /Users/aleckienzle/Developer/nba-etl/env/lib/python3.8/site-packages/airflow/example_dags/subdags/subdag.py for tasks to queue
[2022-02-22 15:51:43,154] {logging_mixin.py:109} INFO - [2022-02-22 15:51:43,154] {dagbag.py:500} INFO - Filling up the DagBag from /Users/aleckienzle/Developer/nba-etl/env/lib/python3.8/site-packages/airflow/example_dags/subdags/subdag.py
[2022-02-22 15:51:43,168] {processor.py:656} WARNING - No viable dags retrieved from /Users/aleckienzle/Developer/nba-etl/env/lib/python3.8/site-packages/airflow/example_dags/subdags/subdag.py
[2022-02-22 15:51:43,169] {processor.py:171} INFO - Processing /Users/aleckienzle/Developer/nba-etl/env/lib/python3.8/site-packages/airflow/example_dags/subdags/subdag.py took 0.016 seconds
[2022-02-22 15:52:18,140] {processor.py:163} INFO - Started process (PID=43274) to work on /Users/aleckienzle/Developer/nba-etl/env/lib/python3.8/site-packages/airflow/example_dags/subdags/subdag.py
[2022-02-22 15:52:18,141] {processor.py:642} INFO - Processing file /Users/aleckienzle/Developer/nba-etl/env/lib/python3.8/site-packages/airflow/example_dags/subdags/subdag.py for tasks to queue
[2022-02-22 15:52:18,141] {logging_mixin.py:109} INFO - [2022-02-22 15:52:18,141] {dagbag.py:500} INFO - Filling up the DagBag from /Users/aleckienzle/Developer/nba-etl/env/lib/python3.8/site-packages/airflow/example_dags/subdags/subdag.py
[2022-02-22 15:52:18,153] {processor.py:656} WARNING - No viable dags retrieved from /Users/aleckienzle/Developer/nba-etl/env/lib/python3.8/site-packages/airflow/example_dags/subdags/subdag.py
[2022-02-22 15:52:18,154] {processor.py:171} INFO - Processing /Users/aleckienzle/Developer/nba-etl/env/lib/python3.8/site-packages/airflow/example_dags/subdags/subdag.py took 0.014 seconds
[2022-02-22 15:52:51,462] {processor.py:163} INFO - Started process (PID=43355) to work on /Users/aleckienzle/Developer/nba-etl/env/lib/python3.8/site-packages/airflow/example_dags/subdags/subdag.py
[2022-02-22 15:52:51,463] {processor.py:642} INFO - Processing file /Users/aleckienzle/Developer/nba-etl/env/lib/python3.8/site-packages/airflow/example_dags/subdags/subdag.py for tasks to queue
[2022-02-22 15:52:51,463] {logging_mixin.py:109} INFO - [2022-02-22 15:52:51,463] {dagbag.py:500} INFO - Filling up the DagBag from /Users/aleckienzle/Developer/nba-etl/env/lib/python3.8/site-packages/airflow/example_dags/subdags/subdag.py
[2022-02-22 15:52:51,475] {processor.py:656} WARNING - No viable dags retrieved from /Users/aleckienzle/Developer/nba-etl/env/lib/python3.8/site-packages/airflow/example_dags/subdags/subdag.py
[2022-02-22 15:52:51,476] {processor.py:171} INFO - Processing /Users/aleckienzle/Developer/nba-etl/env/lib/python3.8/site-packages/airflow/example_dags/subdags/subdag.py took 0.015 seconds
[2022-02-22 15:53:25,174] {processor.py:163} INFO - Started process (PID=43432) to work on /Users/aleckienzle/Developer/nba-etl/env/lib/python3.8/site-packages/airflow/example_dags/subdags/subdag.py
[2022-02-22 15:53:25,175] {processor.py:642} INFO - Processing file /Users/aleckienzle/Developer/nba-etl/env/lib/python3.8/site-packages/airflow/example_dags/subdags/subdag.py for tasks to queue
[2022-02-22 15:53:25,175] {logging_mixin.py:109} INFO - [2022-02-22 15:53:25,175] {dagbag.py:500} INFO - Filling up the DagBag from /Users/aleckienzle/Developer/nba-etl/env/lib/python3.8/site-packages/airflow/example_dags/subdags/subdag.py
[2022-02-22 15:53:25,187] {processor.py:656} WARNING - No viable dags retrieved from /Users/aleckienzle/Developer/nba-etl/env/lib/python3.8/site-packages/airflow/example_dags/subdags/subdag.py
[2022-02-22 15:53:25,188] {processor.py:171} INFO - Processing /Users/aleckienzle/Developer/nba-etl/env/lib/python3.8/site-packages/airflow/example_dags/subdags/subdag.py took 0.014 seconds
[2022-02-22 15:54:00,428] {processor.py:163} INFO - Started process (PID=43527) to work on /Users/aleckienzle/Developer/nba-etl/env/lib/python3.8/site-packages/airflow/example_dags/subdags/subdag.py
[2022-02-22 15:54:00,431] {processor.py:642} INFO - Processing file /Users/aleckienzle/Developer/nba-etl/env/lib/python3.8/site-packages/airflow/example_dags/subdags/subdag.py for tasks to queue
[2022-02-22 15:54:00,431] {logging_mixin.py:109} INFO - [2022-02-22 15:54:00,431] {dagbag.py:500} INFO - Filling up the DagBag from /Users/aleckienzle/Developer/nba-etl/env/lib/python3.8/site-packages/airflow/example_dags/subdags/subdag.py
[2022-02-22 15:54:00,449] {processor.py:656} WARNING - No viable dags retrieved from /Users/aleckienzle/Developer/nba-etl/env/lib/python3.8/site-packages/airflow/example_dags/subdags/subdag.py
[2022-02-22 15:54:00,450] {processor.py:171} INFO - Processing /Users/aleckienzle/Developer/nba-etl/env/lib/python3.8/site-packages/airflow/example_dags/subdags/subdag.py took 0.023 seconds
[2022-02-22 15:54:33,452] {processor.py:163} INFO - Started process (PID=43612) to work on /Users/aleckienzle/Developer/nba-etl/env/lib/python3.8/site-packages/airflow/example_dags/subdags/subdag.py
[2022-02-22 15:54:33,453] {processor.py:642} INFO - Processing file /Users/aleckienzle/Developer/nba-etl/env/lib/python3.8/site-packages/airflow/example_dags/subdags/subdag.py for tasks to queue
[2022-02-22 15:54:33,453] {logging_mixin.py:109} INFO - [2022-02-22 15:54:33,453] {dagbag.py:500} INFO - Filling up the DagBag from /Users/aleckienzle/Developer/nba-etl/env/lib/python3.8/site-packages/airflow/example_dags/subdags/subdag.py
[2022-02-22 15:54:33,465] {processor.py:656} WARNING - No viable dags retrieved from /Users/aleckienzle/Developer/nba-etl/env/lib/python3.8/site-packages/airflow/example_dags/subdags/subdag.py
[2022-02-22 15:54:33,481] {processor.py:171} INFO - Processing /Users/aleckienzle/Developer/nba-etl/env/lib/python3.8/site-packages/airflow/example_dags/subdags/subdag.py took 0.030 seconds
[2022-02-22 15:55:08,219] {processor.py:163} INFO - Started process (PID=43694) to work on /Users/aleckienzle/Developer/nba-etl/env/lib/python3.8/site-packages/airflow/example_dags/subdags/subdag.py
[2022-02-22 15:55:08,220] {processor.py:642} INFO - Processing file /Users/aleckienzle/Developer/nba-etl/env/lib/python3.8/site-packages/airflow/example_dags/subdags/subdag.py for tasks to queue
[2022-02-22 15:55:08,220] {logging_mixin.py:109} INFO - [2022-02-22 15:55:08,220] {dagbag.py:500} INFO - Filling up the DagBag from /Users/aleckienzle/Developer/nba-etl/env/lib/python3.8/site-packages/airflow/example_dags/subdags/subdag.py
[2022-02-22 15:55:08,233] {processor.py:656} WARNING - No viable dags retrieved from /Users/aleckienzle/Developer/nba-etl/env/lib/python3.8/site-packages/airflow/example_dags/subdags/subdag.py
[2022-02-22 15:55:08,233] {processor.py:171} INFO - Processing /Users/aleckienzle/Developer/nba-etl/env/lib/python3.8/site-packages/airflow/example_dags/subdags/subdag.py took 0.014 seconds
[2022-02-22 15:55:43,587] {processor.py:163} INFO - Started process (PID=43816) to work on /Users/aleckienzle/Developer/nba-etl/env/lib/python3.8/site-packages/airflow/example_dags/subdags/subdag.py
[2022-02-22 15:55:43,588] {processor.py:642} INFO - Processing file /Users/aleckienzle/Developer/nba-etl/env/lib/python3.8/site-packages/airflow/example_dags/subdags/subdag.py for tasks to queue
[2022-02-22 15:55:43,588] {logging_mixin.py:109} INFO - [2022-02-22 15:55:43,588] {dagbag.py:500} INFO - Filling up the DagBag from /Users/aleckienzle/Developer/nba-etl/env/lib/python3.8/site-packages/airflow/example_dags/subdags/subdag.py
[2022-02-22 15:55:43,600] {processor.py:656} WARNING - No viable dags retrieved from /Users/aleckienzle/Developer/nba-etl/env/lib/python3.8/site-packages/airflow/example_dags/subdags/subdag.py
[2022-02-22 15:55:43,601] {processor.py:171} INFO - Processing /Users/aleckienzle/Developer/nba-etl/env/lib/python3.8/site-packages/airflow/example_dags/subdags/subdag.py took 0.014 seconds
[2022-02-22 15:56:18,042] {processor.py:163} INFO - Started process (PID=43892) to work on /Users/aleckienzle/Developer/nba-etl/env/lib/python3.8/site-packages/airflow/example_dags/subdags/subdag.py
[2022-02-22 15:56:18,042] {processor.py:642} INFO - Processing file /Users/aleckienzle/Developer/nba-etl/env/lib/python3.8/site-packages/airflow/example_dags/subdags/subdag.py for tasks to queue
[2022-02-22 15:56:18,042] {logging_mixin.py:109} INFO - [2022-02-22 15:56:18,042] {dagbag.py:500} INFO - Filling up the DagBag from /Users/aleckienzle/Developer/nba-etl/env/lib/python3.8/site-packages/airflow/example_dags/subdags/subdag.py
[2022-02-22 15:56:18,054] {processor.py:656} WARNING - No viable dags retrieved from /Users/aleckienzle/Developer/nba-etl/env/lib/python3.8/site-packages/airflow/example_dags/subdags/subdag.py
[2022-02-22 15:56:18,055] {processor.py:171} INFO - Processing /Users/aleckienzle/Developer/nba-etl/env/lib/python3.8/site-packages/airflow/example_dags/subdags/subdag.py took 0.014 seconds
[2022-02-22 15:56:51,459] {processor.py:163} INFO - Started process (PID=43972) to work on /Users/aleckienzle/Developer/nba-etl/env/lib/python3.8/site-packages/airflow/example_dags/subdags/subdag.py
[2022-02-22 15:56:51,459] {processor.py:642} INFO - Processing file /Users/aleckienzle/Developer/nba-etl/env/lib/python3.8/site-packages/airflow/example_dags/subdags/subdag.py for tasks to queue
[2022-02-22 15:56:51,460] {logging_mixin.py:109} INFO - [2022-02-22 15:56:51,460] {dagbag.py:500} INFO - Filling up the DagBag from /Users/aleckienzle/Developer/nba-etl/env/lib/python3.8/site-packages/airflow/example_dags/subdags/subdag.py
[2022-02-22 15:56:51,472] {processor.py:656} WARNING - No viable dags retrieved from /Users/aleckienzle/Developer/nba-etl/env/lib/python3.8/site-packages/airflow/example_dags/subdags/subdag.py
[2022-02-22 15:56:51,473] {processor.py:171} INFO - Processing /Users/aleckienzle/Developer/nba-etl/env/lib/python3.8/site-packages/airflow/example_dags/subdags/subdag.py took 0.015 seconds
[2022-02-22 15:57:26,503] {processor.py:163} INFO - Started process (PID=44085) to work on /Users/aleckienzle/Developer/nba-etl/env/lib/python3.8/site-packages/airflow/example_dags/subdags/subdag.py
[2022-02-22 15:57:26,504] {processor.py:642} INFO - Processing file /Users/aleckienzle/Developer/nba-etl/env/lib/python3.8/site-packages/airflow/example_dags/subdags/subdag.py for tasks to queue
[2022-02-22 15:57:26,504] {logging_mixin.py:109} INFO - [2022-02-22 15:57:26,504] {dagbag.py:500} INFO - Filling up the DagBag from /Users/aleckienzle/Developer/nba-etl/env/lib/python3.8/site-packages/airflow/example_dags/subdags/subdag.py
[2022-02-22 15:57:26,522] {processor.py:656} WARNING - No viable dags retrieved from /Users/aleckienzle/Developer/nba-etl/env/lib/python3.8/site-packages/airflow/example_dags/subdags/subdag.py
[2022-02-22 15:57:26,522] {processor.py:171} INFO - Processing /Users/aleckienzle/Developer/nba-etl/env/lib/python3.8/site-packages/airflow/example_dags/subdags/subdag.py took 0.020 seconds
[2022-02-22 15:58:02,058] {processor.py:163} INFO - Started process (PID=44240) to work on /Users/aleckienzle/Developer/nba-etl/env/lib/python3.8/site-packages/airflow/example_dags/subdags/subdag.py
[2022-02-22 15:58:02,059] {processor.py:642} INFO - Processing file /Users/aleckienzle/Developer/nba-etl/env/lib/python3.8/site-packages/airflow/example_dags/subdags/subdag.py for tasks to queue
[2022-02-22 15:58:02,059] {logging_mixin.py:109} INFO - [2022-02-22 15:58:02,059] {dagbag.py:500} INFO - Filling up the DagBag from /Users/aleckienzle/Developer/nba-etl/env/lib/python3.8/site-packages/airflow/example_dags/subdags/subdag.py
[2022-02-22 15:58:02,072] {processor.py:656} WARNING - No viable dags retrieved from /Users/aleckienzle/Developer/nba-etl/env/lib/python3.8/site-packages/airflow/example_dags/subdags/subdag.py
[2022-02-22 15:58:02,073] {processor.py:171} INFO - Processing /Users/aleckienzle/Developer/nba-etl/env/lib/python3.8/site-packages/airflow/example_dags/subdags/subdag.py took 0.015 seconds
[2022-02-22 15:58:36,988] {processor.py:163} INFO - Started process (PID=44349) to work on /Users/aleckienzle/Developer/nba-etl/env/lib/python3.8/site-packages/airflow/example_dags/subdags/subdag.py
[2022-02-22 15:58:36,989] {processor.py:642} INFO - Processing file /Users/aleckienzle/Developer/nba-etl/env/lib/python3.8/site-packages/airflow/example_dags/subdags/subdag.py for tasks to queue
[2022-02-22 15:58:36,990] {logging_mixin.py:109} INFO - [2022-02-22 15:58:36,990] {dagbag.py:500} INFO - Filling up the DagBag from /Users/aleckienzle/Developer/nba-etl/env/lib/python3.8/site-packages/airflow/example_dags/subdags/subdag.py
[2022-02-22 15:58:37,002] {processor.py:656} WARNING - No viable dags retrieved from /Users/aleckienzle/Developer/nba-etl/env/lib/python3.8/site-packages/airflow/example_dags/subdags/subdag.py
[2022-02-22 15:58:37,003] {processor.py:171} INFO - Processing /Users/aleckienzle/Developer/nba-etl/env/lib/python3.8/site-packages/airflow/example_dags/subdags/subdag.py took 0.015 seconds
[2022-02-22 15:59:42,586] {processor.py:163} INFO - Started process (PID=44625) to work on /Users/aleckienzle/Developer/nba-etl/env/lib/python3.8/site-packages/airflow/example_dags/subdags/subdag.py
[2022-02-22 15:59:42,587] {processor.py:642} INFO - Processing file /Users/aleckienzle/Developer/nba-etl/env/lib/python3.8/site-packages/airflow/example_dags/subdags/subdag.py for tasks to queue
[2022-02-22 15:59:42,587] {logging_mixin.py:109} INFO - [2022-02-22 15:59:42,587] {dagbag.py:500} INFO - Filling up the DagBag from /Users/aleckienzle/Developer/nba-etl/env/lib/python3.8/site-packages/airflow/example_dags/subdags/subdag.py
[2022-02-22 15:59:42,601] {processor.py:656} WARNING - No viable dags retrieved from /Users/aleckienzle/Developer/nba-etl/env/lib/python3.8/site-packages/airflow/example_dags/subdags/subdag.py
[2022-02-22 15:59:42,602] {processor.py:171} INFO - Processing /Users/aleckienzle/Developer/nba-etl/env/lib/python3.8/site-packages/airflow/example_dags/subdags/subdag.py took 0.016 seconds
