[2022-02-24 09:49:19,705] {taskinstance.py:1032} INFO - Dependencies all met for <TaskInstance: Etl.get_data manual__2022-02-24T17:49:16.531540+00:00 [queued]>
[2022-02-24 09:49:19,708] {taskinstance.py:1032} INFO - Dependencies all met for <TaskInstance: Etl.get_data manual__2022-02-24T17:49:16.531540+00:00 [queued]>
[2022-02-24 09:49:19,708] {taskinstance.py:1238} INFO - 
--------------------------------------------------------------------------------
[2022-02-24 09:49:19,708] {taskinstance.py:1239} INFO - Starting attempt 1 of 1
[2022-02-24 09:49:19,708] {taskinstance.py:1240} INFO - 
--------------------------------------------------------------------------------
[2022-02-24 09:49:19,713] {taskinstance.py:1259} INFO - Executing <Task(_PythonDecoratedOperator): get_data> on 2022-02-24 17:49:16.531540+00:00
[2022-02-24 09:49:19,720] {standard_task_runner.py:52} INFO - Started process 13863 to run task
[2022-02-24 09:49:19,729] {standard_task_runner.py:76} INFO - Running: ['airflow', 'tasks', 'run', 'Etl', 'get_data', 'manual__2022-02-24T17:49:16.531540+00:00', '--job-id', '5', '--raw', '--subdir', 'DAGS_FOLDER/nba-dag-etl.py', '--cfg-path', '/var/folders/md/3zdr_czs2nggdyc8by93jjq80000gn/T/tmparl8_nhs', '--error-file', '/var/folders/md/3zdr_czs2nggdyc8by93jjq80000gn/T/tmp2tfintvy']
[2022-02-24 09:49:19,730] {standard_task_runner.py:77} INFO - Job 5: Subtask get_data
[2022-02-24 09:49:19,759] {logging_mixin.py:109} INFO - Running <TaskInstance: Etl.get_data manual__2022-02-24T17:49:16.531540+00:00 [running]> on host alecs-mbp-3.lan
[2022-02-24 09:49:19,777] {taskinstance.py:1424} INFO - Exporting the following env vars:
AIRFLOW_CTX_DAG_OWNER=airflow
AIRFLOW_CTX_DAG_ID=Etl
AIRFLOW_CTX_TASK_ID=get_data
AIRFLOW_CTX_EXECUTION_DATE=2022-02-24T17:49:16.531540+00:00
AIRFLOW_CTX_DAG_RUN_ID=manual__2022-02-24T17:49:16.531540+00:00
[2022-02-24 09:49:21,008] {python.py:175} INFO - Done. Returned value was: None
[2022-02-24 09:49:21,012] {taskinstance.py:1267} INFO - Marking task as SUCCESS. dag_id=Etl, task_id=get_data, execution_date=20220224T174916, start_date=20220224T174919, end_date=20220224T174921
[2022-02-24 09:49:21,061] {local_task_job.py:154} INFO - Task exited with return code 0
[2022-02-24 09:49:21,073] {local_task_job.py:264} INFO - 1 downstream tasks scheduled from follow-on schedule check
