[2022-02-23 16:00:03,885] {taskinstance.py:1032} INFO - Dependencies all met for <TaskInstance: Etl.get_data scheduled__2022-02-23T00:00:00+00:00 [queued]>
[2022-02-23 16:00:03,888] {taskinstance.py:1032} INFO - Dependencies all met for <TaskInstance: Etl.get_data scheduled__2022-02-23T00:00:00+00:00 [queued]>
[2022-02-23 16:00:03,888] {taskinstance.py:1238} INFO - 
--------------------------------------------------------------------------------
[2022-02-23 16:00:03,888] {taskinstance.py:1239} INFO - Starting attempt 1 of 1
[2022-02-23 16:00:03,888] {taskinstance.py:1240} INFO - 
--------------------------------------------------------------------------------
[2022-02-23 16:00:03,892] {taskinstance.py:1259} INFO - Executing <Task(_PythonDecoratedOperator): get_data> on 2022-02-23 00:00:00+00:00
[2022-02-23 16:00:03,899] {standard_task_runner.py:52} INFO - Started process 77469 to run task
[2022-02-23 16:00:03,904] {standard_task_runner.py:76} INFO - Running: ['airflow', 'tasks', 'run', 'Etl', 'get_data', 'scheduled__2022-02-23T00:00:00+00:00', '--job-id', '3', '--raw', '--subdir', 'DAGS_FOLDER/nba-dag-etl.py', '--cfg-path', '/var/folders/md/3zdr_czs2nggdyc8by93jjq80000gn/T/tmp572bgdei', '--error-file', '/var/folders/md/3zdr_czs2nggdyc8by93jjq80000gn/T/tmpso_yygij']
[2022-02-23 16:00:03,905] {standard_task_runner.py:77} INFO - Job 3: Subtask get_data
[2022-02-23 16:00:03,930] {logging_mixin.py:109} INFO - Running <TaskInstance: Etl.get_data scheduled__2022-02-23T00:00:00+00:00 [running]> on host alecs-mbp-3.lan
[2022-02-23 16:00:03,950] {taskinstance.py:1424} INFO - Exporting the following env vars:
AIRFLOW_CTX_DAG_OWNER=airflow
AIRFLOW_CTX_DAG_ID=Etl
AIRFLOW_CTX_TASK_ID=get_data
AIRFLOW_CTX_EXECUTION_DATE=2022-02-23T00:00:00+00:00
AIRFLOW_CTX_DAG_RUN_ID=scheduled__2022-02-23T00:00:00+00:00
[2022-02-23 16:00:04,373] {taskinstance.py:1700} ERROR - Task failed with exception
Traceback (most recent call last):
  File "/Users/aleckienzle/Developer/nba-etl/env/lib/python3.8/site-packages/airflow/models/taskinstance.py", line 1329, in _run_raw_task
    self._execute_task_with_callbacks(context)
  File "/Users/aleckienzle/Developer/nba-etl/env/lib/python3.8/site-packages/airflow/models/taskinstance.py", line 1455, in _execute_task_with_callbacks
    result = self._execute_task(context, self.task)
  File "/Users/aleckienzle/Developer/nba-etl/env/lib/python3.8/site-packages/airflow/models/taskinstance.py", line 1511, in _execute_task
    result = execute_callable(context=context)
  File "/Users/aleckienzle/Developer/nba-etl/env/lib/python3.8/site-packages/airflow/decorators/base.py", line 134, in execute
    return_value = super().execute(context)
  File "/Users/aleckienzle/Developer/nba-etl/env/lib/python3.8/site-packages/airflow/operators/python.py", line 174, in execute
    return_value = self.execute_callable()
  File "/Users/aleckienzle/Developer/nba-etl/env/lib/python3.8/site-packages/airflow/operators/python.py", line 185, in execute_callable
    return self.python_callable(*self.op_args, **self.op_kwargs)
  File "/Users/aleckienzle/Developer/nba-etl/nba-etl/airflow/dags/nba-dag-etl.py", line 25, in get_data
    soup = BeautifulSoup(page.text, 'lxml')
  File "/Users/aleckienzle/Developer/nba-etl/env/lib/python3.8/site-packages/bs4/__init__.py", line 245, in __init__
    raise FeatureNotFound(
bs4.FeatureNotFound: Couldn't find a tree builder with the features you requested: lxml. Do you need to install a parser library?
[2022-02-23 16:00:04,378] {taskinstance.py:1267} INFO - Marking task as FAILED. dag_id=Etl, task_id=get_data, execution_date=20220223T000000, start_date=20220224T000003, end_date=20220224T000004
[2022-02-23 16:00:04,388] {standard_task_runner.py:89} ERROR - Failed to execute job 3 for task get_data
Traceback (most recent call last):
  File "/Users/aleckienzle/Developer/nba-etl/env/lib/python3.8/site-packages/airflow/task/task_runner/standard_task_runner.py", line 85, in _start_by_fork
    args.func(args, dag=self.dag)
  File "/Users/aleckienzle/Developer/nba-etl/env/lib/python3.8/site-packages/airflow/cli/cli_parser.py", line 48, in command
    return func(*args, **kwargs)
  File "/Users/aleckienzle/Developer/nba-etl/env/lib/python3.8/site-packages/airflow/utils/cli.py", line 92, in wrapper
    return f(*args, **kwargs)
  File "/Users/aleckienzle/Developer/nba-etl/env/lib/python3.8/site-packages/airflow/cli/commands/task_command.py", line 298, in task_run
    _run_task_by_selected_method(args, dag, ti)
  File "/Users/aleckienzle/Developer/nba-etl/env/lib/python3.8/site-packages/airflow/cli/commands/task_command.py", line 107, in _run_task_by_selected_method
    _run_raw_task(args, ti)
  File "/Users/aleckienzle/Developer/nba-etl/env/lib/python3.8/site-packages/airflow/cli/commands/task_command.py", line 180, in _run_raw_task
    ti._run_raw_task(
  File "/Users/aleckienzle/Developer/nba-etl/env/lib/python3.8/site-packages/airflow/utils/session.py", line 70, in wrapper
    return func(*args, session=session, **kwargs)
  File "/Users/aleckienzle/Developer/nba-etl/env/lib/python3.8/site-packages/airflow/models/taskinstance.py", line 1329, in _run_raw_task
    self._execute_task_with_callbacks(context)
  File "/Users/aleckienzle/Developer/nba-etl/env/lib/python3.8/site-packages/airflow/models/taskinstance.py", line 1455, in _execute_task_with_callbacks
    result = self._execute_task(context, self.task)
  File "/Users/aleckienzle/Developer/nba-etl/env/lib/python3.8/site-packages/airflow/models/taskinstance.py", line 1511, in _execute_task
    result = execute_callable(context=context)
  File "/Users/aleckienzle/Developer/nba-etl/env/lib/python3.8/site-packages/airflow/decorators/base.py", line 134, in execute
    return_value = super().execute(context)
  File "/Users/aleckienzle/Developer/nba-etl/env/lib/python3.8/site-packages/airflow/operators/python.py", line 174, in execute
    return_value = self.execute_callable()
  File "/Users/aleckienzle/Developer/nba-etl/env/lib/python3.8/site-packages/airflow/operators/python.py", line 185, in execute_callable
    return self.python_callable(*self.op_args, **self.op_kwargs)
  File "/Users/aleckienzle/Developer/nba-etl/nba-etl/airflow/dags/nba-dag-etl.py", line 25, in get_data
    soup = BeautifulSoup(page.text, 'lxml')
  File "/Users/aleckienzle/Developer/nba-etl/env/lib/python3.8/site-packages/bs4/__init__.py", line 245, in __init__
    raise FeatureNotFound(
bs4.FeatureNotFound: Couldn't find a tree builder with the features you requested: lxml. Do you need to install a parser library?
[2022-02-23 16:00:04,409] {local_task_job.py:154} INFO - Task exited with return code 1
[2022-02-23 16:00:04,424] {local_task_job.py:264} INFO - 0 downstream tasks scheduled from follow-on schedule check
